:          Name        M_Time[i,4]   M_OBFV  M_Bestnode M_ResNum    :=
1   Model2_Basic_MIP      7243.11    11884.6   10155.3     422
2   Model2_Basic_MIP_B    7205.25    12187      8619.02    422
;

com_measure1 = 1
com_measure2 = 1
tau = 4.27623
kappa = 8.05813
alpha = 0.9
B = 997.85

:
                                                                                            M_Message
 :=
1
   'CPLEX 12.6.2.0: time limit with integer solution; objective 11884.63379\
509873 MIP simplex iterations\
12116 branch-and-bound nodes\
absmipgap = 1729.29, relmipgap = 0.145506\
No basis.'
2
   'CPLEX 12.6.2.0: time limit with integer solution; objective 12186.96578\
455584 MIP simplex iterations\
4495 branch-and-bound nodes\
absmipgap = 3567.95, relmipgap = 0.292767\
No basis.'
;
: M_INDICATE    :=
1      1
2      1
;

M_Time :=
1 1      24.1406
1 2      25.558
1 3   25261.1
1 4    7243.11
2 1      24.1406
2 2      25.558
2 3   22530.1
2 4    7205.25
;

M_tau [*] :=
1  4.00382
2  4.27623
;

:       M_Cost  M_Sequence    :=
1 1     1751.51      13
1 2    10133.1        1
1 3        .         15
1 4        .         16
1 5        .         14
1 6        .          5
1 7        .          8
1 8        .         18
1 9        .          2
1 10       .         17
1 11       .         12
1 12       .         20
1 13       .         19
1 14       .          7
1 15       .         11
1 16       .          9
1 17       .         10
1 18       .          6
1 19       .          3
1 20       .          4
2 1      977.29      14
2 2    12187          2
2 3        .         20
2 4        .         18
2 5        .         13
2 6        .          6
2 7        .         10
2 8        .         15
2 9        .          1
2 10       .         17
2 11       .         11
2 12       .         19
2 13       .         16
2 14       .          5
2 15       .          8
2 16       .          7
2 17       .         12
2 18       .          9
2 19       .          3
2 20       .          4
;

:       M_Vectheta M_Vecu    :=
1 1  1       1        0
1 1  2       0        0
1 1  3       1        0
1 1  4       1        0
1 1  5       1        0
1 1  6       0        0
1 1  7       0        0
1 1  8       1        1
1 1  9       0        0
1 1  10      1        0
1 1  11      0        0
1 1  12      1        1
1 1  13      1        1
1 1  14      0        0
1 1  15      0        0
1 1  16      0        0
1 1  17      0        0
1 1  18      0        0
1 1  19      0        0
1 1  20      0        0
1 2  1       1        1
1 2  2       1        1
1 2  3       1        1
1 2  4       1        1
1 2  5       1        1
1 2  6       1        1
1 2  7       1        1
1 2  8       1        0
1 2  9       1        1
1 2  10      1        1
1 2  11      1        1
1 2  12      1        0
1 2  13      1        0
1 2  14      1        1
1 2  15      1        1
1 2  16      1        1
1 2  17      1        1
1 2  18      1        1
1 2  19      1        1
1 2  20      1        1
1 3  1       0         .
1 3  2       0         .
1 3  3       1         .
1 3  4       1         .
1 3  5       0         .
1 3  6       0         .
1 3  7       0         .
1 3  8       1         .
1 3  9       0         .
1 3  10      1         .
1 3  11      0         .
1 3  12      1         .
1 3  13      1         .
1 3  14      0         .
1 3  15      0         .
1 3  16      0         .
1 3  17      0         .
1 3  18      0         .
1 3  19      0         .
1 3  20      0         .
1 4  1       0         .
1 4  2       0         .
1 4  3       0         .
1 4  4       1         .
1 4  5       0         .
1 4  6       0         .
1 4  7       0         .
1 4  8       1         .
1 4  9       0         .
1 4  10      1         .
1 4  11      0         .
1 4  12      1         .
1 4  13      1         .
1 4  14      0         .
1 4  15      0         .
1 4  16      0         .
1 4  17      0         .
1 4  18      0         .
1 4  19      0         .
1 4  20      0         .
1 5  1       0         .
1 5  2       0         .
1 5  3       1         .
1 5  4       1         .
1 5  5       1         .
1 5  6       0         .
1 5  7       0         .
1 5  8       1         .
1 5  9       0         .
1 5  10      1         .
1 5  11      0         .
1 5  12      1         .
1 5  13      1         .
1 5  14      0         .
1 5  15      0         .
1 5  16      0         .
1 5  17      0         .
1 5  18      0         .
1 5  19      0         .
1 5  20      0         .
1 6  1       1         .
1 6  2       0         .
1 6  3       1         .
1 6  4       1         .
1 6  5       1         .
1 6  6       1         .
1 6  7       1         .
1 6  8       1         .
1 6  9       0         .
1 6  10      1         .
1 6  11      1         .
1 6  12      1         .
1 6  13      1         .
1 6  14      1         .
1 6  15      1         .
1 6  16      1         .
1 6  17      1         .
1 6  18      1         .
1 6  19      0         .
1 6  20      0         .
1 7  1       1         .
1 7  2       0         .
1 7  3       1         .
1 7  4       1         .
1 7  5       1         .
1 7  6       0         .
1 7  7       1         .
1 7  8       1         .
1 7  9       0         .
1 7  10      1         .
1 7  11      1         .
1 7  12      1         .
1 7  13      1         .
1 7  14      0         .
1 7  15      1         .
1 7  16      1         .
1 7  17      1         .
1 7  18      0         .
1 7  19      0         .
1 7  20      0         .
1 8  1       0         .
1 8  2       0         .
1 8  3       0         .
1 8  4       0         .
1 8  5       0         .
1 8  6       0         .
1 8  7       0         .
1 8  8       1         .
1 8  9       0         .
1 8  10      0         .
1 8  11      0         .
1 8  12      1         .
1 8  13      1         .
1 8  14      0         .
1 8  15      0         .
1 8  16      0         .
1 8  17      0         .
1 8  18      0         .
1 8  19      0         .
1 8  20      0         .
1 9  1       1         .
1 9  2       0         .
1 9  3       1         .
1 9  4       1         .
1 9  5       1         .
1 9  6       1         .
1 9  7       1         .
1 9  8       1         .
1 9  9       1         .
1 9  10      1         .
1 9  11      1         .
1 9  12      1         .
1 9  13      1         .
1 9  14      1         .
1 9  15      1         .
1 9  16      1         .
1 9  17      1         .
1 9  18      1         .
1 9  19      1         .
1 9  20      1         .
1 10 1       0         .
1 10 2       0         .
1 10 3       0         .
1 10 4       0         .
1 10 5       0         .
1 10 6       0         .
1 10 7       0         .
1 10 8       1         .
1 10 9       0         .
1 10 10      1         .
1 10 11      0         .
1 10 12      1         .
1 10 13      1         .
1 10 14      0         .
1 10 15      0         .
1 10 16      0         .
1 10 17      0         .
1 10 18      0         .
1 10 19      0         .
1 10 20      0         .
1 11 1       1         .
1 11 2       0         .
1 11 3       1         .
1 11 4       1         .
1 11 5       1         .
1 11 6       0         .
1 11 7       0         .
1 11 8       1         .
1 11 9       0         .
1 11 10      1         .
1 11 11      1         .
1 11 12      1         .
1 11 13      1         .
1 11 14      0         .
1 11 15      0         .
1 11 16      0         .
1 11 17      0         .
1 11 18      0         .
1 11 19      0         .
1 11 20      0         .
1 12 1       0         .
1 12 2       0         .
1 12 3       0         .
1 12 4       0         .
1 12 5       0         .
1 12 6       0         .
1 12 7       0         .
1 12 8       0         .
1 12 9       0         .
1 12 10      0         .
1 12 11      0         .
1 12 12      1         .
1 12 13      0         .
1 12 14      0         .
1 12 15      0         .
1 12 16      0         .
1 12 17      0         .
1 12 18      0         .
1 12 19      0         .
1 12 20      0         .
1 13 1       0         .
1 13 2       0         .
1 13 3       0         .
1 13 4       0         .
1 13 5       0         .
1 13 6       0         .
1 13 7       0         .
1 13 8       0         .
1 13 9       0         .
1 13 10      0         .
1 13 11      0         .
1 13 12      1         .
1 13 13      1         .
1 13 14      0         .
1 13 15      0         .
1 13 16      0         .
1 13 17      0         .
1 13 18      0         .
1 13 19      0         .
1 13 20      0         .
1 14 1       1         .
1 14 2       0         .
1 14 3       1         .
1 14 4       1         .
1 14 5       1         .
1 14 6       0         .
1 14 7       1         .
1 14 8       1         .
1 14 9       0         .
1 14 10      1         .
1 14 11      1         .
1 14 12      1         .
1 14 13      1         .
1 14 14      1         .
1 14 15      1         .
1 14 16      1         .
1 14 17      1         .
1 14 18      0         .
1 14 19      0         .
1 14 20      0         .
1 15 1       1         .
1 15 2       0         .
1 15 3       1         .
1 15 4       1         .
1 15 5       1         .
1 15 6       0         .
1 15 7       0         .
1 15 8       1         .
1 15 9       0         .
1 15 10      1         .
1 15 11      1         .
1 15 12      1         .
1 15 13      1         .
1 15 14      0         .
1 15 15      1         .
1 15 16      0         .
1 15 17      0         .
1 15 18      0         .
1 15 19      0         .
1 15 20      0         .
1 16 1       1         .
1 16 2       0         .
1 16 3       1         .
1 16 4       1         .
1 16 5       1         .
1 16 6       0         .
1 16 7       0         .
1 16 8       1         .
1 16 9       0         .
1 16 10      1         .
1 16 11      1         .
1 16 12      1         .
1 16 13      1         .
1 16 14      0         .
1 16 15      1         .
1 16 16      1         .
1 16 17      1         .
1 16 18      0         .
1 16 19      0         .
1 16 20      0         .
1 17 1       1         .
1 17 2       0         .
1 17 3       1         .
1 17 4       1         .
1 17 5       1         .
1 17 6       0         .
1 17 7       0         .
1 17 8       1         .
1 17 9       0         .
1 17 10      1         .
1 17 11      1         .
1 17 12      1         .
1 17 13      1         .
1 17 14      0         .
1 17 15      1         .
1 17 16      0         .
1 17 17      1         .
1 17 18      0         .
1 17 19      0         .
1 17 20      0         .
1 18 1       1         .
1 18 2       0         .
1 18 3       1         .
1 18 4       1         .
1 18 5       1         .
1 18 6       0         .
1 18 7       1         .
1 18 8       1         .
1 18 9       0         .
1 18 10      1         .
1 18 11      1         .
1 18 12      1         .
1 18 13      1         .
1 18 14      1         .
1 18 15      1         .
1 18 16      1         .
1 18 17      1         .
1 18 18      1         .
1 18 19      0         .
1 18 20      0         .
1 19 1       1         .
1 19 2       0         .
1 19 3       1         .
1 19 4       1         .
1 19 5       1         .
1 19 6       1         .
1 19 7       1         .
1 19 8       1         .
1 19 9       0         .
1 19 10      1         .
1 19 11      1         .
1 19 12      1         .
1 19 13      1         .
1 19 14      1         .
1 19 15      1         .
1 19 16      1         .
1 19 17      1         .
1 19 18      1         .
1 19 19      1         .
1 19 20      1         .
1 20 1       1         .
1 20 2       0         .
1 20 3       1         .
1 20 4       1         .
1 20 5       1         .
1 20 6       1         .
1 20 7       1         .
1 20 8       1         .
1 20 9       0         .
1 20 10      1         .
1 20 11      1         .
1 20 12      1         .
1 20 13      1         .
1 20 14      1         .
1 20 15      1         .
1 20 16      1         .
1 20 17      1         .
1 20 18      1         .
1 20 19      0         .
1 20 20      1         .
2 1  1       1        1
2 1  2       0        0
2 1  3       1        1
2 1  4       1        1
2 1  5       0        1
2 1  6       0        0
2 1  7       0        0
2 1  8       1        1
2 1  9       0        0
2 1  10      1        1
2 1  11      0        1
2 1  12      1        1
2 1  13      1        1
2 1  14      0        0
2 1  15      0        0
2 1  16      0        0
2 1  17      0        1
2 1  18      0        1
2 1  19      0        0
2 1  20      0        0
2 2  1       1        0
2 2  2       1        1
2 2  3       1        0
2 2  4       1        0
2 2  5       1        0
2 2  6       1        1
2 2  7       1        1
2 2  8       1        0
2 2  9       0        1
2 2  10      1        0
2 2  11      1        0
2 2  12      1        0
2 2  13      1        0
2 2  14      1        1
2 2  15      1        1
2 2  16      1        1
2 2  17      1        0
2 2  18      1        0
2 2  19      1        1
2 2  20      1        1
2 3  1       0         .
2 3  2       0         .
2 3  3       1         .
2 3  4       0         .
2 3  5       0         .
2 3  6       0         .
2 3  7       0         .
2 3  8       0         .
2 3  9       0         .
2 3  10      0         .
2 3  11      0         .
2 3  12      0         .
2 3  13      0         .
2 3  14      0         .
2 3  15      0         .
2 3  16      0         .
2 3  17      0         .
2 3  18      0         .
2 3  19      0         .
2 3  20      0         .
2 4  1       0         .
2 4  2       0         .
2 4  3       1         .
2 4  4       1         .
2 4  5       0         .
2 4  6       0         .
2 4  7       0         .
2 4  8       0         .
2 4  9       0         .
2 4  10      0         .
2 4  11      0         .
2 4  12      1         .
2 4  13      0         .
2 4  14      0         .
2 4  15      0         .
2 4  16      0         .
2 4  17      0         .
2 4  18      0         .
2 4  19      0         .
2 4  20      0         .
2 5  1       1         .
2 5  2       0         .
2 5  3       1         .
2 5  4       1         .
2 5  5       1         .
2 5  6       0         .
2 5  7       0         .
2 5  8       1         .
2 5  9       0         .
2 5  10      1         .
2 5  11      0         .
2 5  12      1         .
2 5  13      1         .
2 5  14      0         .
2 5  15      0         .
2 5  16      0         .
2 5  17      0         .
2 5  18      0         .
2 5  19      0         .
2 5  20      0         .
2 6  1       1         .
2 6  2       0         .
2 6  3       1         .
2 6  4       1         .
2 6  5       1         .
2 6  6       1         .
2 6  7       1         .
2 6  8       1         .
2 6  9       0         .
2 6  10      1         .
2 6  11      1         .
2 6  12      1         .
2 6  13      1         .
2 6  14      0         .
2 6  15      1         .
2 6  16      1         .
2 6  17      1         .
2 6  18      1         .
2 6  19      0         .
2 6  20      0         .
2 7  1       1         .
2 7  2       0         .
2 7  3       1         .
2 7  4       1         .
2 7  5       1         .
2 7  6       0         .
2 7  7       1         .
2 7  8       1         .
2 7  9       0         .
2 7  10      1         .
2 7  11      1         .
2 7  12      1         .
2 7  13      1         .
2 7  14      0         .
2 7  15      0         .
2 7  16      0         .
2 7  17      1         .
2 7  18      0         .
2 7  19      0         .
2 7  20      0         .
2 8  1       0         .
2 8  2       0         .
2 8  3       1         .
2 8  4       1         .
2 8  5       0         .
2 8  6       0         .
2 8  7       0         .
2 8  8       1         .
2 8  9       0         .
2 8  10      1         .
2 8  11      0         .
2 8  12      1         .
2 8  13      1         .
2 8  14      0         .
2 8  15      0         .
2 8  16      0         .
2 8  17      0         .
2 8  18      0         .
2 8  19      0         .
2 8  20      0         .
2 9  1       1         .
2 9  2       1         .
2 9  3       1         .
2 9  4       1         .
2 9  5       1         .
2 9  6       1         .
2 9  7       1         .
2 9  8       1         .
2 9  9       1         .
2 9  10      1         .
2 9  11      1         .
2 9  12      1         .
2 9  13      1         .
2 9  14      1         .
2 9  15      1         .
2 9  16      1         .
2 9  17      1         .
2 9  18      1         .
2 9  19      1         .
2 9  20      1         .
2 10 1       0         .
2 10 2       0         .
2 10 3       1         .
2 10 4       1         .
2 10 5       0         .
2 10 6       0         .
2 10 7       0         .
2 10 8       0         .
2 10 9       0         .
2 10 10      1         .
2 10 11      0         .
2 10 12      1         .
2 10 13      0         .
2 10 14      0         .
2 10 15      0         .
2 10 16      0         .
2 10 17      0         .
2 10 18      0         .
2 10 19      0         .
2 10 20      0         .
2 11 1       1         .
2 11 2       0         .
2 11 3       1         .
2 11 4       1         .
2 11 5       1         .
2 11 6       0         .
2 11 7       0         .
2 11 8       1         .
2 11 9       0         .
2 11 10      1         .
2 11 11      1         .
2 11 12      1         .
2 11 13      1         .
2 11 14      0         .
2 11 15      0         .
2 11 16      0         .
2 11 17      1         .
2 11 18      0         .
2 11 19      0         .
2 11 20      0         .
2 12 1       0         .
2 12 2       0         .
2 12 3       1         .
2 12 4       0         .
2 12 5       0         .
2 12 6       0         .
2 12 7       0         .
2 12 8       0         .
2 12 9       0         .
2 12 10      0         .
2 12 11      0         .
2 12 12      1         .
2 12 13      0         .
2 12 14      0         .
2 12 15      0         .
2 12 16      0         .
2 12 17      0         .
2 12 18      0         .
2 12 19      0         .
2 12 20      0         .
2 13 1       0         .
2 13 2       0         .
2 13 3       1         .
2 13 4       1         .
2 13 5       0         .
2 13 6       0         .
2 13 7       0         .
2 13 8       0         .
2 13 9       0         .
2 13 10      1         .
2 13 11      0         .
2 13 12      1         .
2 13 13      1         .
2 13 14      0         .
2 13 15      0         .
2 13 16      0         .
2 13 17      0         .
2 13 18      0         .
2 13 19      0         .
2 13 20      0         .
2 14 1       1         .
2 14 2       0         .
2 14 3       1         .
2 14 4       1         .
2 14 5       1         .
2 14 6       1         .
2 14 7       1         .
2 14 8       1         .
2 14 9       0         .
2 14 10      1         .
2 14 11      1         .
2 14 12      1         .
2 14 13      1         .
2 14 14      1         .
2 14 15      1         .
2 14 16      1         .
2 14 17      1         .
2 14 18      1         .
2 14 19      0         .
2 14 20      0         .
2 15 1       1         .
2 15 2       0         .
2 15 3       1         .
2 15 4       1         .
2 15 5       1         .
2 15 6       0         .
2 15 7       1         .
2 15 8       1         .
2 15 9       0         .
2 15 10      1         .
2 15 11      1         .
2 15 12      1         .
2 15 13      1         .
2 15 14      0         .
2 15 15      1         .
2 15 16      0         .
2 15 17      1         .
2 15 18      1         .
2 15 19      0         .
2 15 20      0         .
2 16 1       1         .
2 16 2       0         .
2 16 3       1         .
2 16 4       1         .
2 16 5       1         .
2 16 6       0         .
2 16 7       1         .
2 16 8       1         .
2 16 9       0         .
2 16 10      1         .
2 16 11      1         .
2 16 12      1         .
2 16 13      1         .
2 16 14      0         .
2 16 15      1         .
2 16 16      1         .
2 16 17      1         .
2 16 18      1         .
2 16 19      0         .
2 16 20      0         .
2 17 1       1         .
2 17 2       0         .
2 17 3       1         .
2 17 4       1         .
2 17 5       1         .
2 17 6       0         .
2 17 7       0         .
2 17 8       1         .
2 17 9       0         .
2 17 10      1         .
2 17 11      0         .
2 17 12      1         .
2 17 13      1         .
2 17 14      0         .
2 17 15      0         .
2 17 16      0         .
2 17 17      1         .
2 17 18      0         .
2 17 19      0         .
2 17 20      0         .
2 18 1       1         .
2 18 2       0         .
2 18 3       1         .
2 18 4       1         .
2 18 5       1         .
2 18 6       0         .
2 18 7       1         .
2 18 8       1         .
2 18 9       0         .
2 18 10      1         .
2 18 11      1         .
2 18 12      1         .
2 18 13      1         .
2 18 14      0         .
2 18 15      0         .
2 18 16      0         .
2 18 17      1         .
2 18 18      1         .
2 18 19      0         .
2 18 20      0         .
2 19 1       1         .
2 19 2       0         .
2 19 3       1         .
2 19 4       1         .
2 19 5       1         .
2 19 6       1         .
2 19 7       1         .
2 19 8       1         .
2 19 9       0         .
2 19 10      1         .
2 19 11      1         .
2 19 12      1         .
2 19 13      1         .
2 19 14      1         .
2 19 15      1         .
2 19 16      1         .
2 19 17      1         .
2 19 18      1         .
2 19 19      1         .
2 19 20      1         .
2 20 1       1         .
2 20 2       0         .
2 20 3       1         .
2 20 4       1         .
2 20 5       1         .
2 20 6       1         .
2 20 7       1         .
2 20 8       1         .
2 20 9       0         .
2 20 10      1         .
2 20 11      1         .
2 20 12      1         .
2 20 13      1         .
2 20 14      1         .
2 20 15      1         .
2 20 16      1         .
2 20 17      1         .
2 20 18      1         .
2 20 19      0         .
2 20 20      1         .
;

