:            Name          M_Time[i,4]   M_OBFV  M_Bestnode M_ResNum    :=
4   Model2_Basic_MIP_RLT      17.615     6973.96   6973.94      3
6   Model2_Basic_MIP_B_RLT    22.588     7238.11   7238.11      2
;

com_measure1 = 1
com_measure2 = 1
kappa = 5.6964
alpha = 0.7
B = 568.47

:
                                                                                                    M_Message
 :=
4
   'CPLEX 12.6.2.0: optimal integer solution within mipgap or absmipgap; objective 6973.959362\
299 MIP simplex iterations\
0 branch-and-bound nodes\
absmipgap = 0.0223934, relmipgap = 3.211e-06\
No basis.'
6
   'CPLEX 12.6.2.0: optimal integer solution; objective 7238.112296\
2103 MIP simplex iterations\
212 branch-and-bound nodes\
No basis.'
;
: M_INDICATE    :=
;

M_Time :=
4 1    1.4375
4 2    1.579
4 3   32.0938
4 4   17.615
6 1    1.4375
6 2    1.579
6 3   50.2656
6 4   22.588
;

M_tau [*] :=
4  7.0549
6  5.92206
;

:      M_Cost  M_Sequence    :=
4 1     998.5        7
4 2    5975.46      13
4 3       .         15
4 4       .          3
4 5       .          9
4 6       .         14
4 7       .         11
4 8       .         10
4 9       .          5
4 10      .          6
4 11      .          2
4 12      .          4
4 13      .          8
4 14      .         12
4 15      .          1
6 1     546.55       7
6 2    7238.11      13
6 3       .         15
6 4       .          2
6 5       .          9
6 6       .         14
6 7       .         12
6 8       .         10
6 9       .          5
6 10      .          6
6 11      .          3
6 12      .          4
6 13      .         10
6 14      .          9
6 15      .          1
;

:       M_Vectheta M_Vecu    :=
4 1  1       1        0
4 1  2       1        0
4 1  3       1        1
4 1  4       0        0
4 1  5       1        0
4 1  6       1        1
4 1  7       1        0
4 1  8       1        0
4 1  9       0        0
4 1  10      0        0
4 1  11      0        0
4 1  12      0        0
4 1  13      1        0
4 1  14      1        0
4 1  15      0        0
4 2  1       0        1
4 2  2       1        1
4 2  3       1        0
4 2  4       0        1
4 2  5       0        1
4 2  6       1        0
4 2  7       0        1
4 2  8       0        1
4 2  9       0        1
4 2  10      0        1
4 2  11      0        1
4 2  12      0        1
4 2  13      0        1
4 2  14      0        1
4 2  15      0        1
4 3  1       0         .
4 3  2       0         .
4 3  3       1         .
4 3  4       0         .
4 3  5       0         .
4 3  6       0         .
4 3  7       0         .
4 3  8       0         .
4 3  9       0         .
4 3  10      0         .
4 3  11      0         .
4 3  12      0         .
4 3  13      0         .
4 3  14      0         .
4 3  15      0         .
4 4  1       1         .
4 4  2       1         .
4 4  3       1         .
4 4  4       1         .
4 4  5       1         .
4 4  6       1         .
4 4  7       1         .
4 4  8       1         .
4 4  9       1         .
4 4  10      1         .
4 4  11      0         .
4 4  12      1         .
4 4  13      1         .
4 4  14      1         .
4 4  15      0         .
4 5  1       0         .
4 5  2       1         .
4 5  3       1         .
4 5  4       0         .
4 5  5       1         .
4 5  6       1         .
4 5  7       1         .
4 5  8       1         .
4 5  9       0         .
4 5  10      0         .
4 5  11      0         .
4 5  12      0         .
4 5  13      0         .
4 5  14      1         .
4 5  15      0         .
4 6  1       0         .
4 6  2       0         .
4 6  3       1         .
4 6  4       0         .
4 6  5       0         .
4 6  6       1         .
4 6  7       0         .
4 6  8       0         .
4 6  9       0         .
4 6  10      0         .
4 6  11      0         .
4 6  12      0         .
4 6  13      0         .
4 6  14      0         .
4 6  15      0         .
4 7  1       0         .
4 7  2       1         .
4 7  3       1         .
4 7  4       0         .
4 7  5       0         .
4 7  6       1         .
4 7  7       1         .
4 7  8       0         .
4 7  9       0         .
4 7  10      0         .
4 7  11      0         .
4 7  12      0         .
4 7  13      0         .
4 7  14      1         .
4 7  15      0         .
4 8  1       0         .
4 8  2       1         .
4 8  3       1         .
4 8  4       0         .
4 8  5       0         .
4 8  6       1         .
4 8  7       1         .
4 8  8       1         .
4 8  9       0         .
4 8  10      0         .
4 8  11      0         .
4 8  12      0         .
4 8  13      0         .
4 8  14      1         .
4 8  15      0         .
4 9  1       1         .
4 9  2       1         .
4 9  3       1         .
4 9  4       0         .
4 9  5       1         .
4 9  6       1         .
4 9  7       1         .
4 9  8       1         .
4 9  9       1         .
4 9  10      1         .
4 9  11      0         .
4 9  12      0         .
4 9  13      1         .
4 9  14      1         .
4 9  15      0         .
4 10 1       1         .
4 10 2       1         .
4 10 3       1         .
4 10 4       0         .
4 10 5       1         .
4 10 6       1         .
4 10 7       1         .
4 10 8       1         .
4 10 9       0         .
4 10 10      1         .
4 10 11      0         .
4 10 12      0         .
4 10 13      1         .
4 10 14      1         .
4 10 15      0         .
4 11 1       1         .
4 11 2       1         .
4 11 3       1         .
4 11 4       1         .
4 11 5       1         .
4 11 6       1         .
4 11 7       1         .
4 11 8       1         .
4 11 9       1         .
4 11 10      1         .
4 11 11      1         .
4 11 12      1         .
4 11 13      1         .
4 11 14      1         .
4 11 15      0         .
4 12 1       1         .
4 12 2       1         .
4 12 3       1         .
4 12 4       0         .
4 12 5       1         .
4 12 6       1         .
4 12 7       1         .
4 12 8       1         .
4 12 9       1         .
4 12 10      1         .
4 12 11      0         .
4 12 12      1         .
4 12 13      1         .
4 12 14      1         .
4 12 15      0         .
4 13 1       0         .
4 13 2       1         .
4 13 3       1         .
4 13 4       0         .
4 13 5       1         .
4 13 6       1         .
4 13 7       1         .
4 13 8       1         .
4 13 9       0         .
4 13 10      0         .
4 13 11      0         .
4 13 12      0         .
4 13 13      1         .
4 13 14      1         .
4 13 15      0         .
4 14 1       0         .
4 14 2       1         .
4 14 3       1         .
4 14 4       0         .
4 14 5       0         .
4 14 6       1         .
4 14 7       0         .
4 14 8       0         .
4 14 9       0         .
4 14 10      0         .
4 14 11      0         .
4 14 12      0         .
4 14 13      0         .
4 14 14      1         .
4 14 15      0         .
4 15 1       1         .
4 15 2       1         .
4 15 3       1         .
4 15 4       1         .
4 15 5       1         .
4 15 6       1         .
4 15 7       1         .
4 15 8       1         .
4 15 9       1         .
4 15 10      1         .
4 15 11      1         .
4 15 12      1         .
4 15 13      1         .
4 15 14      1         .
4 15 15      1         .
6 1  1       1        0
6 1  2       1        1
6 1  3       1        1
6 1  4       0        0
6 1  5       1        1
6 1  6       1        1
6 1  7       1        1
6 1  8       1        1
6 1  9       0        0
6 1  10      0        0
6 1  11      0        0
6 1  12      0        0
6 1  13      1        1
6 1  14      1        1
6 1  15      0        0
6 2  1       0        1
6 2  2       1        0
6 2  3       1        0
6 2  4       0        1
6 2  5       0        0
6 2  6       1        0
6 2  7       0        0
6 2  8       0        0
6 2  9       0        1
6 2  10      0        1
6 2  11      0        1
6 2  12      0        1
6 2  13      0        0
6 2  14      0        0
6 2  15      0        1
6 3  1       0         .
6 3  2       0         .
6 3  3       1         .
6 3  4       0         .
6 3  5       0         .
6 3  6       0         .
6 3  7       0         .
6 3  8       0         .
6 3  9       0         .
6 3  10      0         .
6 3  11      0         .
6 3  12      0         .
6 3  13      0         .
6 3  14      0         .
6 3  15      0         .
6 4  1       1         .
6 4  2       1         .
6 4  3       1         .
6 4  4       1         .
6 4  5       1         .
6 4  6       1         .
6 4  7       1         .
6 4  8       1         .
6 4  9       1         .
6 4  10      1         .
6 4  11      1         .
6 4  12      1         .
6 4  13      1         .
6 4  14      1         .
6 4  15      0         .
6 5  1       0         .
6 5  2       1         .
6 5  3       1         .
6 5  4       0         .
6 5  5       1         .
6 5  6       1         .
6 5  7       1         .
6 5  8       0         .
6 5  9       0         .
6 5  10      0         .
6 5  11      0         .
6 5  12      0         .
6 5  13      1         .
6 5  14      1         .
6 5  15      0         .
6 6  1       0         .
6 6  2       0         .
6 6  3       1         .
6 6  4       0         .
6 6  5       0         .
6 6  6       1         .
6 6  7       0         .
6 6  8       0         .
6 6  9       0         .
6 6  10      0         .
6 6  11      0         .
6 6  12      0         .
6 6  13      0         .
6 6  14      0         .
6 6  15      0         .
6 7  1       0         .
6 7  2       1         .
6 7  3       1         .
6 7  4       0         .
6 7  5       0         .
6 7  6       1         .
6 7  7       1         .
6 7  8       0         .
6 7  9       0         .
6 7  10      0         .
6 7  11      0         .
6 7  12      0         .
6 7  13      0         .
6 7  14      0         .
6 7  15      0         .
6 8  1       0         .
6 8  2       1         .
6 8  3       1         .
6 8  4       0         .
6 8  5       1         .
6 8  6       1         .
6 8  7       1         .
6 8  8       1         .
6 8  9       0         .
6 8  10      0         .
6 8  11      0         .
6 8  12      0         .
6 8  13      0         .
6 8  14      0         .
6 8  15      0         .
6 9  1       1         .
6 9  2       1         .
6 9  3       1         .
6 9  4       0         .
6 9  5       1         .
6 9  6       1         .
6 9  7       1         .
6 9  8       1         .
6 9  9       1         .
6 9  10      1         .
6 9  11      0         .
6 9  12      0         .
6 9  13      1         .
6 9  14      1         .
6 9  15      0         .
6 10 1       1         .
6 10 2       1         .
6 10 3       1         .
6 10 4       0         .
6 10 5       1         .
6 10 6       1         .
6 10 7       1         .
6 10 8       1         .
6 10 9       0         .
6 10 10      1         .
6 10 11      0         .
6 10 12      0         .
6 10 13      1         .
6 10 14      1         .
6 10 15      0         .
6 11 1       1         .
6 11 2       1         .
6 11 3       1         .
6 11 4       0         .
6 11 5       1         .
6 11 6       1         .
6 11 7       1         .
6 11 8       1         .
6 11 9       1         .
6 11 10      1         .
6 11 11      1         .
6 11 12      1         .
6 11 13      1         .
6 11 14      1         .
6 11 15      0         .
6 12 1       1         .
6 12 2       1         .
6 12 3       1         .
6 12 4       0         .
6 12 5       1         .
6 12 6       1         .
6 12 7       1         .
6 12 8       1         .
6 12 9       1         .
6 12 10      1         .
6 12 11      0         .
6 12 12      1         .
6 12 13      1         .
6 12 14      1         .
6 12 15      0         .
6 13 1       0         .
6 13 2       1         .
6 13 3       1         .
6 13 4       0         .
6 13 5       0         .
6 13 6       1         .
6 13 7       1         .
6 13 8       1         .
6 13 9       0         .
6 13 10      0         .
6 13 11      0         .
6 13 12      0         .
6 13 13      1         .
6 13 14      0         .
6 13 15      0         .
6 14 1       0         .
6 14 2       1         .
6 14 3       1         .
6 14 4       0         .
6 14 5       0         .
6 14 6       1         .
6 14 7       1         .
6 14 8       1         .
6 14 9       0         .
6 14 10      0         .
6 14 11      0         .
6 14 12      0         .
6 14 13      1         .
6 14 14      1         .
6 14 15      0         .
6 15 1       1         .
6 15 2       1         .
6 15 3       1         .
6 15 4       1         .
6 15 5       1         .
6 15 6       1         .
6 15 7       1         .
6 15 8       1         .
6 15 9       1         .
6 15 10      1         .
6 15 11      1         .
6 15 12      1         .
6 15 13      1         .
6 15 14      1         .
6 15 15      1         .
;

