:          Name        M_Time[i,4]   M_OBFV  M_Bestnode M_ResNum    :=
1   Model2_Basic_MIP      7204.18    20503.5   13683.5     422
2   Model2_Basic_MIP_B    7203.69    21031.3   11910.9     422
;

com_measure1 = 1
com_measure2 = 1
tau = 1.41603
kappa = 9.9804
alpha = 0.9
B = 1587.63

:
                                                                                             M_Message
 :=
1
   'CPLEX 12.6.2.0: time limit with integer solution; objective 20503.46543\
1153301 MIP simplex iterations\
11671 branch-and-bound nodes\
absmipgap = 6820.01, relmipgap = 0.332627\
No basis.'
2
   'CPLEX 12.6.2.0: time limit with integer solution; objective 21031.2562\
789001 MIP simplex iterations\
5145 branch-and-bound nodes\
absmipgap = 9120.41, relmipgap = 0.43366\
No basis.'
;
: M_INDICATE    :=
1      1
2      1
;

M_Time :=
1 1      17.2656
1 2      18.343
1 3   24711.3
1 4    7204.18
2 1      17.2656
2 2      18.343
2 3   24378.8
2 4    7203.69
;

M_tau [*] :=
1  1.27109
2  1.41603
;

:       M_Cost  M_Sequence    :=
1 1     2661.84       4
1 2    17841.6        6
1 3        .         15
1 4        .         11
1 5        .         18
1 6        .         14
1 7        .          5
1 8        .          1
1 9        .          7
1 10       .         15
1 11       .          2
1 12       .         14
1 13       .         10
1 14       .         22
1 15       .         25
1 16       .         24
1 17       .         19
1 18       .          3
1 19       .         11
1 20       .         10
1 21       .         21
1 22       .         17
1 23       .         20
1 24       .          8
1 25       .         23
2 1     1587.03       4
2 2    21031.3        5
2 3        .         17
2 4        .          9
2 5        .         20
2 6        .         12
2 7        .          8
2 8        .          3
2 9        .          6
2 10       .         15
2 11       .          1
2 12       .         18
2 13       .         14
2 14       .         22
2 15       .         25
2 16       .         23
2 17       .         13
2 18       .          2
2 19       .          7
2 20       .         10
2 21       .         21
2 22       .         11
2 23       .         19
2 24       .         16
2 25       .         24
;

:       M_Vectheta M_Vecu    :=
1 1  1       1        0
1 1  2       1        0
1 1  3       1        0
1 1  4       1        0
1 1  5       1        0
1 1  6       1        0
1 1  7       1        0
1 1  8       0        0
1 1  9       1        0
1 1  10      1        0
1 1  11      0        0
1 1  12      1        0
1 1  13      1        0
1 1  14      1        1
1 1  15      1        1
1 1  16      1        1
1 1  17      1        0
1 1  18      0        0
1 1  19      1        0
1 1  20      1        0
1 1  21      1        0
1 1  22      1        0
1 1  23      1        0
1 1  24      1        0
1 1  25      1        1
1 2  1       0        1
1 2  2       1        1
1 2  3       1        1
1 2  4       1        1
1 2  5       1        1
1 2  6       1        1
1 2  7       0        1
1 2  8       0        1
1 2  9       1        1
1 2  10      1        1
1 2  11      0        1
1 2  12      1        1
1 2  13      1        1
1 2  14      1        0
1 2  15      1        0
1 2  16      1        0
1 2  17      1        1
1 2  18      0        1
1 2  19      1        1
1 2  20      1        1
1 2  21      1        1
1 2  22      1        1
1 2  23      1        1
1 2  24      1        1
1 2  25      1        0
1 3  1       0         .
1 3  2       0         .
1 3  3       1         .
1 3  4       0         .
1 3  5       1         .
1 3  6       0         .
1 3  7       0         .
1 3  8       0         .
1 3  9       0         .
1 3  10      1         .
1 3  11      0         .
1 3  12      0         .
1 3  13      0         .
1 3  14      1         .
1 3  15      1         .
1 3  16      1         .
1 3  17      1         .
1 3  18      0         .
1 3  19      0         .
1 3  20      0         .
1 3  21      1         .
1 3  22      1         .
1 3  23      1         .
1 3  24      0         .
1 3  25      1         .
1 4  1       0         .
1 4  2       0         .
1 4  3       1         .
1 4  4       1         .
1 4  5       1         .
1 4  6       1         .
1 4  7       0         .
1 4  8       0         .
1 4  9       0         .
1 4  10      1         .
1 4  11      0         .
1 4  12      1         .
1 4  13      0         .
1 4  14      1         .
1 4  15      1         .
1 4  16      1         .
1 4  17      1         .
1 4  18      0         .
1 4  19      1         .
1 4  20      0         .
1 4  21      1         .
1 4  22      1         .
1 4  23      1         .
1 4  24      0         .
1 4  25      1         .
1 5  1       0         .
1 5  2       0         .
1 5  3       0         .
1 5  4       0         .
1 5  5       1         .
1 5  6       0         .
1 5  7       0         .
1 5  8       0         .
1 5  9       0         .
1 5  10      0         .
1 5  11      0         .
1 5  12      0         .
1 5  13      0         .
1 5  14      1         .
1 5  15      1         .
1 5  16      1         .
1 5  17      1         .
1 5  18      0         .
1 5  19      0         .
1 5  20      0         .
1 5  21      1         .
1 5  22      0         .
1 5  23      1         .
1 5  24      0         .
1 5  25      1         .
1 6  1       0         .
1 6  2       0         .
1 6  3       1         .
1 6  4       0         .
1 6  5       1         .
1 6  6       1         .
1 6  7       0         .
1 6  8       0         .
1 6  9       0         .
1 6  10      0         .
1 6  11      0         .
1 6  12      1         .
1 6  13      0         .
1 6  14      1         .
1 6  15      1         .
1 6  16      1         .
1 6  17      1         .
1 6  18      0         .
1 6  19      0         .
1 6  20      0         .
1 6  21      1         .
1 6  22      1         .
1 6  23      1         .
1 6  24      0         .
1 6  25      1         .
1 7  1       0         .
1 7  2       1         .
1 7  3       1         .
1 7  4       1         .
1 7  5       1         .
1 7  6       1         .
1 7  7       1         .
1 7  8       0         .
1 7  9       1         .
1 7  10      1         .
1 7  11      0         .
1 7  12      1         .
1 7  13      1         .
1 7  14      1         .
1 7  15      1         .
1 7  16      1         .
1 7  17      1         .
1 7  18      0         .
1 7  19      1         .
1 7  20      1         .
1 7  21      1         .
1 7  22      1         .
1 7  23      1         .
1 7  24      1         .
1 7  25      1         .
1 8  1       1         .
1 8  2       1         .
1 8  3       1         .
1 8  4       1         .
1 8  5       1         .
1 8  6       1         .
1 8  7       1         .
1 8  8       1         .
1 8  9       1         .
1 8  10      1         .
1 8  11      1         .
1 8  12      1         .
1 8  13      1         .
1 8  14      1         .
1 8  15      1         .
1 8  16      1         .
1 8  17      1         .
1 8  18      1         .
1 8  19      1         .
1 8  20      1         .
1 8  21      1         .
1 8  22      1         .
1 8  23      1         .
1 8  24      1         .
1 8  25      1         .
1 9  1       0         .
1 9  2       0         .
1 9  3       1         .
1 9  4       1         .
1 9  5       1         .
1 9  6       1         .
1 9  7       0         .
1 9  8       0         .
1 9  9       1         .
1 9  10      1         .
1 9  11      0         .
1 9  12      1         .
1 9  13      1         .
1 9  14      1         .
1 9  15      1         .
1 9  16      1         .
1 9  17      1         .
1 9  18      0         .
1 9  19      1         .
1 9  20      1         .
1 9  21      1         .
1 9  22      1         .
1 9  23      1         .
1 9  24      1         .
1 9  25      1         .
1 10 1       0         .
1 10 2       0         .
1 10 3       0         .
1 10 4       0         .
1 10 5       1         .
1 10 6       1         .
1 10 7       0         .
1 10 8       0         .
1 10 9       0         .
1 10 10      1         .
1 10 11      0         .
1 10 12      0         .
1 10 13      0         .
1 10 14      1         .
1 10 15      1         .
1 10 16      1         .
1 10 17      1         .
1 10 18      0         .
1 10 19      0         .
1 10 20      0         .
1 10 21      1         .
1 10 22      1         .
1 10 23      1         .
1 10 24      0         .
1 10 25      1         .
1 11 1       1         .
1 11 2       1         .
1 11 3       1         .
1 11 4       1         .
1 11 5       1         .
1 11 6       1         .
1 11 7       1         .
1 11 8       0         .
1 11 9       1         .
1 11 10      1         .
1 11 11      1         .
1 11 12      1         .
1 11 13      1         .
1 11 14      1         .
1 11 15      1         .
1 11 16      1         .
1 11 17      1         .
1 11 18      1         .
1 11 19      1         .
1 11 20      1         .
1 11 21      1         .
1 11 22      1         .
1 11 23      1         .
1 11 24      1         .
1 11 25      1         .
1 12 1       0         .
1 12 2       0         .
1 12 3       1         .
1 12 4       0         .
1 12 5       1         .
1 12 6       0         .
1 12 7       0         .
1 12 8       0         .
1 12 9       0         .
1 12 10      1         .
1 12 11      0         .
1 12 12      1         .
1 12 13      0         .
1 12 14      1         .
1 12 15      1         .
1 12 16      1         .
1 12 17      1         .
1 12 18      0         .
1 12 19      0         .
1 12 20      0         .
1 12 21      1         .
1 12 22      1         .
1 12 23      1         .
1 12 24      0         .
1 12 25      1         .
1 13 1       0         .
1 13 2       0         .
1 13 3       1         .
1 13 4       1         .
1 13 5       1         .
1 13 6       1         .
1 13 7       0         .
1 13 8       0         .
1 13 9       0         .
1 13 10      1         .
1 13 11      0         .
1 13 12      1         .
1 13 13      1         .
1 13 14      1         .
1 13 15      1         .
1 13 16      1         .
1 13 17      1         .
1 13 18      0         .
1 13 19      0         .
1 13 20      1         .
1 13 21      1         .
1 13 22      1         .
1 13 23      1         .
1 13 24      0         .
1 13 25      1         .
1 14 1       0         .
1 14 2       0         .
1 14 3       0         .
1 14 4       0         .
1 14 5       0         .
1 14 6       0         .
1 14 7       0         .
1 14 8       0         .
1 14 9       0         .
1 14 10      0         .
1 14 11      0         .
1 14 12      0         .
1 14 13      0         .
1 14 14      1         .
1 14 15      1         .
1 14 16      1         .
1 14 17      0         .
1 14 18      0         .
1 14 19      0         .
1 14 20      0         .
1 14 21      0         .
1 14 22      0         .
1 14 23      0         .
1 14 24      0         .
1 14 25      1         .
1 15 1       0         .
1 15 2       0         .
1 15 3       0         .
1 15 4       0         .
1 15 5       0         .
1 15 6       0         .
1 15 7       0         .
1 15 8       0         .
1 15 9       0         .
1 15 10      0         .
1 15 11      0         .
1 15 12      0         .
1 15 13      0         .
1 15 14      0         .
1 15 15      1         .
1 15 16      0         .
1 15 17      0         .
1 15 18      0         .
1 15 19      0         .
1 15 20      0         .
1 15 21      0         .
1 15 22      0         .
1 15 23      0         .
1 15 24      0         .
1 15 25      0         .
1 16 1       0         .
1 16 2       0         .
1 16 3       0         .
1 16 4       0         .
1 16 5       0         .
1 16 6       0         .
1 16 7       0         .
1 16 8       0         .
1 16 9       0         .
1 16 10      0         .
1 16 11      0         .
1 16 12      0         .
1 16 13      0         .
1 16 14      0         .
1 16 15      1         .
1 16 16      1         .
1 16 17      0         .
1 16 18      0         .
1 16 19      0         .
1 16 20      0         .
1 16 21      0         .
1 16 22      0         .
1 16 23      0         .
1 16 24      0         .
1 16 25      0         .
1 17 1       0         .
1 17 2       0         .
1 17 3       0         .
1 17 4       0         .
1 17 5       0         .
1 17 6       0         .
1 17 7       0         .
1 17 8       0         .
1 17 9       0         .
1 17 10      0         .
1 17 11      0         .
1 17 12      0         .
1 17 13      0         .
1 17 14      1         .
1 17 15      1         .
1 17 16      1         .
1 17 17      1         .
1 17 18      0         .
1 17 19      0         .
1 17 20      0         .
1 17 21      1         .
1 17 22      0         .
1 17 23      1         .
1 17 24      0         .
1 17 25      1         .
1 18 1       1         .
1 18 2       1         .
1 18 3       1         .
1 18 4       1         .
1 18 5       1         .
1 18 6       1         .
1 18 7       1         .
1 18 8       0         .
1 18 9       1         .
1 18 10      1         .
1 18 11      0         .
1 18 12      1         .
1 18 13      1         .
1 18 14      1         .
1 18 15      1         .
1 18 16      1         .
1 18 17      1         .
1 18 18      1         .
1 18 19      1         .
1 18 20      1         .
1 18 21      1         .
1 18 22      1         .
1 18 23      1         .
1 18 24      1         .
1 18 25      1         .
1 19 1       0         .
1 19 2       0         .
1 19 3       1         .
1 19 4       0         .
1 19 5       1         .
1 19 6       1         .
1 19 7       0         .
1 19 8       0         .
1 19 9       0         .
1 19 10      1         .
1 19 11      0         .
1 19 12      1         .
1 19 13      1         .
1 19 14      1         .
1 19 15      1         .
1 19 16      1         .
1 19 17      1         .
1 19 18      0         .
1 19 19      1         .
1 19 20      0         .
1 19 21      1         .
1 19 22      1         .
1 19 23      1         .
1 19 24      0         .
1 19 25      1         .
1 20 1       0         .
1 20 2       0         .
1 20 3       1         .
1 20 4       1         .
1 20 5       1         .
1 20 6       1         .
1 20 7       0         .
1 20 8       0         .
1 20 9       0         .
1 20 10      1         .
1 20 11      0         .
1 20 12      1         .
1 20 13      0         .
1 20 14      1         .
1 20 15      1         .
1 20 16      1         .
1 20 17      1         .
1 20 18      0         .
1 20 19      1         .
1 20 20      1         .
1 20 21      1         .
1 20 22      1         .
1 20 23      1         .
1 20 24      0         .
1 20 25      1         .
1 21 1       0         .
1 21 2       0         .
1 21 3       0         .
1 21 4       0         .
1 21 5       0         .
1 21 6       0         .
1 21 7       0         .
1 21 8       0         .
1 21 9       0         .
1 21 10      0         .
1 21 11      0         .
1 21 12      0         .
1 21 13      0         .
1 21 14      1         .
1 21 15      1         .
1 21 16      1         .
1 21 17      0         .
1 21 18      0         .
1 21 19      0         .
1 21 20      0         .
1 21 21      1         .
1 21 22      0         .
1 21 23      0         .
1 21 24      0         .
1 21 25      1         .
1 22 1       0         .
1 22 2       0         .
1 22 3       0         .
1 22 4       0         .
1 22 5       1         .
1 22 6       0         .
1 22 7       0         .
1 22 8       0         .
1 22 9       0         .
1 22 10      0         .
1 22 11      0         .
1 22 12      0         .
1 22 13      0         .
1 22 14      1         .
1 22 15      1         .
1 22 16      1         .
1 22 17      1         .
1 22 18      0         .
1 22 19      0         .
1 22 20      0         .
1 22 21      1         .
1 22 22      1         .
1 22 23      1         .
1 22 24      0         .
1 22 25      1         .
1 23 1       0         .
1 23 2       0         .
1 23 3       0         .
1 23 4       0         .
1 23 5       0         .
1 23 6       0         .
1 23 7       0         .
1 23 8       0         .
1 23 9       0         .
1 23 10      0         .
1 23 11      0         .
1 23 12      0         .
1 23 13      0         .
1 23 14      1         .
1 23 15      1         .
1 23 16      1         .
1 23 17      0         .
1 23 18      0         .
1 23 19      0         .
1 23 20      0         .
1 23 21      1         .
1 23 22      0         .
1 23 23      1         .
1 23 24      0         .
1 23 25      1         .
1 24 1       0         .
1 24 2       0         .
1 24 3       1         .
1 24 4       1         .
1 24 5       1         .
1 24 6       1         .
1 24 7       0         .
1 24 8       0         .
1 24 9       0         .
1 24 10      1         .
1 24 11      0         .
1 24 12      1         .
1 24 13      1         .
1 24 14      1         .
1 24 15      1         .
1 24 16      1         .
1 24 17      1         .
1 24 18      0         .
1 24 19      1         .
1 24 20      1         .
1 24 21      1         .
1 24 22      1         .
1 24 23      1         .
1 24 24      1         .
1 24 25      1         .
1 25 1       0         .
1 25 2       0         .
1 25 3       0         .
1 25 4       0         .
1 25 5       0         .
1 25 6       0         .
1 25 7       0         .
1 25 8       0         .
1 25 9       0         .
1 25 10      0         .
1 25 11      0         .
1 25 12      0         .
1 25 13      0         .
1 25 14      0         .
1 25 15      1         .
1 25 16      1         .
1 25 17      0         .
1 25 18      0         .
1 25 19      0         .
1 25 20      0         .
1 25 21      0         .
1 25 22      0         .
1 25 23      0         .
1 25 24      0         .
1 25 25      1         .
2 1  1       1        0
2 1  2       1        0
2 1  3       1        1
2 1  4       1        0
2 1  5       1        1
2 1  6       1        0
2 1  7       1        0
2 1  8       0        0
2 1  9       1        0
2 1  10      1        1
2 1  11      0        0
2 1  12      1        1
2 1  13      1        1
2 1  14      1        1
2 1  15      1        1
2 1  16      1        1
2 1  17      1        0
2 1  18      0        0
2 1  19      1        0
2 1  20      1        0
2 1  21      1        1
2 1  22      1        0
2 1  23      1        1
2 1  24      1        1
2 1  25      1        1
2 2  1       0        1
2 2  2       1        1
2 2  3       1        0
2 2  4       1        1
2 2  5       1        0
2 2  6       1        1
2 2  7       1        1
2 2  8       0        1
2 2  9       1        1
2 2  10      1        0
2 2  11      0        1
2 2  12      1        0
2 2  13      1        0
2 2  14      1        0
2 2  15      1        0
2 2  16      1        0
2 2  17      1        1
2 2  18      0        1
2 2  19      1        1
2 2  20      1        1
2 2  21      1        0
2 2  22      1        1
2 2  23      1        0
2 2  24      1        0
2 2  25      1        0
2 3  1       0         .
2 3  2       0         .
2 3  3       1         .
2 3  4       0         .
2 3  5       1         .
2 3  6       0         .
2 3  7       0         .
2 3  8       0         .
2 3  9       0         .
2 3  10      0         .
2 3  11      0         .
2 3  12      1         .
2 3  13      0         .
2 3  14      1         .
2 3  15      1         .
2 3  16      1         .
2 3  17      0         .
2 3  18      0         .
2 3  19      0         .
2 3  20      0         .
2 3  21      1         .
2 3  22      0         .
2 3  23      1         .
2 3  24      0         .
2 3  25      1         .
2 4  1       0         .
2 4  2       0         .
2 4  3       1         .
2 4  4       1         .
2 4  5       1         .
2 4  6       1         .
2 4  7       0         .
2 4  8       0         .
2 4  9       0         .
2 4  10      1         .
2 4  11      0         .
2 4  12      1         .
2 4  13      1         .
2 4  14      1         .
2 4  15      1         .
2 4  16      1         .
2 4  17      1         .
2 4  18      0         .
2 4  19      0         .
2 4  20      1         .
2 4  21      1         .
2 4  22      1         .
2 4  23      1         .
2 4  24      1         .
2 4  25      1         .
2 5  1       0         .
2 5  2       0         .
2 5  3       0         .
2 5  4       0         .
2 5  5       1         .
2 5  6       0         .
2 5  7       0         .
2 5  8       0         .
2 5  9       0         .
2 5  10      0         .
2 5  11      0         .
2 5  12      0         .
2 5  13      0         .
2 5  14      1         .
2 5  15      1         .
2 5  16      1         .
2 5  17      0         .
2 5  18      0         .
2 5  19      0         .
2 5  20      0         .
2 5  21      1         .
2 5  22      0         .
2 5  23      0         .
2 5  24      0         .
2 5  25      1         .
2 6  1       0         .
2 6  2       0         .
2 6  3       1         .
2 6  4       0         .
2 6  5       1         .
2 6  6       1         .
2 6  7       0         .
2 6  8       0         .
2 6  9       0         .
2 6  10      1         .
2 6  11      0         .
2 6  12      1         .
2 6  13      1         .
2 6  14      1         .
2 6  15      1         .
2 6  16      1         .
2 6  17      1         .
2 6  18      0         .
2 6  19      0         .
2 6  20      0         .
2 6  21      1         .
2 6  22      0         .
2 6  23      1         .
2 6  24      1         .
2 6  25      1         .
2 7  1       0         .
2 7  2       0         .
2 7  3       1         .
2 7  4       1         .
2 7  5       1         .
2 7  6       1         .
2 7  7       1         .
2 7  8       0         .
2 7  9       0         .
2 7  10      1         .
2 7  11      0         .
2 7  12      1         .
2 7  13      1         .
2 7  14      1         .
2 7  15      1         .
2 7  16      1         .
2 7  17      1         .
2 7  18      0         .
2 7  19      0         .
2 7  20      1         .
2 7  21      1         .
2 7  22      1         .
2 7  23      1         .
2 7  24      1         .
2 7  25      1         .
2 8  1       1         .
2 8  2       1         .
2 8  3       1         .
2 8  4       1         .
2 8  5       1         .
2 8  6       1         .
2 8  7       1         .
2 8  8       1         .
2 8  9       1         .
2 8  10      1         .
2 8  11      0         .
2 8  12      1         .
2 8  13      1         .
2 8  14      1         .
2 8  15      1         .
2 8  16      1         .
2 8  17      1         .
2 8  18      0         .
2 8  19      1         .
2 8  20      1         .
2 8  21      1         .
2 8  22      1         .
2 8  23      1         .
2 8  24      1         .
2 8  25      1         .
2 9  1       0         .
2 9  2       0         .
2 9  3       1         .
2 9  4       1         .
2 9  5       1         .
2 9  6       1         .
2 9  7       1         .
2 9  8       0         .
2 9  9       1         .
2 9  10      1         .
2 9  11      0         .
2 9  12      1         .
2 9  13      1         .
2 9  14      1         .
2 9  15      1         .
2 9  16      1         .
2 9  17      1         .
2 9  18      0         .
2 9  19      1         .
2 9  20      1         .
2 9  21      1         .
2 9  22      1         .
2 9  23      1         .
2 9  24      1         .
2 9  25      1         .
2 10 1       0         .
2 10 2       0         .
2 10 3       1         .
2 10 4       0         .
2 10 5       1         .
2 10 6       0         .
2 10 7       0         .
2 10 8       0         .
2 10 9       0         .
2 10 10      1         .
2 10 11      0         .
2 10 12      1         .
2 10 13      0         .
2 10 14      1         .
2 10 15      1         .
2 10 16      1         .
2 10 17      0         .
2 10 18      0         .
2 10 19      0         .
2 10 20      0         .
2 10 21      1         .
2 10 22      0         .
2 10 23      1         .
2 10 24      1         .
2 10 25      1         .
2 11 1       1         .
2 11 2       1         .
2 11 3       1         .
2 11 4       1         .
2 11 5       1         .
2 11 6       1         .
2 11 7       1         .
2 11 8       1         .
2 11 9       1         .
2 11 10      1         .
2 11 11      1         .
2 11 12      1         .
2 11 13      1         .
2 11 14      1         .
2 11 15      1         .
2 11 16      1         .
2 11 17      1         .
2 11 18      1         .
2 11 19      1         .
2 11 20      1         .
2 11 21      1         .
2 11 22      1         .
2 11 23      1         .
2 11 24      1         .
2 11 25      1         .
2 12 1       0         .
2 12 2       0         .
2 12 3       0         .
2 12 4       0         .
2 12 5       1         .
2 12 6       0         .
2 12 7       0         .
2 12 8       0         .
2 12 9       0         .
2 12 10      0         .
2 12 11      0         .
2 12 12      1         .
2 12 13      0         .
2 12 14      1         .
2 12 15      1         .
2 12 16      1         .
2 12 17      0         .
2 12 18      0         .
2 12 19      0         .
2 12 20      0         .
2 12 21      1         .
2 12 22      0         .
2 12 23      1         .
2 12 24      0         .
2 12 25      1         .
2 13 1       0         .
2 13 2       0         .
2 13 3       1         .
2 13 4       0         .
2 13 5       1         .
2 13 6       0         .
2 13 7       0         .
2 13 8       0         .
2 13 9       0         .
2 13 10      1         .
2 13 11      0         .
2 13 12      1         .
2 13 13      1         .
2 13 14      1         .
2 13 15      1         .
2 13 16      1         .
2 13 17      0         .
2 13 18      0         .
2 13 19      0         .
2 13 20      0         .
2 13 21      1         .
2 13 22      0         .
2 13 23      1         .
2 13 24      1         .
2 13 25      1         .
2 14 1       0         .
2 14 2       0         .
2 14 3       0         .
2 14 4       0         .
2 14 5       0         .
2 14 6       0         .
2 14 7       0         .
2 14 8       0         .
2 14 9       0         .
2 14 10      0         .
2 14 11      0         .
2 14 12      0         .
2 14 13      0         .
2 14 14      1         .
2 14 15      1         .
2 14 16      1         .
2 14 17      0         .
2 14 18      0         .
2 14 19      0         .
2 14 20      0         .
2 14 21      0         .
2 14 22      0         .
2 14 23      0         .
2 14 24      0         .
2 14 25      1         .
2 15 1       0         .
2 15 2       0         .
2 15 3       0         .
2 15 4       0         .
2 15 5       0         .
2 15 6       0         .
2 15 7       0         .
2 15 8       0         .
2 15 9       0         .
2 15 10      0         .
2 15 11      0         .
2 15 12      0         .
2 15 13      0         .
2 15 14      0         .
2 15 15      1         .
2 15 16      0         .
2 15 17      0         .
2 15 18      0         .
2 15 19      0         .
2 15 20      0         .
2 15 21      0         .
2 15 22      0         .
2 15 23      0         .
2 15 24      0         .
2 15 25      0         .
2 16 1       0         .
2 16 2       0         .
2 16 3       0         .
2 16 4       0         .
2 16 5       0         .
2 16 6       0         .
2 16 7       0         .
2 16 8       0         .
2 16 9       0         .
2 16 10      0         .
2 16 11      0         .
2 16 12      0         .
2 16 13      0         .
2 16 14      0         .
2 16 15      1         .
2 16 16      1         .
2 16 17      0         .
2 16 18      0         .
2 16 19      0         .
2 16 20      0         .
2 16 21      0         .
2 16 22      0         .
2 16 23      0         .
2 16 24      0         .
2 16 25      1         .
2 17 1       0         .
2 17 2       0         .
2 17 3       1         .
2 17 4       0         .
2 17 5       1         .
2 17 6       0         .
2 17 7       0         .
2 17 8       0         .
2 17 9       0         .
2 17 10      1         .
2 17 11      0         .
2 17 12      1         .
2 17 13      1         .
2 17 14      1         .
2 17 15      1         .
2 17 16      1         .
2 17 17      1         .
2 17 18      0         .
2 17 19      0         .
2 17 20      0         .
2 17 21      1         .
2 17 22      0         .
2 17 23      1         .
2 17 24      1         .
2 17 25      1         .
2 18 1       1         .
2 18 2       1         .
2 18 3       1         .
2 18 4       1         .
2 18 5       1         .
2 18 6       1         .
2 18 7       1         .
2 18 8       1         .
2 18 9       1         .
2 18 10      1         .
2 18 11      0         .
2 18 12      1         .
2 18 13      1         .
2 18 14      1         .
2 18 15      1         .
2 18 16      1         .
2 18 17      1         .
2 18 18      1         .
2 18 19      1         .
2 18 20      1         .
2 18 21      1         .
2 18 22      1         .
2 18 23      1         .
2 18 24      1         .
2 18 25      1         .
2 19 1       0         .
2 19 2       0         .
2 19 3       1         .
2 19 4       1         .
2 19 5       1         .
2 19 6       1         .
2 19 7       1         .
2 19 8       0         .
2 19 9       0         .
2 19 10      1         .
2 19 11      0         .
2 19 12      1         .
2 19 13      1         .
2 19 14      1         .
2 19 15      1         .
2 19 16      1         .
2 19 17      1         .
2 19 18      0         .
2 19 19      1         .
2 19 20      1         .
2 19 21      1         .
2 19 22      1         .
2 19 23      1         .
2 19 24      1         .
2 19 25      1         .
2 20 1       0         .
2 20 2       0         .
2 20 3       1         .
2 20 4       0         .
2 20 5       1         .
2 20 6       1         .
2 20 7       0         .
2 20 8       0         .
2 20 9       0         .
2 20 10      1         .
2 20 11      0         .
2 20 12      1         .
2 20 13      1         .
2 20 14      1         .
2 20 15      1         .
2 20 16      1         .
2 20 17      1         .
2 20 18      0         .
2 20 19      0         .
2 20 20      1         .
2 20 21      1         .
2 20 22      1         .
2 20 23      1         .
2 20 24      1         .
2 20 25      1         .
2 21 1       0         .
2 21 2       0         .
2 21 3       0         .
2 21 4       0         .
2 21 5       0         .
2 21 6       0         .
2 21 7       0         .
2 21 8       0         .
2 21 9       0         .
2 21 10      0         .
2 21 11      0         .
2 21 12      0         .
2 21 13      0         .
2 21 14      1         .
2 21 15      1         .
2 21 16      1         .
2 21 17      0         .
2 21 18      0         .
2 21 19      0         .
2 21 20      0         .
2 21 21      1         .
2 21 22      0         .
2 21 23      0         .
2 21 24      0         .
2 21 25      1         .
2 22 1       0         .
2 22 2       0         .
2 22 3       1         .
2 22 4       0         .
2 22 5       1         .
2 22 6       1         .
2 22 7       0         .
2 22 8       0         .
2 22 9       0         .
2 22 10      1         .
2 22 11      0         .
2 22 12      1         .
2 22 13      1         .
2 22 14      1         .
2 22 15      1         .
2 22 16      1         .
2 22 17      1         .
2 22 18      0         .
2 22 19      0         .
2 22 20      0         .
2 22 21      1         .
2 22 22      1         .
2 22 23      1         .
2 22 24      1         .
2 22 25      1         .
2 23 1       0         .
2 23 2       0         .
2 23 3       0         .
2 23 4       0         .
2 23 5       1         .
2 23 6       0         .
2 23 7       0         .
2 23 8       0         .
2 23 9       0         .
2 23 10      0         .
2 23 11      0         .
2 23 12      0         .
2 23 13      0         .
2 23 14      1         .
2 23 15      1         .
2 23 16      1         .
2 23 17      0         .
2 23 18      0         .
2 23 19      0         .
2 23 20      0         .
2 23 21      1         .
2 23 22      0         .
2 23 23      1         .
2 23 24      0         .
2 23 25      1         .
2 24 1       0         .
2 24 2       0         .
2 24 3       1         .
2 24 4       0         .
2 24 5       1         .
2 24 6       0         .
2 24 7       0         .
2 24 8       0         .
2 24 9       0         .
2 24 10      0         .
2 24 11      0         .
2 24 12      1         .
2 24 13      0         .
2 24 14      1         .
2 24 15      1         .
2 24 16      1         .
2 24 17      0         .
2 24 18      0         .
2 24 19      0         .
2 24 20      0         .
2 24 21      1         .
2 24 22      0         .
2 24 23      1         .
2 24 24      1         .
2 24 25      1         .
2 25 1       0         .
2 25 2       0         .
2 25 3       0         .
2 25 4       0         .
2 25 5       0         .
2 25 6       0         .
2 25 7       0         .
2 25 8       0         .
2 25 9       0         .
2 25 10      0         .
2 25 11      0         .
2 25 12      0         .
2 25 13      0         .
2 25 14      0         .
2 25 15      1         .
2 25 16      0         .
2 25 17      0         .
2 25 18      0         .
2 25 19      0         .
2 25 20      0         .
2 25 21      0         .
2 25 22      0         .
2 25 23      0         .
2 25 24      0         .
2 25 25      1         .
;

