:          Name        M_Time[i,4]   M_OBFV  M_Bestnode M_ResNum    :=
1   Model2_Basic_MIP      2213.92    9517.61   9516.68      3
2   Model2_Basic_MIP_B    2190.68    9055.78   9054.88      3
;

com_measure1 = 1
com_measure2 = 1
tau = 0.0224503
kappa = 7.88
alpha = 0.9
B = 992.96

:
                                                                                                        M_Message
 :=
1
   'CPLEX 12.6.2.0: optimal integer solution within mipgap or absmipgap; objective 9517.613702\
1257544 MIP simplex iterations\
47687 branch-and-bound nodes\
absmipgap = 0.93843, relmipgap = 9.85993e-05\
No basis.'
2
   'CPLEX 12.6.2.0: optimal integer solution within mipgap or absmipgap; objective 9055.779942\
1555756 MIP simplex iterations\
28372 branch-and-bound nodes\
absmipgap = 0.902004, relmipgap = 9.96054e-05\
No basis.'
;
: M_INDICATE    :=
;

M_Time :=
1 1      2.76562
1 2      2.885
1 3   8262.84
1 4   2213.92
2 1      2.76562
2 2      2.885
2 3   8194.14
2 4   2190.68
;

M_tau [*] :=
1  0.314481
2  0.0224503
;

:      M_Cost  M_Sequence    :=
1 1    1620.59       3
1 2    7897.02       6
1 3       .          8
1 4       .          2
1 5       .          1
1 6       .         10
1 7       .         12
1 8       .         15
1 9       .         18
1 10      .          9
1 11      .         13
1 12      .         19
1 13      .          5
1 14      .         17
1 15      .         20
1 16      .         16
1 17      .          4
1 18      .         14
1 19      .          7
1 20      .         11
2 1     989.32       4
2 2    9055.78       8
2 3       .          6
2 4       .          2
2 5       .          1
2 6       .         10
2 7       .          9
2 8       .         16
2 9       .         17
2 10      .         11
2 11      .         12
2 12      .         20
2 13      .          6
2 14      .         14
2 15      .         14
2 16      .         19
2 17      .          3
2 18      .         14
2 19      .          6
2 20      .         18
;

:       M_Vectheta M_Vecu    :=
1 1  1       1        0
1 1  2       1        0
1 1  3       1        0
1 1  4       0        0
1 1  5       0        0
1 1  6       1        0
1 1  7       1        0
1 1  8       1        0
1 1  9       1        1
1 1  10      1        0
1 1  11      1        0
1 1  12      1        1
1 1  13      1        0
1 1  14      1        1
1 1  15      1        1
1 1  16      1        0
1 1  17      1        0
1 1  18      1        0
1 1  19      1        0
1 1  20      1        0
1 2  1       0        1
1 2  2       1        1
1 2  3       1        1
1 2  4       0        1
1 2  5       0        1
1 2  6       1        1
1 2  7       1        1
1 2  8       1        1
1 2  9       1        0
1 2  10      1        1
1 2  11      1        1
1 2  12      1        0
1 2  13      0        1
1 2  14      1        0
1 2  15      1        0
1 2  16      1        1
1 2  17      0        1
1 2  18      1        1
1 2  19      1        1
1 2  20      1        1
1 3  1       0         .
1 3  2       0         .
1 3  3       1         .
1 3  4       0         .
1 3  5       0         .
1 3  6       1         .
1 3  7       1         .
1 3  8       1         .
1 3  9       1         .
1 3  10      1         .
1 3  11      1         .
1 3  12      1         .
1 3  13      0         .
1 3  14      1         .
1 3  15      1         .
1 3  16      1         .
1 3  17      0         .
1 3  18      1         .
1 3  19      0         .
1 3  20      1         .
1 4  1       1         .
1 4  2       1         .
1 4  3       1         .
1 4  4       1         .
1 4  5       0         .
1 4  6       1         .
1 4  7       1         .
1 4  8       1         .
1 4  9       1         .
1 4  10      1         .
1 4  11      1         .
1 4  12      1         .
1 4  13      1         .
1 4  14      1         .
1 4  15      1         .
1 4  16      1         .
1 4  17      1         .
1 4  18      1         .
1 4  19      1         .
1 4  20      1         .
1 5  1       1         .
1 5  2       1         .
1 5  3       1         .
1 5  4       1         .
1 5  5       1         .
1 5  6       1         .
1 5  7       1         .
1 5  8       1         .
1 5  9       1         .
1 5  10      1         .
1 5  11      1         .
1 5  12      1         .
1 5  13      1         .
1 5  14      1         .
1 5  15      1         .
1 5  16      1         .
1 5  17      1         .
1 5  18      1         .
1 5  19      1         .
1 5  20      1         .
1 6  1       0         .
1 6  2       0         .
1 6  3       0         .
1 6  4       0         .
1 6  5       0         .
1 6  6       1         .
1 6  7       1         .
1 6  8       1         .
1 6  9       1         .
1 6  10      0         .
1 6  11      1         .
1 6  12      1         .
1 6  13      0         .
1 6  14      1         .
1 6  15      1         .
1 6  16      1         .
1 6  17      0         .
1 6  18      1         .
1 6  19      0         .
1 6  20      1         .
1 7  1       0         .
1 7  2       0         .
1 7  3       0         .
1 7  4       0         .
1 7  5       0         .
1 7  6       0         .
1 7  7       1         .
1 7  8       1         .
1 7  9       1         .
1 7  10      0         .
1 7  11      1         .
1 7  12      1         .
1 7  13      0         .
1 7  14      1         .
1 7  15      1         .
1 7  16      1         .
1 7  17      0         .
1 7  18      1         .
1 7  19      0         .
1 7  20      0         .
1 8  1       0         .
1 8  2       0         .
1 8  3       0         .
1 8  4       0         .
1 8  5       0         .
1 8  6       0         .
1 8  7       0         .
1 8  8       1         .
1 8  9       1         .
1 8  10      0         .
1 8  11      0         .
1 8  12      1         .
1 8  13      0         .
1 8  14      1         .
1 8  15      1         .
1 8  16      1         .
1 8  17      0         .
1 8  18      0         .
1 8  19      0         .
1 8  20      0         .
1 9  1       0         .
1 9  2       0         .
1 9  3       0         .
1 9  4       0         .
1 9  5       0         .
1 9  6       0         .
1 9  7       0         .
1 9  8       0         .
1 9  9       1         .
1 9  10      0         .
1 9  11      0         .
1 9  12      1         .
1 9  13      0         .
1 9  14      0         .
1 9  15      1         .
1 9  16      0         .
1 9  17      0         .
1 9  18      0         .
1 9  19      0         .
1 9  20      0         .
1 10 1       0         .
1 10 2       0         .
1 10 3       0         .
1 10 4       0         .
1 10 5       0         .
1 10 6       1         .
1 10 7       1         .
1 10 8       1         .
1 10 9       1         .
1 10 10      1         .
1 10 11      1         .
1 10 12      1         .
1 10 13      0         .
1 10 14      1         .
1 10 15      1         .
1 10 16      1         .
1 10 17      0         .
1 10 18      1         .
1 10 19      0         .
1 10 20      1         .
1 11 1       0         .
1 11 2       0         .
1 11 3       0         .
1 11 4       0         .
1 11 5       0         .
1 11 6       0         .
1 11 7       0         .
1 11 8       1         .
1 11 9       1         .
1 11 10      0         .
1 11 11      1         .
1 11 12      1         .
1 11 13      0         .
1 11 14      1         .
1 11 15      1         .
1 11 16      1         .
1 11 17      0         .
1 11 18      1         .
1 11 19      0         .
1 11 20      0         .
1 12 1       0         .
1 12 2       0         .
1 12 3       0         .
1 12 4       0         .
1 12 5       0         .
1 12 6       0         .
1 12 7       0         .
1 12 8       0         .
1 12 9       0         .
1 12 10      0         .
1 12 11      0         .
1 12 12      1         .
1 12 13      0         .
1 12 14      0         .
1 12 15      1         .
1 12 16      0         .
1 12 17      0         .
1 12 18      0         .
1 12 19      0         .
1 12 20      0         .
1 13 1       0         .
1 13 2       1         .
1 13 3       1         .
1 13 4       0         .
1 13 5       0         .
1 13 6       1         .
1 13 7       1         .
1 13 8       1         .
1 13 9       1         .
1 13 10      1         .
1 13 11      1         .
1 13 12      1         .
1 13 13      1         .
1 13 14      1         .
1 13 15      1         .
1 13 16      1         .
1 13 17      0         .
1 13 18      1         .
1 13 19      1         .
1 13 20      1         .
1 14 1       0         .
1 14 2       0         .
1 14 3       0         .
1 14 4       0         .
1 14 5       0         .
1 14 6       0         .
1 14 7       0         .
1 14 8       0         .
1 14 9       1         .
1 14 10      0         .
1 14 11      0         .
1 14 12      1         .
1 14 13      0         .
1 14 14      1         .
1 14 15      1         .
1 14 16      0         .
1 14 17      0         .
1 14 18      0         .
1 14 19      0         .
1 14 20      0         .
1 15 1       0         .
1 15 2       0         .
1 15 3       0         .
1 15 4       0         .
1 15 5       0         .
1 15 6       0         .
1 15 7       0         .
1 15 8       0         .
1 15 9       0         .
1 15 10      0         .
1 15 11      0         .
1 15 12      0         .
1 15 13      0         .
1 15 14      0         .
1 15 15      1         .
1 15 16      0         .
1 15 17      0         .
1 15 18      0         .
1 15 19      0         .
1 15 20      0         .
1 16 1       0         .
1 16 2       0         .
1 16 3       0         .
1 16 4       0         .
1 16 5       0         .
1 16 6       0         .
1 16 7       0         .
1 16 8       0         .
1 16 9       1         .
1 16 10      0         .
1 16 11      0         .
1 16 12      1         .
1 16 13      0         .
1 16 14      1         .
1 16 15      1         .
1 16 16      1         .
1 16 17      0         .
1 16 18      0         .
1 16 19      0         .
1 16 20      0         .
1 17 1       0         .
1 17 2       1         .
1 17 3       1         .
1 17 4       0         .
1 17 5       0         .
1 17 6       1         .
1 17 7       1         .
1 17 8       1         .
1 17 9       1         .
1 17 10      1         .
1 17 11      1         .
1 17 12      1         .
1 17 13      1         .
1 17 14      1         .
1 17 15      1         .
1 17 16      1         .
1 17 17      1         .
1 17 18      1         .
1 17 19      1         .
1 17 20      1         .
1 18 1       0         .
1 18 2       0         .
1 18 3       0         .
1 18 4       0         .
1 18 5       0         .
1 18 6       0         .
1 18 7       0         .
1 18 8       1         .
1 18 9       1         .
1 18 10      0         .
1 18 11      0         .
1 18 12      1         .
1 18 13      0         .
1 18 14      1         .
1 18 15      1         .
1 18 16      1         .
1 18 17      0         .
1 18 18      1         .
1 18 19      0         .
1 18 20      0         .
1 19 1       0         .
1 19 2       0         .
1 19 3       1         .
1 19 4       0         .
1 19 5       0         .
1 19 6       1         .
1 19 7       1         .
1 19 8       1         .
1 19 9       1         .
1 19 10      1         .
1 19 11      1         .
1 19 12      1         .
1 19 13      0         .
1 19 14      1         .
1 19 15      1         .
1 19 16      1         .
1 19 17      0         .
1 19 18      1         .
1 19 19      1         .
1 19 20      1         .
1 20 1       0         .
1 20 2       0         .
1 20 3       0         .
1 20 4       0         .
1 20 5       0         .
1 20 6       0         .
1 20 7       1         .
1 20 8       1         .
1 20 9       1         .
1 20 10      0         .
1 20 11      1         .
1 20 12      1         .
1 20 13      0         .
1 20 14      1         .
1 20 15      1         .
1 20 16      1         .
1 20 17      0         .
1 20 18      1         .
1 20 19      0         .
1 20 20      1         .
2 1  1       1        0
2 1  2       1        0
2 1  3       1        0
2 1  4       0        0
2 1  5       0        0
2 1  6       1        1
2 1  7       1        0
2 1  8       1        1
2 1  9       1        1
2 1  10      1        1
2 1  11      1        1
2 1  12      1        1
2 1  13      1        0
2 1  14      1        1
2 1  15      1        1
2 1  16      1        1
2 1  17      0        0
2 1  18      1        1
2 1  19      1        0
2 1  20      1        1
2 2  1       0        1
2 2  2       1        1
2 2  3       0        1
2 2  4       0        1
2 2  5       0        1
2 2  6       1        0
2 2  7       1        1
2 2  8       1        0
2 2  9       1        0
2 2  10      1        0
2 2  11      1        0
2 2  12      1        0
2 2  13      0        1
2 2  14      1        0
2 2  15      1        0
2 2  16      1        0
2 2  17      0        1
2 2  18      1        0
2 2  19      0        1
2 2  20      1        0
2 3  1       0         .
2 3  2       1         .
2 3  3       1         .
2 3  4       0         .
2 3  5       0         .
2 3  6       1         .
2 3  7       1         .
2 3  8       1         .
2 3  9       1         .
2 3  10      1         .
2 3  11      1         .
2 3  12      1         .
2 3  13      0         .
2 3  14      1         .
2 3  15      1         .
2 3  16      1         .
2 3  17      0         .
2 3  18      1         .
2 3  19      1         .
2 3  20      1         .
2 4  1       1         .
2 4  2       1         .
2 4  3       1         .
2 4  4       1         .
2 4  5       0         .
2 4  6       1         .
2 4  7       1         .
2 4  8       1         .
2 4  9       1         .
2 4  10      1         .
2 4  11      1         .
2 4  12      1         .
2 4  13      1         .
2 4  14      1         .
2 4  15      1         .
2 4  16      1         .
2 4  17      1         .
2 4  18      1         .
2 4  19      1         .
2 4  20      1         .
2 5  1       1         .
2 5  2       1         .
2 5  3       1         .
2 5  4       1         .
2 5  5       1         .
2 5  6       1         .
2 5  7       1         .
2 5  8       1         .
2 5  9       1         .
2 5  10      1         .
2 5  11      1         .
2 5  12      1         .
2 5  13      1         .
2 5  14      1         .
2 5  15      1         .
2 5  16      1         .
2 5  17      1         .
2 5  18      1         .
2 5  19      1         .
2 5  20      1         .
2 6  1       0         .
2 6  2       0         .
2 6  3       0         .
2 6  4       0         .
2 6  5       0         .
2 6  6       1         .
2 6  7       0         .
2 6  8       1         .
2 6  9       1         .
2 6  10      1         .
2 6  11      1         .
2 6  12      1         .
2 6  13      0         .
2 6  14      1         .
2 6  15      1         .
2 6  16      1         .
2 6  17      0         .
2 6  18      1         .
2 6  19      0         .
2 6  20      1         .
2 7  1       0         .
2 7  2       0         .
2 7  3       0         .
2 7  4       0         .
2 7  5       0         .
2 7  6       1         .
2 7  7       1         .
2 7  8       1         .
2 7  9       1         .
2 7  10      1         .
2 7  11      1         .
2 7  12      1         .
2 7  13      0         .
2 7  14      1         .
2 7  15      1         .
2 7  16      1         .
2 7  17      0         .
2 7  18      1         .
2 7  19      0         .
2 7  20      1         .
2 8  1       0         .
2 8  2       0         .
2 8  3       0         .
2 8  4       0         .
2 8  5       0         .
2 8  6       0         .
2 8  7       0         .
2 8  8       1         .
2 8  9       1         .
2 8  10      0         .
2 8  11      0         .
2 8  12      1         .
2 8  13      0         .
2 8  14      0         .
2 8  15      0         .
2 8  16      1         .
2 8  17      0         .
2 8  18      0         .
2 8  19      0         .
2 8  20      1         .
2 9  1       0         .
2 9  2       0         .
2 9  3       0         .
2 9  4       0         .
2 9  5       0         .
2 9  6       0         .
2 9  7       0         .
2 9  8       0         .
2 9  9       1         .
2 9  10      0         .
2 9  11      0         .
2 9  12      1         .
2 9  13      0         .
2 9  14      0         .
2 9  15      0         .
2 9  16      1         .
2 9  17      0         .
2 9  18      0         .
2 9  19      0         .
2 9  20      1         .
2 10 1       0         .
2 10 2       0         .
2 10 3       0         .
2 10 4       0         .
2 10 5       0         .
2 10 6       0         .
2 10 7       0         .
2 10 8       1         .
2 10 9       1         .
2 10 10      1         .
2 10 11      1         .
2 10 12      1         .
2 10 13      0         .
2 10 14      1         .
2 10 15      1         .
2 10 16      1         .
2 10 17      0         .
2 10 18      1         .
2 10 19      0         .
2 10 20      1         .
2 11 1       0         .
2 11 2       0         .
2 11 3       0         .
2 11 4       0         .
2 11 5       0         .
2 11 6       0         .
2 11 7       0         .
2 11 8       1         .
2 11 9       1         .
2 11 10      0         .
2 11 11      1         .
2 11 12      1         .
2 11 13      0         .
2 11 14      1         .
2 11 15      1         .
2 11 16      1         .
2 11 17      0         .
2 11 18      1         .
2 11 19      0         .
2 11 20      1         .
2 12 1       0         .
2 12 2       0         .
2 12 3       0         .
2 12 4       0         .
2 12 5       0         .
2 12 6       0         .
2 12 7       0         .
2 12 8       0         .
2 12 9       0         .
2 12 10      0         .
2 12 11      0         .
2 12 12      1         .
2 12 13      0         .
2 12 14      0         .
2 12 15      0         .
2 12 16      0         .
2 12 17      0         .
2 12 18      0         .
2 12 19      0         .
2 12 20      0         .
2 13 1       0         .
2 13 2       1         .
2 13 3       1         .
2 13 4       0         .
2 13 5       0         .
2 13 6       1         .
2 13 7       1         .
2 13 8       1         .
2 13 9       1         .
2 13 10      1         .
2 13 11      1         .
2 13 12      1         .
2 13 13      1         .
2 13 14      1         .
2 13 15      1         .
2 13 16      1         .
2 13 17      0         .
2 13 18      1         .
2 13 19      0         .
2 13 20      1         .
2 14 1       0         .
2 14 2       0         .
2 14 3       0         .
2 14 4       0         .
2 14 5       0         .
2 14 6       0         .
2 14 7       0         .
2 14 8       1         .
2 14 9       1         .
2 14 10      0         .
2 14 11      0         .
2 14 12      1         .
2 14 13      0         .
2 14 14      1         .
2 14 15      0         .
2 14 16      1         .
2 14 17      0         .
2 14 18      1         .
2 14 19      0         .
2 14 20      1         .
2 15 1       0         .
2 15 2       0         .
2 15 3       0         .
2 15 4       0         .
2 15 5       0         .
2 15 6       0         .
2 15 7       0         .
2 15 8       1         .
2 15 9       1         .
2 15 10      0         .
2 15 11      0         .
2 15 12      1         .
2 15 13      0         .
2 15 14      1         .
2 15 15      1         .
2 15 16      1         .
2 15 17      0         .
2 15 18      0         .
2 15 19      0         .
2 15 20      1         .
2 16 1       0         .
2 16 2       0         .
2 16 3       0         .
2 16 4       0         .
2 16 5       0         .
2 16 6       0         .
2 16 7       0         .
2 16 8       0         .
2 16 9       0         .
2 16 10      0         .
2 16 11      0         .
2 16 12      1         .
2 16 13      0         .
2 16 14      0         .
2 16 15      0         .
2 16 16      1         .
2 16 17      0         .
2 16 18      0         .
2 16 19      0         .
2 16 20      0         .
2 17 1       1         .
2 17 2       1         .
2 17 3       1         .
2 17 4       0         .
2 17 5       0         .
2 17 6       1         .
2 17 7       1         .
2 17 8       1         .
2 17 9       1         .
2 17 10      1         .
2 17 11      1         .
2 17 12      1         .
2 17 13      1         .
2 17 14      1         .
2 17 15      1         .
2 17 16      1         .
2 17 17      1         .
2 17 18      1         .
2 17 19      1         .
2 17 20      1         .
2 18 1       0         .
2 18 2       0         .
2 18 3       0         .
2 18 4       0         .
2 18 5       0         .
2 18 6       0         .
2 18 7       0         .
2 18 8       1         .
2 18 9       1         .
2 18 10      0         .
2 18 11      0         .
2 18 12      1         .
2 18 13      0         .
2 18 14      0         .
2 18 15      1         .
2 18 16      1         .
2 18 17      0         .
2 18 18      1         .
2 18 19      0         .
2 18 20      1         .
2 19 1       0         .
2 19 2       1         .
2 19 3       0         .
2 19 4       0         .
2 19 5       0         .
2 19 6       1         .
2 19 7       1         .
2 19 8       1         .
2 19 9       1         .
2 19 10      1         .
2 19 11      1         .
2 19 12      1         .
2 19 13      1         .
2 19 14      1         .
2 19 15      1         .
2 19 16      1         .
2 19 17      0         .
2 19 18      1         .
2 19 19      1         .
2 19 20      1         .
2 20 1       0         .
2 20 2       0         .
2 20 3       0         .
2 20 4       0         .
2 20 5       0         .
2 20 6       0         .
2 20 7       0         .
2 20 8       0         .
2 20 9       0         .
2 20 10      0         .
2 20 11      0         .
2 20 12      1         .
2 20 13      0         .
2 20 14      0         .
2 20 15      0         .
2 20 16      1         .
2 20 17      0         .
2 20 18      0         .
2 20 19      0         .
2 20 20      1         .
;

