:              Name            M_Time[i,4]   M_OBFV  M_Bestnode M_ResNum    :=
2   Model_Basic_MIP_Sym          2858        2969.82   2969.76     103
3   Model_Basic_MIP_Hybrid        108.754    2969.82   2969.82     102
4   Model_Basic_MIP_Hybrid_RLT     68.461    2969.82   2969.82     102
;

com_measure1 = 0.59124
com_measure2 = 0.96221
tau = 0.0987286
kappa = 3.88722
alpha = 0.9
B = 252.71

:
                                                                                                                                                                            M_Message
 :=
2
   'CPLEX 12.6.2.0: optimal (non-)integer solution within mipgap or absmipgap; objective 2969.817114\
4670526 MIP simplex iterations\
60335 branch-and-bound nodes\
absmipgap = 0.0549516, relmipgap = 1.85033e-05\
No basis.\
61 integer variables rounded (maxerr = 9.8932e-06).\
Assigning integrality = 5e-06 might help.\
Currently integrality = 1e-05.'
3
   'CPLEX 12.6.2.0: optimal (non-)integer solution; objective 2969.817114\
112043 MIP simplex iterations\
3320 branch-and-bound nodes\
No basis.\
115 integer variables rounded (maxerr = 9.92946e-06).\
Assigning integrality = 5e-06 might help.\
Currently integrality = 1e-05.'
4
   'CPLEX 12.6.2.0: optimal (non-)integer solution; objective 2969.817114\
74743 MIP simplex iterations\
4241 branch-and-bound nodes\
No basis.\
28 integer variables rounded (maxerr = 8.54407e-06).\
Assigning integrality = 4e-06 might help.\
Currently integrality = 1e-05.'
;
: M_INDICATE    :=
;

M_Time :=
2 1      0.78125
2 2      0.953
2 3   7199.45
2 4   2858
3 1      0.78125
3 2      0.953
3 3    142.859
3 4    108.754
4 1      0.78125
4 2      0.953
4 3    158.703
4 4     68.461
;

M_tau [*] :=
2  0.0987286
3  0.0987286
4  0.0987286
;

:      M_Cost  M_Sequence    :=
2 1     405.24       7
2 2    2564.58       3
2 3       .          9
2 4       .          4
2 5       .         10
2 6       .          8
2 7       .          1
2 8       .          5
2 9       .          6
2 10      .          2
3 1     405.24       7
3 2    2564.58       3
3 3       .          9
3 4       .          4
3 5       .         10
3 6       .          8
3 7       .          1
3 8       .          5
3 9       .          6
3 10      .          2
4 1     405.24       7
4 2    2564.58       3
4 3       .          9
4 4       .          4
4 5       .         10
4 6       .          8
4 7       .          1
4 8       .          5
4 9       .          6
4 10      .          2
;

:       M_Vectheta M_Vecu    :=
2 1  1       1        0
2 1  2       0        0
2 1  3       1        1
2 1  4       0        0
2 1  5       1        1
2 1  6       1        0
2 1  7       0        0
2 1  8       0        0
2 1  9       0        0
2 1  10      0        0
2 2  1       1        1
2 2  2       1        1
2 2  3       1        0
2 2  4       1        1
2 2  5       1        0
2 2  6       1        1
2 2  7       0        1
2 2  8       1        1
2 2  9       1        1
2 2  10      0        1
2 3  1       0         .
2 3  2       0         .
2 3  3       1         .
2 3  4       0         .
2 3  5       1         .
2 3  6       0         .
2 3  7       0         .
2 3  8       0         .
2 3  9       0         .
2 3  10      0         .
2 4  1       1         .
2 4  2       0         .
2 4  3       1         .
2 4  4       1         .
2 4  5       1         .
2 4  6       1         .
2 4  7       0         .
2 4  8       1         .
2 4  9       1         .
2 4  10      0         .
2 5  1       0         .
2 5  2       0         .
2 5  3       0         .
2 5  4       0         .
2 5  5       1         .
2 5  6       0         .
2 5  7       0         .
2 5  8       0         .
2 5  9       0         .
2 5  10      0         .
2 6  1       0         .
2 6  2       0         .
2 6  3       1         .
2 6  4       0         .
2 6  5       1         .
2 6  6       1         .
2 6  7       0         .
2 6  8       0         .
2 6  9       0         .
2 6  10      0         .
2 7  1       1         .
2 7  2       1         .
2 7  3       1         .
2 7  4       1         .
2 7  5       1         .
2 7  6       1         .
2 7  7       1         .
2 7  8       1         .
2 7  9       1         .
2 7  10      1         .
2 8  1       1         .
2 8  2       0         .
2 8  3       1         .
2 8  4       0         .
2 8  5       1         .
2 8  6       1         .
2 8  7       0         .
2 8  8       1         .
2 8  9       1         .
2 8  10      0         .
2 9  1       1         .
2 9  2       0         .
2 9  3       1         .
2 9  4       0         .
2 9  5       1         .
2 9  6       1         .
2 9  7       0         .
2 9  8       0         .
2 9  9       1         .
2 9  10      0         .
2 10 1       1         .
2 10 2       1         .
2 10 3       1         .
2 10 4       1         .
2 10 5       1         .
2 10 6       1         .
2 10 7       0         .
2 10 8       1         .
2 10 9       1         .
2 10 10      1         .
3 1  1       1        0
3 1  2       0        0
3 1  3       1        1
3 1  4       0        0
3 1  5       1        1
3 1  6       1        0
3 1  7       0        0
3 1  8       0        0
3 1  9       0        0
3 1  10      0        0
3 2  1       1        1
3 2  2       1        1
3 2  3       1        0
3 2  4       1        1
3 2  5       1        0
3 2  6       1        1
3 2  7       0        1
3 2  8       1        1
3 2  9       1        1
3 2  10      0        1
3 3  1       0         .
3 3  2       0         .
3 3  3       1         .
3 3  4       0         .
3 3  5       1         .
3 3  6       0         .
3 3  7       0         .
3 3  8       0         .
3 3  9       0         .
3 3  10      0         .
3 4  1       1         .
3 4  2       0         .
3 4  3       1         .
3 4  4       1         .
3 4  5       1         .
3 4  6       1         .
3 4  7       0         .
3 4  8       1         .
3 4  9       1         .
3 4  10      0         .
3 5  1       0         .
3 5  2       0         .
3 5  3       0         .
3 5  4       0         .
3 5  5       1         .
3 5  6       0         .
3 5  7       0         .
3 5  8       0         .
3 5  9       0         .
3 5  10      0         .
3 6  1       0         .
3 6  2       0         .
3 6  3       1         .
3 6  4       0         .
3 6  5       1         .
3 6  6       1         .
3 6  7       0         .
3 6  8       0         .
3 6  9       0         .
3 6  10      0         .
3 7  1       1         .
3 7  2       1         .
3 7  3       1         .
3 7  4       1         .
3 7  5       1         .
3 7  6       1         .
3 7  7       1         .
3 7  8       1         .
3 7  9       1         .
3 7  10      1         .
3 8  1       1         .
3 8  2       0         .
3 8  3       1         .
3 8  4       0         .
3 8  5       1         .
3 8  6       1         .
3 8  7       0         .
3 8  8       1         .
3 8  9       1         .
3 8  10      0         .
3 9  1       1         .
3 9  2       0         .
3 9  3       1         .
3 9  4       0         .
3 9  5       1         .
3 9  6       1         .
3 9  7       0         .
3 9  8       0         .
3 9  9       1         .
3 9  10      0         .
3 10 1       1         .
3 10 2       1         .
3 10 3       1         .
3 10 4       1         .
3 10 5       1         .
3 10 6       1         .
3 10 7       0         .
3 10 8       1         .
3 10 9       1         .
3 10 10      1         .
4 1  1       1        0
4 1  2       0        0
4 1  3       1        1
4 1  4       0        0
4 1  5       1        1
4 1  6       1        0
4 1  7       0        0
4 1  8       0        0
4 1  9       0        0
4 1  10      0        0
4 2  1       1        1
4 2  2       1        1
4 2  3       1        0
4 2  4       1        1
4 2  5       1        0
4 2  6       1        1
4 2  7       0        1
4 2  8       1        1
4 2  9       1        1
4 2  10      0        1
4 3  1       0         .
4 3  2       0         .
4 3  3       1         .
4 3  4       0         .
4 3  5       1         .
4 3  6       0         .
4 3  7       0         .
4 3  8       0         .
4 3  9       0         .
4 3  10      0         .
4 4  1       1         .
4 4  2       0         .
4 4  3       1         .
4 4  4       1         .
4 4  5       1         .
4 4  6       1         .
4 4  7       0         .
4 4  8       1         .
4 4  9       1         .
4 4  10      0         .
4 5  1       0         .
4 5  2       0         .
4 5  3       0         .
4 5  4       0         .
4 5  5       1         .
4 5  6       0         .
4 5  7       0         .
4 5  8       0         .
4 5  9       0         .
4 5  10      0         .
4 6  1       0         .
4 6  2       0         .
4 6  3       1         .
4 6  4       0         .
4 6  5       1         .
4 6  6       1         .
4 6  7       0         .
4 6  8       0         .
4 6  9       0         .
4 6  10      0         .
4 7  1       1         .
4 7  2       1         .
4 7  3       1         .
4 7  4       1         .
4 7  5       1         .
4 7  6       1         .
4 7  7       1         .
4 7  8       1         .
4 7  9       1         .
4 7  10      1         .
4 8  1       1         .
4 8  2       0         .
4 8  3       1         .
4 8  4       0         .
4 8  5       1         .
4 8  6       1         .
4 8  7       0         .
4 8  8       1         .
4 8  9       1         .
4 8  10      0         .
4 9  1       1         .
4 9  2       0         .
4 9  3       1         .
4 9  4       0         .
4 9  5       1         .
4 9  6       1         .
4 9  7       0         .
4 9  8       0         .
4 9  9       1         .
4 9  10      0         .
4 10 1       1         .
4 10 2       1         .
4 10 3       1         .
4 10 4       1         .
4 10 5       1         .
4 10 6       1         .
4 10 7       0         .
4 10 8       1         .
4 10 9       1         .
4 10 10      1         .
;

