:            Name          M_Time[i,4]   M_OBFV  M_Bestnode M_ResNum    :=
1   Model2_Basic_MIP           91.924    7922.26   7922.2       3
2   Model2_Basic_MIP_RLT       14.737    7922.26   7921.53      3
3   Model2_Basic_MIP_B        156.477    8366.12   8365.57      3
4   Model2_Basic_MIP_B_RLT     25.799    8366.12   8365.74      3
;

com_measure1 = 1
com_measure2 = 1
tau = 0.169097
kappa = 5.8542
alpha = 0.9
B = 547.38

:
                                                                                                       M_Message
 :=
1
   'CPLEX 12.6.2.0: optimal integer solution within mipgap or absmipgap; objective 7922.264845\
80988 MIP simplex iterations\
3662 branch-and-bound nodes\
absmipgap = 0.0654686, relmipgap = 8.26387e-06\
No basis.'
2
   'CPLEX 12.6.2.0: optimal integer solution within mipgap or absmipgap; objective 7922.264845\
314 MIP simplex iterations\
0 branch-and-bound nodes\
absmipgap = 0.733486, relmipgap = 9.25853e-05\
No basis.'
3
   'CPLEX 12.6.2.0: optimal integer solution within mipgap or absmipgap; objective 8366.119744\
147384 MIP simplex iterations\
4741 branch-and-bound nodes\
absmipgap = 0.551644, relmipgap = 6.59379e-05\
No basis.'
4
   'CPLEX 12.6.2.0: optimal integer solution within mipgap or absmipgap; objective 8366.119744\
2281 MIP simplex iterations\
158 branch-and-bound nodes\
absmipgap = 0.376873, relmipgap = 4.50475e-05\
No basis.'
;
: M_INDICATE    :=
;

M_Time :=
1 1     1.53125
1 2     1.64
1 3   309.438
1 4    91.924
2 1     1.53125
2 2     1.64
2 3    23.4688
2 4    14.737
3 1     1.53125
3 2     1.64
3 3   545.031
3 4   156.477
4 1     1.53125
4 2     1.64
4 3    49.875
4 4    25.799
;

M_tau [*] :=
1  0.204205
2  0.204205
3  0.169097
4  0.169097
;

:      M_Cost  M_Sequence    :=
1 1     873.93      12
1 2    7048.33       6
1 3       .         15
1 4       .          3
1 5       .          2
1 6       .          7
1 7       .          4
1 8       .          5
1 9       .         11
1 10      .          9
1 11      .         13
1 12      .         10
1 13      .         14
1 14      .          8
1 15      .          1
2 1     873.93      12
2 2    7048.33       6
2 3       .         15
2 4       .          3
2 5       .          2
2 6       .          7
2 7       .          4
2 8       .          5
2 9       .         11
2 10      .          9
2 11      .         13
2 12      .         10
2 13      .         14
2 14      .          8
2 15      .          1
3 1     499.95       7
3 2    8366.12       9
3 3       .         14
3 4       .          4
3 5       .          3
3 6       .          5
3 7       .          2
3 8       .          8
3 9       .         11
3 10      .         10
3 11      .         13
3 12      .         12
3 13      .         15
3 14      .          6
3 15      .          1
4 1       .          7
4 2    8366.12       9
4 3       .         14
4 4       .          4
4 5       .          3
4 6       .          5
4 7       .          2
4 8       .          8
4 9       .         11
4 10      .         10
4 11      .         13
4 12      .         12
4 13      .         15
4 14      .          6
4 15      .          1
;

:       M_Vectheta M_Vecu    :=
1 1  1       1        0
1 1  2       0        0
1 1  3       1        1
1 1  4       0        0
1 1  5       0        0
1 1  6       0        0
1 1  7       0        0
1 1  8       0        0
1 1  9       0        0
1 1  10      0        0
1 1  11      1        1
1 1  12      0        0
1 1  13      1        1
1 1  14      0        0
1 1  15      0        0
1 2  1       1        1
1 2  2       1        1
1 2  3       1        0
1 2  4       0        1
1 2  5       0        1
1 2  6       1        1
1 2  7       0        1
1 2  8       0        1
1 2  9       1        1
1 2  10      1        1
1 2  11      1        0
1 2  12      1        1
1 2  13      1        0
1 2  14      1        1
1 2  15      0        1
1 3  1       0         .
1 3  2       0         .
1 3  3       1         .
1 3  4       0         .
1 3  5       0         .
1 3  6       0         .
1 3  7       0         .
1 3  8       0         .
1 3  9       0         .
1 3  10      0         .
1 3  11      0         .
1 3  12      0         .
1 3  13      0         .
1 3  14      0         .
1 3  15      0         .
1 4  1       1         .
1 4  2       1         .
1 4  3       1         .
1 4  4       1         .
1 4  5       0         .
1 4  6       1         .
1 4  7       1         .
1 4  8       1         .
1 4  9       1         .
1 4  10      1         .
1 4  11      1         .
1 4  12      1         .
1 4  13      1         .
1 4  14      1         .
1 4  15      0         .
1 5  1       1         .
1 5  2       1         .
1 5  3       1         .
1 5  4       1         .
1 5  5       1         .
1 5  6       1         .
1 5  7       1         .
1 5  8       1         .
1 5  9       1         .
1 5  10      1         .
1 5  11      1         .
1 5  12      1         .
1 5  13      1         .
1 5  14      1         .
1 5  15      0         .
1 6  1       1         .
1 6  2       0         .
1 6  3       1         .
1 6  4       0         .
1 6  5       0         .
1 6  6       1         .
1 6  7       0         .
1 6  8       0         .
1 6  9       1         .
1 6  10      1         .
1 6  11      1         .
1 6  12      1         .
1 6  13      1         .
1 6  14      1         .
1 6  15      0         .
1 7  1       1         .
1 7  2       1         .
1 7  3       1         .
1 7  4       0         .
1 7  5       0         .
1 7  6       1         .
1 7  7       1         .
1 7  8       1         .
1 7  9       1         .
1 7  10      1         .
1 7  11      1         .
1 7  12      1         .
1 7  13      1         .
1 7  14      1         .
1 7  15      0         .
1 8  1       1         .
1 8  2       1         .
1 8  3       1         .
1 8  4       0         .
1 8  5       0         .
1 8  6       1         .
1 8  7       0         .
1 8  8       1         .
1 8  9       1         .
1 8  10      1         .
1 8  11      1         .
1 8  12      1         .
1 8  13      1         .
1 8  14      1         .
1 8  15      0         .
1 9  1       1         .
1 9  2       0         .
1 9  3       1         .
1 9  4       0         .
1 9  5       0         .
1 9  6       0         .
1 9  7       0         .
1 9  8       0         .
1 9  9       1         .
1 9  10      0         .
1 9  11      1         .
1 9  12      0         .
1 9  13      1         .
1 9  14      0         .
1 9  15      0         .
1 10 1       1         .
1 10 2       0         .
1 10 3       1         .
1 10 4       0         .
1 10 5       0         .
1 10 6       0         .
1 10 7       0         .
1 10 8       0         .
1 10 9       1         .
1 10 10      1         .
1 10 11      1         .
1 10 12      1         .
1 10 13      1         .
1 10 14      0         .
1 10 15      0         .
1 11 1       0         .
1 11 2       0         .
1 11 3       1         .
1 11 4       0         .
1 11 5       0         .
1 11 6       0         .
1 11 7       0         .
1 11 8       0         .
1 11 9       0         .
1 11 10      0         .
1 11 11      1         .
1 11 12      0         .
1 11 13      1         .
1 11 14      0         .
1 11 15      0         .
1 12 1       1         .
1 12 2       0         .
1 12 3       1         .
1 12 4       0         .
1 12 5       0         .
1 12 6       0         .
1 12 7       0         .
1 12 8       0         .
1 12 9       1         .
1 12 10      0         .
1 12 11      1         .
1 12 12      1         .
1 12 13      1         .
1 12 14      0         .
1 12 15      0         .
1 13 1       0         .
1 13 2       0         .
1 13 3       1         .
1 13 4       0         .
1 13 5       0         .
1 13 6       0         .
1 13 7       0         .
1 13 8       0         .
1 13 9       0         .
1 13 10      0         .
1 13 11      0         .
1 13 12      0         .
1 13 13      1         .
1 13 14      0         .
1 13 15      0         .
1 14 1       1         .
1 14 2       0         .
1 14 3       1         .
1 14 4       0         .
1 14 5       0         .
1 14 6       0         .
1 14 7       0         .
1 14 8       0         .
1 14 9       1         .
1 14 10      1         .
1 14 11      1         .
1 14 12      1         .
1 14 13      1         .
1 14 14      1         .
1 14 15      0         .
1 15 1       1         .
1 15 2       1         .
1 15 3       1         .
1 15 4       1         .
1 15 5       1         .
1 15 6       1         .
1 15 7       1         .
1 15 8       1         .
1 15 9       1         .
1 15 10      1         .
1 15 11      1         .
1 15 12      1         .
1 15 13      1         .
1 15 14      1         .
1 15 15      1         .
2 1  1       1        0
2 1  2       0        0
2 1  3       1        1
2 1  4       0        0
2 1  5       0        0
2 1  6       0        0
2 1  7       0        0
2 1  8       0        0
2 1  9       0        0
2 1  10      0        0
2 1  11      1        1
2 1  12      0        0
2 1  13      1        1
2 1  14      0        0
2 1  15      0        0
2 2  1       1        1
2 2  2       1        1
2 2  3       1        0
2 2  4       0        1
2 2  5       0        1
2 2  6       1        1
2 2  7       0        1
2 2  8       0        1
2 2  9       1        1
2 2  10      1        1
2 2  11      1        0
2 2  12      1        1
2 2  13      1        0
2 2  14      1        1
2 2  15      0        1
2 3  1       0         .
2 3  2       0         .
2 3  3       1         .
2 3  4       0         .
2 3  5       0         .
2 3  6       0         .
2 3  7       0         .
2 3  8       0         .
2 3  9       0         .
2 3  10      0         .
2 3  11      0         .
2 3  12      0         .
2 3  13      0         .
2 3  14      0         .
2 3  15      0         .
2 4  1       1         .
2 4  2       1         .
2 4  3       1         .
2 4  4       1         .
2 4  5       0         .
2 4  6       1         .
2 4  7       1         .
2 4  8       1         .
2 4  9       1         .
2 4  10      1         .
2 4  11      1         .
2 4  12      1         .
2 4  13      1         .
2 4  14      1         .
2 4  15      0         .
2 5  1       1         .
2 5  2       1         .
2 5  3       1         .
2 5  4       1         .
2 5  5       1         .
2 5  6       1         .
2 5  7       1         .
2 5  8       1         .
2 5  9       1         .
2 5  10      1         .
2 5  11      1         .
2 5  12      1         .
2 5  13      1         .
2 5  14      1         .
2 5  15      0         .
2 6  1       1         .
2 6  2       0         .
2 6  3       1         .
2 6  4       0         .
2 6  5       0         .
2 6  6       1         .
2 6  7       0         .
2 6  8       0         .
2 6  9       1         .
2 6  10      1         .
2 6  11      1         .
2 6  12      1         .
2 6  13      1         .
2 6  14      1         .
2 6  15      0         .
2 7  1       1         .
2 7  2       1         .
2 7  3       1         .
2 7  4       0         .
2 7  5       0         .
2 7  6       1         .
2 7  7       1         .
2 7  8       1         .
2 7  9       1         .
2 7  10      1         .
2 7  11      1         .
2 7  12      1         .
2 7  13      1         .
2 7  14      1         .
2 7  15      0         .
2 8  1       1         .
2 8  2       1         .
2 8  3       1         .
2 8  4       0         .
2 8  5       0         .
2 8  6       1         .
2 8  7       0         .
2 8  8       1         .
2 8  9       1         .
2 8  10      1         .
2 8  11      1         .
2 8  12      1         .
2 8  13      1         .
2 8  14      1         .
2 8  15      0         .
2 9  1       1         .
2 9  2       0         .
2 9  3       1         .
2 9  4       0         .
2 9  5       0         .
2 9  6       0         .
2 9  7       0         .
2 9  8       0         .
2 9  9       1         .
2 9  10      0         .
2 9  11      1         .
2 9  12      0         .
2 9  13      1         .
2 9  14      0         .
2 9  15      0         .
2 10 1       1         .
2 10 2       0         .
2 10 3       1         .
2 10 4       0         .
2 10 5       0         .
2 10 6       0         .
2 10 7       0         .
2 10 8       0         .
2 10 9       1         .
2 10 10      1         .
2 10 11      1         .
2 10 12      1         .
2 10 13      1         .
2 10 14      0         .
2 10 15      0         .
2 11 1       0         .
2 11 2       0         .
2 11 3       1         .
2 11 4       0         .
2 11 5       0         .
2 11 6       0         .
2 11 7       0         .
2 11 8       0         .
2 11 9       0         .
2 11 10      0         .
2 11 11      1         .
2 11 12      0         .
2 11 13      1         .
2 11 14      0         .
2 11 15      0         .
2 12 1       1         .
2 12 2       0         .
2 12 3       1         .
2 12 4       0         .
2 12 5       0         .
2 12 6       0         .
2 12 7       0         .
2 12 8       0         .
2 12 9       1         .
2 12 10      0         .
2 12 11      1         .
2 12 12      1         .
2 12 13      1         .
2 12 14      0         .
2 12 15      0         .
2 13 1       0         .
2 13 2       0         .
2 13 3       1         .
2 13 4       0         .
2 13 5       0         .
2 13 6       0         .
2 13 7       0         .
2 13 8       0         .
2 13 9       0         .
2 13 10      0         .
2 13 11      0         .
2 13 12      0         .
2 13 13      1         .
2 13 14      0         .
2 13 15      0         .
2 14 1       1         .
2 14 2       0         .
2 14 3       1         .
2 14 4       0         .
2 14 5       0         .
2 14 6       0         .
2 14 7       0         .
2 14 8       0         .
2 14 9       1         .
2 14 10      1         .
2 14 11      1         .
2 14 12      1         .
2 14 13      1         .
2 14 14      1         .
2 14 15      0         .
2 15 1       1         .
2 15 2       1         .
2 15 3       1         .
2 15 4       1         .
2 15 5       1         .
2 15 6       1         .
2 15 7       1         .
2 15 8       1         .
2 15 9       1         .
2 15 10      1         .
2 15 11      1         .
2 15 12      1         .
2 15 13      1         .
2 15 14      1         .
2 15 15      1         .
3 1  1       1        0
3 1  2       1        1
3 1  3       1        1
3 1  4       0        0
3 1  5       0        0
3 1  6       0        0
3 1  7       0        0
3 1  8       1        1
3 1  9       1        1
3 1  10      1        1
3 1  11      1        1
3 1  12      1        1
3 1  13      1        1
3 1  14      0        0
3 1  15      0        0
3 2  1       0        1
3 2  2       1        0
3 2  3       1        0
3 2  4       0        1
3 2  5       0        1
3 2  6       0        1
3 2  7       0        1
3 2  8       0        0
3 2  9       1        0
3 2  10      1        0
3 2  11      1        0
3 2  12      1        0
3 2  13      1        0
3 2  14      0        1
3 2  15      0        1
3 3  1       0         .
3 3  2       0         .
3 3  3       1         .
3 3  4       0         .
3 3  5       0         .
3 3  6       0         .
3 3  7       0         .
3 3  8       0         .
3 3  9       0         .
3 3  10      0         .
3 3  11      0         .
3 3  12      0         .
3 3  13      1         .
3 3  14      0         .
3 3  15      0         .
3 4  1       1         .
3 4  2       1         .
3 4  3       1         .
3 4  4       1         .
3 4  5       0         .
3 4  6       1         .
3 4  7       0         .
3 4  8       1         .
3 4  9       1         .
3 4  10      1         .
3 4  11      1         .
3 4  12      1         .
3 4  13      1         .
3 4  14      1         .
3 4  15      0         .
3 5  1       1         .
3 5  2       1         .
3 5  3       1         .
3 5  4       1         .
3 5  5       1         .
3 5  6       1         .
3 5  7       0         .
3 5  8       1         .
3 5  9       1         .
3 5  10      1         .
3 5  11      1         .
3 5  12      1         .
3 5  13      1         .
3 5  14      1         .
3 5  15      0         .
3 6  1       1         .
3 6  2       1         .
3 6  3       1         .
3 6  4       0         .
3 6  5       0         .
3 6  6       1         .
3 6  7       0         .
3 6  8       1         .
3 6  9       1         .
3 6  10      1         .
3 6  11      1         .
3 6  12      1         .
3 6  13      1         .
3 6  14      1         .
3 6  15      0         .
3 7  1       1         .
3 7  2       1         .
3 7  3       1         .
3 7  4       1         .
3 7  5       1         .
3 7  6       1         .
3 7  7       1         .
3 7  8       1         .
3 7  9       1         .
3 7  10      1         .
3 7  11      1         .
3 7  12      1         .
3 7  13      1         .
3 7  14      1         .
3 7  15      0         .
3 8  1       0         .
3 8  2       1         .
3 8  3       1         .
3 8  4       0         .
3 8  5       0         .
3 8  6       0         .
3 8  7       0         .
3 8  8       1         .
3 8  9       1         .
3 8  10      1         .
3 8  11      1         .
3 8  12      1         .
3 8  13      1         .
3 8  14      0         .
3 8  15      0         .
3 9  1       0         .
3 9  2       0         .
3 9  3       1         .
3 9  4       0         .
3 9  5       0         .
3 9  6       0         .
3 9  7       0         .
3 9  8       0         .
3 9  9       1         .
3 9  10      0         .
3 9  11      1         .
3 9  12      1         .
3 9  13      1         .
3 9  14      0         .
3 9  15      0         .
3 10 1       0         .
3 10 2       0         .
3 10 3       1         .
3 10 4       0         .
3 10 5       0         .
3 10 6       0         .
3 10 7       0         .
3 10 8       0         .
3 10 9       1         .
3 10 10      1         .
3 10 11      1         .
3 10 12      1         .
3 10 13      1         .
3 10 14      0         .
3 10 15      0         .
3 11 1       0         .
3 11 2       0         .
3 11 3       1         .
3 11 4       0         .
3 11 5       0         .
3 11 6       0         .
3 11 7       0         .
3 11 8       0         .
3 11 9       0         .
3 11 10      0         .
3 11 11      1         .
3 11 12      0         .
3 11 13      1         .
3 11 14      0         .
3 11 15      0         .
3 12 1       0         .
3 12 2       0         .
3 12 3       1         .
3 12 4       0         .
3 12 5       0         .
3 12 6       0         .
3 12 7       0         .
3 12 8       0         .
3 12 9       0         .
3 12 10      0         .
3 12 11      1         .
3 12 12      1         .
3 12 13      1         .
3 12 14      0         .
3 12 15      0         .
3 13 1       0         .
3 13 2       0         .
3 13 3       0         .
3 13 4       0         .
3 13 5       0         .
3 13 6       0         .
3 13 7       0         .
3 13 8       0         .
3 13 9       0         .
3 13 10      0         .
3 13 11      0         .
3 13 12      0         .
3 13 13      1         .
3 13 14      0         .
3 13 15      0         .
3 14 1       1         .
3 14 2       1         .
3 14 3       1         .
3 14 4       0         .
3 14 5       0         .
3 14 6       0         .
3 14 7       0         .
3 14 8       1         .
3 14 9       1         .
3 14 10      1         .
3 14 11      1         .
3 14 12      1         .
3 14 13      1         .
3 14 14      1         .
3 14 15      0         .
3 15 1       1         .
3 15 2       1         .
3 15 3       1         .
3 15 4       1         .
3 15 5       1         .
3 15 6       1         .
3 15 7       1         .
3 15 8       1         .
3 15 9       1         .
3 15 10      1         .
3 15 11      1         .
3 15 12      1         .
3 15 13      1         .
3 15 14      1         .
3 15 15      1         .
4 1  1       1        0
4 1  2       1        1
4 1  3       1        1
4 1  4       0        0
4 1  5       0        0
4 1  6       0        0
4 1  7       0        0
4 1  8       1        1
4 1  9       1        1
4 1  10      1        1
4 1  11      1        1
4 1  12      1        1
4 1  13      1        1
4 1  14      0        0
4 1  15      0        0
4 2  1       0        1
4 2  2       1        0
4 2  3       1        0
4 2  4       0        1
4 2  5       0        1
4 2  6       0        1
4 2  7       0        1
4 2  8       0        0
4 2  9       1        0
4 2  10      1        0
4 2  11      1        0
4 2  12      1        0
4 2  13      1        0
4 2  14      0        1
4 2  15      0        1
4 3  1       0         .
4 3  2       0         .
4 3  3       1         .
4 3  4       0         .
4 3  5       0         .
4 3  6       0         .
4 3  7       0         .
4 3  8       0         .
4 3  9       0         .
4 3  10      0         .
4 3  11      0         .
4 3  12      0         .
4 3  13      1         .
4 3  14      0         .
4 3  15      0         .
4 4  1       1         .
4 4  2       1         .
4 4  3       1         .
4 4  4       1         .
4 4  5       0         .
4 4  6       1         .
4 4  7       0         .
4 4  8       1         .
4 4  9       1         .
4 4  10      1         .
4 4  11      1         .
4 4  12      1         .
4 4  13      1         .
4 4  14      1         .
4 4  15      0         .
4 5  1       1         .
4 5  2       1         .
4 5  3       1         .
4 5  4       1         .
4 5  5       1         .
4 5  6       1         .
4 5  7       0         .
4 5  8       1         .
4 5  9       1         .
4 5  10      1         .
4 5  11      1         .
4 5  12      1         .
4 5  13      1         .
4 5  14      1         .
4 5  15      0         .
4 6  1       1         .
4 6  2       1         .
4 6  3       1         .
4 6  4       0         .
4 6  5       0         .
4 6  6       1         .
4 6  7       0         .
4 6  8       1         .
4 6  9       1         .
4 6  10      1         .
4 6  11      1         .
4 6  12      1         .
4 6  13      1         .
4 6  14      1         .
4 6  15      0         .
4 7  1       1         .
4 7  2       1         .
4 7  3       1         .
4 7  4       1         .
4 7  5       1         .
4 7  6       1         .
4 7  7       1         .
4 7  8       1         .
4 7  9       1         .
4 7  10      1         .
4 7  11      1         .
4 7  12      1         .
4 7  13      1         .
4 7  14      1         .
4 7  15      0         .
4 8  1       0         .
4 8  2       1         .
4 8  3       1         .
4 8  4       0         .
4 8  5       0         .
4 8  6       0         .
4 8  7       0         .
4 8  8       1         .
4 8  9       1         .
4 8  10      1         .
4 8  11      1         .
4 8  12      1         .
4 8  13      1         .
4 8  14      0         .
4 8  15      0         .
4 9  1       0         .
4 9  2       0         .
4 9  3       1         .
4 9  4       0         .
4 9  5       0         .
4 9  6       0         .
4 9  7       0         .
4 9  8       0         .
4 9  9       1         .
4 9  10      0         .
4 9  11      1         .
4 9  12      1         .
4 9  13      1         .
4 9  14      0         .
4 9  15      0         .
4 10 1       0         .
4 10 2       0         .
4 10 3       1         .
4 10 4       0         .
4 10 5       0         .
4 10 6       0         .
4 10 7       0         .
4 10 8       0         .
4 10 9       1         .
4 10 10      1         .
4 10 11      1         .
4 10 12      1         .
4 10 13      1         .
4 10 14      0         .
4 10 15      0         .
4 11 1       0         .
4 11 2       0         .
4 11 3       1         .
4 11 4       0         .
4 11 5       0         .
4 11 6       0         .
4 11 7       0         .
4 11 8       0         .
4 11 9       0         .
4 11 10      0         .
4 11 11      1         .
4 11 12      0         .
4 11 13      1         .
4 11 14      0         .
4 11 15      0         .
4 12 1       0         .
4 12 2       0         .
4 12 3       1         .
4 12 4       0         .
4 12 5       0         .
4 12 6       0         .
4 12 7       0         .
4 12 8       0         .
4 12 9       0         .
4 12 10      0         .
4 12 11      1         .
4 12 12      1         .
4 12 13      1         .
4 12 14      0         .
4 12 15      0         .
4 13 1       0         .
4 13 2       0         .
4 13 3       0         .
4 13 4       0         .
4 13 5       0         .
4 13 6       0         .
4 13 7       0         .
4 13 8       0         .
4 13 9       0         .
4 13 10      0         .
4 13 11      0         .
4 13 12      0         .
4 13 13      1         .
4 13 14      0         .
4 13 15      0         .
4 14 1       1         .
4 14 2       1         .
4 14 3       1         .
4 14 4       0         .
4 14 5       0         .
4 14 6       0         .
4 14 7       0         .
4 14 8       1         .
4 14 9       1         .
4 14 10      1         .
4 14 11      1         .
4 14 12      1         .
4 14 13      1         .
4 14 14      1         .
4 14 15      0         .
4 15 1       1         .
4 15 2       1         .
4 15 3       1         .
4 15 4       1         .
4 15 5       1         .
4 15 6       1         .
4 15 7       1         .
4 15 8       1         .
4 15 9       1         .
4 15 10      1         .
4 15 11      1         .
4 15 12      1         .
4 15 13      1         .
4 15 14      1         .
4 15 15      1         .
;

