:              Name            M_Time[i,4]   M_OBFV  M_Bestnode M_ResNum    :=
2   Model_Basic_MIP_Sym           7206.49    13148.8    4125.12    422
3   Model_Basic_MIP_Hybrid        7203.94    10198.2    7679.2     422
4   Model_Basic_MIP_Hybrid_RLT    7206.34    10147.4   10062.1     422
;

com_measure1 = 0.60388
com_measure2 = 0.96384
tau = 0
kappa = 8.1752
alpha = 0.9
B = 1005.3

:
                                                                                           M_Message
 :=
2
   'CPLEX 12.6.2.0: time limit with integer solution; objective 13148.76\
497922 MIP simplex iterations\
41 branch-and-bound nodes\
absmipgap = 9023.64, relmipgap = 0.686273\
No basis.'
3
   'CPLEX 12.6.2.0: time limit with integer solution; objective 10198.21\
3857760 MIP simplex iterations\
7791 branch-and-bound nodes\
absmipgap = 2519.01, relmipgap = 0.247005\
No basis.'
4
   'CPLEX 12.6.2.0: time limit with integer solution; objective 10147.38\
1213628 MIP simplex iterations\
9135 branch-and-bound nodes\
absmipgap = 85.2522, relmipgap = 0.0084014\
No basis.'
;
: M_INDICATE    :=
2      1
3      1
4      1
;

M_Time :=
2 1      15.4062
2 2      16.508
2 3   17179.6
2 4    7206.49
3 1      15.4062
3 2      16.508
3 3   22837.2
3 4    7203.94
4 1      15.4062
4 2      16.508
4 3   17553.1
4 4    7206.34
;

M_tau [*] :=
2  0
3  0
4  0
;

:       M_Cost  M_Sequence    :=
2 1     1716.68      16
2 2    11432.1       13
2 3        .         13
2 4        .         12
2 5        .         11
2 6        .         10
2 7        .          6
2 8        .          9
2 9        .         14
2 10       .          9
2 11       .          4
2 12       .         15
2 13       .          6
2 14       .          8
2 15       .          8
2 16       .          9
2 17       .         12
2 18       .         13
2 19       .         14
2 20       .          8
3 1     1714.79       3
3 2     8483.42      18
3 3        .         12
3 4        .         17
3 5        .          7
3 6        .         12
3 7        .          5
3 8        .          4
3 9        .         13
3 10       .         15
3 11       .          1
3 12       .         14
3 13       .          6
3 14       .          2
3 15       .         19
3 16       .          8
3 17       .         10
3 18       .          9
3 19       .         15
3 20       .         20
4 1     1611.13       2
4 2     8536.25      19
4 3        .         10
4 4        .         20
4 5        .          7
4 6        .         17
4 7        .          5
4 8        .          4
4 9        .         13
4 10       .         16
4 11       .          1
4 12       .         13
4 13       .          6
4 14       .          3
4 15       .         15
4 16       .          8
4 17       .          9
4 18       .         11
4 19       .         13
4 20       .         18
;

:       M_Vectheta M_Vecu    :=
2 1  1       1        1
2 1  2       0        0
2 1  3       0        0
2 1  4       0        0
2 1  5       0        0
2 1  6       0        0
2 1  7       0        0
2 1  8       0        0
2 1  9       0        0
2 1  10      0        0
2 1  11      0        0
2 1  12      0        0
2 1  13      0        0
2 1  14      0        0
2 1  15      0        0
2 1  16      1        1
2 1  17      1        0
2 1  18      1        1
2 1  19      0        0
2 1  20      1        0
2 2  1       1        0
2 2  2       1        1
2 2  3       0        1
2 2  4       0        1
2 2  5       0        1
2 2  6       0        1
2 2  7       0        1
2 2  8       0        1
2 2  9       0        1
2 2  10      0        1
2 2  11      0        1
2 2  12      1        1
2 2  13      0        1
2 2  14      0        1
2 2  15      0        1
2 2  16      1        0
2 2  17      1        1
2 2  18      1        0
2 2  19      1        1
2 2  20      1        1
2 3  1       1         .
2 3  2       1         .
2 3  3       1         .
2 3  4       0         .
2 3  5       0         .
2 3  6       0         .
2 3  7       0         .
2 3  8       0         .
2 3  9       0         .
2 3  10      0         .
2 3  11      0         .
2 3  12      1         .
2 3  13      0         .
2 3  14      0         .
2 3  15      0         .
2 3  16      1         .
2 3  17      0         .
2 3  18      1         .
2 3  19      1         .
2 3  20      1         .
2 4  1       1         .
2 4  2       1         .
2 4  3       1         .
2 4  4       1         .
2 4  5       0         .
2 4  6       0         .
2 4  7       0         .
2 4  8       0         .
2 4  9       0         .
2 4  10      0         .
2 4  11      0         .
2 4  12      1         .
2 4  13      0         .
2 4  14      0         .
2 4  15      0         .
2 4  16      0         .
2 4  17      1         .
2 4  18      1         .
2 4  19      1         .
2 4  20      1         .
2 5  1       1         .
2 5  2       1         .
2 5  3       1         .
2 5  4       1         .
2 5  5       1         .
2 5  6       0         .
2 5  7       0         .
2 5  8       0         .
2 5  9       1         .
2 5  10      0         .
2 5  11      0         .
2 5  12      1         .
2 5  13      0         .
2 5  14      0         .
2 5  15      0         .
2 5  16      0         .
2 5  17      1         .
2 5  18      1         .
2 5  19      1         .
2 5  20      0         .
2 6  1       1         .
2 6  2       1         .
2 6  3       1         .
2 6  4       1         .
2 6  5       1         .
2 6  6       1         .
2 6  7       0         .
2 6  8       0         .
2 6  9       0         .
2 6  10      0         .
2 6  11      0         .
2 6  12      0         .
2 6  13      0         .
2 6  14      1         .
2 6  15      0         .
2 6  16      0         .
2 6  17      1         .
2 6  18      1         .
2 6  19      1         .
2 6  20      1         .
2 7  1       1         .
2 7  2       1         .
2 7  3       1         .
2 7  4       1         .
2 7  5       1         .
2 7  6       1         .
2 7  7       1         .
2 7  8       0         .
2 7  9       1         .
2 7  10      1         .
2 7  11      0         .
2 7  12      1         .
2 7  13      0         .
2 7  14      0         .
2 7  15      1         .
2 7  16      1         .
2 7  17      1         .
2 7  18      1         .
2 7  19      1         .
2 7  20      0         .
2 8  1       1         .
2 8  2       1         .
2 8  3       1         .
2 8  4       1         .
2 8  5       1         .
2 8  6       1         .
2 8  7       1         .
2 8  8       1         .
2 8  9       0         .
2 8  10      0         .
2 8  11      0         .
2 8  12      1         .
2 8  13      0         .
2 8  14      0         .
2 8  15      1         .
2 8  16      0         .
2 8  17      1         .
2 8  18      0         .
2 8  19      1         .
2 8  20      0         .
2 9  1       1         .
2 9  2       1         .
2 9  3       1         .
2 9  4       1         .
2 9  5       0         .
2 9  6       1         .
2 9  7       0         .
2 9  8       1         .
2 9  9       1         .
2 9  10      0         .
2 9  11      0         .
2 9  12      0         .
2 9  13      0         .
2 9  14      0         .
2 9  15      0         .
2 9  16      0         .
2 9  17      0         .
2 9  18      0         .
2 9  19      0         .
2 9  20      0         .
2 10 1       1         .
2 10 2       1         .
2 10 3       1         .
2 10 4       1         .
2 10 5       1         .
2 10 6       1         .
2 10 7       0         .
2 10 8       1         .
2 10 9       1         .
2 10 10      1         .
2 10 11      0         .
2 10 12      0         .
2 10 13      0         .
2 10 14      0         .
2 10 15      1         .
2 10 16      0         .
2 10 17      0         .
2 10 18      1         .
2 10 19      1         .
2 10 20      0         .
2 11 1       1         .
2 11 2       1         .
2 11 3       1         .
2 11 4       1         .
2 11 5       1         .
2 11 6       1         .
2 11 7       1         .
2 11 8       1         .
2 11 9       1         .
2 11 10      1         .
2 11 11      1         .
2 11 12      1         .
2 11 13      0         .
2 11 14      1         .
2 11 15      0         .
2 11 16      0         .
2 11 17      1         .
2 11 18      1         .
2 11 19      1         .
2 11 20      1         .
2 12 1       1         .
2 12 2       0         .
2 12 3       0         .
2 12 4       0         .
2 12 5       0         .
2 12 6       1         .
2 12 7       0         .
2 12 8       0         .
2 12 9       1         .
2 12 10      1         .
2 12 11      0         .
2 12 12      1         .
2 12 13      0         .
2 12 14      0         .
2 12 15      0         .
2 12 16      0         .
2 12 17      0         .
2 12 18      0         .
2 12 19      1         .
2 12 20      0         .
2 13 1       1         .
2 13 2       1         .
2 13 3       1         .
2 13 4       1         .
2 13 5       1         .
2 13 6       1         .
2 13 7       1         .
2 13 8       1         .
2 13 9       1         .
2 13 10      1         .
2 13 11      1         .
2 13 12      1         .
2 13 13      1         .
2 13 14      0         .
2 13 15      0         .
2 13 16      0         .
2 13 17      0         .
2 13 18      1         .
2 13 19      1         .
2 13 20      0         .
2 14 1       1         .
2 14 2       1         .
2 14 3       1         .
2 14 4       1         .
2 14 5       1         .
2 14 6       0         .
2 14 7       1         .
2 14 8       1         .
2 14 9       1         .
2 14 10      1         .
2 14 11      0         .
2 14 12      1         .
2 14 13      1         .
2 14 14      1         .
2 14 15      0         .
2 14 16      0         .
2 14 17      0         .
2 14 18      0         .
2 14 19      0         .
2 14 20      1         .
2 15 1       1         .
2 15 2       1         .
2 15 3       1         .
2 15 4       1         .
2 15 5       1         .
2 15 6       1         .
2 15 7       0         .
2 15 8       0         .
2 15 9       1         .
2 15 10      0         .
2 15 11      1         .
2 15 12      1         .
2 15 13      1         .
2 15 14      1         .
2 15 15      1         .
2 15 16      0         .
2 15 17      0         .
2 15 18      0         .
2 15 19      1         .
2 15 20      0         .
2 16 1       0         .
2 16 2       0         .
2 16 3       0         .
2 16 4       1         .
2 16 5       1         .
2 16 6       1         .
2 16 7       0         .
2 16 8       1         .
2 16 9       1         .
2 16 10      1         .
2 16 11      1         .
2 16 12      1         .
2 16 13      1         .
2 16 14      1         .
2 16 15      1         .
2 16 16      1         .
2 16 17      0         .
2 16 18      0         .
2 16 19      0         .
2 16 20      0         .
2 17 1       0         .
2 17 2       0         .
2 17 3       1         .
2 17 4       0         .
2 17 5       0         .
2 17 6       0         .
2 17 7       0         .
2 17 8       0         .
2 17 9       1         .
2 17 10      1         .
2 17 11      0         .
2 17 12      1         .
2 17 13      1         .
2 17 14      1         .
2 17 15      1         .
2 17 16      1         .
2 17 17      1         .
2 17 18      0         .
2 17 19      0         .
2 17 20      0         .
2 18 1       0         .
2 18 2       0         .
2 18 3       0         .
2 18 4       0         .
2 18 5       0         .
2 18 6       0         .
2 18 7       0         .
2 18 8       1         .
2 18 9       1         .
2 18 10      0         .
2 18 11      0         .
2 18 12      1         .
2 18 13      0         .
2 18 14      1         .
2 18 15      1         .
2 18 16      1         .
2 18 17      1         .
2 18 18      1         .
2 18 19      0         .
2 18 20      0         .
2 19 1       1         .
2 19 2       0         .
2 19 3       0         .
2 19 4       0         .
2 19 5       0         .
2 19 6       0         .
2 19 7       0         .
2 19 8       0         .
2 19 9       1         .
2 19 10      0         .
2 19 11      0         .
2 19 12      0         .
2 19 13      0         .
2 19 14      1         .
2 19 15      0         .
2 19 16      1         .
2 19 17      1         .
2 19 18      1         .
2 19 19      1         .
2 19 20      0         .
2 20 1       0         .
2 20 2       0         .
2 20 3       0         .
2 20 4       0         .
2 20 5       1         .
2 20 6       0         .
2 20 7       1         .
2 20 8       1         .
2 20 9       1         .
2 20 10      1         .
2 20 11      0         .
2 20 12      1         .
2 20 13      1         .
2 20 14      0         .
2 20 15      1         .
2 20 16      1         .
2 20 17      1         .
2 20 18      1         .
2 20 19      1         .
2 20 20      1         .
3 1  1       1        0
3 1  2       1        1
3 1  3       1        0
3 1  4       1        0
3 1  5       1        0
3 1  6       1        0
3 1  7       1        0
3 1  8       1        0
3 1  9       1        0
3 1  10      1        0
3 1  11      0        0
3 1  12      1        0
3 1  13      1        0
3 1  14      0        0
3 1  15      1        1
3 1  16      1        0
3 1  17      1        0
3 1  18      1        0
3 1  19      1        0
3 1  20      1        1
3 2  1       0        1
3 2  2       1        0
3 2  3       0        1
3 2  4       0        1
3 2  5       0        1
3 2  6       0        1
3 2  7       0        1
3 2  8       0        1
3 2  9       0        1
3 2  10      0        1
3 2  11      0        1
3 2  12      0        1
3 2  13      0        1
3 2  14      0        1
3 2  15      1        0
3 2  16      0        1
3 2  17      0        1
3 2  18      0        1
3 2  19      0        1
3 2  20      1        0
3 3  1       0         .
3 3  2       1         .
3 3  3       1         .
3 3  4       1         .
3 3  5       0         .
3 3  6       0         .
3 3  7       0         .
3 3  8       0         .
3 3  9       1         .
3 3  10      1         .
3 3  11      0         .
3 3  12      1         .
3 3  13      0         .
3 3  14      0         .
3 3  15      1         .
3 3  16      0         .
3 3  17      0         .
3 3  18      0         .
3 3  19      1         .
3 3  20      1         .
3 4  1       0         .
3 4  2       1         .
3 4  3       0         .
3 4  4       1         .
3 4  5       0         .
3 4  6       0         .
3 4  7       0         .
3 4  8       0         .
3 4  9       0         .
3 4  10      0         .
3 4  11      0         .
3 4  12      0         .
3 4  13      0         .
3 4  14      0         .
3 4  15      1         .
3 4  16      0         .
3 4  17      0         .
3 4  18      0         .
3 4  19      0         .
3 4  20      1         .
3 5  1       0         .
3 5  2       1         .
3 5  3       1         .
3 5  4       1         .
3 5  5       1         .
3 5  6       1         .
3 5  7       0         .
3 5  8       0         .
3 5  9       1         .
3 5  10      1         .
3 5  11      0         .
3 5  12      1         .
3 5  13      0         .
3 5  14      0         .
3 5  15      1         .
3 5  16      1         .
3 5  17      1         .
3 5  18      1         .
3 5  19      1         .
3 5  20      1         .
3 6  1       0         .
3 6  2       1         .
3 6  3       1         .
3 6  4       1         .
3 6  5       0         .
3 6  6       1         .
3 6  7       0         .
3 6  8       0         .
3 6  9       0         .
3 6  10      1         .
3 6  11      0         .
3 6  12      1         .
3 6  13      0         .
3 6  14      0         .
3 6  15      1         .
3 6  16      0         .
3 6  17      0         .
3 6  18      0         .
3 6  19      1         .
3 6  20      1         .
3 7  1       0         .
3 7  2       1         .
3 7  3       1         .
3 7  4       1         .
3 7  5       1         .
3 7  6       1         .
3 7  7       1         .
3 7  8       0         .
3 7  9       1         .
3 7  10      1         .
3 7  11      0         .
3 7  12      1         .
3 7  13      1         .
3 7  14      0         .
3 7  15      1         .
3 7  16      1         .
3 7  17      1         .
3 7  18      1         .
3 7  19      1         .
3 7  20      1         .
3 8  1       0         .
3 8  2       1         .
3 8  3       1         .
3 8  4       1         .
3 8  5       1         .
3 8  6       1         .
3 8  7       1         .
3 8  8       1         .
3 8  9       1         .
3 8  10      1         .
3 8  11      0         .
3 8  12      1         .
3 8  13      1         .
3 8  14      0         .
3 8  15      1         .
3 8  16      1         .
3 8  17      1         .
3 8  18      1         .
3 8  19      1         .
3 8  20      1         .
3 9  1       0         .
3 9  2       1         .
3 9  3       0         .
3 9  4       1         .
3 9  5       0         .
3 9  6       1         .
3 9  7       0         .
3 9  8       0         .
3 9  9       1         .
3 9  10      1         .
3 9  11      0         .
3 9  12      0         .
3 9  13      0         .
3 9  14      0         .
3 9  15      1         .
3 9  16      0         .
3 9  17      0         .
3 9  18      0         .
3 9  19      1         .
3 9  20      1         .
3 10 1       0         .
3 10 2       1         .
3 10 3       0         .
3 10 4       1         .
3 10 5       0         .
3 10 6       0         .
3 10 7       0         .
3 10 8       0         .
3 10 9       0         .
3 10 10      1         .
3 10 11      0         .
3 10 12      0         .
3 10 13      0         .
3 10 14      0         .
3 10 15      1         .
3 10 16      0         .
3 10 17      0         .
3 10 18      0         .
3 10 19      1         .
3 10 20      1         .
3 11 1       1         .
3 11 2       1         .
3 11 3       1         .
3 11 4       1         .
3 11 5       1         .
3 11 6       1         .
3 11 7       1         .
3 11 8       1         .
3 11 9       1         .
3 11 10      1         .
3 11 11      1         .
3 11 12      1         .
3 11 13      1         .
3 11 14      1         .
3 11 15      1         .
3 11 16      1         .
3 11 17      1         .
3 11 18      1         .
3 11 19      1         .
3 11 20      1         .
3 12 1       0         .
3 12 2       1         .
3 12 3       0         .
3 12 4       1         .
3 12 5       0         .
3 12 6       0         .
3 12 7       0         .
3 12 8       0         .
3 12 9       1         .
3 12 10      1         .
3 12 11      0         .
3 12 12      1         .
3 12 13      0         .
3 12 14      0         .
3 12 15      1         .
3 12 16      0         .
3 12 17      0         .
3 12 18      0         .
3 12 19      0         .
3 12 20      1         .
3 13 1       0         .
3 13 2       1         .
3 13 3       1         .
3 13 4       1         .
3 13 5       1         .
3 13 6       1         .
3 13 7       0         .
3 13 8       0         .
3 13 9       1         .
3 13 10      1         .
3 13 11      0         .
3 13 12      1         .
3 13 13      1         .
3 13 14      0         .
3 13 15      1         .
3 13 16      1         .
3 13 17      1         .
3 13 18      1         .
3 13 19      1         .
3 13 20      1         .
3 14 1       1         .
3 14 2       1         .
3 14 3       1         .
3 14 4       1         .
3 14 5       1         .
3 14 6       1         .
3 14 7       1         .
3 14 8       1         .
3 14 9       1         .
3 14 10      1         .
3 14 11      0         .
3 14 12      1         .
3 14 13      1         .
3 14 14      1         .
3 14 15      1         .
3 14 16      1         .
3 14 17      1         .
3 14 18      1         .
3 14 19      1         .
3 14 20      1         .
3 15 1       0         .
3 15 2       0         .
3 15 3       0         .
3 15 4       0         .
3 15 5       0         .
3 15 6       0         .
3 15 7       0         .
3 15 8       0         .
3 15 9       0         .
3 15 10      0         .
3 15 11      0         .
3 15 12      0         .
3 15 13      0         .
3 15 14      0         .
3 15 15      1         .
3 15 16      0         .
3 15 17      0         .
3 15 18      0         .
3 15 19      0         .
3 15 20      1         .
3 16 1       0         .
3 16 2       1         .
3 16 3       1         .
3 16 4       1         .
3 16 5       0         .
3 16 6       1         .
3 16 7       0         .
3 16 8       0         .
3 16 9       1         .
3 16 10      1         .
3 16 11      0         .
3 16 12      1         .
3 16 13      0         .
3 16 14      0         .
3 16 15      1         .
3 16 16      1         .
3 16 17      1         .
3 16 18      1         .
3 16 19      1         .
3 16 20      1         .
3 17 1       0         .
3 17 2       1         .
3 17 3       1         .
3 17 4       1         .
3 17 5       0         .
3 17 6       1         .
3 17 7       0         .
3 17 8       0         .
3 17 9       1         .
3 17 10      1         .
3 17 11      0         .
3 17 12      1         .
3 17 13      0         .
3 17 14      0         .
3 17 15      1         .
3 17 16      0         .
3 17 17      1         .
3 17 18      0         .
3 17 19      1         .
3 17 20      1         .
3 18 1       0         .
3 18 2       1         .
3 18 3       1         .
3 18 4       1         .
3 18 5       0         .
3 18 6       1         .
3 18 7       0         .
3 18 8       0         .
3 18 9       1         .
3 18 10      1         .
3 18 11      0         .
3 18 12      1         .
3 18 13      0         .
3 18 14      0         .
3 18 15      1         .
3 18 16      0         .
3 18 17      1         .
3 18 18      1         .
3 18 19      1         .
3 18 20      1         .
3 19 1       0         .
3 19 2       1         .
3 19 3       0         .
3 19 4       1         .
3 19 5       0         .
3 19 6       0         .
3 19 7       0         .
3 19 8       0         .
3 19 9       0         .
3 19 10      0         .
3 19 11      0         .
3 19 12      1         .
3 19 13      0         .
3 19 14      0         .
3 19 15      1         .
3 19 16      0         .
3 19 17      0         .
3 19 18      0         .
3 19 19      1         .
3 19 20      1         .
3 20 1       0         .
3 20 2       0         .
3 20 3       0         .
3 20 4       0         .
3 20 5       0         .
3 20 6       0         .
3 20 7       0         .
3 20 8       0         .
3 20 9       0         .
3 20 10      0         .
3 20 11      0         .
3 20 12      0         .
3 20 13      0         .
3 20 14      0         .
3 20 15      0         .
3 20 16      0         .
3 20 17      0         .
3 20 18      0         .
3 20 19      0         .
3 20 20      1         .
4 1  1       1        0
4 1  2       1        1
4 1  3       1        0
4 1  4       1        1
4 1  5       1        0
4 1  6       1        1
4 1  7       1        0
4 1  8       1        0
4 1  9       1        0
4 1  10      1        0
4 1  11      0        0
4 1  12      1        0
4 1  13      1        0
4 1  14      1        0
4 1  15      1        0
4 1  16      1        0
4 1  17      1        0
4 1  18      1        0
4 1  19      1        0
4 1  20      1        1
4 2  1       0        1
4 2  2       1        0
4 2  3       0        1
4 2  4       1        0
4 2  5       0        1
4 2  6       0        0
4 2  7       0        1
4 2  8       0        1
4 2  9       0        1
4 2  10      0        1
4 2  11      0        1
4 2  12      0        1
4 2  13      0        1
4 2  14      0        1
4 2  15      0        1
4 2  16      0        1
4 2  17      0        1
4 2  18      0        1
4 2  19      0        1
4 2  20      0        0
4 3  1       0         .
4 3  2       1         .
4 3  3       1         .
4 3  4       1         .
4 3  5       0         .
4 3  6       1         .
4 3  7       0         .
4 3  8       0         .
4 3  9       1         .
4 3  10      1         .
4 3  11      0         .
4 3  12      1         .
4 3  13      0         .
4 3  14      0         .
4 3  15      1         .
4 3  16      0         .
4 3  17      0         .
4 3  18      1         .
4 3  19      1         .
4 3  20      1         .
4 4  1       0         .
4 4  2       0         .
4 4  3       0         .
4 4  4       1         .
4 4  5       0         .
4 4  6       0         .
4 4  7       0         .
4 4  8       0         .
4 4  9       0         .
4 4  10      0         .
4 4  11      0         .
4 4  12      0         .
4 4  13      0         .
4 4  14      0         .
4 4  15      0         .
4 4  16      0         .
4 4  17      0         .
4 4  18      0         .
4 4  19      0         .
4 4  20      0         .
4 5  1       0         .
4 5  2       1         .
4 5  3       1         .
4 5  4       1         .
4 5  5       1         .
4 5  6       1         .
4 5  7       0         .
4 5  8       0         .
4 5  9       1         .
4 5  10      1         .
4 5  11      0         .
4 5  12      1         .
4 5  13      0         .
4 5  14      0         .
4 5  15      1         .
4 5  16      1         .
4 5  17      1         .
4 5  18      1         .
4 5  19      1         .
4 5  20      1         .
4 6  1       0         .
4 6  2       1         .
4 6  3       0         .
4 6  4       1         .
4 6  5       0         .
4 6  6       1         .
4 6  7       0         .
4 6  8       0         .
4 6  9       0         .
4 6  10      0         .
4 6  11      0         .
4 6  12      0         .
4 6  13      0         .
4 6  14      0         .
4 6  15      0         .
4 6  16      0         .
4 6  17      0         .
4 6  18      0         .
4 6  19      0         .
4 6  20      1         .
4 7  1       0         .
4 7  2       1         .
4 7  3       1         .
4 7  4       1         .
4 7  5       1         .
4 7  6       1         .
4 7  7       1         .
4 7  8       0         .
4 7  9       1         .
4 7  10      1         .
4 7  11      0         .
4 7  12      1         .
4 7  13      1         .
4 7  14      0         .
4 7  15      1         .
4 7  16      1         .
4 7  17      1         .
4 7  18      1         .
4 7  19      1         .
4 7  20      1         .
4 8  1       0         .
4 8  2       1         .
4 8  3       1         .
4 8  4       1         .
4 8  5       1         .
4 8  6       1         .
4 8  7       1         .
4 8  8       1         .
4 8  9       1         .
4 8  10      1         .
4 8  11      0         .
4 8  12      1         .
4 8  13      1         .
4 8  14      0         .
4 8  15      1         .
4 8  16      1         .
4 8  17      1         .
4 8  18      1         .
4 8  19      1         .
4 8  20      1         .
4 9  1       0         .
4 9  2       1         .
4 9  3       0         .
4 9  4       1         .
4 9  5       0         .
4 9  6       1         .
4 9  7       0         .
4 9  8       0         .
4 9  9       1         .
4 9  10      1         .
4 9  11      0         .
4 9  12      0         .
4 9  13      0         .
4 9  14      0         .
4 9  15      1         .
4 9  16      0         .
4 9  17      0         .
4 9  18      0         .
4 9  19      1         .
4 9  20      1         .
4 10 1       0         .
4 10 2       1         .
4 10 3       0         .
4 10 4       1         .
4 10 5       0         .
4 10 6       1         .
4 10 7       0         .
4 10 8       0         .
4 10 9       0         .
4 10 10      1         .
4 10 11      0         .
4 10 12      0         .
4 10 13      0         .
4 10 14      0         .
4 10 15      0         .
4 10 16      0         .
4 10 17      0         .
4 10 18      0         .
4 10 19      0         .
4 10 20      1         .
4 11 1       1         .
4 11 2       1         .
4 11 3       1         .
4 11 4       1         .
4 11 5       1         .
4 11 6       1         .
4 11 7       1         .
4 11 8       1         .
4 11 9       1         .
4 11 10      1         .
4 11 11      1         .
4 11 12      1         .
4 11 13      1         .
4 11 14      1         .
4 11 15      1         .
4 11 16      1         .
4 11 17      1         .
4 11 18      1         .
4 11 19      1         .
4 11 20      1         .
4 12 1       0         .
4 12 2       1         .
4 12 3       0         .
4 12 4       1         .
4 12 5       0         .
4 12 6       1         .
4 12 7       0         .
4 12 8       0         .
4 12 9       1         .
4 12 10      1         .
4 12 11      0         .
4 12 12      1         .
4 12 13      0         .
4 12 14      0         .
4 12 15      1         .
4 12 16      0         .
4 12 17      0         .
4 12 18      0         .
4 12 19      0         .
4 12 20      1         .
4 13 1       0         .
4 13 2       1         .
4 13 3       1         .
4 13 4       1         .
4 13 5       1         .
4 13 6       1         .
4 13 7       0         .
4 13 8       0         .
4 13 9       1         .
4 13 10      1         .
4 13 11      0         .
4 13 12      1         .
4 13 13      1         .
4 13 14      0         .
4 13 15      1         .
4 13 16      1         .
4 13 17      1         .
4 13 18      1         .
4 13 19      1         .
4 13 20      1         .
4 14 1       0         .
4 14 2       1         .
4 14 3       1         .
4 14 4       1         .
4 14 5       1         .
4 14 6       1         .
4 14 7       1         .
4 14 8       1         .
4 14 9       1         .
4 14 10      1         .
4 14 11      0         .
4 14 12      1         .
4 14 13      1         .
4 14 14      1         .
4 14 15      1         .
4 14 16      1         .
4 14 17      1         .
4 14 18      1         .
4 14 19      1         .
4 14 20      1         .
4 15 1       0         .
4 15 2       1         .
4 15 3       0         .
4 15 4       1         .
4 15 5       0         .
4 15 6       1         .
4 15 7       0         .
4 15 8       0         .
4 15 9       0         .
4 15 10      1         .
4 15 11      0         .
4 15 12      0         .
4 15 13      0         .
4 15 14      0         .
4 15 15      1         .
4 15 16      0         .
4 15 17      0         .
4 15 18      0         .
4 15 19      0         .
4 15 20      1         .
4 16 1       0         .
4 16 2       1         .
4 16 3       1         .
4 16 4       1         .
4 16 5       0         .
4 16 6       1         .
4 16 7       0         .
4 16 8       0         .
4 16 9       1         .
4 16 10      1         .
4 16 11      0         .
4 16 12      1         .
4 16 13      0         .
4 16 14      0         .
4 16 15      1         .
4 16 16      1         .
4 16 17      1         .
4 16 18      1         .
4 16 19      1         .
4 16 20      1         .
4 17 1       0         .
4 17 2       1         .
4 17 3       1         .
4 17 4       1         .
4 17 5       0         .
4 17 6       1         .
4 17 7       0         .
4 17 8       0         .
4 17 9       1         .
4 17 10      1         .
4 17 11      0         .
4 17 12      1         .
4 17 13      0         .
4 17 14      0         .
4 17 15      1         .
4 17 16      0         .
4 17 17      1         .
4 17 18      1         .
4 17 19      1         .
4 17 20      1         .
4 18 1       0         .
4 18 2       1         .
4 18 3       0         .
4 18 4       1         .
4 18 5       0         .
4 18 6       1         .
4 18 7       0         .
4 18 8       0         .
4 18 9       1         .
4 18 10      1         .
4 18 11      0         .
4 18 12      1         .
4 18 13      0         .
4 18 14      0         .
4 18 15      1         .
4 18 16      0         .
4 18 17      0         .
4 18 18      1         .
4 18 19      1         .
4 18 20      1         .
4 19 1       0         .
4 19 2       1         .
4 19 3       0         .
4 19 4       1         .
4 19 5       0         .
4 19 6       1         .
4 19 7       0         .
4 19 8       0         .
4 19 9       0         .
4 19 10      1         .
4 19 11      0         .
4 19 12      1         .
4 19 13      0         .
4 19 14      0         .
4 19 15      1         .
4 19 16      0         .
4 19 17      0         .
4 19 18      0         .
4 19 19      1         .
4 19 20      1         .
4 20 1       0         .
4 20 2       1         .
4 20 3       0         .
4 20 4       1         .
4 20 5       0         .
4 20 6       0         .
4 20 7       0         .
4 20 8       0         .
4 20 9       0         .
4 20 10      0         .
4 20 11      0         .
4 20 12      0         .
4 20 13      0         .
4 20 14      0         .
4 20 15      0         .
4 20 16      0         .
4 20 17      0         .
4 20 18      0         .
4 20 19      0         .
4 20 20      1         .
;

