:              Name            M_Time[i,4]   M_OBFV  M_Bestnode M_ResNum    :=
2   Model_Basic_MIP_Sym           7225.09    8153.37   8073.93     422
3   Model_Basic_MIP_Hybrid        1180.4     8144.95   8144.16     103
4   Model_Basic_MIP_Hybrid_RLT     224.08    8144.95   8144.33     103
;

com_measure1 = 0.62856
com_measure2 = 0.97085
tau = 0.765839
kappa = 6.03599
alpha = 0.9
B = 550.64

:
                                                                                                                                                                            M_Message
 :=
2
   'CPLEX 12.6.2.0: time limit with integer solution; objective 8153.368425\
12181647 MIP simplex iterations\
171387 branch-and-bound nodes\
absmipgap = 79.4433, relmipgap = 0.00974362\
No basis.\
29 integer variables rounded (maxerr = 9.78121e-06).\
Assigning integrality = 5e-06 might help.\
Currently integrality = 1e-05.'
3
   'CPLEX 12.6.2.0: optimal (non-)integer solution within mipgap or absmipgap; objective 8144.950659\
2574942 MIP simplex iterations\
35200 branch-and-bound nodes\
absmipgap = 0.794704, relmipgap = 9.75701e-05\
No basis.\
28 integer variables rounded (maxerr = 9.84093e-06).\
Assigning integrality = 5e-06 might help.\
Currently integrality = 1e-05.'
4
   'CPLEX 12.6.2.0: optimal (non-)integer solution within mipgap or absmipgap; objective 8144.950653\
82286 MIP simplex iterations\
11257 branch-and-bound nodes\
absmipgap = 0.620027, relmipgap = 7.61241e-05\
No basis.\
12 integer variables rounded (maxerr = 5.12944e-08).\
Assigning integrality = 3e-08 might help.\
Currently integrality = 1e-05.'
;
: M_INDICATE    :=
2      1
;

M_Time :=
2 1       1.79688
2 2       1.968
2 3   24908.6
2 4    7225.09
3 1       1.79688
3 2       1.968
3 3    4198.36
3 4    1180.4
4 1       1.79688
4 2       1.968
4 3     591.828
4 4     224.08
;

M_tau [*] :=
2  1.19318
3  0.765839
4  0.765839
;

:      M_Cost  M_Sequence    :=
2 1     954.28       2
2 2    7199.09      12
2 3       .         13
2 4       .          3
2 5       .          5
2 6       .          8
2 7       .          7
2 8       .          6
2 9       .         10
2 10      .         11
2 11      .         15
2 12      .          9
2 13      .         14
2 14      .          4
2 15      .          1
3 1     954.28       3
3 2    7190.67      12
3 3       .         13
3 4       .          4
3 5       .          5
3 6       .          8
3 7       .          7
3 8       .          6
3 9       .         10
3 10      .         11
3 11      .         15
3 12      .          9
3 13      .         14
3 14      .          2
3 15      .          1
4 1     954.28       3
4 2    7190.67      12
4 3       .         13
4 4       .          4
4 5       .          5
4 6       .          8
4 7       .          7
4 8       .          6
4 9       .         10
4 10      .         11
4 11      .         15
4 12      .          9
4 13      .         14
4 14      .          2
4 15      .          1
;

:       M_Vectheta M_Vecu    :=
2 1  1       1        0
2 1  2       1        0
2 1  3       1        0
2 1  4       1        0
2 1  5       1        0
2 1  6       1        0
2 1  7       1        0
2 1  8       1        0
2 1  9       1        0
2 1  10      1        0
2 1  11      1        1
2 1  12      1        0
2 1  13      1        1
2 1  14      1        0
2 1  15      0        0
2 2  1       0        1
2 2  2       1        1
2 2  3       1        1
2 2  4       0        1
2 2  5       0        1
2 2  6       0        1
2 2  7       0        1
2 2  8       0        1
2 2  9       0        1
2 2  10      0        1
2 2  11      1        0
2 2  12      0        1
2 2  13      1        0
2 2  14      0        1
2 2  15      0        1
2 3  1       0         .
2 3  2       0         .
2 3  3       1         .
2 3  4       0         .
2 3  5       0         .
2 3  6       0         .
2 3  7       0         .
2 3  8       0         .
2 3  9       0         .
2 3  10      0         .
2 3  11      1         .
2 3  12      0         .
2 3  13      1         .
2 3  14      0         .
2 3  15      0         .
2 4  1       0         .
2 4  2       1         .
2 4  3       1         .
2 4  4       1         .
2 4  5       1         .
2 4  6       1         .
2 4  7       1         .
2 4  8       1         .
2 4  9       1         .
2 4  10      1         .
2 4  11      1         .
2 4  12      1         .
2 4  13      1         .
2 4  14      1         .
2 4  15      0         .
2 5  1       0         .
2 5  2       1         .
2 5  3       1         .
2 5  4       0         .
2 5  5       1         .
2 5  6       1         .
2 5  7       1         .
2 5  8       1         .
2 5  9       1         .
2 5  10      1         .
2 5  11      1         .
2 5  12      1         .
2 5  13      1         .
2 5  14      0         .
2 5  15      0         .
2 6  1       0         .
2 6  2       1         .
2 6  3       1         .
2 6  4       0         .
2 6  5       0         .
2 6  6       1         .
2 6  7       0         .
2 6  8       0         .
2 6  9       1         .
2 6  10      1         .
2 6  11      1         .
2 6  12      1         .
2 6  13      1         .
2 6  14      0         .
2 6  15      0         .
2 7  1       0         .
2 7  2       1         .
2 7  3       1         .
2 7  4       0         .
2 7  5       0         .
2 7  6       1         .
2 7  7       1         .
2 7  8       0         .
2 7  9       1         .
2 7  10      1         .
2 7  11      1         .
2 7  12      1         .
2 7  13      1         .
2 7  14      0         .
2 7  15      0         .
2 8  1       0         .
2 8  2       1         .
2 8  3       1         .
2 8  4       0         .
2 8  5       0         .
2 8  6       1         .
2 8  7       1         .
2 8  8       1         .
2 8  9       1         .
2 8  10      1         .
2 8  11      1         .
2 8  12      1         .
2 8  13      1         .
2 8  14      0         .
2 8  15      0         .
2 9  1       0         .
2 9  2       1         .
2 9  3       1         .
2 9  4       0         .
2 9  5       0         .
2 9  6       0         .
2 9  7       0         .
2 9  8       0         .
2 9  9       1         .
2 9  10      1         .
2 9  11      1         .
2 9  12      0         .
2 9  13      1         .
2 9  14      0         .
2 9  15      0         .
2 10 1       0         .
2 10 2       1         .
2 10 3       1         .
2 10 4       0         .
2 10 5       0         .
2 10 6       0         .
2 10 7       0         .
2 10 8       0         .
2 10 9       0         .
2 10 10      1         .
2 10 11      1         .
2 10 12      0         .
2 10 13      1         .
2 10 14      0         .
2 10 15      0         .
2 11 1       0         .
2 11 2       0         .
2 11 3       0         .
2 11 4       0         .
2 11 5       0         .
2 11 6       0         .
2 11 7       0         .
2 11 8       0         .
2 11 9       0         .
2 11 10      0         .
2 11 11      1         .
2 11 12      0         .
2 11 13      0         .
2 11 14      0         .
2 11 15      0         .
2 12 1       0         .
2 12 2       1         .
2 12 3       1         .
2 12 4       0         .
2 12 5       0         .
2 12 6       0         .
2 12 7       0         .
2 12 8       0         .
2 12 9       1         .
2 12 10      1         .
2 12 11      1         .
2 12 12      1         .
2 12 13      1         .
2 12 14      0         .
2 12 15      0         .
2 13 1       0         .
2 13 2       0         .
2 13 3       0         .
2 13 4       0         .
2 13 5       0         .
2 13 6       0         .
2 13 7       0         .
2 13 8       0         .
2 13 9       0         .
2 13 10      0         .
2 13 11      1         .
2 13 12      0         .
2 13 13      1         .
2 13 14      0         .
2 13 15      0         .
2 14 1       0         .
2 14 2       1         .
2 14 3       1         .
2 14 4       0         .
2 14 5       1         .
2 14 6       1         .
2 14 7       1         .
2 14 8       1         .
2 14 9       1         .
2 14 10      1         .
2 14 11      1         .
2 14 12      1         .
2 14 13      1         .
2 14 14      1         .
2 14 15      0         .
2 15 1       1         .
2 15 2       1         .
2 15 3       1         .
2 15 4       1         .
2 15 5       1         .
2 15 6       1         .
2 15 7       1         .
2 15 8       1         .
2 15 9       1         .
2 15 10      1         .
2 15 11      1         .
2 15 12      1         .
2 15 13      1         .
2 15 14      1         .
2 15 15      1         .
3 1  1       1        0
3 1  2       1        0
3 1  3       1        0
3 1  4       1        0
3 1  5       1        0
3 1  6       1        0
3 1  7       1        0
3 1  8       1        0
3 1  9       1        0
3 1  10      1        0
3 1  11      1        1
3 1  12      1        0
3 1  13      1        1
3 1  14      0        0
3 1  15      0        0
3 2  1       0        1
3 2  2       1        1
3 2  3       1        1
3 2  4       0        1
3 2  5       0        1
3 2  6       0        1
3 2  7       0        1
3 2  8       0        1
3 2  9       0        1
3 2  10      0        1
3 2  11      1        0
3 2  12      0        1
3 2  13      1        0
3 2  14      0        1
3 2  15      0        1
3 3  1       0         .
3 3  2       0         .
3 3  3       1         .
3 3  4       0         .
3 3  5       0         .
3 3  6       0         .
3 3  7       0         .
3 3  8       0         .
3 3  9       0         .
3 3  10      0         .
3 3  11      1         .
3 3  12      0         .
3 3  13      1         .
3 3  14      0         .
3 3  15      0         .
3 4  1       0         .
3 4  2       1         .
3 4  3       1         .
3 4  4       1         .
3 4  5       1         .
3 4  6       1         .
3 4  7       1         .
3 4  8       1         .
3 4  9       1         .
3 4  10      1         .
3 4  11      1         .
3 4  12      1         .
3 4  13      1         .
3 4  14      0         .
3 4  15      0         .
3 5  1       0         .
3 5  2       1         .
3 5  3       1         .
3 5  4       0         .
3 5  5       1         .
3 5  6       1         .
3 5  7       1         .
3 5  8       1         .
3 5  9       1         .
3 5  10      1         .
3 5  11      1         .
3 5  12      1         .
3 5  13      1         .
3 5  14      0         .
3 5  15      0         .
3 6  1       0         .
3 6  2       1         .
3 6  3       1         .
3 6  4       0         .
3 6  5       0         .
3 6  6       1         .
3 6  7       0         .
3 6  8       0         .
3 6  9       1         .
3 6  10      1         .
3 6  11      1         .
3 6  12      1         .
3 6  13      1         .
3 6  14      0         .
3 6  15      0         .
3 7  1       0         .
3 7  2       1         .
3 7  3       1         .
3 7  4       0         .
3 7  5       0         .
3 7  6       1         .
3 7  7       1         .
3 7  8       0         .
3 7  9       1         .
3 7  10      1         .
3 7  11      1         .
3 7  12      1         .
3 7  13      1         .
3 7  14      0         .
3 7  15      0         .
3 8  1       0         .
3 8  2       1         .
3 8  3       1         .
3 8  4       0         .
3 8  5       0         .
3 8  6       1         .
3 8  7       1         .
3 8  8       1         .
3 8  9       1         .
3 8  10      1         .
3 8  11      1         .
3 8  12      1         .
3 8  13      1         .
3 8  14      0         .
3 8  15      0         .
3 9  1       0         .
3 9  2       1         .
3 9  3       1         .
3 9  4       0         .
3 9  5       0         .
3 9  6       0         .
3 9  7       0         .
3 9  8       0         .
3 9  9       1         .
3 9  10      1         .
3 9  11      1         .
3 9  12      0         .
3 9  13      1         .
3 9  14      0         .
3 9  15      0         .
3 10 1       0         .
3 10 2       1         .
3 10 3       1         .
3 10 4       0         .
3 10 5       0         .
3 10 6       0         .
3 10 7       0         .
3 10 8       0         .
3 10 9       0         .
3 10 10      1         .
3 10 11      1         .
3 10 12      0         .
3 10 13      1         .
3 10 14      0         .
3 10 15      0         .
3 11 1       0         .
3 11 2       0         .
3 11 3       0         .
3 11 4       0         .
3 11 5       0         .
3 11 6       0         .
3 11 7       0         .
3 11 8       0         .
3 11 9       0         .
3 11 10      0         .
3 11 11      1         .
3 11 12      0         .
3 11 13      0         .
3 11 14      0         .
3 11 15      0         .
3 12 1       0         .
3 12 2       1         .
3 12 3       1         .
3 12 4       0         .
3 12 5       0         .
3 12 6       0         .
3 12 7       0         .
3 12 8       0         .
3 12 9       1         .
3 12 10      1         .
3 12 11      1         .
3 12 12      1         .
3 12 13      1         .
3 12 14      0         .
3 12 15      0         .
3 13 1       0         .
3 13 2       0         .
3 13 3       0         .
3 13 4       0         .
3 13 5       0         .
3 13 6       0         .
3 13 7       0         .
3 13 8       0         .
3 13 9       0         .
3 13 10      0         .
3 13 11      1         .
3 13 12      0         .
3 13 13      1         .
3 13 14      0         .
3 13 15      0         .
3 14 1       1         .
3 14 2       1         .
3 14 3       1         .
3 14 4       1         .
3 14 5       1         .
3 14 6       1         .
3 14 7       1         .
3 14 8       1         .
3 14 9       1         .
3 14 10      1         .
3 14 11      1         .
3 14 12      1         .
3 14 13      1         .
3 14 14      1         .
3 14 15      0         .
3 15 1       1         .
3 15 2       1         .
3 15 3       1         .
3 15 4       1         .
3 15 5       1         .
3 15 6       1         .
3 15 7       1         .
3 15 8       1         .
3 15 9       1         .
3 15 10      1         .
3 15 11      1         .
3 15 12      1         .
3 15 13      1         .
3 15 14      1         .
3 15 15      1         .
4 1  1       1        0
4 1  2       1        0
4 1  3       1        0
4 1  4       1        0
4 1  5       1        0
4 1  6       1        0
4 1  7       1        0
4 1  8       1        0
4 1  9       1        0
4 1  10      1        0
4 1  11      1        1
4 1  12      1        0
4 1  13      1        1
4 1  14      0        0
4 1  15      0        0
4 2  1       0        1
4 2  2       1        1
4 2  3       1        1
4 2  4       0        1
4 2  5       0        1
4 2  6       0        1
4 2  7       0        1
4 2  8       0        1
4 2  9       0        1
4 2  10      0        1
4 2  11      1        0
4 2  12      0        1
4 2  13      1        0
4 2  14      0        1
4 2  15      0        1
4 3  1       0         .
4 3  2       0         .
4 3  3       1         .
4 3  4       0         .
4 3  5       0         .
4 3  6       0         .
4 3  7       0         .
4 3  8       0         .
4 3  9       0         .
4 3  10      0         .
4 3  11      1         .
4 3  12      0         .
4 3  13      1         .
4 3  14      0         .
4 3  15      0         .
4 4  1       0         .
4 4  2       1         .
4 4  3       1         .
4 4  4       1         .
4 4  5       1         .
4 4  6       1         .
4 4  7       1         .
4 4  8       1         .
4 4  9       1         .
4 4  10      1         .
4 4  11      1         .
4 4  12      1         .
4 4  13      1         .
4 4  14      0         .
4 4  15      0         .
4 5  1       0         .
4 5  2       1         .
4 5  3       1         .
4 5  4       0         .
4 5  5       1         .
4 5  6       1         .
4 5  7       1         .
4 5  8       1         .
4 5  9       1         .
4 5  10      1         .
4 5  11      1         .
4 5  12      1         .
4 5  13      1         .
4 5  14      0         .
4 5  15      0         .
4 6  1       0         .
4 6  2       1         .
4 6  3       1         .
4 6  4       0         .
4 6  5       0         .
4 6  6       1         .
4 6  7       0         .
4 6  8       0         .
4 6  9       1         .
4 6  10      1         .
4 6  11      1         .
4 6  12      1         .
4 6  13      1         .
4 6  14      0         .
4 6  15      0         .
4 7  1       0         .
4 7  2       1         .
4 7  3       1         .
4 7  4       0         .
4 7  5       0         .
4 7  6       1         .
4 7  7       1         .
4 7  8       0         .
4 7  9       1         .
4 7  10      1         .
4 7  11      1         .
4 7  12      1         .
4 7  13      1         .
4 7  14      0         .
4 7  15      0         .
4 8  1       0         .
4 8  2       1         .
4 8  3       1         .
4 8  4       0         .
4 8  5       0         .
4 8  6       1         .
4 8  7       1         .
4 8  8       1         .
4 8  9       1         .
4 8  10      1         .
4 8  11      1         .
4 8  12      1         .
4 8  13      1         .
4 8  14      0         .
4 8  15      0         .
4 9  1       0         .
4 9  2       1         .
4 9  3       1         .
4 9  4       0         .
4 9  5       0         .
4 9  6       0         .
4 9  7       0         .
4 9  8       0         .
4 9  9       1         .
4 9  10      1         .
4 9  11      1         .
4 9  12      0         .
4 9  13      1         .
4 9  14      0         .
4 9  15      0         .
4 10 1       0         .
4 10 2       1         .
4 10 3       1         .
4 10 4       0         .
4 10 5       0         .
4 10 6       0         .
4 10 7       0         .
4 10 8       0         .
4 10 9       0         .
4 10 10      1         .
4 10 11      1         .
4 10 12      0         .
4 10 13      1         .
4 10 14      0         .
4 10 15      0         .
4 11 1       0         .
4 11 2       0         .
4 11 3       0         .
4 11 4       0         .
4 11 5       0         .
4 11 6       0         .
4 11 7       0         .
4 11 8       0         .
4 11 9       0         .
4 11 10      0         .
4 11 11      1         .
4 11 12      0         .
4 11 13      0         .
4 11 14      0         .
4 11 15      0         .
4 12 1       0         .
4 12 2       1         .
4 12 3       1         .
4 12 4       0         .
4 12 5       0         .
4 12 6       0         .
4 12 7       0         .
4 12 8       0         .
4 12 9       1         .
4 12 10      1         .
4 12 11      1         .
4 12 12      1         .
4 12 13      1         .
4 12 14      0         .
4 12 15      0         .
4 13 1       0         .
4 13 2       0         .
4 13 3       0         .
4 13 4       0         .
4 13 5       0         .
4 13 6       0         .
4 13 7       0         .
4 13 8       0         .
4 13 9       0         .
4 13 10      0         .
4 13 11      1         .
4 13 12      0         .
4 13 13      1         .
4 13 14      0         .
4 13 15      0         .
4 14 1       1         .
4 14 2       1         .
4 14 3       1         .
4 14 4       1         .
4 14 5       1         .
4 14 6       1         .
4 14 7       1         .
4 14 8       1         .
4 14 9       1         .
4 14 10      1         .
4 14 11      1         .
4 14 12      1         .
4 14 13      1         .
4 14 14      1         .
4 14 15      0         .
4 15 1       1         .
4 15 2       1         .
4 15 3       1         .
4 15 4       1         .
4 15 5       1         .
4 15 6       1         .
4 15 7       1         .
4 15 8       1         .
4 15 9       1         .
4 15 10      1         .
4 15 11      1         .
4 15 12      1         .
4 15 13      1         .
4 15 14      1         .
4 15 15      1         .
;

