:              Name            M_Time[i,4]    M_OBFV   M_Bestnode M_ResNum:=
2   Model_Basic_MIP_Sym           7207.26    1912620      5422.04    422
3   Model_Basic_MIP_Hybrid        7211.45      26901.2   12204.2     422
4   Model_Basic_MIP_Hybrid_RLT    7208.09      26819.1   26404.5     422
;

com_measure1 = 0.62355
com_measure2 = 0.96947
tau = 0
kappa = 12.3397
alpha = 0.9
B = 2231.87

:
                                                                                           M_Message
 :=
2
   'CPLEX 12.6.2.0: time limit with integer solution; objective 1912623.9\
142362 MIP simplex iterations\
2 branch-and-bound nodes\
absmipgap = 1.9072e+06, relmipgap = 0.997165\
No basis.'
3
   'CPLEX 12.6.2.0: time limit with integer solution; objective 26901.21\
964329 MIP simplex iterations\
2676 branch-and-bound nodes\
absmipgap = 14697, relmipgap = 0.546333\
No basis.'
4
   'CPLEX 12.6.2.0: time limit with integer solution; objective 26819.14\
1183471 MIP simplex iterations\
1423 branch-and-bound nodes\
absmipgap = 414.651, relmipgap = 0.015461\
No basis.'
;
: M_INDICATE    :=
2      1
3      1
4      1
;

M_Time :=
2 1      30.7812
2 2      33.626
2 3   12506.9
2 4    7207.26
3 1      30.7812
3 2      33.626
3 3   19920.4
3 4    7211.45
4 1      30.7812
4 2      33.626
4 3   17170.6
4 4    7208.09
;

M_tau [*] :=
2  0
3  0
4  0
;

:        M_Cost   M_Sequence    :=
2 1          0         15
2 2    1912620         15
2 3         .          15
2 4         .          15
2 5         .          15
2 6         .          15
2 7         .          15
2 8         .          15
2 9         .          15
2 10        .          15
2 11        .          15
2 12        .          15
2 13        .          15
2 14        .          15
2 15        .          15
2 16        .          16
2 17        .          16
2 18        .          16
2 19        .          16
2 20        .          16
2 21        .          16
2 22        .          16
2 23        .          16
2 24        .          16
2 25        .          16
2 26        .          16
2 27        .          16
2 28        .          16
2 29        .          16
2 30        .          16
3 1       3734.18      30
3 2      23167         20
3 3         .          28
3 4         .          25
3 5         .           4
3 6         .          29
3 7         .          18
3 8         .          22
3 9         .          12
3 10        .          27
3 11        .          17
3 12        .          21
3 13        .           9
3 14        .          23
3 15        .          26
3 16        .           8
3 17        .          14
3 18        .           4
3 19        .          16
3 20        .          13
3 21        .           9
3 22        .           5
3 23        .           2
3 24        .          18
3 25        .           6
3 26        .           7
3 27        .          16
3 28        .           1
3 29        .          24
3 30        .          11
4 1       3573.77      30
4 2      23245.4       19
4 3         .          28
4 4         .          25
4 5         .           4
4 6         .          29
4 7         .          18
4 8         .          22
4 9         .          13
4 10        .          27
4 11        .          26
4 12        .          20
4 13        .           8
4 14        .          21
4 15        .          15
4 16        .           7
4 17        .          24
4 18        .           3
4 19        .          16
4 20        .          12
4 21        .          10
4 22        .           8
4 23        .           1
4 24        .          14
4 25        .           5
4 26        .           7
4 27        .          17
4 28        .           2
4 29        .          23
4 30        .          11
;

:       M_Vectheta M_Vecu    :=
2 1  1       1        1
2 1  2       0        1
2 1  3       0        1
2 1  4       0        1
2 1  5       0        1
2 1  6       0        1
2 1  7       0        1
2 1  8       0        1
2 1  9       0        1
2 1  10      0        1
2 1  11      0        1
2 1  12      0        1
2 1  13      0        1
2 1  14      0        1
2 1  15      0        1
2 1  16      1        1
2 1  17      1        1
2 1  18      1        1
2 1  19      1        1
2 1  20      1        1
2 1  21      1        1
2 1  22      1        1
2 1  23      1        1
2 1  24      1        1
2 1  25      1        1
2 1  26      1        1
2 1  27      1        1
2 1  28      1        1
2 1  29      1        1
2 1  30      1        1
2 2  1       1        0
2 2  2       1        0
2 2  3       0        0
2 2  4       0        0
2 2  5       0        0
2 2  6       0        0
2 2  7       0        0
2 2  8       0        0
2 2  9       0        0
2 2  10      0        0
2 2  11      0        0
2 2  12      0        0
2 2  13      0        0
2 2  14      0        0
2 2  15      0        0
2 2  16      0        0
2 2  17      1        0
2 2  18      1        0
2 2  19      1        0
2 2  20      1        0
2 2  21      1        0
2 2  22      1        0
2 2  23      1        0
2 2  24      1        0
2 2  25      1        0
2 2  26      1        0
2 2  27      1        0
2 2  28      1        0
2 2  29      1        0
2 2  30      1        0
2 3  1       1         .
2 3  2       1         .
2 3  3       1         .
2 3  4       0         .
2 3  5       0         .
2 3  6       0         .
2 3  7       0         .
2 3  8       0         .
2 3  9       0         .
2 3  10      0         .
2 3  11      0         .
2 3  12      0         .
2 3  13      0         .
2 3  14      0         .
2 3  15      0         .
2 3  16      0         .
2 3  17      0         .
2 3  18      1         .
2 3  19      1         .
2 3  20      1         .
2 3  21      1         .
2 3  22      1         .
2 3  23      1         .
2 3  24      1         .
2 3  25      1         .
2 3  26      1         .
2 3  27      1         .
2 3  28      1         .
2 3  29      1         .
2 3  30      1         .
2 4  1       1         .
2 4  2       1         .
2 4  3       1         .
2 4  4       1         .
2 4  5       0         .
2 4  6       0         .
2 4  7       0         .
2 4  8       0         .
2 4  9       0         .
2 4  10      0         .
2 4  11      0         .
2 4  12      0         .
2 4  13      0         .
2 4  14      0         .
2 4  15      0         .
2 4  16      0         .
2 4  17      0         .
2 4  18      0         .
2 4  19      1         .
2 4  20      1         .
2 4  21      1         .
2 4  22      1         .
2 4  23      1         .
2 4  24      1         .
2 4  25      1         .
2 4  26      1         .
2 4  27      1         .
2 4  28      1         .
2 4  29      1         .
2 4  30      1         .
2 5  1       1         .
2 5  2       1         .
2 5  3       1         .
2 5  4       1         .
2 5  5       1         .
2 5  6       0         .
2 5  7       0         .
2 5  8       0         .
2 5  9       0         .
2 5  10      0         .
2 5  11      0         .
2 5  12      0         .
2 5  13      0         .
2 5  14      0         .
2 5  15      0         .
2 5  16      0         .
2 5  17      0         .
2 5  18      0         .
2 5  19      0         .
2 5  20      1         .
2 5  21      1         .
2 5  22      1         .
2 5  23      1         .
2 5  24      1         .
2 5  25      1         .
2 5  26      1         .
2 5  27      1         .
2 5  28      1         .
2 5  29      1         .
2 5  30      1         .
2 6  1       1         .
2 6  2       1         .
2 6  3       1         .
2 6  4       1         .
2 6  5       1         .
2 6  6       1         .
2 6  7       0         .
2 6  8       0         .
2 6  9       0         .
2 6  10      0         .
2 6  11      0         .
2 6  12      0         .
2 6  13      0         .
2 6  14      0         .
2 6  15      0         .
2 6  16      0         .
2 6  17      0         .
2 6  18      0         .
2 6  19      0         .
2 6  20      0         .
2 6  21      1         .
2 6  22      1         .
2 6  23      1         .
2 6  24      1         .
2 6  25      1         .
2 6  26      1         .
2 6  27      1         .
2 6  28      1         .
2 6  29      1         .
2 6  30      1         .
2 7  1       1         .
2 7  2       1         .
2 7  3       1         .
2 7  4       1         .
2 7  5       1         .
2 7  6       1         .
2 7  7       1         .
2 7  8       0         .
2 7  9       0         .
2 7  10      0         .
2 7  11      0         .
2 7  12      0         .
2 7  13      0         .
2 7  14      0         .
2 7  15      0         .
2 7  16      0         .
2 7  17      0         .
2 7  18      0         .
2 7  19      0         .
2 7  20      0         .
2 7  21      0         .
2 7  22      1         .
2 7  23      1         .
2 7  24      1         .
2 7  25      1         .
2 7  26      1         .
2 7  27      1         .
2 7  28      1         .
2 7  29      1         .
2 7  30      1         .
2 8  1       1         .
2 8  2       1         .
2 8  3       1         .
2 8  4       1         .
2 8  5       1         .
2 8  6       1         .
2 8  7       1         .
2 8  8       1         .
2 8  9       0         .
2 8  10      0         .
2 8  11      0         .
2 8  12      0         .
2 8  13      0         .
2 8  14      0         .
2 8  15      0         .
2 8  16      0         .
2 8  17      0         .
2 8  18      0         .
2 8  19      0         .
2 8  20      0         .
2 8  21      0         .
2 8  22      0         .
2 8  23      1         .
2 8  24      1         .
2 8  25      1         .
2 8  26      1         .
2 8  27      1         .
2 8  28      1         .
2 8  29      1         .
2 8  30      1         .
2 9  1       1         .
2 9  2       1         .
2 9  3       1         .
2 9  4       1         .
2 9  5       1         .
2 9  6       1         .
2 9  7       1         .
2 9  8       1         .
2 9  9       1         .
2 9  10      0         .
2 9  11      0         .
2 9  12      0         .
2 9  13      0         .
2 9  14      0         .
2 9  15      0         .
2 9  16      0         .
2 9  17      0         .
2 9  18      0         .
2 9  19      0         .
2 9  20      0         .
2 9  21      0         .
2 9  22      0         .
2 9  23      0         .
2 9  24      1         .
2 9  25      1         .
2 9  26      1         .
2 9  27      1         .
2 9  28      1         .
2 9  29      1         .
2 9  30      1         .
2 10 1       1         .
2 10 2       1         .
2 10 3       1         .
2 10 4       1         .
2 10 5       1         .
2 10 6       1         .
2 10 7       1         .
2 10 8       1         .
2 10 9       1         .
2 10 10      1         .
2 10 11      0         .
2 10 12      0         .
2 10 13      0         .
2 10 14      0         .
2 10 15      0         .
2 10 16      0         .
2 10 17      0         .
2 10 18      0         .
2 10 19      0         .
2 10 20      0         .
2 10 21      0         .
2 10 22      0         .
2 10 23      0         .
2 10 24      0         .
2 10 25      1         .
2 10 26      1         .
2 10 27      1         .
2 10 28      1         .
2 10 29      1         .
2 10 30      1         .
2 11 1       1         .
2 11 2       1         .
2 11 3       1         .
2 11 4       1         .
2 11 5       1         .
2 11 6       1         .
2 11 7       1         .
2 11 8       1         .
2 11 9       1         .
2 11 10      1         .
2 11 11      1         .
2 11 12      0         .
2 11 13      0         .
2 11 14      0         .
2 11 15      0         .
2 11 16      0         .
2 11 17      0         .
2 11 18      0         .
2 11 19      0         .
2 11 20      0         .
2 11 21      0         .
2 11 22      0         .
2 11 23      0         .
2 11 24      0         .
2 11 25      0         .
2 11 26      1         .
2 11 27      1         .
2 11 28      1         .
2 11 29      1         .
2 11 30      1         .
2 12 1       1         .
2 12 2       1         .
2 12 3       1         .
2 12 4       1         .
2 12 5       1         .
2 12 6       1         .
2 12 7       1         .
2 12 8       1         .
2 12 9       1         .
2 12 10      1         .
2 12 11      1         .
2 12 12      1         .
2 12 13      0         .
2 12 14      0         .
2 12 15      0         .
2 12 16      0         .
2 12 17      0         .
2 12 18      0         .
2 12 19      0         .
2 12 20      0         .
2 12 21      0         .
2 12 22      0         .
2 12 23      0         .
2 12 24      0         .
2 12 25      0         .
2 12 26      0         .
2 12 27      1         .
2 12 28      1         .
2 12 29      1         .
2 12 30      1         .
2 13 1       1         .
2 13 2       1         .
2 13 3       1         .
2 13 4       1         .
2 13 5       1         .
2 13 6       1         .
2 13 7       1         .
2 13 8       1         .
2 13 9       1         .
2 13 10      1         .
2 13 11      1         .
2 13 12      1         .
2 13 13      1         .
2 13 14      0         .
2 13 15      0         .
2 13 16      0         .
2 13 17      0         .
2 13 18      0         .
2 13 19      0         .
2 13 20      0         .
2 13 21      0         .
2 13 22      0         .
2 13 23      0         .
2 13 24      0         .
2 13 25      0         .
2 13 26      0         .
2 13 27      0         .
2 13 28      1         .
2 13 29      1         .
2 13 30      1         .
2 14 1       1         .
2 14 2       1         .
2 14 3       1         .
2 14 4       1         .
2 14 5       1         .
2 14 6       1         .
2 14 7       1         .
2 14 8       1         .
2 14 9       1         .
2 14 10      1         .
2 14 11      1         .
2 14 12      1         .
2 14 13      1         .
2 14 14      1         .
2 14 15      0         .
2 14 16      0         .
2 14 17      0         .
2 14 18      0         .
2 14 19      0         .
2 14 20      0         .
2 14 21      0         .
2 14 22      0         .
2 14 23      0         .
2 14 24      0         .
2 14 25      0         .
2 14 26      0         .
2 14 27      0         .
2 14 28      0         .
2 14 29      1         .
2 14 30      1         .
2 15 1       1         .
2 15 2       1         .
2 15 3       1         .
2 15 4       1         .
2 15 5       1         .
2 15 6       1         .
2 15 7       1         .
2 15 8       1         .
2 15 9       1         .
2 15 10      1         .
2 15 11      1         .
2 15 12      1         .
2 15 13      1         .
2 15 14      1         .
2 15 15      1         .
2 15 16      0         .
2 15 17      0         .
2 15 18      0         .
2 15 19      0         .
2 15 20      0         .
2 15 21      0         .
2 15 22      0         .
2 15 23      0         .
2 15 24      0         .
2 15 25      0         .
2 15 26      0         .
2 15 27      0         .
2 15 28      0         .
2 15 29      0         .
2 15 30      1         .
2 16 1       0         .
2 16 2       1         .
2 16 3       1         .
2 16 4       1         .
2 16 5       1         .
2 16 6       1         .
2 16 7       1         .
2 16 8       1         .
2 16 9       1         .
2 16 10      1         .
2 16 11      1         .
2 16 12      1         .
2 16 13      1         .
2 16 14      1         .
2 16 15      1         .
2 16 16      1         .
2 16 17      0         .
2 16 18      0         .
2 16 19      0         .
2 16 20      0         .
2 16 21      0         .
2 16 22      0         .
2 16 23      0         .
2 16 24      0         .
2 16 25      0         .
2 16 26      0         .
2 16 27      0         .
2 16 28      0         .
2 16 29      0         .
2 16 30      0         .
2 17 1       0         .
2 17 2       0         .
2 17 3       1         .
2 17 4       1         .
2 17 5       1         .
2 17 6       1         .
2 17 7       1         .
2 17 8       1         .
2 17 9       1         .
2 17 10      1         .
2 17 11      1         .
2 17 12      1         .
2 17 13      1         .
2 17 14      1         .
2 17 15      1         .
2 17 16      1         .
2 17 17      1         .
2 17 18      0         .
2 17 19      0         .
2 17 20      0         .
2 17 21      0         .
2 17 22      0         .
2 17 23      0         .
2 17 24      0         .
2 17 25      0         .
2 17 26      0         .
2 17 27      0         .
2 17 28      0         .
2 17 29      0         .
2 17 30      0         .
2 18 1       0         .
2 18 2       0         .
2 18 3       0         .
2 18 4       1         .
2 18 5       1         .
2 18 6       1         .
2 18 7       1         .
2 18 8       1         .
2 18 9       1         .
2 18 10      1         .
2 18 11      1         .
2 18 12      1         .
2 18 13      1         .
2 18 14      1         .
2 18 15      1         .
2 18 16      1         .
2 18 17      1         .
2 18 18      1         .
2 18 19      0         .
2 18 20      0         .
2 18 21      0         .
2 18 22      0         .
2 18 23      0         .
2 18 24      0         .
2 18 25      0         .
2 18 26      0         .
2 18 27      0         .
2 18 28      0         .
2 18 29      0         .
2 18 30      0         .
2 19 1       0         .
2 19 2       0         .
2 19 3       0         .
2 19 4       0         .
2 19 5       1         .
2 19 6       1         .
2 19 7       1         .
2 19 8       1         .
2 19 9       1         .
2 19 10      1         .
2 19 11      1         .
2 19 12      1         .
2 19 13      1         .
2 19 14      1         .
2 19 15      1         .
2 19 16      1         .
2 19 17      1         .
2 19 18      1         .
2 19 19      1         .
2 19 20      0         .
2 19 21      0         .
2 19 22      0         .
2 19 23      0         .
2 19 24      0         .
2 19 25      0         .
2 19 26      0         .
2 19 27      0         .
2 19 28      0         .
2 19 29      0         .
2 19 30      0         .
2 20 1       0         .
2 20 2       0         .
2 20 3       0         .
2 20 4       0         .
2 20 5       0         .
2 20 6       1         .
2 20 7       1         .
2 20 8       1         .
2 20 9       1         .
2 20 10      1         .
2 20 11      1         .
2 20 12      1         .
2 20 13      1         .
2 20 14      1         .
2 20 15      1         .
2 20 16      1         .
2 20 17      1         .
2 20 18      1         .
2 20 19      1         .
2 20 20      1         .
2 20 21      0         .
2 20 22      0         .
2 20 23      0         .
2 20 24      0         .
2 20 25      0         .
2 20 26      0         .
2 20 27      0         .
2 20 28      0         .
2 20 29      0         .
2 20 30      0         .
2 21 1       0         .
2 21 2       0         .
2 21 3       0         .
2 21 4       0         .
2 21 5       0         .
2 21 6       0         .
2 21 7       1         .
2 21 8       1         .
2 21 9       1         .
2 21 10      1         .
2 21 11      1         .
2 21 12      1         .
2 21 13      1         .
2 21 14      1         .
2 21 15      1         .
2 21 16      1         .
2 21 17      1         .
2 21 18      1         .
2 21 19      1         .
2 21 20      1         .
2 21 21      1         .
2 21 22      0         .
2 21 23      0         .
2 21 24      0         .
2 21 25      0         .
2 21 26      0         .
2 21 27      0         .
2 21 28      0         .
2 21 29      0         .
2 21 30      0         .
2 22 1       0         .
2 22 2       0         .
2 22 3       0         .
2 22 4       0         .
2 22 5       0         .
2 22 6       0         .
2 22 7       0         .
2 22 8       1         .
2 22 9       1         .
2 22 10      1         .
2 22 11      1         .
2 22 12      1         .
2 22 13      1         .
2 22 14      1         .
2 22 15      1         .
2 22 16      1         .
2 22 17      1         .
2 22 18      1         .
2 22 19      1         .
2 22 20      1         .
2 22 21      1         .
2 22 22      1         .
2 22 23      0         .
2 22 24      0         .
2 22 25      0         .
2 22 26      0         .
2 22 27      0         .
2 22 28      0         .
2 22 29      0         .
2 22 30      0         .
2 23 1       0         .
2 23 2       0         .
2 23 3       0         .
2 23 4       0         .
2 23 5       0         .
2 23 6       0         .
2 23 7       0         .
2 23 8       0         .
2 23 9       1         .
2 23 10      1         .
2 23 11      1         .
2 23 12      1         .
2 23 13      1         .
2 23 14      1         .
2 23 15      1         .
2 23 16      1         .
2 23 17      1         .
2 23 18      1         .
2 23 19      1         .
2 23 20      1         .
2 23 21      1         .
2 23 22      1         .
2 23 23      1         .
2 23 24      0         .
2 23 25      0         .
2 23 26      0         .
2 23 27      0         .
2 23 28      0         .
2 23 29      0         .
2 23 30      0         .
2 24 1       0         .
2 24 2       0         .
2 24 3       0         .
2 24 4       0         .
2 24 5       0         .
2 24 6       0         .
2 24 7       0         .
2 24 8       0         .
2 24 9       0         .
2 24 10      1         .
2 24 11      1         .
2 24 12      1         .
2 24 13      1         .
2 24 14      1         .
2 24 15      1         .
2 24 16      1         .
2 24 17      1         .
2 24 18      1         .
2 24 19      1         .
2 24 20      1         .
2 24 21      1         .
2 24 22      1         .
2 24 23      1         .
2 24 24      1         .
2 24 25      0         .
2 24 26      0         .
2 24 27      0         .
2 24 28      0         .
2 24 29      0         .
2 24 30      0         .
2 25 1       0         .
2 25 2       0         .
2 25 3       0         .
2 25 4       0         .
2 25 5       0         .
2 25 6       0         .
2 25 7       0         .
2 25 8       0         .
2 25 9       0         .
2 25 10      0         .
2 25 11      1         .
2 25 12      1         .
2 25 13      1         .
2 25 14      1         .
2 25 15      1         .
2 25 16      1         .
2 25 17      1         .
2 25 18      1         .
2 25 19      1         .
2 25 20      1         .
2 25 21      1         .
2 25 22      1         .
2 25 23      1         .
2 25 24      1         .
2 25 25      1         .
2 25 26      0         .
2 25 27      0         .
2 25 28      0         .
2 25 29      0         .
2 25 30      0         .
2 26 1       0         .
2 26 2       0         .
2 26 3       0         .
2 26 4       0         .
2 26 5       0         .
2 26 6       0         .
2 26 7       0         .
2 26 8       0         .
2 26 9       0         .
2 26 10      0         .
2 26 11      0         .
2 26 12      1         .
2 26 13      1         .
2 26 14      1         .
2 26 15      1         .
2 26 16      1         .
2 26 17      1         .
2 26 18      1         .
2 26 19      1         .
2 26 20      1         .
2 26 21      1         .
2 26 22      1         .
2 26 23      1         .
2 26 24      1         .
2 26 25      1         .
2 26 26      1         .
2 26 27      0         .
2 26 28      0         .
2 26 29      0         .
2 26 30      0         .
2 27 1       0         .
2 27 2       0         .
2 27 3       0         .
2 27 4       0         .
2 27 5       0         .
2 27 6       0         .
2 27 7       0         .
2 27 8       0         .
2 27 9       0         .
2 27 10      0         .
2 27 11      0         .
2 27 12      0         .
2 27 13      1         .
2 27 14      1         .
2 27 15      1         .
2 27 16      1         .
2 27 17      1         .
2 27 18      1         .
2 27 19      1         .
2 27 20      1         .
2 27 21      1         .
2 27 22      1         .
2 27 23      1         .
2 27 24      1         .
2 27 25      1         .
2 27 26      1         .
2 27 27      1         .
2 27 28      0         .
2 27 29      0         .
2 27 30      0         .
2 28 1       0         .
2 28 2       0         .
2 28 3       0         .
2 28 4       0         .
2 28 5       0         .
2 28 6       0         .
2 28 7       0         .
2 28 8       0         .
2 28 9       0         .
2 28 10      0         .
2 28 11      0         .
2 28 12      0         .
2 28 13      0         .
2 28 14      1         .
2 28 15      1         .
2 28 16      1         .
2 28 17      1         .
2 28 18      1         .
2 28 19      1         .
2 28 20      1         .
2 28 21      1         .
2 28 22      1         .
2 28 23      1         .
2 28 24      1         .
2 28 25      1         .
2 28 26      1         .
2 28 27      1         .
2 28 28      1         .
2 28 29      0         .
2 28 30      0         .
2 29 1       0         .
2 29 2       0         .
2 29 3       0         .
2 29 4       0         .
2 29 5       0         .
2 29 6       0         .
2 29 7       0         .
2 29 8       0         .
2 29 9       0         .
2 29 10      0         .
2 29 11      0         .
2 29 12      0         .
2 29 13      0         .
2 29 14      0         .
2 29 15      1         .
2 29 16      1         .
2 29 17      1         .
2 29 18      1         .
2 29 19      1         .
2 29 20      1         .
2 29 21      1         .
2 29 22      1         .
2 29 23      1         .
2 29 24      1         .
2 29 25      1         .
2 29 26      1         .
2 29 27      1         .
2 29 28      1         .
2 29 29      1         .
2 29 30      0         .
2 30 1       0         .
2 30 2       0         .
2 30 3       0         .
2 30 4       0         .
2 30 5       0         .
2 30 6       0         .
2 30 7       0         .
2 30 8       0         .
2 30 9       0         .
2 30 10      0         .
2 30 11      0         .
2 30 12      0         .
2 30 13      0         .
2 30 14      0         .
2 30 15      0         .
2 30 16      1         .
2 30 17      1         .
2 30 18      1         .
2 30 19      1         .
2 30 20      1         .
2 30 21      1         .
2 30 22      1         .
2 30 23      1         .
2 30 24      1         .
2 30 25      1         .
2 30 26      1         .
2 30 27      1         .
2 30 28      1         .
2 30 29      1         .
2 30 30      1         .
3 1  1       1        1
3 1  2       0        0
3 1  3       0        1
3 1  4       0        0
3 1  5       0        0
3 1  6       0        1
3 1  7       0        0
3 1  8       0        0
3 1  9       0        0
3 1  10      0        1
3 1  11      0        0
3 1  12      0        0
3 1  13      0        0
3 1  14      0        0
3 1  15      0        1
3 1  16      0        0
3 1  17      0        0
3 1  18      0        0
3 1  19      0        0
3 1  20      0        0
3 1  21      0        0
3 1  22      0        0
3 1  23      0        0
3 1  24      0        0
3 1  25      0        0
3 1  26      0        0
3 1  27      0        0
3 1  28      0        0
3 1  29      0        0
3 1  30      0        0
3 2  1       1        0
3 2  2       1        1
3 2  3       1        0
3 2  4       1        1
3 2  5       0        1
3 2  6       1        0
3 2  7       0        1
3 2  8       1        1
3 2  9       0        1
3 2  10      1        0
3 2  11      0        1
3 2  12      1        1
3 2  13      0        1
3 2  14      1        1
3 2  15      1        0
3 2  16      0        1
3 2  17      0        1
3 2  18      0        1
3 2  19      0        1
3 2  20      0        1
3 2  21      0        1
3 2  22      0        1
3 2  23      0        1
3 2  24      0        1
3 2  25      0        1
3 2  26      0        1
3 2  27      0        1
3 2  28      0        1
3 2  29      1        1
3 2  30      0        1
3 3  1       1         .
3 3  2       0         .
3 3  3       1         .
3 3  4       0         .
3 3  5       0         .
3 3  6       1         .
3 3  7       0         .
3 3  8       0         .
3 3  9       0         .
3 3  10      0         .
3 3  11      0         .
3 3  12      0         .
3 3  13      0         .
3 3  14      0         .
3 3  15      0         .
3 3  16      0         .
3 3  17      0         .
3 3  18      0         .
3 3  19      0         .
3 3  20      0         .
3 3  21      0         .
3 3  22      0         .
3 3  23      0         .
3 3  24      0         .
3 3  25      0         .
3 3  26      0         .
3 3  27      0         .
3 3  28      0         .
3 3  29      0         .
3 3  30      0         .
3 4  1       1         .
3 4  2       0         .
3 4  3       1         .
3 4  4       1         .
3 4  5       0         .
3 4  6       1         .
3 4  7       0         .
3 4  8       0         .
3 4  9       0         .
3 4  10      1         .
3 4  11      0         .
3 4  12      0         .
3 4  13      0         .
3 4  14      0         .
3 4  15      1         .
3 4  16      0         .
3 4  17      0         .
3 4  18      0         .
3 4  19      0         .
3 4  20      0         .
3 4  21      0         .
3 4  22      0         .
3 4  23      0         .
3 4  24      0         .
3 4  25      0         .
3 4  26      0         .
3 4  27      0         .
3 4  28      0         .
3 4  29      0         .
3 4  30      0         .
3 5  1       1         .
3 5  2       1         .
3 5  3       1         .
3 5  4       1         .
3 5  5       1         .
3 5  6       1         .
3 5  7       1         .
3 5  8       1         .
3 5  9       1         .
3 5  10      1         .
3 5  11      1         .
3 5  12      1         .
3 5  13      0         .
3 5  14      1         .
3 5  15      1         .
3 5  16      1         .
3 5  17      1         .
3 5  18      1         .
3 5  19      1         .
3 5  20      1         .
3 5  21      1         .
3 5  22      1         .
3 5  23      0         .
3 5  24      1         .
3 5  25      1         .
3 5  26      1         .
3 5  27      1         .
3 5  28      0         .
3 5  29      1         .
3 5  30      1         .
3 6  1       1         .
3 6  2       0         .
3 6  3       0         .
3 6  4       0         .
3 6  5       0         .
3 6  6       1         .
3 6  7       0         .
3 6  8       0         .
3 6  9       0         .
3 6  10      0         .
3 6  11      0         .
3 6  12      0         .
3 6  13      0         .
3 6  14      0         .
3 6  15      0         .
3 6  16      0         .
3 6  17      0         .
3 6  18      0         .
3 6  19      0         .
3 6  20      0         .
3 6  21      0         .
3 6  22      0         .
3 6  23      0         .
3 6  24      0         .
3 6  25      0         .
3 6  26      0         .
3 6  27      0         .
3 6  28      0         .
3 6  29      0         .
3 6  30      0         .
3 7  1       1         .
3 7  2       1         .
3 7  3       1         .
3 7  4       1         .
3 7  5       0         .
3 7  6       1         .
3 7  7       1         .
3 7  8       1         .
3 7  9       0         .
3 7  10      1         .
3 7  11      0         .
3 7  12      1         .
3 7  13      0         .
3 7  14      1         .
3 7  15      1         .
3 7  16      0         .
3 7  17      0         .
3 7  18      0         .
3 7  19      0         .
3 7  20      0         .
3 7  21      0         .
3 7  22      0         .
3 7  23      0         .
3 7  24      1         .
3 7  25      0         .
3 7  26      0         .
3 7  27      0         .
3 7  28      0         .
3 7  29      1         .
3 7  30      0         .
3 8  1       1         .
3 8  2       0         .
3 8  3       1         .
3 8  4       1         .
3 8  5       0         .
3 8  6       1         .
3 8  7       0         .
3 8  8       1         .
3 8  9       0         .
3 8  10      1         .
3 8  11      0         .
3 8  12      0         .
3 8  13      0         .
3 8  14      1         .
3 8  15      1         .
3 8  16      0         .
3 8  17      0         .
3 8  18      0         .
3 8  19      0         .
3 8  20      0         .
3 8  21      0         .
3 8  22      0         .
3 8  23      0         .
3 8  24      0         .
3 8  25      0         .
3 8  26      0         .
3 8  27      0         .
3 8  28      0         .
3 8  29      1         .
3 8  30      0         .
3 9  1       1         .
3 9  2       1         .
3 9  3       1         .
3 9  4       1         .
3 9  5       0         .
3 9  6       1         .
3 9  7       1         .
3 9  8       1         .
3 9  9       1         .
3 9  10      1         .
3 9  11      1         .
3 9  12      1         .
3 9  13      0         .
3 9  14      1         .
3 9  15      1         .
3 9  16      0         .
3 9  17      1         .
3 9  18      0         .
3 9  19      1         .
3 9  20      1         .
3 9  21      0         .
3 9  22      0         .
3 9  23      0         .
3 9  24      1         .
3 9  25      0         .
3 9  26      0         .
3 9  27      1         .
3 9  28      0         .
3 9  29      1         .
3 9  30      0         .
3 10 1       1         .
3 10 2       0         .
3 10 3       1         .
3 10 4       0         .
3 10 5       0         .
3 10 6       1         .
3 10 7       0         .
3 10 8       0         .
3 10 9       0         .
3 10 10      1         .
3 10 11      0         .
3 10 12      0         .
3 10 13      0         .
3 10 14      0         .
3 10 15      0         .
3 10 16      0         .
3 10 17      0         .
3 10 18      0         .
3 10 19      0         .
3 10 20      0         .
3 10 21      0         .
3 10 22      0         .
3 10 23      0         .
3 10 24      0         .
3 10 25      0         .
3 10 26      0         .
3 10 27      0         .
3 10 28      0         .
3 10 29      0         .
3 10 30      0         .
3 11 1       1         .
3 11 2       1         .
3 11 3       1         .
3 11 4       1         .
3 11 5       0         .
3 11 6       1         .
3 11 7       1         .
3 11 8       1         .
3 11 9       0         .
3 11 10      1         .
3 11 11      1         .
3 11 12      1         .
3 11 13      0         .
3 11 14      1         .
3 11 15      1         .
3 11 16      0         .
3 11 17      0         .
3 11 18      0         .
3 11 19      0         .
3 11 20      0         .
3 11 21      0         .
3 11 22      0         .
3 11 23      0         .
3 11 24      1         .
3 11 25      0         .
3 11 26      0         .
3 11 27      0         .
3 11 28      0         .
3 11 29      1         .
3 11 30      0         .
3 12 1       1         .
3 12 2       0         .
3 12 3       1         .
3 12 4       1         .
3 12 5       0         .
3 12 6       1         .
3 12 7       0         .
3 12 8       1         .
3 12 9       0         .
3 12 10      1         .
3 12 11      0         .
3 12 12      1         .
3 12 13      0         .
3 12 14      1         .
3 12 15      1         .
3 12 16      0         .
3 12 17      0         .
3 12 18      0         .
3 12 19      0         .
3 12 20      0         .
3 12 21      0         .
3 12 22      0         .
3 12 23      0         .
3 12 24      0         .
3 12 25      0         .
3 12 26      0         .
3 12 27      0         .
3 12 28      0         .
3 12 29      1         .
3 12 30      0         .
3 13 1       1         .
3 13 2       1         .
3 13 3       1         .
3 13 4       1         .
3 13 5       1         .
3 13 6       1         .
3 13 7       1         .
3 13 8       1         .
3 13 9       1         .
3 13 10      1         .
3 13 11      1         .
3 13 12      1         .
3 13 13      1         .
3 13 14      1         .
3 13 15      1         .
3 13 16      0         .
3 13 17      1         .
3 13 18      0         .
3 13 19      1         .
3 13 20      1         .
3 13 21      0         .
3 13 22      0         .
3 13 23      0         .
3 13 24      1         .
3 13 25      0         .
3 13 26      0         .
3 13 27      1         .
3 13 28      0         .
3 13 29      1         .
3 13 30      1         .
3 14 1       1         .
3 14 2       0         .
3 14 3       1         .
3 14 4       1         .
3 14 5       0         .
3 14 6       1         .
3 14 7       0         .
3 14 8       0         .
3 14 9       0         .
3 14 10      1         .
3 14 11      0         .
3 14 12      0         .
3 14 13      0         .
3 14 14      1         .
3 14 15      1         .
3 14 16      0         .
3 14 17      0         .
3 14 18      0         .
3 14 19      0         .
3 14 20      0         .
3 14 21      0         .
3 14 22      0         .
3 14 23      0         .
3 14 24      0         .
3 14 25      0         .
3 14 26      0         .
3 14 27      0         .
3 14 28      0         .
3 14 29      1         .
3 14 30      0         .
3 15 1       1         .
3 15 2       0         .
3 15 3       1         .
3 15 4       0         .
3 15 5       0         .
3 15 6       1         .
3 15 7       0         .
3 15 8       0         .
3 15 9       0         .
3 15 10      1         .
3 15 11      0         .
3 15 12      0         .
3 15 13      0         .
3 15 14      0         .
3 15 15      1         .
3 15 16      0         .
3 15 17      0         .
3 15 18      0         .
3 15 19      0         .
3 15 20      0         .
3 15 21      0         .
3 15 22      0         .
3 15 23      0         .
3 15 24      0         .
3 15 25      0         .
3 15 26      0         .
3 15 27      0         .
3 15 28      0         .
3 15 29      0         .
3 15 30      0         .
3 16 1       1         .
3 16 2       1         .
3 16 3       1         .
3 16 4       1         .
3 16 5       0         .
3 16 6       1         .
3 16 7       1         .
3 16 8       1         .
3 16 9       1         .
3 16 10      1         .
3 16 11      1         .
3 16 12      1         .
3 16 13      1         .
3 16 14      1         .
3 16 15      1         .
3 16 16      1         .
3 16 17      1         .
3 16 18      0         .
3 16 19      1         .
3 16 20      1         .
3 16 21      1         .
3 16 22      0         .
3 16 23      0         .
3 16 24      1         .
3 16 25      0         .
3 16 26      0         .
3 16 27      1         .
3 16 28      0         .
3 16 29      1         .
3 16 30      1         .
3 17 1       1         .
3 17 2       1         .
3 17 3       1         .
3 17 4       1         .
3 17 5       0         .
3 17 6       1         .
3 17 7       1         .
3 17 8       1         .
3 17 9       0         .
3 17 10      1         .
3 17 11      1         .
3 17 12      1         .
3 17 13      0         .
3 17 14      1         .
3 17 15      1         .
3 17 16      0         .
3 17 17      1         .
3 17 18      0         .
3 17 19      1         .
3 17 20      0         .
3 17 21      0         .
3 17 22      0         .
3 17 23      0         .
3 17 24      1         .
3 17 25      0         .
3 17 26      0         .
3 17 27      1         .
3 17 28      0         .
3 17 29      1         .
3 17 30      0         .
3 18 1       1         .
3 18 2       1         .
3 18 3       1         .
3 18 4       1         .
3 18 5       0         .
3 18 6       1         .
3 18 7       1         .
3 18 8       1         .
3 18 9       1         .
3 18 10      1         .
3 18 11      1         .
3 18 12      1         .
3 18 13      1         .
3 18 14      1         .
3 18 15      1         .
3 18 16      1         .
3 18 17      1         .
3 18 18      1         .
3 18 19      1         .
3 18 20      1         .
3 18 21      1         .
3 18 22      1         .
3 18 23      0         .
3 18 24      1         .
3 18 25      1         .
3 18 26      1         .
3 18 27      1         .
3 18 28      0         .
3 18 29      1         .
3 18 30      1         .
3 19 1       1         .
3 19 2       1         .
3 19 3       1         .
3 19 4       1         .
3 19 5       0         .
3 19 6       1         .
3 19 7       1         .
3 19 8       1         .
3 19 9       0         .
3 19 10      1         .
3 19 11      1         .
3 19 12      1         .
3 19 13      0         .
3 19 14      1         .
3 19 15      1         .
3 19 16      0         .
3 19 17      0         .
3 19 18      0         .
3 19 19      1         .
3 19 20      0         .
3 19 21      0         .
3 19 22      0         .
3 19 23      0         .
3 19 24      0         .
3 19 25      0         .
3 19 26      0         .
3 19 27      1         .
3 19 28      0         .
3 19 29      1         .
3 19 30      0         .
3 20 1       1         .
3 20 2       1         .
3 20 3       1         .
3 20 4       1         .
3 20 5       0         .
3 20 6       1         .
3 20 7       1         .
3 20 8       1         .
3 20 9       0         .
3 20 10      1         .
3 20 11      1         .
3 20 12      1         .
3 20 13      0         .
3 20 14      1         .
3 20 15      1         .
3 20 16      0         .
3 20 17      1         .
3 20 18      0         .
3 20 19      1         .
3 20 20      1         .
3 20 21      0         .
3 20 22      0         .
3 20 23      0         .
3 20 24      1         .
3 20 25      0         .
3 20 26      0         .
3 20 27      1         .
3 20 28      0         .
3 20 29      1         .
3 20 30      0         .
3 21 1       1         .
3 21 2       1         .
3 21 3       1         .
3 21 4       1         .
3 21 5       0         .
3 21 6       1         .
3 21 7       1         .
3 21 8       1         .
3 21 9       1         .
3 21 10      1         .
3 21 11      1         .
3 21 12      1         .
3 21 13      1         .
3 21 14      1         .
3 21 15      1         .
3 21 16      0         .
3 21 17      1         .
3 21 18      0         .
3 21 19      1         .
3 21 20      1         .
3 21 21      1         .
3 21 22      0         .
3 21 23      0         .
3 21 24      1         .
3 21 25      0         .
3 21 26      0         .
3 21 27      1         .
3 21 28      0         .
3 21 29      1         .
3 21 30      1         .
3 22 1       1         .
3 22 2       1         .
3 22 3       1         .
3 22 4       1         .
3 22 5       0         .
3 22 6       1         .
3 22 7       1         .
3 22 8       1         .
3 22 9       1         .
3 22 10      1         .
3 22 11      1         .
3 22 12      1         .
3 22 13      1         .
3 22 14      1         .
3 22 15      1         .
3 22 16      1         .
3 22 17      1         .
3 22 18      0         .
3 22 19      1         .
3 22 20      1         .
3 22 21      1         .
3 22 22      1         .
3 22 23      0         .
3 22 24      1         .
3 22 25      1         .
3 22 26      1         .
3 22 27      1         .
3 22 28      0         .
3 22 29      1         .
3 22 30      1         .
3 23 1       1         .
3 23 2       1         .
3 23 3       1         .
3 23 4       1         .
3 23 5       1         .
3 23 6       1         .
3 23 7       1         .
3 23 8       1         .
3 23 9       1         .
3 23 10      1         .
3 23 11      1         .
3 23 12      1         .
3 23 13      1         .
3 23 14      1         .
3 23 15      1         .
3 23 16      1         .
3 23 17      1         .
3 23 18      1         .
3 23 19      1         .
3 23 20      1         .
3 23 21      1         .
3 23 22      1         .
3 23 23      1         .
3 23 24      1         .
3 23 25      1         .
3 23 26      1         .
3 23 27      1         .
3 23 28      0         .
3 23 29      1         .
3 23 30      1         .
3 24 1       1         .
3 24 2       1         .
3 24 3       1         .
3 24 4       1         .
3 24 5       0         .
3 24 6       1         .
3 24 7       0         .
3 24 8       1         .
3 24 9       0         .
3 24 10      1         .
3 24 11      0         .
3 24 12      1         .
3 24 13      0         .
3 24 14      1         .
3 24 15      1         .
3 24 16      0         .
3 24 17      0         .
3 24 18      0         .
3 24 19      1         .
3 24 20      0         .
3 24 21      0         .
3 24 22      0         .
3 24 23      0         .
3 24 24      1         .
3 24 25      0         .
3 24 26      0         .
3 24 27      0         .
3 24 28      0         .
3 24 29      1         .
3 24 30      0         .
3 25 1       1         .
3 25 2       1         .
3 25 3       1         .
3 25 4       1         .
3 25 5       0         .
3 25 6       1         .
3 25 7       1         .
3 25 8       1         .
3 25 9       1         .
3 25 10      1         .
3 25 11      1         .
3 25 12      1         .
3 25 13      1         .
3 25 14      1         .
3 25 15      1         .
3 25 16      1         .
3 25 17      1         .
3 25 18      0         .
3 25 19      1         .
3 25 20      1         .
3 25 21      1         .
3 25 22      0         .
3 25 23      0         .
3 25 24      1         .
3 25 25      1         .
3 25 26      1         .
3 25 27      1         .
3 25 28      0         .
3 25 29      1         .
3 25 30      1         .
3 26 1       1         .
3 26 2       1         .
3 26 3       1         .
3 26 4       1         .
3 26 5       0         .
3 26 6       1         .
3 26 7       1         .
3 26 8       1         .
3 26 9       1         .
3 26 10      1         .
3 26 11      1         .
3 26 12      1         .
3 26 13      1         .
3 26 14      1         .
3 26 15      1         .
3 26 16      1         .
3 26 17      1         .
3 26 18      0         .
3 26 19      1         .
3 26 20      1         .
3 26 21      1         .
3 26 22      0         .
3 26 23      0         .
3 26 24      1         .
3 26 25      0         .
3 26 26      1         .
3 26 27      1         .
3 26 28      0         .
3 26 29      1         .
3 26 30      1         .
3 27 1       1         .
3 27 2       1         .
3 27 3       1         .
3 27 4       1         .
3 27 5       0         .
3 27 6       1         .
3 27 7       1         .
3 27 8       1         .
3 27 9       0         .
3 27 10      1         .
3 27 11      1         .
3 27 12      1         .
3 27 13      0         .
3 27 14      1         .
3 27 15      1         .
3 27 16      0         .
3 27 17      0         .
3 27 18      0         .
3 27 19      0         .
3 27 20      0         .
3 27 21      0         .
3 27 22      0         .
3 27 23      0         .
3 27 24      1         .
3 27 25      0         .
3 27 26      0         .
3 27 27      1         .
3 27 28      0         .
3 27 29      1         .
3 27 30      0         .
3 28 1       1         .
3 28 2       1         .
3 28 3       1         .
3 28 4       1         .
3 28 5       1         .
3 28 6       1         .
3 28 7       1         .
3 28 8       1         .
3 28 9       1         .
3 28 10      1         .
3 28 11      1         .
3 28 12      1         .
3 28 13      1         .
3 28 14      1         .
3 28 15      1         .
3 28 16      1         .
3 28 17      1         .
3 28 18      1         .
3 28 19      1         .
3 28 20      1         .
3 28 21      1         .
3 28 22      1         .
3 28 23      1         .
3 28 24      1         .
3 28 25      1         .
3 28 26      1         .
3 28 27      1         .
3 28 28      1         .
3 28 29      1         .
3 28 30      1         .
3 29 1       1         .
3 29 2       0         .
3 29 3       1         .
3 29 4       1         .
3 29 5       0         .
3 29 6       1         .
3 29 7       0         .
3 29 8       0         .
3 29 9       0         .
3 29 10      1         .
3 29 11      0         .
3 29 12      0         .
3 29 13      0         .
3 29 14      0         .
3 29 15      1         .
3 29 16      0         .
3 29 17      0         .
3 29 18      0         .
3 29 19      0         .
3 29 20      0         .
3 29 21      0         .
3 29 22      0         .
3 29 23      0         .
3 29 24      0         .
3 29 25      0         .
3 29 26      0         .
3 29 27      0         .
3 29 28      0         .
3 29 29      1         .
3 29 30      0         .
3 30 1       1         .
3 30 2       1         .
3 30 3       1         .
3 30 4       1         .
3 30 5       0         .
3 30 6       1         .
3 30 7       1         .
3 30 8       1         .
3 30 9       1         .
3 30 10      1         .
3 30 11      1         .
3 30 12      1         .
3 30 13      0         .
3 30 14      1         .
3 30 15      1         .
3 30 16      0         .
3 30 17      1         .
3 30 18      0         .
3 30 19      1         .
3 30 20      1         .
3 30 21      0         .
3 30 22      0         .
3 30 23      0         .
3 30 24      1         .
3 30 25      0         .
3 30 26      0         .
3 30 27      1         .
3 30 28      0         .
3 30 29      1         .
3 30 30      1         .
4 1  1       1        1
4 1  2       0        0
4 1  3       0        1
4 1  4       0        0
4 1  5       0        0
4 1  6       0        1
4 1  7       0        0
4 1  8       0        0
4 1  9       0        0
4 1  10      0        1
4 1  11      0        1
4 1  12      0        0
4 1  13      0        0
4 1  14      0        0
4 1  15      0        0
4 1  16      0        0
4 1  17      0        1
4 1  18      0        0
4 1  19      0        0
4 1  20      0        0
4 1  21      0        0
4 1  22      0        0
4 1  23      0        0
4 1  24      0        0
4 1  25      0        0
4 1  26      0        0
4 1  27      0        0
4 1  28      0        0
4 1  29      0        0
4 1  30      0        0
4 2  1       1        0
4 2  2       1        1
4 2  3       1        0
4 2  4       1        1
4 2  5       0        1
4 2  6       1        0
4 2  7       0        1
4 2  8       1        1
4 2  9       0        1
4 2  10      1        0
4 2  11      1        0
4 2  12      1        1
4 2  13      0        1
4 2  14      1        1
4 2  15      0        1
4 2  16      0        1
4 2  17      1        0
4 2  18      0        1
4 2  19      0        1
4 2  20      0        1
4 2  21      0        1
4 2  22      0        1
4 2  23      0        1
4 2  24      0        1
4 2  25      0        1
4 2  26      0        1
4 2  27      0        1
4 2  28      0        1
4 2  29      1        1
4 2  30      0        1
4 3  1       1         .
4 3  2       0         .
4 3  3       1         .
4 3  4       0         .
4 3  5       0         .
4 3  6       1         .
4 3  7       0         .
4 3  8       0         .
4 3  9       0         .
4 3  10      0         .
4 3  11      0         .
4 3  12      0         .
4 3  13      0         .
4 3  14      0         .
4 3  15      0         .
4 3  16      0         .
4 3  17      0         .
4 3  18      0         .
4 3  19      0         .
4 3  20      0         .
4 3  21      0         .
4 3  22      0         .
4 3  23      0         .
4 3  24      0         .
4 3  25      0         .
4 3  26      0         .
4 3  27      0         .
4 3  28      0         .
4 3  29      0         .
4 3  30      0         .
4 4  1       1         .
4 4  2       0         .
4 4  3       1         .
4 4  4       1         .
4 4  5       0         .
4 4  6       1         .
4 4  7       0         .
4 4  8       0         .
4 4  9       0         .
4 4  10      1         .
4 4  11      1         .
4 4  12      0         .
4 4  13      0         .
4 4  14      0         .
4 4  15      0         .
4 4  16      0         .
4 4  17      0         .
4 4  18      0         .
4 4  19      0         .
4 4  20      0         .
4 4  21      0         .
4 4  22      0         .
4 4  23      0         .
4 4  24      0         .
4 4  25      0         .
4 4  26      0         .
4 4  27      0         .
4 4  28      0         .
4 4  29      0         .
4 4  30      0         .
4 5  1       1         .
4 5  2       1         .
4 5  3       1         .
4 5  4       1         .
4 5  5       1         .
4 5  6       1         .
4 5  7       1         .
4 5  8       1         .
4 5  9       1         .
4 5  10      1         .
4 5  11      1         .
4 5  12      1         .
4 5  13      1         .
4 5  14      1         .
4 5  15      1         .
4 5  16      1         .
4 5  17      1         .
4 5  18      0         .
4 5  19      1         .
4 5  20      1         .
4 5  21      1         .
4 5  22      1         .
4 5  23      0         .
4 5  24      1         .
4 5  25      1         .
4 5  26      1         .
4 5  27      1         .
4 5  28      0         .
4 5  29      1         .
4 5  30      1         .
4 6  1       1         .
4 6  2       0         .
4 6  3       0         .
4 6  4       0         .
4 6  5       0         .
4 6  6       1         .
4 6  7       0         .
4 6  8       0         .
4 6  9       0         .
4 6  10      0         .
4 6  11      0         .
4 6  12      0         .
4 6  13      0         .
4 6  14      0         .
4 6  15      0         .
4 6  16      0         .
4 6  17      0         .
4 6  18      0         .
4 6  19      0         .
4 6  20      0         .
4 6  21      0         .
4 6  22      0         .
4 6  23      0         .
4 6  24      0         .
4 6  25      0         .
4 6  26      0         .
4 6  27      0         .
4 6  28      0         .
4 6  29      0         .
4 6  30      0         .
4 7  1       1         .
4 7  2       1         .
4 7  3       1         .
4 7  4       1         .
4 7  5       0         .
4 7  6       1         .
4 7  7       1         .
4 7  8       1         .
4 7  9       0         .
4 7  10      1         .
4 7  11      1         .
4 7  12      1         .
4 7  13      0         .
4 7  14      1         .
4 7  15      0         .
4 7  16      0         .
4 7  17      1         .
4 7  18      0         .
4 7  19      0         .
4 7  20      0         .
4 7  21      0         .
4 7  22      0         .
4 7  23      0         .
4 7  24      0         .
4 7  25      0         .
4 7  26      0         .
4 7  27      0         .
4 7  28      0         .
4 7  29      1         .
4 7  30      0         .
4 8  1       1         .
4 8  2       0         .
4 8  3       1         .
4 8  4       1         .
4 8  5       0         .
4 8  6       1         .
4 8  7       0         .
4 8  8       1         .
4 8  9       0         .
4 8  10      1         .
4 8  11      1         .
4 8  12      0         .
4 8  13      0         .
4 8  14      0         .
4 8  15      0         .
4 8  16      0         .
4 8  17      1         .
4 8  18      0         .
4 8  19      0         .
4 8  20      0         .
4 8  21      0         .
4 8  22      0         .
4 8  23      0         .
4 8  24      0         .
4 8  25      0         .
4 8  26      0         .
4 8  27      0         .
4 8  28      0         .
4 8  29      1         .
4 8  30      0         .
4 9  1       1         .
4 9  2       1         .
4 9  3       1         .
4 9  4       1         .
4 9  5       0         .
4 9  6       1         .
4 9  7       1         .
4 9  8       1         .
4 9  9       1         .
4 9  10      1         .
4 9  11      1         .
4 9  12      1         .
4 9  13      0         .
4 9  14      1         .
4 9  15      1         .
4 9  16      0         .
4 9  17      1         .
4 9  18      0         .
4 9  19      1         .
4 9  20      0         .
4 9  21      0         .
4 9  22      0         .
4 9  23      0         .
4 9  24      1         .
4 9  25      0         .
4 9  26      0         .
4 9  27      1         .
4 9  28      0         .
4 9  29      1         .
4 9  30      0         .
4 10 1       1         .
4 10 2       0         .
4 10 3       1         .
4 10 4       0         .
4 10 5       0         .
4 10 6       1         .
4 10 7       0         .
4 10 8       0         .
4 10 9       0         .
4 10 10      1         .
4 10 11      0         .
4 10 12      0         .
4 10 13      0         .
4 10 14      0         .
4 10 15      0         .
4 10 16      0         .
4 10 17      0         .
4 10 18      0         .
4 10 19      0         .
4 10 20      0         .
4 10 21      0         .
4 10 22      0         .
4 10 23      0         .
4 10 24      0         .
4 10 25      0         .
4 10 26      0         .
4 10 27      0         .
4 10 28      0         .
4 10 29      0         .
4 10 30      0         .
4 11 1       1         .
4 11 2       0         .
4 11 3       1         .
4 11 4       0         .
4 11 5       0         .
4 11 6       1         .
4 11 7       0         .
4 11 8       0         .
4 11 9       0         .
4 11 10      1         .
4 11 11      1         .
4 11 12      0         .
4 11 13      0         .
4 11 14      0         .
4 11 15      0         .
4 11 16      0         .
4 11 17      0         .
4 11 18      0         .
4 11 19      0         .
4 11 20      0         .
4 11 21      0         .
4 11 22      0         .
4 11 23      0         .
4 11 24      0         .
4 11 25      0         .
4 11 26      0         .
4 11 27      0         .
4 11 28      0         .
4 11 29      0         .
4 11 30      0         .
4 12 1       1         .
4 12 2       0         .
4 12 3       1         .
4 12 4       1         .
4 12 5       0         .
4 12 6       1         .
4 12 7       0         .
4 12 8       1         .
4 12 9       0         .
4 12 10      1         .
4 12 11      1         .
4 12 12      1         .
4 12 13      0         .
4 12 14      1         .
4 12 15      0         .
4 12 16      0         .
4 12 17      1         .
4 12 18      0         .
4 12 19      0         .
4 12 20      0         .
4 12 21      0         .
4 12 22      0         .
4 12 23      0         .
4 12 24      0         .
4 12 25      0         .
4 12 26      0         .
4 12 27      0         .
4 12 28      0         .
4 12 29      1         .
4 12 30      0         .
4 13 1       1         .
4 13 2       1         .
4 13 3       1         .
4 13 4       1         .
4 13 5       0         .
4 13 6       1         .
4 13 7       1         .
4 13 8       1         .
4 13 9       1         .
4 13 10      1         .
4 13 11      1         .
4 13 12      1         .
4 13 13      1         .
4 13 14      1         .
4 13 15      1         .
4 13 16      0         .
4 13 17      1         .
4 13 18      0         .
4 13 19      1         .
4 13 20      1         .
4 13 21      1         .
4 13 22      1         .
4 13 23      0         .
4 13 24      1         .
4 13 25      0         .
4 13 26      0         .
4 13 27      1         .
4 13 28      0         .
4 13 29      1         .
4 13 30      1         .
4 14 1       1         .
4 14 2       0         .
4 14 3       1         .
4 14 4       1         .
4 14 5       0         .
4 14 6       1         .
4 14 7       0         .
4 14 8       1         .
4 14 9       0         .
4 14 10      1         .
4 14 11      1         .
4 14 12      0         .
4 14 13      0         .
4 14 14      1         .
4 14 15      0         .
4 14 16      0         .
4 14 17      1         .
4 14 18      0         .
4 14 19      0         .
4 14 20      0         .
4 14 21      0         .
4 14 22      0         .
4 14 23      0         .
4 14 24      0         .
4 14 25      0         .
4 14 26      0         .
4 14 27      0         .
4 14 28      0         .
4 14 29      1         .
4 14 30      0         .
4 15 1       1         .
4 15 2       1         .
4 15 3       1         .
4 15 4       1         .
4 15 5       0         .
4 15 6       1         .
4 15 7       1         .
4 15 8       1         .
4 15 9       0         .
4 15 10      1         .
4 15 11      1         .
4 15 12      1         .
4 15 13      0         .
4 15 14      1         .
4 15 15      1         .
4 15 16      0         .
4 15 17      1         .
4 15 18      0         .
4 15 19      1         .
4 15 20      0         .
4 15 21      0         .
4 15 22      0         .
4 15 23      0         .
4 15 24      0         .
4 15 25      0         .
4 15 26      0         .
4 15 27      1         .
4 15 28      0         .
4 15 29      1         .
4 15 30      0         .
4 16 1       1         .
4 16 2       1         .
4 16 3       1         .
4 16 4       1         .
4 16 5       0         .
4 16 6       1         .
4 16 7       1         .
4 16 8       1         .
4 16 9       1         .
4 16 10      1         .
4 16 11      1         .
4 16 12      1         .
4 16 13      1         .
4 16 14      1         .
4 16 15      1         .
4 16 16      1         .
4 16 17      1         .
4 16 18      0         .
4 16 19      1         .
4 16 20      1         .
4 16 21      1         .
4 16 22      0         .
4 16 23      0         .
4 16 24      1         .
4 16 25      0         .
4 16 26      1         .
4 16 27      1         .
4 16 28      0         .
4 16 29      1         .
4 16 30      1         .
4 17 1       1         .
4 17 2       0         .
4 17 3       1         .
4 17 4       1         .
4 17 5       0         .
4 17 6       1         .
4 17 7       0         .
4 17 8       0         .
4 17 9       0         .
4 17 10      1         .
4 17 11      1         .
4 17 12      0         .
4 17 13      0         .
4 17 14      0         .
4 17 15      0         .
4 17 16      0         .
4 17 17      1         .
4 17 18      0         .
4 17 19      0         .
4 17 20      0         .
4 17 21      0         .
4 17 22      0         .
4 17 23      0         .
4 17 24      0         .
4 17 25      0         .
4 17 26      0         .
4 17 27      0         .
4 17 28      0         .
4 17 29      0         .
4 17 30      0         .
4 18 1       1         .
4 18 2       1         .
4 18 3       1         .
4 18 4       1         .
4 18 5       1         .
4 18 6       1         .
4 18 7       1         .
4 18 8       1         .
4 18 9       1         .
4 18 10      1         .
4 18 11      1         .
4 18 12      1         .
4 18 13      1         .
4 18 14      1         .
4 18 15      1         .
4 18 16      1         .
4 18 17      1         .
4 18 18      1         .
4 18 19      1         .
4 18 20      1         .
4 18 21      1         .
4 18 22      1         .
4 18 23      0         .
4 18 24      1         .
4 18 25      1         .
4 18 26      1         .
4 18 27      1         .
4 18 28      0         .
4 18 29      1         .
4 18 30      1         .
4 19 1       1         .
4 19 2       1         .
4 19 3       1         .
4 19 4       1         .
4 19 5       0         .
4 19 6       1         .
4 19 7       1         .
4 19 8       1         .
4 19 9       0         .
4 19 10      1         .
4 19 11      1         .
4 19 12      1         .
4 19 13      0         .
4 19 14      1         .
4 19 15      0         .
4 19 16      0         .
4 19 17      1         .
4 19 18      0         .
4 19 19      1         .
4 19 20      0         .
4 19 21      0         .
4 19 22      0         .
4 19 23      0         .
4 19 24      0         .
4 19 25      0         .
4 19 26      0         .
4 19 27      1         .
4 19 28      0         .
4 19 29      1         .
4 19 30      0         .
4 20 1       1         .
4 20 2       1         .
4 20 3       1         .
4 20 4       1         .
4 20 5       0         .
4 20 6       1         .
4 20 7       1         .
4 20 8       1         .
4 20 9       1         .
4 20 10      1         .
4 20 11      1         .
4 20 12      1         .
4 20 13      0         .
4 20 14      1         .
4 20 15      1         .
4 20 16      0         .
4 20 17      1         .
4 20 18      0         .
4 20 19      1         .
4 20 20      1         .
4 20 21      0         .
4 20 22      0         .
4 20 23      0         .
4 20 24      1         .
4 20 25      0         .
4 20 26      0         .
4 20 27      1         .
4 20 28      0         .
4 20 29      1         .
4 20 30      0         .
4 21 1       1         .
4 21 2       1         .
4 21 3       1         .
4 21 4       1         .
4 21 5       0         .
4 21 6       1         .
4 21 7       1         .
4 21 8       1         .
4 21 9       1         .
4 21 10      1         .
4 21 11      1         .
4 21 12      1         .
4 21 13      0         .
4 21 14      1         .
4 21 15      1         .
4 21 16      0         .
4 21 17      1         .
4 21 18      0         .
4 21 19      1         .
4 21 20      1         .
4 21 21      1         .
4 21 22      0         .
4 21 23      0         .
4 21 24      1         .
4 21 25      0         .
4 21 26      0         .
4 21 27      1         .
4 21 28      0         .
4 21 29      1         .
4 21 30      1         .
4 22 1       1         .
4 22 2       1         .
4 22 3       1         .
4 22 4       1         .
4 22 5       0         .
4 22 6       1         .
4 22 7       1         .
4 22 8       1         .
4 22 9       1         .
4 22 10      1         .
4 22 11      1         .
4 22 12      1         .
4 22 13      0         .
4 22 14      1         .
4 22 15      1         .
4 22 16      1         .
4 22 17      1         .
4 22 18      0         .
4 22 19      1         .
4 22 20      1         .
4 22 21      1         .
4 22 22      1         .
4 22 23      0         .
4 22 24      1         .
4 22 25      0         .
4 22 26      0         .
4 22 27      1         .
4 22 28      0         .
4 22 29      1         .
4 22 30      1         .
4 23 1       1         .
4 23 2       1         .
4 23 3       1         .
4 23 4       1         .
4 23 5       1         .
4 23 6       1         .
4 23 7       1         .
4 23 8       1         .
4 23 9       1         .
4 23 10      1         .
4 23 11      1         .
4 23 12      1         .
4 23 13      1         .
4 23 14      1         .
4 23 15      1         .
4 23 16      1         .
4 23 17      1         .
4 23 18      1         .
4 23 19      1         .
4 23 20      1         .
4 23 21      1         .
4 23 22      1         .
4 23 23      1         .
4 23 24      1         .
4 23 25      1         .
4 23 26      1         .
4 23 27      1         .
4 23 28      1         .
4 23 29      1         .
4 23 30      1         .
4 24 1       1         .
4 24 2       1         .
4 24 3       1         .
4 24 4       1         .
4 24 5       0         .
4 24 6       1         .
4 24 7       1         .
4 24 8       1         .
4 24 9       0         .
4 24 10      1         .
4 24 11      1         .
4 24 12      1         .
4 24 13      0         .
4 24 14      1         .
4 24 15      1         .
4 24 16      0         .
4 24 17      1         .
4 24 18      0         .
4 24 19      1         .
4 24 20      0         .
4 24 21      0         .
4 24 22      0         .
4 24 23      0         .
4 24 24      1         .
4 24 25      0         .
4 24 26      0         .
4 24 27      1         .
4 24 28      0         .
4 24 29      1         .
4 24 30      0         .
4 25 1       1         .
4 25 2       1         .
4 25 3       1         .
4 25 4       1         .
4 25 5       0         .
4 25 6       1         .
4 25 7       1         .
4 25 8       1         .
4 25 9       1         .
4 25 10      1         .
4 25 11      1         .
4 25 12      1         .
4 25 13      1         .
4 25 14      1         .
4 25 15      1         .
4 25 16      1         .
4 25 17      1         .
4 25 18      0         .
4 25 19      1         .
4 25 20      1         .
4 25 21      1         .
4 25 22      1         .
4 25 23      0         .
4 25 24      1         .
4 25 25      1         .
4 25 26      1         .
4 25 27      1         .
4 25 28      0         .
4 25 29      1         .
4 25 30      1         .
4 26 1       1         .
4 26 2       1         .
4 26 3       1         .
4 26 4       1         .
4 26 5       0         .
4 26 6       1         .
4 26 7       1         .
4 26 8       1         .
4 26 9       1         .
4 26 10      1         .
4 26 11      1         .
4 26 12      1         .
4 26 13      1         .
4 26 14      1         .
4 26 15      1         .
4 26 16      0         .
4 26 17      1         .
4 26 18      0         .
4 26 19      1         .
4 26 20      1         .
4 26 21      1         .
4 26 22      1         .
4 26 23      0         .
4 26 24      1         .
4 26 25      0         .
4 26 26      1         .
4 26 27      1         .
4 26 28      0         .
4 26 29      1         .
4 26 30      1         .
4 27 1       1         .
4 27 2       1         .
4 27 3       1         .
4 27 4       1         .
4 27 5       0         .
4 27 6       1         .
4 27 7       1         .
4 27 8       1         .
4 27 9       0         .
4 27 10      1         .
4 27 11      1         .
4 27 12      1         .
4 27 13      0         .
4 27 14      1         .
4 27 15      0         .
4 27 16      0         .
4 27 17      1         .
4 27 18      0         .
4 27 19      0         .
4 27 20      0         .
4 27 21      0         .
4 27 22      0         .
4 27 23      0         .
4 27 24      0         .
4 27 25      0         .
4 27 26      0         .
4 27 27      1         .
4 27 28      0         .
4 27 29      1         .
4 27 30      0         .
4 28 1       1         .
4 28 2       1         .
4 28 3       1         .
4 28 4       1         .
4 28 5       1         .
4 28 6       1         .
4 28 7       1         .
4 28 8       1         .
4 28 9       1         .
4 28 10      1         .
4 28 11      1         .
4 28 12      1         .
4 28 13      1         .
4 28 14      1         .
4 28 15      1         .
4 28 16      1         .
4 28 17      1         .
4 28 18      1         .
4 28 19      1         .
4 28 20      1         .
4 28 21      1         .
4 28 22      1         .
4 28 23      0         .
4 28 24      1         .
4 28 25      1         .
4 28 26      1         .
4 28 27      1         .
4 28 28      1         .
4 28 29      1         .
4 28 30      1         .
4 29 1       1         .
4 29 2       0         .
4 29 3       1         .
4 29 4       1         .
4 29 5       0         .
4 29 6       1         .
4 29 7       0         .
4 29 8       0         .
4 29 9       0         .
4 29 10      1         .
4 29 11      1         .
4 29 12      0         .
4 29 13      0         .
4 29 14      0         .
4 29 15      0         .
4 29 16      0         .
4 29 17      1         .
4 29 18      0         .
4 29 19      0         .
4 29 20      0         .
4 29 21      0         .
4 29 22      0         .
4 29 23      0         .
4 29 24      0         .
4 29 25      0         .
4 29 26      0         .
4 29 27      0         .
4 29 28      0         .
4 29 29      1         .
4 29 30      0         .
4 30 1       1         .
4 30 2       1         .
4 30 3       1         .
4 30 4       1         .
4 30 5       0         .
4 30 6       1         .
4 30 7       1         .
4 30 8       1         .
4 30 9       1         .
4 30 10      1         .
4 30 11      1         .
4 30 12      1         .
4 30 13      0         .
4 30 14      1         .
4 30 15      1         .
4 30 16      0         .
4 30 17      1         .
4 30 18      0         .
4 30 19      1         .
4 30 20      1         .
4 30 21      0         .
4 30 22      0         .
4 30 23      0         .
4 30 24      1         .
4 30 25      0         .
4 30 26      0         .
4 30 27      1         .
4 30 28      0         .
4 30 29      1         .
4 30 30      1         .
;

