:            Name          M_Time[i,4]   M_OBFV  M_Bestnode M_ResNum    :=
4   Model2_Basic_MIP_RLT      52.223     9824.51   9823.61      3
6   Model2_Basic_MIP_B_RLT    52.168     9507.8    9506.89      3
;

com_measure1 = 1
com_measure2 = 1
kappa = 7.7198
alpha = 0.7
B = 1067.44

:
                                                                                                      M_Message
 :=
4
   'CPLEX 12.6.2.0: optimal integer solution within mipgap or absmipgap; objective 9824.512943\
7740 MIP simplex iterations\
462 branch-and-bound nodes\
absmipgap = 0.903712, relmipgap = 9.19854e-05\
No basis.'
6
   'CPLEX 12.6.2.0: optimal integer solution within mipgap or absmipgap; objective 9507.800185\
7186 MIP simplex iterations\
246 branch-and-bound nodes\
absmipgap = 0.914933, relmipgap = 9.62297e-05\
No basis.'
;
: M_INDICATE    :=
;

M_Time :=
4 1     2.40625
4 2     2.549
4 3   119.531
4 4    52.223
6 1     2.40625
6 2     2.549
6 3   106.547
6 4    52.168
;

M_tau [*] :=
4  3.96273
6  3.29527
;

:      M_Cost  M_Sequence    :=
4 1    1722.89      13
4 2    8101.62      19
4 3       .          5
4 4       .          4
4 5       .         20
4 6       .         15
4 7       .         18
4 8       .          3
4 9       .          6
4 10      .          8
4 11      .          9
4 12      .         14
4 13      .         10
4 14      .          1
4 15      .         17
4 16      .         11
4 17      .          2
4 18      .         16
4 19      .          7
4 20      .         12
6 1    1067.17      13
6 2    9507.8       16
6 3       .          5
6 4       .          4
6 5       .         18
6 6       .         16
6 7       .         15
6 8       .          3
6 9       .          6
6 10      .          8
6 11      .         12
6 12      .         20
6 13      .          9
6 14      .          1
6 15      .         15
6 16      .          7
6 17      .          2
6 18      .         19
6 19      .         11
6 20      .         10
;

:       M_Vectheta M_Vecu    :=
4 1  1       1        0
4 1  2       1        1
4 1  3       0        0
4 1  4       0        0
4 1  5       1        1
4 1  6       1        0
4 1  7       1        1
4 1  8       0        0
4 1  9       0        0
4 1  10      0        0
4 1  11      0        0
4 1  12      1        0
4 1  13      0        0
4 1  14      0        0
4 1  15      1        1
4 1  16      0        0
4 1  17      0        0
4 1  18      1        0
4 1  19      0        0
4 1  20      0        0
4 2  1       0        1
4 2  2       1        0
4 2  3       0        1
4 2  4       0        1
4 2  5       1        0
4 2  6       0        1
4 2  7       0        0
4 2  8       0        1
4 2  9       0        1
4 2  10      0        1
4 2  11      0        1
4 2  12      0        1
4 2  13      0        1
4 2  14      0        1
4 2  15      0        0
4 2  16      0        1
4 2  17      0        1
4 2  18      0        1
4 2  19      0        1
4 2  20      0        1
4 3  1       1         .
4 3  2       1         .
4 3  3       1         .
4 3  4       0         .
4 3  5       1         .
4 3  6       1         .
4 3  7       1         .
4 3  8       0         .
4 3  9       1         .
4 3  10      1         .
4 3  11      1         .
4 3  12      1         .
4 3  13      1         .
4 3  14      0         .
4 3  15      1         .
4 3  16      1         .
4 3  17      0         .
4 3  18      1         .
4 3  19      1         .
4 3  20      1         .
4 4  1       1         .
4 4  2       1         .
4 4  3       1         .
4 4  4       1         .
4 4  5       1         .
4 4  6       1         .
4 4  7       1         .
4 4  8       0         .
4 4  9       1         .
4 4  10      1         .
4 4  11      1         .
4 4  12      1         .
4 4  13      1         .
4 4  14      0         .
4 4  15      1         .
4 4  16      1         .
4 4  17      0         .
4 4  18      1         .
4 4  19      1         .
4 4  20      1         .
4 5  1       0         .
4 5  2       0         .
4 5  3       0         .
4 5  4       0         .
4 5  5       1         .
4 5  6       0         .
4 5  7       0         .
4 5  8       0         .
4 5  9       0         .
4 5  10      0         .
4 5  11      0         .
4 5  12      0         .
4 5  13      0         .
4 5  14      0         .
4 5  15      0         .
4 5  16      0         .
4 5  17      0         .
4 5  18      0         .
4 5  19      0         .
4 5  20      0         .
4 6  1       0         .
4 6  2       1         .
4 6  3       0         .
4 6  4       0         .
4 6  5       1         .
4 6  6       1         .
4 6  7       1         .
4 6  8       0         .
4 6  9       0         .
4 6  10      0         .
4 6  11      0         .
4 6  12      0         .
4 6  13      0         .
4 6  14      0         .
4 6  15      1         .
4 6  16      0         .
4 6  17      0         .
4 6  18      1         .
4 6  19      0         .
4 6  20      0         .
4 7  1       0         .
4 7  2       1         .
4 7  3       0         .
4 7  4       0         .
4 7  5       1         .
4 7  6       0         .
4 7  7       1         .
4 7  8       0         .
4 7  9       0         .
4 7  10      0         .
4 7  11      0         .
4 7  12      0         .
4 7  13      0         .
4 7  14      0         .
4 7  15      0         .
4 7  16      0         .
4 7  17      0         .
4 7  18      0         .
4 7  19      0         .
4 7  20      0         .
4 8  1       1         .
4 8  2       1         .
4 8  3       1         .
4 8  4       1         .
4 8  5       1         .
4 8  6       1         .
4 8  7       1         .
4 8  8       1         .
4 8  9       1         .
4 8  10      1         .
4 8  11      1         .
4 8  12      1         .
4 8  13      1         .
4 8  14      0         .
4 8  15      1         .
4 8  16      1         .
4 8  17      0         .
4 8  18      1         .
4 8  19      1         .
4 8  20      1         .
4 9  1       1         .
4 9  2       1         .
4 9  3       0         .
4 9  4       0         .
4 9  5       1         .
4 9  6       1         .
4 9  7       1         .
4 9  8       0         .
4 9  9       1         .
4 9  10      1         .
4 9  11      1         .
4 9  12      1         .
4 9  13      1         .
4 9  14      0         .
4 9  15      1         .
4 9  16      1         .
4 9  17      0         .
4 9  18      1         .
4 9  19      1         .
4 9  20      1         .
4 10 1       1         .
4 10 2       1         .
4 10 3       0         .
4 10 4       0         .
4 10 5       1         .
4 10 6       1         .
4 10 7       1         .
4 10 8       0         .
4 10 9       0         .
4 10 10      1         .
4 10 11      1         .
4 10 12      1         .
4 10 13      1         .
4 10 14      0         .
4 10 15      1         .
4 10 16      1         .
4 10 17      0         .
4 10 18      1         .
4 10 19      0         .
4 10 20      1         .
4 11 1       1         .
4 11 2       1         .
4 11 3       0         .
4 11 4       0         .
4 11 5       1         .
4 11 6       1         .
4 11 7       1         .
4 11 8       0         .
4 11 9       0         .
4 11 10      0         .
4 11 11      1         .
4 11 12      1         .
4 11 13      1         .
4 11 14      0         .
4 11 15      1         .
4 11 16      1         .
4 11 17      0         .
4 11 18      1         .
4 11 19      0         .
4 11 20      1         .
4 12 1       0         .
4 12 2       1         .
4 12 3       0         .
4 12 4       0         .
4 12 5       1         .
4 12 6       1         .
4 12 7       1         .
4 12 8       0         .
4 12 9       0         .
4 12 10      0         .
4 12 11      0         .
4 12 12      1         .
4 12 13      0         .
4 12 14      0         .
4 12 15      1         .
4 12 16      0         .
4 12 17      0         .
4 12 18      1         .
4 12 19      0         .
4 12 20      0         .
4 13 1       1         .
4 13 2       1         .
4 13 3       0         .
4 13 4       0         .
4 13 5       1         .
4 13 6       1         .
4 13 7       1         .
4 13 8       0         .
4 13 9       0         .
4 13 10      0         .
4 13 11      0         .
4 13 12      1         .
4 13 13      1         .
4 13 14      0         .
4 13 15      1         .
4 13 16      1         .
4 13 17      0         .
4 13 18      1         .
4 13 19      0         .
4 13 20      1         .
4 14 1       1         .
4 14 2       1         .
4 14 3       1         .
4 14 4       1         .
4 14 5       1         .
4 14 6       1         .
4 14 7       1         .
4 14 8       1         .
4 14 9       1         .
4 14 10      1         .
4 14 11      1         .
4 14 12      1         .
4 14 13      1         .
4 14 14      1         .
4 14 15      1         .
4 14 16      1         .
4 14 17      1         .
4 14 18      1         .
4 14 19      1         .
4 14 20      1         .
4 15 1       0         .
4 15 2       1         .
4 15 3       0         .
4 15 4       0         .
4 15 5       1         .
4 15 6       0         .
4 15 7       1         .
4 15 8       0         .
4 15 9       0         .
4 15 10      0         .
4 15 11      0         .
4 15 12      0         .
4 15 13      0         .
4 15 14      0         .
4 15 15      1         .
4 15 16      0         .
4 15 17      0         .
4 15 18      0         .
4 15 19      0         .
4 15 20      0         .
4 16 1       1         .
4 16 2       1         .
4 16 3       0         .
4 16 4       0         .
4 16 5       1         .
4 16 6       1         .
4 16 7       1         .
4 16 8       0         .
4 16 9       0         .
4 16 10      0         .
4 16 11      0         .
4 16 12      1         .
4 16 13      0         .
4 16 14      0         .
4 16 15      1         .
4 16 16      1         .
4 16 17      0         .
4 16 18      1         .
4 16 19      0         .
4 16 20      1         .
4 17 1       1         .
4 17 2       1         .
4 17 3       1         .
4 17 4       1         .
4 17 5       1         .
4 17 6       1         .
4 17 7       1         .
4 17 8       1         .
4 17 9       1         .
4 17 10      1         .
4 17 11      1         .
4 17 12      1         .
4 17 13      1         .
4 17 14      0         .
4 17 15      1         .
4 17 16      1         .
4 17 17      1         .
4 17 18      1         .
4 17 19      1         .
4 17 20      1         .
4 18 1       0         .
4 18 2       1         .
4 18 3       0         .
4 18 4       0         .
4 18 5       1         .
4 18 6       0         .
4 18 7       1         .
4 18 8       0         .
4 18 9       0         .
4 18 10      0         .
4 18 11      0         .
4 18 12      0         .
4 18 13      0         .
4 18 14      0         .
4 18 15      1         .
4 18 16      0         .
4 18 17      0         .
4 18 18      1         .
4 18 19      0         .
4 18 20      0         .
4 19 1       1         .
4 19 2       1         .
4 19 3       0         .
4 19 4       0         .
4 19 5       1         .
4 19 6       1         .
4 19 7       1         .
4 19 8       0         .
4 19 9       0         .
4 19 10      1         .
4 19 11      1         .
4 19 12      1         .
4 19 13      1         .
4 19 14      0         .
4 19 15      1         .
4 19 16      1         .
4 19 17      0         .
4 19 18      1         .
4 19 19      1         .
4 19 20      1         .
4 20 1       1         .
4 20 2       1         .
4 20 3       0         .
4 20 4       0         .
4 20 5       1         .
4 20 6       1         .
4 20 7       1         .
4 20 8       0         .
4 20 9       0         .
4 20 10      0         .
4 20 11      0         .
4 20 12      1         .
4 20 13      0         .
4 20 14      0         .
4 20 15      1         .
4 20 16      0         .
4 20 17      0         .
4 20 18      1         .
4 20 19      0         .
4 20 20      1         .
6 1  1       1        1
6 1  2       1        1
6 1  3       0        0
6 1  4       0        0
6 1  5       1        1
6 1  6       1        1
6 1  7       1        1
6 1  8       0        0
6 1  9       0        0
6 1  10      0        0
6 1  11      0        1
6 1  12      1        1
6 1  13      0        0
6 1  14      0        0
6 1  15      1        1
6 1  16      0        0
6 1  17      0        0
6 1  18      1        1
6 1  19      0        1
6 1  20      0        0
6 2  1       0        0
6 2  2       1        0
6 2  3       0        1
6 2  4       0        1
6 2  5       1        0
6 2  6       0        0
6 2  7       0        0
6 2  8       0        1
6 2  9       0        1
6 2  10      0        1
6 2  11      0        0
6 2  12      1        0
6 2  13      0        1
6 2  14      0        1
6 2  15      1        0
6 2  16      0        1
6 2  17      0        1
6 2  18      1        0
6 2  19      0        0
6 2  20      0        1
6 3  1       1         .
6 3  2       1         .
6 3  3       1         .
6 3  4       0         .
6 3  5       1         .
6 3  6       1         .
6 3  7       1         .
6 3  8       0         .
6 3  9       1         .
6 3  10      1         .
6 3  11      1         .
6 3  12      1         .
6 3  13      1         .
6 3  14      0         .
6 3  15      1         .
6 3  16      1         .
6 3  17      0         .
6 3  18      1         .
6 3  19      1         .
6 3  20      1         .
6 4  1       1         .
6 4  2       1         .
6 4  3       1         .
6 4  4       1         .
6 4  5       1         .
6 4  6       1         .
6 4  7       1         .
6 4  8       0         .
6 4  9       1         .
6 4  10      1         .
6 4  11      1         .
6 4  12      1         .
6 4  13      1         .
6 4  14      0         .
6 4  15      1         .
6 4  16      1         .
6 4  17      0         .
6 4  18      1         .
6 4  19      1         .
6 4  20      1         .
6 5  1       0         .
6 5  2       0         .
6 5  3       0         .
6 5  4       0         .
6 5  5       1         .
6 5  6       0         .
6 5  7       0         .
6 5  8       0         .
6 5  9       0         .
6 5  10      0         .
6 5  11      0         .
6 5  12      1         .
6 5  13      0         .
6 5  14      0         .
6 5  15      0         .
6 5  16      0         .
6 5  17      0         .
6 5  18      1         .
6 5  19      0         .
6 5  20      0         .
6 6  1       0         .
6 6  2       1         .
6 6  3       0         .
6 6  4       0         .
6 6  5       1         .
6 6  6       1         .
6 6  7       0         .
6 6  8       0         .
6 6  9       0         .
6 6  10      0         .
6 6  11      0         .
6 6  12      1         .
6 6  13      0         .
6 6  14      0         .
6 6  15      0         .
6 6  16      0         .
6 6  17      0         .
6 6  18      1         .
6 6  19      0         .
6 6  20      0         .
6 7  1       0         .
6 7  2       1         .
6 7  3       0         .
6 7  4       0         .
6 7  5       1         .
6 7  6       1         .
6 7  7       1         .
6 7  8       0         .
6 7  9       0         .
6 7  10      0         .
6 7  11      0         .
6 7  12      1         .
6 7  13      0         .
6 7  14      0         .
6 7  15      0         .
6 7  16      0         .
6 7  17      0         .
6 7  18      1         .
6 7  19      0         .
6 7  20      0         .
6 8  1       1         .
6 8  2       1         .
6 8  3       1         .
6 8  4       1         .
6 8  5       1         .
6 8  6       1         .
6 8  7       1         .
6 8  8       1         .
6 8  9       1         .
6 8  10      1         .
6 8  11      1         .
6 8  12      1         .
6 8  13      1         .
6 8  14      0         .
6 8  15      1         .
6 8  16      1         .
6 8  17      0         .
6 8  18      1         .
6 8  19      1         .
6 8  20      1         .
6 9  1       1         .
6 9  2       1         .
6 9  3       0         .
6 9  4       0         .
6 9  5       1         .
6 9  6       1         .
6 9  7       1         .
6 9  8       0         .
6 9  9       1         .
6 9  10      1         .
6 9  11      1         .
6 9  12      1         .
6 9  13      1         .
6 9  14      0         .
6 9  15      1         .
6 9  16      1         .
6 9  17      0         .
6 9  18      1         .
6 9  19      1         .
6 9  20      1         .
6 10 1       1         .
6 10 2       1         .
6 10 3       0         .
6 10 4       0         .
6 10 5       1         .
6 10 6       1         .
6 10 7       1         .
6 10 8       0         .
6 10 9       0         .
6 10 10      1         .
6 10 11      1         .
6 10 12      1         .
6 10 13      1         .
6 10 14      0         .
6 10 15      1         .
6 10 16      0         .
6 10 17      0         .
6 10 18      1         .
6 10 19      1         .
6 10 20      1         .
6 11 1       1         .
6 11 2       1         .
6 11 3       0         .
6 11 4       0         .
6 11 5       1         .
6 11 6       1         .
6 11 7       1         .
6 11 8       0         .
6 11 9       0         .
6 11 10      0         .
6 11 11      1         .
6 11 12      1         .
6 11 13      0         .
6 11 14      0         .
6 11 15      1         .
6 11 16      0         .
6 11 17      0         .
6 11 18      1         .
6 11 19      0         .
6 11 20      0         .
6 12 1       0         .
6 12 2       0         .
6 12 3       0         .
6 12 4       0         .
6 12 5       0         .
6 12 6       0         .
6 12 7       0         .
6 12 8       0         .
6 12 9       0         .
6 12 10      0         .
6 12 11      0         .
6 12 12      1         .
6 12 13      0         .
6 12 14      0         .
6 12 15      0         .
6 12 16      0         .
6 12 17      0         .
6 12 18      0         .
6 12 19      0         .
6 12 20      0         .
6 13 1       1         .
6 13 2       1         .
6 13 3       0         .
6 13 4       0         .
6 13 5       1         .
6 13 6       1         .
6 13 7       1         .
6 13 8       0         .
6 13 9       0         .
6 13 10      0         .
6 13 11      1         .
6 13 12      1         .
6 13 13      1         .
6 13 14      0         .
6 13 15      1         .
6 13 16      0         .
6 13 17      0         .
6 13 18      1         .
6 13 19      1         .
6 13 20      1         .
6 14 1       1         .
6 14 2       1         .
6 14 3       1         .
6 14 4       1         .
6 14 5       1         .
6 14 6       1         .
6 14 7       1         .
6 14 8       1         .
6 14 9       1         .
6 14 10      1         .
6 14 11      1         .
6 14 12      1         .
6 14 13      1         .
6 14 14      1         .
6 14 15      1         .
6 14 16      1         .
6 14 17      1         .
6 14 18      1         .
6 14 19      1         .
6 14 20      1         .
6 15 1       0         .
6 15 2       0         .
6 15 3       0         .
6 15 4       0         .
6 15 5       1         .
6 15 6       1         .
6 15 7       1         .
6 15 8       0         .
6 15 9       0         .
6 15 10      0         .
6 15 11      0         .
6 15 12      1         .
6 15 13      0         .
6 15 14      0         .
6 15 15      1         .
6 15 16      0         .
6 15 17      0         .
6 15 18      1         .
6 15 19      0         .
6 15 20      0         .
6 16 1       1         .
6 16 2       1         .
6 16 3       0         .
6 16 4       0         .
6 16 5       1         .
6 16 6       1         .
6 16 7       1         .
6 16 8       0         .
6 16 9       0         .
6 16 10      1         .
6 16 11      1         .
6 16 12      1         .
6 16 13      1         .
6 16 14      0         .
6 16 15      1         .
6 16 16      1         .
6 16 17      0         .
6 16 18      1         .
6 16 19      1         .
6 16 20      1         .
6 17 1       1         .
6 17 2       1         .
6 17 3       1         .
6 17 4       1         .
6 17 5       1         .
6 17 6       1         .
6 17 7       1         .
6 17 8       1         .
6 17 9       1         .
6 17 10      1         .
6 17 11      1         .
6 17 12      1         .
6 17 13      1         .
6 17 14      0         .
6 17 15      1         .
6 17 16      1         .
6 17 17      1         .
6 17 18      1         .
6 17 19      1         .
6 17 20      1         .
6 18 1       0         .
6 18 2       0         .
6 18 3       0         .
6 18 4       0         .
6 18 5       0         .
6 18 6       0         .
6 18 7       0         .
6 18 8       0         .
6 18 9       0         .
6 18 10      0         .
6 18 11      0         .
6 18 12      1         .
6 18 13      0         .
6 18 14      0         .
6 18 15      0         .
6 18 16      0         .
6 18 17      0         .
6 18 18      1         .
6 18 19      0         .
6 18 20      0         .
6 19 1       1         .
6 19 2       1         .
6 19 3       0         .
6 19 4       0         .
6 19 5       1         .
6 19 6       1         .
6 19 7       1         .
6 19 8       0         .
6 19 9       0         .
6 19 10      0         .
6 19 11      1         .
6 19 12      1         .
6 19 13      0         .
6 19 14      0         .
6 19 15      1         .
6 19 16      0         .
6 19 17      0         .
6 19 18      1         .
6 19 19      1         .
6 19 20      0         .
6 20 1       1         .
6 20 2       1         .
6 20 3       0         .
6 20 4       0         .
6 20 5       1         .
6 20 6       1         .
6 20 7       1         .
6 20 8       0         .
6 20 9       0         .
6 20 10      0         .
6 20 11      1         .
6 20 12      1         .
6 20 13      0         .
6 20 14      0         .
6 20 15      1         .
6 20 16      0         .
6 20 17      0         .
6 20 18      1         .
6 20 19      1         .
6 20 20      1         .
;

