:              Name            M_Time[i,4]   M_OBFV  M_Bestnode M_ResNum    :=
2   Model_Basic_MIP_Sym           7201.94    3168.81   2537.04     422
3   Model_Basic_MIP_Hybrid        1494.24    3080.57   3080.57     102
4   Model_Basic_MIP_Hybrid_RLT    5757.01    3080.57   3080.57       2
;

com_measure1 = 0.61441
com_measure2 = 0.96568
tau = 2.02501
kappa = 4.01158
alpha = 0.9
B = 251.54

:
                                                                                                                                                               M_Message
 :=
2
   'CPLEX 12.6.2.0: time limit with integer solution; objective 3168.81\
3075838 MIP simplex iterations\
12552 branch-and-bound nodes\
absmipgap = 631.775, relmipgap = 0.199373\
No basis.'
3
   'CPLEX 12.6.2.0: optimal (non-)integer solution; objective 3080.566415\
494339 MIP simplex iterations\
42530 branch-and-bound nodes\
absmipgap = 4.54747e-13, relmipgap = 1.47618e-16\
No basis.\
2 integer variables rounded (maxerr = 7.76839e-06).\
Assigning integrality = 4e-06 might help.\
Currently integrality = 1e-05.'
4
   'CPLEX 12.6.2.0: optimal integer solution; objective 3080.566415\
2119770 MIP simplex iterations\
28453 branch-and-bound nodes\
No basis.'
;
: M_INDICATE    :=
2      1
;

M_Time :=
2 1       3.84375
2 2       4.095
2 3   18044.6
2 4    7201.94
3 1       3.84375
3 2       4.095
3 3    4023.7
3 4    1494.24
4 1       3.84375
4 2       4.095
4 3   18436.4
4 4    5757.01
;

M_tau [*] :=
2  0
3  2.02501
4  2.02501
;

:      M_Cost  M_Sequence    :=
2 1     451.63       8
2 2    2717.18       9
2 3       .         10
2 4       .          7
2 5       .          5
2 6       .          2
2 7       .          6
2 8       .          1
2 9       .          4
2 10      .          3
3 1     401.74       6
3 2    2678.83       8
3 3       .         10
3 4       .          9
3 5       .          7
3 6       .          3
3 7       .          5
3 8       .          1
3 9       .          3
3 10      .          3
4 1     401.74       6
4 2    2678.83       8
4 3       .         10
4 4       .          9
4 5       .          7
4 6       .          3
4 7       .          5
4 8       .          1
4 9       .          3
4 10      .          3
;

:       M_Vectheta M_Vecu    :=
2 1  1       1        0
2 1  2       1        0
2 1  3       1        1
2 1  4       0        0
2 1  5       0        0
2 1  6       0        0
2 1  7       0        0
2 1  8       0        0
2 1  9       0        0
2 1  10      0        0
2 2  1       0        1
2 2  2       1        1
2 2  3       1        0
2 2  4       0        1
2 2  5       0        1
2 2  6       0        1
2 2  7       0        1
2 2  8       0        1
2 2  9       0        1
2 2  10      0        1
2 3  1       0         .
2 3  2       0         .
2 3  3       1         .
2 3  4       0         .
2 3  5       0         .
2 3  6       0         .
2 3  7       0         .
2 3  8       0         .
2 3  9       0         .
2 3  10      0         .
2 4  1       1         .
2 4  2       1         .
2 4  3       1         .
2 4  4       1         .
2 4  5       0         .
2 4  6       0         .
2 4  7       0         .
2 4  8       0         .
2 4  9       0         .
2 4  10      0         .
2 5  1       1         .
2 5  2       1         .
2 5  3       1         .
2 5  4       1         .
2 5  5       1         .
2 5  6       0         .
2 5  7       1         .
2 5  8       0         .
2 5  9       0         .
2 5  10      0         .
2 6  1       1         .
2 6  2       1         .
2 6  3       1         .
2 6  4       1         .
2 6  5       1         .
2 6  6       1         .
2 6  7       1         .
2 6  8       0         .
2 6  9       1         .
2 6  10      1         .
2 7  1       1         .
2 7  2       1         .
2 7  3       1         .
2 7  4       1         .
2 7  5       0         .
2 7  6       0         .
2 7  7       1         .
2 7  8       0         .
2 7  9       0         .
2 7  10      0         .
2 8  1       1         .
2 8  2       1         .
2 8  3       1         .
2 8  4       1         .
2 8  5       1         .
2 8  6       1         .
2 8  7       1         .
2 8  8       1         .
2 8  9       1         .
2 8  10      1         .
2 9  1       1         .
2 9  2       1         .
2 9  3       1         .
2 9  4       1         .
2 9  5       1         .
2 9  6       0         .
2 9  7       1         .
2 9  8       0         .
2 9  9       1         .
2 9  10      0         .
2 10 1       1         .
2 10 2       1         .
2 10 3       1         .
2 10 4       1         .
2 10 5       1         .
2 10 6       0         .
2 10 7       1         .
2 10 8       0         .
2 10 9       1         .
2 10 10      1         .
3 1  1       1        0
3 1  2       1        0
3 1  3       1        1
3 1  4       1        1
3 1  5       1        0
3 1  6       0        0
3 1  7       0        0
3 1  8       0        0
3 1  9       0        0
3 1  10      0        0
3 2  1       0        1
3 2  2       1        1
3 2  3       1        0
3 2  4       1        0
3 2  5       0        1
3 2  6       0        1
3 2  7       0        1
3 2  8       0        1
3 2  9       0        1
3 2  10      0        1
3 3  1       0         .
3 3  2       0         .
3 3  3       1         .
3 3  4       0         .
3 3  5       0         .
3 3  6       0         .
3 3  7       0         .
3 3  8       0         .
3 3  9       0         .
3 3  10      0         .
3 4  1       0         .
3 4  2       0         .
3 4  3       1         .
3 4  4       1         .
3 4  5       0         .
3 4  6       0         .
3 4  7       0         .
3 4  8       0         .
3 4  9       0         .
3 4  10      0         .
3 5  1       0         .
3 5  2       1         .
3 5  3       1         .
3 5  4       1         .
3 5  5       1         .
3 5  6       0         .
3 5  7       0         .
3 5  8       0         .
3 5  9       0         .
3 5  10      0         .
3 6  1       1         .
3 6  2       1         .
3 6  3       1         .
3 6  4       1         .
3 6  5       1         .
3 6  6       1         .
3 6  7       1         .
3 6  8       0         .
3 6  9       0         .
3 6  10      1         .
3 7  1       1         .
3 7  2       1         .
3 7  3       1         .
3 7  4       1         .
3 7  5       1         .
3 7  6       0         .
3 7  7       1         .
3 7  8       0         .
3 7  9       0         .
3 7  10      0         .
3 8  1       1         .
3 8  2       1         .
3 8  3       1         .
3 8  4       1         .
3 8  5       1         .
3 8  6       1         .
3 8  7       1         .
3 8  8       1         .
3 8  9       1         .
3 8  10      1         .
3 9  1       1         .
3 9  2       1         .
3 9  3       1         .
3 9  4       1         .
3 9  5       1         .
3 9  6       1         .
3 9  7       1         .
3 9  8       0         .
3 9  9       1         .
3 9  10      0         .
3 10 1       1         .
3 10 2       1         .
3 10 3       1         .
3 10 4       1         .
3 10 5       1         .
3 10 6       0         .
3 10 7       1         .
3 10 8       0         .
3 10 9       1         .
3 10 10      1         .
4 1  1       1        0
4 1  2       1        0
4 1  3       1        1
4 1  4       1        1
4 1  5       1        0
4 1  6       0        0
4 1  7       0        0
4 1  8       0        0
4 1  9       0        0
4 1  10      0        0
4 2  1       0        1
4 2  2       1        1
4 2  3       1        0
4 2  4       1        0
4 2  5       0        1
4 2  6       0        1
4 2  7       0        1
4 2  8       0        1
4 2  9       0        1
4 2  10      0        1
4 3  1       0         .
4 3  2       0         .
4 3  3       1         .
4 3  4       0         .
4 3  5       0         .
4 3  6       0         .
4 3  7       0         .
4 3  8       0         .
4 3  9       0         .
4 3  10      0         .
4 4  1       0         .
4 4  2       0         .
4 4  3       1         .
4 4  4       1         .
4 4  5       0         .
4 4  6       0         .
4 4  7       0         .
4 4  8       0         .
4 4  9       0         .
4 4  10      0         .
4 5  1       0         .
4 5  2       1         .
4 5  3       1         .
4 5  4       1         .
4 5  5       1         .
4 5  6       0         .
4 5  7       0         .
4 5  8       0         .
4 5  9       0         .
4 5  10      0         .
4 6  1       1         .
4 6  2       1         .
4 6  3       1         .
4 6  4       1         .
4 6  5       1         .
4 6  6       1         .
4 6  7       1         .
4 6  8       0         .
4 6  9       0         .
4 6  10      1         .
4 7  1       1         .
4 7  2       1         .
4 7  3       1         .
4 7  4       1         .
4 7  5       1         .
4 7  6       0         .
4 7  7       1         .
4 7  8       0         .
4 7  9       0         .
4 7  10      0         .
4 8  1       1         .
4 8  2       1         .
4 8  3       1         .
4 8  4       1         .
4 8  5       1         .
4 8  6       1         .
4 8  7       1         .
4 8  8       1         .
4 8  9       1         .
4 8  10      1         .
4 9  1       1         .
4 9  2       1         .
4 9  3       1         .
4 9  4       1         .
4 9  5       1         .
4 9  6       1         .
4 9  7       1         .
4 9  8       0         .
4 9  9       1         .
4 9  10      0         .
4 10 1       1         .
4 10 2       1         .
4 10 3       1         .
4 10 4       1         .
4 10 5       1         .
4 10 6       0         .
4 10 7       1         .
4 10 8       0         .
4 10 9       1         .
4 10 10      1         .
;

