:            Name          M_Time[i,4]   M_OBFV  M_Bestnode M_ResNum    :=
4   Model2_Basic_MIP_RLT      7235.19    19354     19088.9     422
6   Model2_Basic_MIP_B_RLT    7250.99    18791.7   18652.8     422
;

com_measure1 = 1
com_measure2 = 1
tau = 5.91929
kappa = 10.0319
alpha = 0.9
B = 1571.69

:
                                                                                           M_Message
 :=
4
   'CPLEX 12.6.2.0: time limit with integer solution; objective 19353.9806\
5595 MIP simplex iterations\
0 branch-and-bound nodes\
absmipgap = 265.106, relmipgap = 0.0136977\
No basis.'
6
   'CPLEX 12.6.2.0: time limit with integer solution; objective 18791.72086\
13058 MIP simplex iterations\
0 branch-and-bound nodes\
absmipgap = 138.891, relmipgap = 0.00739106\
No basis.'
;
: M_INDICATE    :=
4      1
6      1
;

M_Time :=
4 1     168.359
4 2     176.851
4 3   13889.7
4 4    7235.19
6 1     168.359
6 2     176.851
6 3   13712.4
6 4    7250.99
;

M_tau [*] :=
4  7.15229
6  5.91929
;

:       M_Cost  M_Sequence    :=
4 1     2485.59       9
4 2    16868.4       10
4 3        .          3
4 4        .          8
4 5        .         20
4 6        .         17
4 7        .         21
4 8        .         25
4 9        .          6
4 10       .         18
4 11       .         12
4 12       .          4
4 13       .         23
4 14       .         24
4 15       .         14
4 16       .         13
4 17       .          6
4 18       .          2
4 19       .         16
4 20       .         15
4 21       .         10
4 22       .         19
4 23       .          1
4 24       .         22
4 25       .          7
6 1     1565.14      14
6 2    18791.7       10
6 3        .          3
6 4        .          9
6 5        .         20
6 6        .         18
6 7        .         17
6 8        .         25
6 9        .          7
6 10       .         19
6 11       .         11
6 12       .          6
6 13       .         21
6 14       .         22
6 15       .         16
6 16       .         12
6 17       .          5
6 18       .          2
6 19       .         13
6 20       .         15
6 21       .          8
6 22       .         24
6 23       .          1
6 24       .         23
6 25       .          4
;

:       M_Vectheta M_Vecu    :=
4 1  1       1        0
4 1  2       0        0
4 1  3       0        0
4 1  4       0        0
4 1  5       1        0
4 1  6       1        0
4 1  7       1        1
4 1  8       1        1
4 1  9       0        0
4 1  10      1        0
4 1  11      1        0
4 1  12      0        0
4 1  13      1        1
4 1  14      1        1
4 1  15      1        0
4 1  16      1        0
4 1  17      0        0
4 1  18      0        0
4 1  19      1        0
4 1  20      1        0
4 1  21      1        0
4 1  22      1        0
4 1  23      0        0
4 1  24      1        1
4 1  25      1        0
4 2  1       1        1
4 2  2       1        1
4 2  3       0        1
4 2  4       0        1
4 2  5       1        1
4 2  6       1        1
4 2  7       1        0
4 2  8       1        0
4 2  9       0        1
4 2  10      1        1
4 2  11      1        1
4 2  12      0        1
4 2  13      1        0
4 2  14      1        0
4 2  15      1        1
4 2  16      1        1
4 2  17      0        1
4 2  18      0        1
4 2  19      1        1
4 2  20      1        1
4 2  21      0        1
4 2  22      1        1
4 2  23      0        1
4 2  24      1        0
4 2  25      0        1
4 3  1       1         .
4 3  2       1         .
4 3  3       1         .
4 3  4       1         .
4 3  5       1         .
4 3  6       1         .
4 3  7       1         .
4 3  8       1         .
4 3  9       1         .
4 3  10      1         .
4 3  11      1         .
4 3  12      1         .
4 3  13      1         .
4 3  14      1         .
4 3  15      1         .
4 3  16      1         .
4 3  17      1         .
4 3  18      0         .
4 3  19      1         .
4 3  20      1         .
4 3  21      1         .
4 3  22      1         .
4 3  23      0         .
4 3  24      1         .
4 3  25      1         .
4 4  1       1         .
4 4  2       1         .
4 4  3       0         .
4 4  4       1         .
4 4  5       1         .
4 4  6       1         .
4 4  7       1         .
4 4  8       1         .
4 4  9       0         .
4 4  10      1         .
4 4  11      1         .
4 4  12      0         .
4 4  13      1         .
4 4  14      1         .
4 4  15      1         .
4 4  16      1         .
4 4  17      0         .
4 4  18      0         .
4 4  19      1         .
4 4  20      1         .
4 4  21      1         .
4 4  22      1         .
4 4  23      0         .
4 4  24      1         .
4 4  25      0         .
4 5  1       0         .
4 5  2       0         .
4 5  3       0         .
4 5  4       0         .
4 5  5       1         .
4 5  6       0         .
4 5  7       1         .
4 5  8       1         .
4 5  9       0         .
4 5  10      0         .
4 5  11      0         .
4 5  12      0         .
4 5  13      1         .
4 5  14      1         .
4 5  15      0         .
4 5  16      0         .
4 5  17      0         .
4 5  18      0         .
4 5  19      0         .
4 5  20      0         .
4 5  21      0         .
4 5  22      0         .
4 5  23      0         .
4 5  24      1         .
4 5  25      0         .
4 6  1       0         .
4 6  2       0         .
4 6  3       0         .
4 6  4       0         .
4 6  5       1         .
4 6  6       1         .
4 6  7       1         .
4 6  8       1         .
4 6  9       0         .
4 6  10      1         .
4 6  11      0         .
4 6  12      0         .
4 6  13      1         .
4 6  14      1         .
4 6  15      0         .
4 6  16      0         .
4 6  17      0         .
4 6  18      0         .
4 6  19      0         .
4 6  20      0         .
4 6  21      0         .
4 6  22      1         .
4 6  23      0         .
4 6  24      1         .
4 6  25      0         .
4 7  1       0         .
4 7  2       0         .
4 7  3       0         .
4 7  4       0         .
4 7  5       0         .
4 7  6       0         .
4 7  7       1         .
4 7  8       1         .
4 7  9       0         .
4 7  10      0         .
4 7  11      0         .
4 7  12      0         .
4 7  13      1         .
4 7  14      1         .
4 7  15      0         .
4 7  16      0         .
4 7  17      0         .
4 7  18      0         .
4 7  19      0         .
4 7  20      0         .
4 7  21      0         .
4 7  22      0         .
4 7  23      0         .
4 7  24      1         .
4 7  25      0         .
4 8  1       0         .
4 8  2       0         .
4 8  3       0         .
4 8  4       0         .
4 8  5       0         .
4 8  6       0         .
4 8  7       0         .
4 8  8       1         .
4 8  9       0         .
4 8  10      0         .
4 8  11      0         .
4 8  12      0         .
4 8  13      0         .
4 8  14      0         .
4 8  15      0         .
4 8  16      0         .
4 8  17      0         .
4 8  18      0         .
4 8  19      0         .
4 8  20      0         .
4 8  21      0         .
4 8  22      0         .
4 8  23      0         .
4 8  24      0         .
4 8  25      0         .
4 9  1       1         .
4 9  2       1         .
4 9  3       0         .
4 9  4       1         .
4 9  5       1         .
4 9  6       1         .
4 9  7       1         .
4 9  8       1         .
4 9  9       1         .
4 9  10      1         .
4 9  11      1         .
4 9  12      0         .
4 9  13      1         .
4 9  14      1         .
4 9  15      1         .
4 9  16      1         .
4 9  17      0         .
4 9  18      0         .
4 9  19      1         .
4 9  20      1         .
4 9  21      1         .
4 9  22      1         .
4 9  23      0         .
4 9  24      1         .
4 9  25      1         .
4 10 1       0         .
4 10 2       0         .
4 10 3       0         .
4 10 4       0         .
4 10 5       1         .
4 10 6       0         .
4 10 7       1         .
4 10 8       1         .
4 10 9       0         .
4 10 10      1         .
4 10 11      0         .
4 10 12      0         .
4 10 13      1         .
4 10 14      1         .
4 10 15      0         .
4 10 16      0         .
4 10 17      0         .
4 10 18      0         .
4 10 19      0         .
4 10 20      0         .
4 10 21      0         .
4 10 22      1         .
4 10 23      0         .
4 10 24      1         .
4 10 25      0         .
4 11 1       0         .
4 11 2       0         .
4 11 3       0         .
4 11 4       0         .
4 11 5       1         .
4 11 6       1         .
4 11 7       1         .
4 11 8       1         .
4 11 9       0         .
4 11 10      1         .
4 11 11      1         .
4 11 12      0         .
4 11 13      1         .
4 11 14      1         .
4 11 15      1         .
4 11 16      1         .
4 11 17      0         .
4 11 18      0         .
4 11 19      1         .
4 11 20      1         .
4 11 21      0         .
4 11 22      1         .
4 11 23      0         .
4 11 24      1         .
4 11 25      0         .
4 12 1       1         .
4 12 2       1         .
4 12 3       0         .
4 12 4       1         .
4 12 5       1         .
4 12 6       1         .
4 12 7       1         .
4 12 8       1         .
4 12 9       1         .
4 12 10      1         .
4 12 11      1         .
4 12 12      1         .
4 12 13      1         .
4 12 14      1         .
4 12 15      1         .
4 12 16      1         .
4 12 17      1         .
4 12 18      0         .
4 12 19      1         .
4 12 20      1         .
4 12 21      1         .
4 12 22      1         .
4 12 23      0         .
4 12 24      1         .
4 12 25      1         .
4 13 1       0         .
4 13 2       0         .
4 13 3       0         .
4 13 4       0         .
4 13 5       0         .
4 13 6       0         .
4 13 7       0         .
4 13 8       1         .
4 13 9       0         .
4 13 10      0         .
4 13 11      0         .
4 13 12      0         .
4 13 13      1         .
4 13 14      1         .
4 13 15      0         .
4 13 16      0         .
4 13 17      0         .
4 13 18      0         .
4 13 19      0         .
4 13 20      0         .
4 13 21      0         .
4 13 22      0         .
4 13 23      0         .
4 13 24      0         .
4 13 25      0         .
4 14 1       0         .
4 14 2       0         .
4 14 3       0         .
4 14 4       0         .
4 14 5       0         .
4 14 6       0         .
4 14 7       0         .
4 14 8       1         .
4 14 9       0         .
4 14 10      0         .
4 14 11      0         .
4 14 12      0         .
4 14 13      0         .
4 14 14      1         .
4 14 15      0         .
4 14 16      0         .
4 14 17      0         .
4 14 18      0         .
4 14 19      0         .
4 14 20      0         .
4 14 21      0         .
4 14 22      0         .
4 14 23      0         .
4 14 24      0         .
4 14 25      0         .
4 15 1       0         .
4 15 2       0         .
4 15 3       0         .
4 15 4       0         .
4 15 5       1         .
4 15 6       1         .
4 15 7       1         .
4 15 8       1         .
4 15 9       0         .
4 15 10      1         .
4 15 11      0         .
4 15 12      0         .
4 15 13      1         .
4 15 14      1         .
4 15 15      1         .
4 15 16      0         .
4 15 17      0         .
4 15 18      0         .
4 15 19      1         .
4 15 20      1         .
4 15 21      0         .
4 15 22      1         .
4 15 23      0         .
4 15 24      1         .
4 15 25      0         .
4 16 1       0         .
4 16 2       0         .
4 16 3       0         .
4 16 4       0         .
4 16 5       1         .
4 16 6       1         .
4 16 7       1         .
4 16 8       1         .
4 16 9       0         .
4 16 10      1         .
4 16 11      0         .
4 16 12      0         .
4 16 13      1         .
4 16 14      1         .
4 16 15      1         .
4 16 16      1         .
4 16 17      0         .
4 16 18      0         .
4 16 19      1         .
4 16 20      1         .
4 16 21      0         .
4 16 22      1         .
4 16 23      0         .
4 16 24      1         .
4 16 25      0         .
4 17 1       1         .
4 17 2       1         .
4 17 3       0         .
4 17 4       1         .
4 17 5       1         .
4 17 6       1         .
4 17 7       1         .
4 17 8       1         .
4 17 9       1         .
4 17 10      1         .
4 17 11      1         .
4 17 12      0         .
4 17 13      1         .
4 17 14      1         .
4 17 15      1         .
4 17 16      1         .
4 17 17      1         .
4 17 18      0         .
4 17 19      1         .
4 17 20      1         .
4 17 21      1         .
4 17 22      1         .
4 17 23      0         .
4 17 24      1         .
4 17 25      0         .
4 18 1       1         .
4 18 2       1         .
4 18 3       1         .
4 18 4       1         .
4 18 5       1         .
4 18 6       1         .
4 18 7       1         .
4 18 8       1         .
4 18 9       1         .
4 18 10      1         .
4 18 11      1         .
4 18 12      1         .
4 18 13      1         .
4 18 14      1         .
4 18 15      1         .
4 18 16      1         .
4 18 17      1         .
4 18 18      1         .
4 18 19      1         .
4 18 20      1         .
4 18 21      1         .
4 18 22      1         .
4 18 23      0         .
4 18 24      1         .
4 18 25      1         .
4 19 1       0         .
4 19 2       0         .
4 19 3       0         .
4 19 4       0         .
4 19 5       1         .
4 19 6       1         .
4 19 7       1         .
4 19 8       1         .
4 19 9       0         .
4 19 10      1         .
4 19 11      0         .
4 19 12      0         .
4 19 13      1         .
4 19 14      1         .
4 19 15      0         .
4 19 16      0         .
4 19 17      0         .
4 19 18      0         .
4 19 19      1         .
4 19 20      0         .
4 19 21      0         .
4 19 22      1         .
4 19 23      0         .
4 19 24      1         .
4 19 25      0         .
4 20 1       0         .
4 20 2       0         .
4 20 3       0         .
4 20 4       0         .
4 20 5       1         .
4 20 6       1         .
4 20 7       1         .
4 20 8       1         .
4 20 9       0         .
4 20 10      1         .
4 20 11      0         .
4 20 12      0         .
4 20 13      1         .
4 20 14      1         .
4 20 15      0         .
4 20 16      0         .
4 20 17      0         .
4 20 18      0         .
4 20 19      1         .
4 20 20      1         .
4 20 21      0         .
4 20 22      1         .
4 20 23      0         .
4 20 24      1         .
4 20 25      0         .
4 21 1       0         .
4 21 2       1         .
4 21 3       0         .
4 21 4       0         .
4 21 5       1         .
4 21 6       1         .
4 21 7       1         .
4 21 8       1         .
4 21 9       0         .
4 21 10      1         .
4 21 11      1         .
4 21 12      0         .
4 21 13      1         .
4 21 14      1         .
4 21 15      1         .
4 21 16      1         .
4 21 17      0         .
4 21 18      0         .
4 21 19      1         .
4 21 20      1         .
4 21 21      1         .
4 21 22      1         .
4 21 23      0         .
4 21 24      1         .
4 21 25      0         .
4 22 1       0         .
4 22 2       0         .
4 22 3       0         .
4 22 4       0         .
4 22 5       1         .
4 22 6       0         .
4 22 7       1         .
4 22 8       1         .
4 22 9       0         .
4 22 10      0         .
4 22 11      0         .
4 22 12      0         .
4 22 13      1         .
4 22 14      1         .
4 22 15      0         .
4 22 16      0         .
4 22 17      0         .
4 22 18      0         .
4 22 19      0         .
4 22 20      0         .
4 22 21      0         .
4 22 22      1         .
4 22 23      0         .
4 22 24      1         .
4 22 25      0         .
4 23 1       1         .
4 23 2       1         .
4 23 3       1         .
4 23 4       1         .
4 23 5       1         .
4 23 6       1         .
4 23 7       1         .
4 23 8       1         .
4 23 9       1         .
4 23 10      1         .
4 23 11      1         .
4 23 12      1         .
4 23 13      1         .
4 23 14      1         .
4 23 15      1         .
4 23 16      1         .
4 23 17      1         .
4 23 18      1         .
4 23 19      1         .
4 23 20      1         .
4 23 21      1         .
4 23 22      1         .
4 23 23      1         .
4 23 24      1         .
4 23 25      1         .
4 24 1       0         .
4 24 2       0         .
4 24 3       0         .
4 24 4       0         .
4 24 5       0         .
4 24 6       0         .
4 24 7       0         .
4 24 8       1         .
4 24 9       0         .
4 24 10      0         .
4 24 11      0         .
4 24 12      0         .
4 24 13      1         .
4 24 14      1         .
4 24 15      0         .
4 24 16      0         .
4 24 17      0         .
4 24 18      0         .
4 24 19      0         .
4 24 20      0         .
4 24 21      0         .
4 24 22      0         .
4 24 23      0         .
4 24 24      1         .
4 24 25      0         .
4 25 1       0         .
4 25 2       1         .
4 25 3       0         .
4 25 4       1         .
4 25 5       1         .
4 25 6       1         .
4 25 7       1         .
4 25 8       1         .
4 25 9       0         .
4 25 10      1         .
4 25 11      1         .
4 25 12      0         .
4 25 13      1         .
4 25 14      1         .
4 25 15      1         .
4 25 16      1         .
4 25 17      1         .
4 25 18      0         .
4 25 19      1         .
4 25 20      1         .
4 25 21      1         .
4 25 22      1         .
4 25 23      0         .
4 25 24      1         .
4 25 25      1         .
6 1  1       1        1
6 1  2       0        0
6 1  3       0        0
6 1  4       0        0
6 1  5       1        1
6 1  6       1        1
6 1  7       1        1
6 1  8       1        1
6 1  9       0        0
6 1  10      1        1
6 1  11      0        0
6 1  12      0        0
6 1  13      1        1
6 1  14      1        1
6 1  15      1        1
6 1  16      0        0
6 1  17      0        0
6 1  18      0        0
6 1  19      0        0
6 1  20      1        1
6 1  21      0        0
6 1  22      1        1
6 1  23      0        0
6 1  24      1        1
6 1  25      0        0
6 2  1       1        0
6 2  2       1        1
6 2  3       0        1
6 2  4       0        1
6 2  5       1        0
6 2  6       1        0
6 2  7       1        0
6 2  8       1        0
6 2  9       0        1
6 2  10      1        0
6 2  11      1        1
6 2  12      0        1
6 2  13      1        0
6 2  14      1        0
6 2  15      1        0
6 2  16      1        1
6 2  17      0        1
6 2  18      0        1
6 2  19      1        1
6 2  20      1        0
6 2  21      0        1
6 2  22      1        0
6 2  23      0        1
6 2  24      1        0
6 2  25      0        1
6 3  1       1         .
6 3  2       1         .
6 3  3       1         .
6 3  4       1         .
6 3  5       1         .
6 3  6       1         .
6 3  7       1         .
6 3  8       1         .
6 3  9       1         .
6 3  10      1         .
6 3  11      1         .
6 3  12      1         .
6 3  13      1         .
6 3  14      1         .
6 3  15      1         .
6 3  16      1         .
6 3  17      1         .
6 3  18      0         .
6 3  19      1         .
6 3  20      1         .
6 3  21      1         .
6 3  22      1         .
6 3  23      0         .
6 3  24      1         .
6 3  25      1         .
6 4  1       1         .
6 4  2       1         .
6 4  3       0         .
6 4  4       1         .
6 4  5       1         .
6 4  6       1         .
6 4  7       1         .
6 4  8       1         .
6 4  9       0         .
6 4  10      1         .
6 4  11      1         .
6 4  12      0         .
6 4  13      1         .
6 4  14      1         .
6 4  15      1         .
6 4  16      1         .
6 4  17      0         .
6 4  18      0         .
6 4  19      1         .
6 4  20      1         .
6 4  21      0         .
6 4  22      1         .
6 4  23      0         .
6 4  24      1         .
6 4  25      0         .
6 5  1       0         .
6 5  2       0         .
6 5  3       0         .
6 5  4       0         .
6 5  5       1         .
6 5  6       0         .
6 5  7       0         .
6 5  8       1         .
6 5  9       0         .
6 5  10      0         .
6 5  11      0         .
6 5  12      0         .
6 5  13      1         .
6 5  14      1         .
6 5  15      0         .
6 5  16      0         .
6 5  17      0         .
6 5  18      0         .
6 5  19      0         .
6 5  20      0         .
6 5  21      0         .
6 5  22      1         .
6 5  23      0         .
6 5  24      1         .
6 5  25      0         .
6 6  1       0         .
6 6  2       0         .
6 6  3       0         .
6 6  4       0         .
6 6  5       1         .
6 6  6       1         .
6 6  7       0         .
6 6  8       1         .
6 6  9       0         .
6 6  10      1         .
6 6  11      0         .
6 6  12      0         .
6 6  13      1         .
6 6  14      1         .
6 6  15      0         .
6 6  16      0         .
6 6  17      0         .
6 6  18      0         .
6 6  19      0         .
6 6  20      0         .
6 6  21      0         .
6 6  22      1         .
6 6  23      0         .
6 6  24      1         .
6 6  25      0         .
6 7  1       0         .
6 7  2       0         .
6 7  3       0         .
6 7  4       0         .
6 7  5       1         .
6 7  6       1         .
6 7  7       1         .
6 7  8       1         .
6 7  9       0         .
6 7  10      1         .
6 7  11      0         .
6 7  12      0         .
6 7  13      1         .
6 7  14      1         .
6 7  15      0         .
6 7  16      0         .
6 7  17      0         .
6 7  18      0         .
6 7  19      0         .
6 7  20      0         .
6 7  21      0         .
6 7  22      1         .
6 7  23      0         .
6 7  24      1         .
6 7  25      0         .
6 8  1       0         .
6 8  2       0         .
6 8  3       0         .
6 8  4       0         .
6 8  5       0         .
6 8  6       0         .
6 8  7       0         .
6 8  8       1         .
6 8  9       0         .
6 8  10      0         .
6 8  11      0         .
6 8  12      0         .
6 8  13      0         .
6 8  14      0         .
6 8  15      0         .
6 8  16      0         .
6 8  17      0         .
6 8  18      0         .
6 8  19      0         .
6 8  20      0         .
6 8  21      0         .
6 8  22      0         .
6 8  23      0         .
6 8  24      0         .
6 8  25      0         .
6 9  1       1         .
6 9  2       1         .
6 9  3       0         .
6 9  4       1         .
6 9  5       1         .
6 9  6       1         .
6 9  7       1         .
6 9  8       1         .
6 9  9       1         .
6 9  10      1         .
6 9  11      1         .
6 9  12      0         .
6 9  13      1         .
6 9  14      1         .
6 9  15      1         .
6 9  16      1         .
6 9  17      0         .
6 9  18      0         .
6 9  19      1         .
6 9  20      1         .
6 9  21      1         .
6 9  22      1         .
6 9  23      0         .
6 9  24      1         .
6 9  25      0         .
6 10 1       0         .
6 10 2       0         .
6 10 3       0         .
6 10 4       0         .
6 10 5       1         .
6 10 6       0         .
6 10 7       0         .
6 10 8       1         .
6 10 9       0         .
6 10 10      1         .
6 10 11      0         .
6 10 12      0         .
6 10 13      1         .
6 10 14      1         .
6 10 15      0         .
6 10 16      0         .
6 10 17      0         .
6 10 18      0         .
6 10 19      0         .
6 10 20      0         .
6 10 21      0         .
6 10 22      1         .
6 10 23      0         .
6 10 24      1         .
6 10 25      0         .
6 11 1       1         .
6 11 2       0         .
6 11 3       0         .
6 11 4       0         .
6 11 5       1         .
6 11 6       1         .
6 11 7       1         .
6 11 8       1         .
6 11 9       0         .
6 11 10      1         .
6 11 11      1         .
6 11 12      0         .
6 11 13      1         .
6 11 14      1         .
6 11 15      1         .
6 11 16      1         .
6 11 17      0         .
6 11 18      0         .
6 11 19      1         .
6 11 20      1         .
6 11 21      0         .
6 11 22      1         .
6 11 23      0         .
6 11 24      1         .
6 11 25      0         .
6 12 1       1         .
6 12 2       1         .
6 12 3       0         .
6 12 4       1         .
6 12 5       1         .
6 12 6       1         .
6 12 7       1         .
6 12 8       1         .
6 12 9       1         .
6 12 10      1         .
6 12 11      1         .
6 12 12      1         .
6 12 13      1         .
6 12 14      1         .
6 12 15      1         .
6 12 16      1         .
6 12 17      0         .
6 12 18      0         .
6 12 19      1         .
6 12 20      1         .
6 12 21      1         .
6 12 22      1         .
6 12 23      0         .
6 12 24      1         .
6 12 25      0         .
6 13 1       0         .
6 13 2       0         .
6 13 3       0         .
6 13 4       0         .
6 13 5       0         .
6 13 6       0         .
6 13 7       0         .
6 13 8       1         .
6 13 9       0         .
6 13 10      0         .
6 13 11      0         .
6 13 12      0         .
6 13 13      1         .
6 13 14      1         .
6 13 15      0         .
6 13 16      0         .
6 13 17      0         .
6 13 18      0         .
6 13 19      0         .
6 13 20      0         .
6 13 21      0         .
6 13 22      1         .
6 13 23      0         .
6 13 24      1         .
6 13 25      0         .
6 14 1       0         .
6 14 2       0         .
6 14 3       0         .
6 14 4       0         .
6 14 5       0         .
6 14 6       0         .
6 14 7       0         .
6 14 8       1         .
6 14 9       0         .
6 14 10      0         .
6 14 11      0         .
6 14 12      0         .
6 14 13      0         .
6 14 14      1         .
6 14 15      0         .
6 14 16      0         .
6 14 17      0         .
6 14 18      0         .
6 14 19      0         .
6 14 20      0         .
6 14 21      0         .
6 14 22      1         .
6 14 23      0         .
6 14 24      1         .
6 14 25      0         .
6 15 1       0         .
6 15 2       0         .
6 15 3       0         .
6 15 4       0         .
6 15 5       1         .
6 15 6       1         .
6 15 7       1         .
6 15 8       1         .
6 15 9       0         .
6 15 10      1         .
6 15 11      0         .
6 15 12      0         .
6 15 13      1         .
6 15 14      1         .
6 15 15      1         .
6 15 16      0         .
6 15 17      0         .
6 15 18      0         .
6 15 19      0         .
6 15 20      0         .
6 15 21      0         .
6 15 22      1         .
6 15 23      0         .
6 15 24      1         .
6 15 25      0         .
6 16 1       1         .
6 16 2       0         .
6 16 3       0         .
6 16 4       0         .
6 16 5       1         .
6 16 6       1         .
6 16 7       1         .
6 16 8       1         .
6 16 9       0         .
6 16 10      1         .
6 16 11      0         .
6 16 12      0         .
6 16 13      1         .
6 16 14      1         .
6 16 15      1         .
6 16 16      1         .
6 16 17      0         .
6 16 18      0         .
6 16 19      1         .
6 16 20      1         .
6 16 21      0         .
6 16 22      1         .
6 16 23      0         .
6 16 24      1         .
6 16 25      0         .
6 17 1       1         .
6 17 2       1         .
6 17 3       0         .
6 17 4       1         .
6 17 5       1         .
6 17 6       1         .
6 17 7       1         .
6 17 8       1         .
6 17 9       1         .
6 17 10      1         .
6 17 11      1         .
6 17 12      1         .
6 17 13      1         .
6 17 14      1         .
6 17 15      1         .
6 17 16      1         .
6 17 17      1         .
6 17 18      0         .
6 17 19      1         .
6 17 20      1         .
6 17 21      1         .
6 17 22      1         .
6 17 23      0         .
6 17 24      1         .
6 17 25      0         .
6 18 1       1         .
6 18 2       1         .
6 18 3       1         .
6 18 4       1         .
6 18 5       1         .
6 18 6       1         .
6 18 7       1         .
6 18 8       1         .
6 18 9       1         .
6 18 10      1         .
6 18 11      1         .
6 18 12      1         .
6 18 13      1         .
6 18 14      1         .
6 18 15      1         .
6 18 16      1         .
6 18 17      1         .
6 18 18      1         .
6 18 19      1         .
6 18 20      1         .
6 18 21      1         .
6 18 22      1         .
6 18 23      0         .
6 18 24      1         .
6 18 25      1         .
6 19 1       1         .
6 19 2       0         .
6 19 3       0         .
6 19 4       0         .
6 19 5       1         .
6 19 6       1         .
6 19 7       1         .
6 19 8       1         .
6 19 9       0         .
6 19 10      1         .
6 19 11      0         .
6 19 12      0         .
6 19 13      1         .
6 19 14      1         .
6 19 15      1         .
6 19 16      0         .
6 19 17      0         .
6 19 18      0         .
6 19 19      1         .
6 19 20      1         .
6 19 21      0         .
6 19 22      1         .
6 19 23      0         .
6 19 24      1         .
6 19 25      0         .
6 20 1       0         .
6 20 2       0         .
6 20 3       0         .
6 20 4       0         .
6 20 5       1         .
6 20 6       1         .
6 20 7       1         .
6 20 8       1         .
6 20 9       0         .
6 20 10      1         .
6 20 11      0         .
6 20 12      0         .
6 20 13      1         .
6 20 14      1         .
6 20 15      1         .
6 20 16      0         .
6 20 17      0         .
6 20 18      0         .
6 20 19      0         .
6 20 20      1         .
6 20 21      0         .
6 20 22      1         .
6 20 23      0         .
6 20 24      1         .
6 20 25      0         .
6 21 1       1         .
6 21 2       1         .
6 21 3       0         .
6 21 4       1         .
6 21 5       1         .
6 21 6       1         .
6 21 7       1         .
6 21 8       1         .
6 21 9       0         .
6 21 10      1         .
6 21 11      1         .
6 21 12      0         .
6 21 13      1         .
6 21 14      1         .
6 21 15      1         .
6 21 16      1         .
6 21 17      0         .
6 21 18      0         .
6 21 19      1         .
6 21 20      1         .
6 21 21      1         .
6 21 22      1         .
6 21 23      0         .
6 21 24      1         .
6 21 25      0         .
6 22 1       0         .
6 22 2       0         .
6 22 3       0         .
6 22 4       0         .
6 22 5       0         .
6 22 6       0         .
6 22 7       0         .
6 22 8       1         .
6 22 9       0         .
6 22 10      0         .
6 22 11      0         .
6 22 12      0         .
6 22 13      0         .
6 22 14      0         .
6 22 15      0         .
6 22 16      0         .
6 22 17      0         .
6 22 18      0         .
6 22 19      0         .
6 22 20      0         .
6 22 21      0         .
6 22 22      1         .
6 22 23      0         .
6 22 24      0         .
6 22 25      0         .
6 23 1       1         .
6 23 2       1         .
6 23 3       1         .
6 23 4       1         .
6 23 5       1         .
6 23 6       1         .
6 23 7       1         .
6 23 8       1         .
6 23 9       1         .
6 23 10      1         .
6 23 11      1         .
6 23 12      1         .
6 23 13      1         .
6 23 14      1         .
6 23 15      1         .
6 23 16      1         .
6 23 17      1         .
6 23 18      1         .
6 23 19      1         .
6 23 20      1         .
6 23 21      1         .
6 23 22      1         .
6 23 23      1         .
6 23 24      1         .
6 23 25      1         .
6 24 1       0         .
6 24 2       0         .
6 24 3       0         .
6 24 4       0         .
6 24 5       0         .
6 24 6       0         .
6 24 7       0         .
6 24 8       1         .
6 24 9       0         .
6 24 10      0         .
6 24 11      0         .
6 24 12      0         .
6 24 13      0         .
6 24 14      0         .
6 24 15      0         .
6 24 16      0         .
6 24 17      0         .
6 24 18      0         .
6 24 19      0         .
6 24 20      0         .
6 24 21      0         .
6 24 22      1         .
6 24 23      0         .
6 24 24      1         .
6 24 25      0         .
6 25 1       1         .
6 25 2       1         .
6 25 3       0         .
6 25 4       1         .
6 25 5       1         .
6 25 6       1         .
6 25 7       1         .
6 25 8       1         .
6 25 9       1         .
6 25 10      1         .
6 25 11      1         .
6 25 12      1         .
6 25 13      1         .
6 25 14      1         .
6 25 15      1         .
6 25 16      1         .
6 25 17      1         .
6 25 18      0         .
6 25 19      1         .
6 25 20      1         .
6 25 21      1         .
6 25 22      1         .
6 25 23      0         .
6 25 24      1         .
6 25 25      1         .
;

