:              Name            M_Time[i,4]   M_OBFV  M_Bestnode M_ResNum    :=
2   Model_Basic_MIP_Sym          3215.4      3829.25   3828.87     103
3   Model_Basic_MIP_Hybrid        194.362    3829.25   3829.25       2
4   Model_Basic_MIP_Hybrid_RLT    230.57     3829.25   3829.25       2
;

com_measure1 = 0.60667
com_measure2 = 0.96562
tau = 2.8769
kappa = 3.96412
alpha = 0.9
B = 251.87

:
                                                                                                                                                                          M_Message
 :=
2
   'CPLEX 12.6.2.0: optimal (non-)integer solution within mipgap or absmipgap; objective 3829.24528\
5277620 MIP simplex iterations\
83856 branch-and-bound nodes\
absmipgap = 0.37516, relmipgap = 9.79723e-05\
No basis.\
1 integer variables rounded (maxerr = 9.86499e-06).\
Assigning integrality = 5e-06 might help.\
Currently integrality = 1e-05.'
3
   'CPLEX 12.6.2.0: optimal integer solution; objective 3829.24528\
248969 MIP simplex iterations\
22175 branch-and-bound nodes\
No basis.'
4
   'CPLEX 12.6.2.0: optimal integer solution; objective 3829.24528\
59664 MIP simplex iterations\
1651 branch-and-bound nodes\
absmipgap = 4.54747e-13, relmipgap = 1.18756e-16\
No basis.'
;
: M_INDICATE    :=
;

M_Time :=
2 1       0.984375
2 2       1.062
2 3   10760.4
2 4    3215.4
3 1       0.984375
3 2       1.062
3 3     562.984
3 4     194.362
4 1       0.984375
4 2       1.062
4 3     461.688
4 4     230.57
;

M_tau [*] :=
2  2.8769
3  2.8769
4  2.8769
;

:      M_Cost  M_Sequence    :=
2 1     396.29       4
2 2    3432.96       2
2 3       .          8
2 4       .          1
2 5       .          7
2 6       .         10
2 7       .          9
2 8       .          4
2 9       .          4
2 10      .          6
3 1     396.29       4
3 2    3432.96       2
3 3       .          8
3 4       .          1
3 5       .          7
3 6       .         10
3 7       .          9
3 8       .          4
3 9       .          4
3 10      .          6
4 1     396.29       4
4 2    3432.96       2
4 3       .          8
4 4       .          1
4 5       .          7
4 6       .         10
4 7       .          9
4 8       .          4
4 9       .          4
4 10      .          6
;

:       M_Vectheta M_Vecu    :=
2 1  1       1        0
2 1  2       0        0
2 1  3       1        0
2 1  4       0        0
2 1  5       1        0
2 1  6       1        1
2 1  7       1        1
2 1  8       0        0
2 1  9       1        0
2 1  10      1        0
2 2  1       1        1
2 2  2       1        1
2 2  3       1        1
2 2  4       0        1
2 2  5       1        1
2 2  6       1        0
2 2  7       1        0
2 2  8       1        1
2 2  9       1        1
2 2  10      1        1
2 3  1       0         .
2 3  2       0         .
2 3  3       1         .
2 3  4       0         .
2 3  5       0         .
2 3  6       1         .
2 3  7       1         .
2 3  8       0         .
2 3  9       0         .
2 3  10      0         .
2 4  1       1         .
2 4  2       1         .
2 4  3       1         .
2 4  4       1         .
2 4  5       1         .
2 4  6       1         .
2 4  7       1         .
2 4  8       1         .
2 4  9       1         .
2 4  10      1         .
2 5  1       0         .
2 5  2       0         .
2 5  3       1         .
2 5  4       0         .
2 5  5       1         .
2 5  6       1         .
2 5  7       1         .
2 5  8       0         .
2 5  9       0         .
2 5  10      0         .
2 6  1       0         .
2 6  2       0         .
2 6  3       0         .
2 6  4       0         .
2 6  5       0         .
2 6  6       1         .
2 6  7       0         .
2 6  8       0         .
2 6  9       0         .
2 6  10      0         .
2 7  1       0         .
2 7  2       0         .
2 7  3       0         .
2 7  4       0         .
2 7  5       0         .
2 7  6       1         .
2 7  7       1         .
2 7  8       0         .
2 7  9       0         .
2 7  10      0         .
2 8  1       1         .
2 8  2       0         .
2 8  3       1         .
2 8  4       0         .
2 8  5       1         .
2 8  6       1         .
2 8  7       1         .
2 8  8       1         .
2 8  9       0         .
2 8  10      1         .
2 9  1       0         .
2 9  2       0         .
2 9  3       1         .
2 9  4       0         .
2 9  5       1         .
2 9  6       1         .
2 9  7       1         .
2 9  8       1         .
2 9  9       1         .
2 9  10      1         .
2 10 1       0         .
2 10 2       0         .
2 10 3       1         .
2 10 4       0         .
2 10 5       1         .
2 10 6       1         .
2 10 7       1         .
2 10 8       0         .
2 10 9       0         .
2 10 10      1         .
3 1  1       1        0
3 1  2       0        0
3 1  3       1        0
3 1  4       0        0
3 1  5       1        0
3 1  6       1        1
3 1  7       1        1
3 1  8       0        0
3 1  9       1        0
3 1  10      1        0
3 2  1       1        1
3 2  2       1        1
3 2  3       1        1
3 2  4       0        1
3 2  5       1        1
3 2  6       1        0
3 2  7       1        0
3 2  8       1        1
3 2  9       1        1
3 2  10      1        1
3 3  1       0         .
3 3  2       0         .
3 3  3       1         .
3 3  4       0         .
3 3  5       0         .
3 3  6       1         .
3 3  7       1         .
3 3  8       0         .
3 3  9       0         .
3 3  10      0         .
3 4  1       1         .
3 4  2       1         .
3 4  3       1         .
3 4  4       1         .
3 4  5       1         .
3 4  6       1         .
3 4  7       1         .
3 4  8       1         .
3 4  9       1         .
3 4  10      1         .
3 5  1       0         .
3 5  2       0         .
3 5  3       1         .
3 5  4       0         .
3 5  5       1         .
3 5  6       1         .
3 5  7       1         .
3 5  8       0         .
3 5  9       0         .
3 5  10      0         .
3 6  1       0         .
3 6  2       0         .
3 6  3       0         .
3 6  4       0         .
3 6  5       0         .
3 6  6       1         .
3 6  7       0         .
3 6  8       0         .
3 6  9       0         .
3 6  10      0         .
3 7  1       0         .
3 7  2       0         .
3 7  3       0         .
3 7  4       0         .
3 7  5       0         .
3 7  6       1         .
3 7  7       1         .
3 7  8       0         .
3 7  9       0         .
3 7  10      0         .
3 8  1       1         .
3 8  2       0         .
3 8  3       1         .
3 8  4       0         .
3 8  5       1         .
3 8  6       1         .
3 8  7       1         .
3 8  8       1         .
3 8  9       0         .
3 8  10      1         .
3 9  1       0         .
3 9  2       0         .
3 9  3       1         .
3 9  4       0         .
3 9  5       1         .
3 9  6       1         .
3 9  7       1         .
3 9  8       1         .
3 9  9       1         .
3 9  10      1         .
3 10 1       0         .
3 10 2       0         .
3 10 3       1         .
3 10 4       0         .
3 10 5       1         .
3 10 6       1         .
3 10 7       1         .
3 10 8       0         .
3 10 9       0         .
3 10 10      1         .
4 1  1       1        0
4 1  2       0        0
4 1  3       1        0
4 1  4       0        0
4 1  5       1        0
4 1  6       1        1
4 1  7       1        1
4 1  8       0        0
4 1  9       1        0
4 1  10      1        0
4 2  1       1        1
4 2  2       1        1
4 2  3       1        1
4 2  4       0        1
4 2  5       1        1
4 2  6       1        0
4 2  7       1        0
4 2  8       1        1
4 2  9       1        1
4 2  10      1        1
4 3  1       0         .
4 3  2       0         .
4 3  3       1         .
4 3  4       0         .
4 3  5       0         .
4 3  6       1         .
4 3  7       1         .
4 3  8       0         .
4 3  9       0         .
4 3  10      0         .
4 4  1       1         .
4 4  2       1         .
4 4  3       1         .
4 4  4       1         .
4 4  5       1         .
4 4  6       1         .
4 4  7       1         .
4 4  8       1         .
4 4  9       1         .
4 4  10      1         .
4 5  1       0         .
4 5  2       0         .
4 5  3       1         .
4 5  4       0         .
4 5  5       1         .
4 5  6       1         .
4 5  7       1         .
4 5  8       0         .
4 5  9       0         .
4 5  10      0         .
4 6  1       0         .
4 6  2       0         .
4 6  3       0         .
4 6  4       0         .
4 6  5       0         .
4 6  6       1         .
4 6  7       0         .
4 6  8       0         .
4 6  9       0         .
4 6  10      0         .
4 7  1       0         .
4 7  2       0         .
4 7  3       0         .
4 7  4       0         .
4 7  5       0         .
4 7  6       1         .
4 7  7       1         .
4 7  8       0         .
4 7  9       0         .
4 7  10      0         .
4 8  1       1         .
4 8  2       0         .
4 8  3       1         .
4 8  4       0         .
4 8  5       1         .
4 8  6       1         .
4 8  7       1         .
4 8  8       1         .
4 8  9       0         .
4 8  10      1         .
4 9  1       0         .
4 9  2       0         .
4 9  3       1         .
4 9  4       0         .
4 9  5       1         .
4 9  6       1         .
4 9  7       1         .
4 9  8       1         .
4 9  9       1         .
4 9  10      1         .
4 10 1       0         .
4 10 2       0         .
4 10 3       1         .
4 10 4       0         .
4 10 5       1         .
4 10 6       1         .
4 10 7       1         .
4 10 8       0         .
4 10 9       0         .
4 10 10      1         .
;

