:            Name          M_Time[i,4]   M_OBFV  M_Bestnode M_ResNum    :=
1   Model2_Basic_MIP         7201.45     16986.4   14529.6     422
2   Model2_Basic_MIP_B       7201.12     16849.8   12546       422
4   Model2_Basic_MIP_RLT      235.018    16986.4   16985.2       3
6   Model2_Basic_MIP_B_RLT    147.629    16784.5   16782.8       3
;

com_measure1 = 1
com_measure2 = 1
tau = 0.382675
kappa = 9.7998
alpha = 0.9
B = 1522.47

:
                                                                                                      M_Message
 :=
1
   'CPLEX 12.6.2.0: time limit with integer solution; objective 16986.354\
4191654 MIP simplex iterations\
68543 branch-and-bound nodes\
absmipgap = 2456.76, relmipgap = 0.144632\
No basis.'
2
   'CPLEX 12.6.2.0: time limit with integer solution; objective 16849.77849\
2077818 MIP simplex iterations\
19364 branch-and-bound nodes\
absmipgap = 4303.79, relmipgap = 0.255421\
No basis.'
4
   'CPLEX 12.6.2.0: optimal integer solution within mipgap or absmipgap; objective 16986.354\
25707 MIP simplex iterations\
1631 branch-and-bound nodes\
absmipgap = 1.15359, relmipgap = 6.79125e-05\
No basis.'
6
   'CPLEX 12.6.2.0: optimal integer solution within mipgap or absmipgap; objective 16784.47036\
14203 MIP simplex iterations\
828 branch-and-bound nodes\
absmipgap = 1.62648, relmipgap = 9.69039e-05\
No basis.'
;
: M_INDICATE    :=
1      1
2      1
;

:        M_Time       M_Cost  M_Sequence    :=
1 1        4.73438    2441.13       4
1 2        5.128     14545.2        2
1 3    27523.5           .         19
1 4     7201.45          .          7
1 5         .            .         24
1 6         .            .          1
1 7         .            .         23
1 8         .            .         14
1 9         .            .         10
1 10        .            .         25
1 11        .            .          6
1 12        .            .          3
1 13        .            .          9
1 14        .            .         21
1 15        .            .         11
1 16        .            .          5
1 17        .            .         18
1 18        .            .         17
1 19        .            .         13
1 20        .            .         22
1 21        .            .         12
1 22        .            .         20
1 23        .            .          8
1 24        .            .         15
1 25        .            .         16
2 1        4.73438    1479.38       4
2 2        5.128     16849.8        2
2 3    19987.1           .         12
2 4     7201.12          .          7
2 5         .            .         23
2 6         .            .          1
2 7         .            .         24
2 8         .            .         15
2 9         .            .          9
2 10        .            .         25
2 11        .            .          6
2 12        .            .          3
2 13        .            .         13
2 14        .            .         18
2 15        .            .         16
2 16        .            .          5
2 17        .            .         21
2 18        .            .         19
2 19        .            .         14
2 20        .            .         22
2 21        .            .         10
2 22        .            .         20
2 23        .            .          8
2 24        .            .         11
2 25        .            .         17
4 1        4.73438    2441.13       4
4 2        5.128     14545.2        2
4 3      614.078         .         19
4 4      235.018         .          7
4 5         .            .         24
4 6         .            .          1
4 7         .            .         23
4 8         .            .         14
4 9         .            .         10
4 10        .            .         25
4 11        .            .          6
4 12        .            .          3
4 13        .            .          9
4 14        .            .         21
4 15        .            .         11
4 16        .            .          5
4 17        .            .         18
4 18        .            .         17
4 19        .            .         13
4 20        .            .         22
4 21        .            .         12
4 22        .            .         20
4 23        .            .          8
4 24        .            .         15
4 25        .            .         16
6 1        4.73438    1477.24       4
6 2        5.128     16784.5        2
6 3      364.188         .         17
6 4      147.629         .          7
6 5         .            .         23
6 6         .            .          1
6 7         .            .         24
6 8         .            .         16
6 9         .            .          9
6 10        .            .         25
6 11        .            .          6
6 12        .            .          3
6 13        .            .         13
6 14        .            .         18
6 15        .            .         15
6 16        .            .          5
6 17        .            .         20
6 18        .            .         19
6 19        .            .         11
6 20        .            .         21
6 21        .            .         10
6 22        .            .         22
6 23        .            .          8
6 24        .            .         12
6 25        .            .         14
;

:       M_Vectheta M_Vecu    :=
1 1  1       1        0
1 1  2       0        0
1 1  3       1        0
1 1  4       1        0
1 1  5       1        1
1 1  6       0        0
1 1  7       1        1
1 1  8       1        0
1 1  9       1        0
1 1  10      1        1
1 1  11      1        0
1 1  12      0        0
1 1  13      1        0
1 1  14      1        1
1 1  15      1        0
1 1  16      1        0
1 1  17      1        0
1 1  18      1        0
1 1  19      1        0
1 1  20      1        1
1 1  21      1        0
1 1  22      1        0
1 1  23      1        0
1 1  24      1        0
1 1  25      1        0
1 2  1       1        1
1 2  2       1        1
1 2  3       1        1
1 2  4       1        1
1 2  5       1        0
1 2  6       0        1
1 2  7       1        0
1 2  8       1        1
1 2  9       1        1
1 2  10      1        0
1 2  11      1        1
1 2  12      1        1
1 2  13      1        1
1 2  14      1        0
1 2  15      1        1
1 2  16      1        1
1 2  17      1        1
1 2  18      1        1
1 2  19      1        1
1 2  20      1        0
1 2  21      1        1
1 2  22      1        1
1 2  23      1        1
1 2  24      1        1
1 2  25      1        1
1 3  1       0         .
1 3  2       0         .
1 3  3       1         .
1 3  4       0         .
1 3  5       1         .
1 3  6       0         .
1 3  7       1         .
1 3  8       0         .
1 3  9       0         .
1 3  10      1         .
1 3  11      0         .
1 3  12      0         .
1 3  13      0         .
1 3  14      1         .
1 3  15      0         .
1 3  16      0         .
1 3  17      0         .
1 3  18      0         .
1 3  19      0         .
1 3  20      1         .
1 3  21      0         .
1 3  22      1         .
1 3  23      0         .
1 3  24      0         .
1 3  25      0         .
1 4  1       0         .
1 4  2       0         .
1 4  3       1         .
1 4  4       1         .
1 4  5       1         .
1 4  6       0         .
1 4  7       1         .
1 4  8       1         .
1 4  9       1         .
1 4  10      1         .
1 4  11      0         .
1 4  12      0         .
1 4  13      1         .
1 4  14      1         .
1 4  15      1         .
1 4  16      0         .
1 4  17      1         .
1 4  18      1         .
1 4  19      1         .
1 4  20      1         .
1 4  21      1         .
1 4  22      1         .
1 4  23      1         .
1 4  24      1         .
1 4  25      1         .
1 5  1       0         .
1 5  2       0         .
1 5  3       0         .
1 5  4       0         .
1 5  5       1         .
1 5  6       0         .
1 5  7       0         .
1 5  8       0         .
1 5  9       0         .
1 5  10      1         .
1 5  11      0         .
1 5  12      0         .
1 5  13      0         .
1 5  14      0         .
1 5  15      0         .
1 5  16      0         .
1 5  17      0         .
1 5  18      0         .
1 5  19      0         .
1 5  20      0         .
1 5  21      0         .
1 5  22      0         .
1 5  23      0         .
1 5  24      0         .
1 5  25      0         .
1 6  1       1         .
1 6  2       1         .
1 6  3       1         .
1 6  4       1         .
1 6  5       1         .
1 6  6       1         .
1 6  7       1         .
1 6  8       1         .
1 6  9       1         .
1 6  10      1         .
1 6  11      1         .
1 6  12      1         .
1 6  13      1         .
1 6  14      1         .
1 6  15      1         .
1 6  16      1         .
1 6  17      1         .
1 6  18      1         .
1 6  19      1         .
1 6  20      1         .
1 6  21      1         .
1 6  22      1         .
1 6  23      1         .
1 6  24      1         .
1 6  25      1         .
1 7  1       0         .
1 7  2       0         .
1 7  3       0         .
1 7  4       0         .
1 7  5       1         .
1 7  6       0         .
1 7  7       1         .
1 7  8       0         .
1 7  9       0         .
1 7  10      1         .
1 7  11      0         .
1 7  12      0         .
1 7  13      0         .
1 7  14      0         .
1 7  15      0         .
1 7  16      0         .
1 7  17      0         .
1 7  18      0         .
1 7  19      0         .
1 7  20      0         .
1 7  21      0         .
1 7  22      0         .
1 7  23      0         .
1 7  24      0         .
1 7  25      0         .
1 8  1       0         .
1 8  2       0         .
1 8  3       1         .
1 8  4       0         .
1 8  5       1         .
1 8  6       0         .
1 8  7       1         .
1 8  8       1         .
1 8  9       0         .
1 8  10      1         .
1 8  11      0         .
1 8  12      0         .
1 8  13      0         .
1 8  14      1         .
1 8  15      0         .
1 8  16      0         .
1 8  17      1         .
1 8  18      1         .
1 8  19      0         .
1 8  20      1         .
1 8  21      0         .
1 8  22      1         .
1 8  23      0         .
1 8  24      1         .
1 8  25      1         .
1 9  1       0         .
1 9  2       0         .
1 9  3       1         .
1 9  4       0         .
1 9  5       1         .
1 9  6       0         .
1 9  7       1         .
1 9  8       1         .
1 9  9       1         .
1 9  10      1         .
1 9  11      0         .
1 9  12      0         .
1 9  13      0         .
1 9  14      1         .
1 9  15      1         .
1 9  16      0         .
1 9  17      1         .
1 9  18      1         .
1 9  19      1         .
1 9  20      1         .
1 9  21      1         .
1 9  22      1         .
1 9  23      0         .
1 9  24      1         .
1 9  25      1         .
1 10 1       0         .
1 10 2       0         .
1 10 3       0         .
1 10 4       0         .
1 10 5       0         .
1 10 6       0         .
1 10 7       0         .
1 10 8       0         .
1 10 9       0         .
1 10 10      1         .
1 10 11      0         .
1 10 12      0         .
1 10 13      0         .
1 10 14      0         .
1 10 15      0         .
1 10 16      0         .
1 10 17      0         .
1 10 18      0         .
1 10 19      0         .
1 10 20      0         .
1 10 21      0         .
1 10 22      0         .
1 10 23      0         .
1 10 24      0         .
1 10 25      0         .
1 11 1       0         .
1 11 2       0         .
1 11 3       1         .
1 11 4       1         .
1 11 5       1         .
1 11 6       0         .
1 11 7       1         .
1 11 8       1         .
1 11 9       1         .
1 11 10      1         .
1 11 11      1         .
1 11 12      0         .
1 11 13      1         .
1 11 14      1         .
1 11 15      1         .
1 11 16      0         .
1 11 17      1         .
1 11 18      1         .
1 11 19      1         .
1 11 20      1         .
1 11 21      1         .
1 11 22      1         .
1 11 23      1         .
1 11 24      1         .
1 11 25      1         .
1 12 1       1         .
1 12 2       0         .
1 12 3       1         .
1 12 4       1         .
1 12 5       1         .
1 12 6       0         .
1 12 7       1         .
1 12 8       1         .
1 12 9       1         .
1 12 10      1         .
1 12 11      1         .
1 12 12      1         .
1 12 13      1         .
1 12 14      1         .
1 12 15      1         .
1 12 16      1         .
1 12 17      1         .
1 12 18      1         .
1 12 19      1         .
1 12 20      1         .
1 12 21      1         .
1 12 22      1         .
1 12 23      1         .
1 12 24      1         .
1 12 25      1         .
1 13 1       0         .
1 13 2       0         .
1 13 3       1         .
1 13 4       0         .
1 13 5       1         .
1 13 6       0         .
1 13 7       1         .
1 13 8       1         .
1 13 9       1         .
1 13 10      1         .
1 13 11      0         .
1 13 12      0         .
1 13 13      1         .
1 13 14      1         .
1 13 15      1         .
1 13 16      0         .
1 13 17      1         .
1 13 18      1         .
1 13 19      1         .
1 13 20      1         .
1 13 21      1         .
1 13 22      1         .
1 13 23      0         .
1 13 24      1         .
1 13 25      1         .
1 14 1       0         .
1 14 2       0         .
1 14 3       0         .
1 14 4       0         .
1 14 5       1         .
1 14 6       0         .
1 14 7       1         .
1 14 8       0         .
1 14 9       0         .
1 14 10      1         .
1 14 11      0         .
1 14 12      0         .
1 14 13      0         .
1 14 14      1         .
1 14 15      0         .
1 14 16      0         .
1 14 17      0         .
1 14 18      0         .
1 14 19      0         .
1 14 20      1         .
1 14 21      0         .
1 14 22      0         .
1 14 23      0         .
1 14 24      0         .
1 14 25      0         .
1 15 1       0         .
1 15 2       0         .
1 15 3       1         .
1 15 4       0         .
1 15 5       1         .
1 15 6       0         .
1 15 7       1         .
1 15 8       1         .
1 15 9       0         .
1 15 10      1         .
1 15 11      0         .
1 15 12      0         .
1 15 13      0         .
1 15 14      1         .
1 15 15      1         .
1 15 16      0         .
1 15 17      1         .
1 15 18      1         .
1 15 19      1         .
1 15 20      1         .
1 15 21      1         .
1 15 22      1         .
1 15 23      0         .
1 15 24      1         .
1 15 25      1         .
1 16 1       0         .
1 16 2       0         .
1 16 3       1         .
1 16 4       1         .
1 16 5       1         .
1 16 6       0         .
1 16 7       1         .
1 16 8       1         .
1 16 9       1         .
1 16 10      1         .
1 16 11      1         .
1 16 12      0         .
1 16 13      1         .
1 16 14      1         .
1 16 15      1         .
1 16 16      1         .
1 16 17      1         .
1 16 18      1         .
1 16 19      1         .
1 16 20      1         .
1 16 21      1         .
1 16 22      1         .
1 16 23      1         .
1 16 24      1         .
1 16 25      1         .
1 17 1       0         .
1 17 2       0         .
1 17 3       1         .
1 17 4       0         .
1 17 5       1         .
1 17 6       0         .
1 17 7       1         .
1 17 8       0         .
1 17 9       0         .
1 17 10      1         .
1 17 11      0         .
1 17 12      0         .
1 17 13      0         .
1 17 14      1         .
1 17 15      0         .
1 17 16      0         .
1 17 17      1         .
1 17 18      0         .
1 17 19      0         .
1 17 20      1         .
1 17 21      0         .
1 17 22      1         .
1 17 23      0         .
1 17 24      0         .
1 17 25      0         .
1 18 1       0         .
1 18 2       0         .
1 18 3       1         .
1 18 4       0         .
1 18 5       1         .
1 18 6       0         .
1 18 7       1         .
1 18 8       0         .
1 18 9       0         .
1 18 10      1         .
1 18 11      0         .
1 18 12      0         .
1 18 13      0         .
1 18 14      1         .
1 18 15      0         .
1 18 16      0         .
1 18 17      1         .
1 18 18      1         .
1 18 19      0         .
1 18 20      1         .
1 18 21      0         .
1 18 22      1         .
1 18 23      0         .
1 18 24      0         .
1 18 25      0         .
1 19 1       0         .
1 19 2       0         .
1 19 3       1         .
1 19 4       0         .
1 19 5       1         .
1 19 6       0         .
1 19 7       1         .
1 19 8       1         .
1 19 9       0         .
1 19 10      1         .
1 19 11      0         .
1 19 12      0         .
1 19 13      0         .
1 19 14      1         .
1 19 15      0         .
1 19 16      0         .
1 19 17      1         .
1 19 18      1         .
1 19 19      1         .
1 19 20      1         .
1 19 21      0         .
1 19 22      1         .
1 19 23      0         .
1 19 24      1         .
1 19 25      1         .
1 20 1       0         .
1 20 2       0         .
1 20 3       0         .
1 20 4       0         .
1 20 5       1         .
1 20 6       0         .
1 20 7       1         .
1 20 8       0         .
1 20 9       0         .
1 20 10      1         .
1 20 11      0         .
1 20 12      0         .
1 20 13      0         .
1 20 14      0         .
1 20 15      0         .
1 20 16      0         .
1 20 17      0         .
1 20 18      0         .
1 20 19      0         .
1 20 20      1         .
1 20 21      0         .
1 20 22      0         .
1 20 23      0         .
1 20 24      0         .
1 20 25      0         .
1 21 1       0         .
1 21 2       0         .
1 21 3       1         .
1 21 4       0         .
1 21 5       1         .
1 21 6       0         .
1 21 7       1         .
1 21 8       1         .
1 21 9       0         .
1 21 10      1         .
1 21 11      0         .
1 21 12      0         .
1 21 13      0         .
1 21 14      1         .
1 21 15      0         .
1 21 16      0         .
1 21 17      1         .
1 21 18      1         .
1 21 19      1         .
1 21 20      1         .
1 21 21      1         .
1 21 22      1         .
1 21 23      0         .
1 21 24      1         .
1 21 25      1         .
1 22 1       0         .
1 22 2       0         .
1 22 3       0         .
1 22 4       0         .
1 22 5       1         .
1 22 6       0         .
1 22 7       1         .
1 22 8       0         .
1 22 9       0         .
1 22 10      1         .
1 22 11      0         .
1 22 12      0         .
1 22 13      0         .
1 22 14      1         .
1 22 15      0         .
1 22 16      0         .
1 22 17      0         .
1 22 18      0         .
1 22 19      0         .
1 22 20      1         .
1 22 21      0         .
1 22 22      1         .
1 22 23      0         .
1 22 24      0         .
1 22 25      0         .
1 23 1       0         .
1 23 2       0         .
1 23 3       1         .
1 23 4       0         .
1 23 5       1         .
1 23 6       0         .
1 23 7       1         .
1 23 8       1         .
1 23 9       1         .
1 23 10      1         .
1 23 11      0         .
1 23 12      0         .
1 23 13      1         .
1 23 14      1         .
1 23 15      1         .
1 23 16      0         .
1 23 17      1         .
1 23 18      1         .
1 23 19      1         .
1 23 20      1         .
1 23 21      1         .
1 23 22      1         .
1 23 23      1         .
1 23 24      1         .
1 23 25      1         .
1 24 1       0         .
1 24 2       0         .
1 24 3       1         .
1 24 4       0         .
1 24 5       1         .
1 24 6       0         .
1 24 7       1         .
1 24 8       0         .
1 24 9       0         .
1 24 10      1         .
1 24 11      0         .
1 24 12      0         .
1 24 13      0         .
1 24 14      1         .
1 24 15      0         .
1 24 16      0         .
1 24 17      1         .
1 24 18      1         .
1 24 19      0         .
1 24 20      1         .
1 24 21      0         .
1 24 22      1         .
1 24 23      0         .
1 24 24      1         .
1 24 25      1         .
1 25 1       0         .
1 25 2       0         .
1 25 3       1         .
1 25 4       0         .
1 25 5       1         .
1 25 6       0         .
1 25 7       1         .
1 25 8       0         .
1 25 9       0         .
1 25 10      1         .
1 25 11      0         .
1 25 12      0         .
1 25 13      0         .
1 25 14      1         .
1 25 15      0         .
1 25 16      0         .
1 25 17      1         .
1 25 18      1         .
1 25 19      0         .
1 25 20      1         .
1 25 21      0         .
1 25 22      1         .
1 25 23      0         .
1 25 24      0         .
1 25 25      1         .
2 1  1       1        0
2 1  2       0        0
2 1  3       1        0
2 1  4       1        0
2 1  5       1        1
2 1  6       0        0
2 1  7       1        1
2 1  8       1        1
2 1  9       1        0
2 1  10      1        1
2 1  11      1        0
2 1  12      0        0
2 1  13      1        1
2 1  14      1        1
2 1  15      1        1
2 1  16      1        0
2 1  17      1        1
2 1  18      1        1
2 1  19      1        1
2 1  20      1        1
2 1  21      1        0
2 1  22      1        1
2 1  23      1        0
2 1  24      1        0
2 1  25      1        1
2 2  1       1        1
2 2  2       1        1
2 2  3       1        1
2 2  4       1        1
2 2  5       1        0
2 2  6       0        1
2 2  7       1        0
2 2  8       1        0
2 2  9       1        1
2 2  10      1        0
2 2  11      1        1
2 2  12      1        1
2 2  13      1        0
2 2  14      1        0
2 2  15      1        0
2 2  16      1        1
2 2  17      1        0
2 2  18      1        0
2 2  19      1        0
2 2  20      1        0
2 2  21      1        1
2 2  22      1        0
2 2  23      1        1
2 2  24      1        1
2 2  25      1        0
2 3  1       0         .
2 3  2       0         .
2 3  3       1         .
2 3  4       0         .
2 3  5       1         .
2 3  6       0         .
2 3  7       1         .
2 3  8       1         .
2 3  9       0         .
2 3  10      1         .
2 3  11      0         .
2 3  12      0         .
2 3  13      1         .
2 3  14      1         .
2 3  15      1         .
2 3  16      0         .
2 3  17      1         .
2 3  18      1         .
2 3  19      1         .
2 3  20      1         .
2 3  21      0         .
2 3  22      1         .
2 3  23      0         .
2 3  24      0         .
2 3  25      1         .
2 4  1       0         .
2 4  2       0         .
2 4  3       1         .
2 4  4       1         .
2 4  5       1         .
2 4  6       0         .
2 4  7       1         .
2 4  8       1         .
2 4  9       1         .
2 4  10      1         .
2 4  11      0         .
2 4  12      0         .
2 4  13      1         .
2 4  14      1         .
2 4  15      1         .
2 4  16      0         .
2 4  17      1         .
2 4  18      1         .
2 4  19      1         .
2 4  20      1         .
2 4  21      1         .
2 4  22      1         .
2 4  23      1         .
2 4  24      1         .
2 4  25      1         .
2 5  1       0         .
2 5  2       0         .
2 5  3       0         .
2 5  4       0         .
2 5  5       1         .
2 5  6       0         .
2 5  7       1         .
2 5  8       0         .
2 5  9       0         .
2 5  10      1         .
2 5  11      0         .
2 5  12      0         .
2 5  13      0         .
2 5  14      0         .
2 5  15      0         .
2 5  16      0         .
2 5  17      0         .
2 5  18      0         .
2 5  19      0         .
2 5  20      0         .
2 5  21      0         .
2 5  22      0         .
2 5  23      0         .
2 5  24      0         .
2 5  25      0         .
2 6  1       1         .
2 6  2       1         .
2 6  3       1         .
2 6  4       1         .
2 6  5       1         .
2 6  6       1         .
2 6  7       1         .
2 6  8       1         .
2 6  9       1         .
2 6  10      1         .
2 6  11      1         .
2 6  12      1         .
2 6  13      1         .
2 6  14      1         .
2 6  15      1         .
2 6  16      1         .
2 6  17      1         .
2 6  18      1         .
2 6  19      1         .
2 6  20      1         .
2 6  21      1         .
2 6  22      1         .
2 6  23      1         .
2 6  24      1         .
2 6  25      1         .
2 7  1       0         .
2 7  2       0         .
2 7  3       0         .
2 7  4       0         .
2 7  5       0         .
2 7  6       0         .
2 7  7       1         .
2 7  8       0         .
2 7  9       0         .
2 7  10      1         .
2 7  11      0         .
2 7  12      0         .
2 7  13      0         .
2 7  14      0         .
2 7  15      0         .
2 7  16      0         .
2 7  17      0         .
2 7  18      0         .
2 7  19      0         .
2 7  20      0         .
2 7  21      0         .
2 7  22      0         .
2 7  23      0         .
2 7  24      0         .
2 7  25      0         .
2 8  1       0         .
2 8  2       0         .
2 8  3       0         .
2 8  4       0         .
2 8  5       1         .
2 8  6       0         .
2 8  7       1         .
2 8  8       1         .
2 8  9       0         .
2 8  10      1         .
2 8  11      0         .
2 8  12      0         .
2 8  13      0         .
2 8  14      1         .
2 8  15      1         .
2 8  16      0         .
2 8  17      1         .
2 8  18      1         .
2 8  19      0         .
2 8  20      1         .
2 8  21      0         .
2 8  22      1         .
2 8  23      0         .
2 8  24      0         .
2 8  25      1         .
2 9  1       0         .
2 9  2       0         .
2 9  3       1         .
2 9  4       0         .
2 9  5       1         .
2 9  6       0         .
2 9  7       1         .
2 9  8       1         .
2 9  9       1         .
2 9  10      1         .
2 9  11      0         .
2 9  12      0         .
2 9  13      1         .
2 9  14      1         .
2 9  15      1         .
2 9  16      0         .
2 9  17      1         .
2 9  18      1         .
2 9  19      1         .
2 9  20      1         .
2 9  21      1         .
2 9  22      1         .
2 9  23      0         .
2 9  24      1         .
2 9  25      1         .
2 10 1       0         .
2 10 2       0         .
2 10 3       0         .
2 10 4       0         .
2 10 5       0         .
2 10 6       0         .
2 10 7       0         .
2 10 8       0         .
2 10 9       0         .
2 10 10      1         .
2 10 11      0         .
2 10 12      0         .
2 10 13      0         .
2 10 14      0         .
2 10 15      0         .
2 10 16      0         .
2 10 17      0         .
2 10 18      0         .
2 10 19      0         .
2 10 20      0         .
2 10 21      0         .
2 10 22      0         .
2 10 23      0         .
2 10 24      0         .
2 10 25      0         .
2 11 1       0         .
2 11 2       0         .
2 11 3       1         .
2 11 4       1         .
2 11 5       1         .
2 11 6       0         .
2 11 7       1         .
2 11 8       1         .
2 11 9       1         .
2 11 10      1         .
2 11 11      1         .
2 11 12      0         .
2 11 13      1         .
2 11 14      1         .
2 11 15      1         .
2 11 16      0         .
2 11 17      1         .
2 11 18      1         .
2 11 19      1         .
2 11 20      1         .
2 11 21      1         .
2 11 22      1         .
2 11 23      1         .
2 11 24      1         .
2 11 25      1         .
2 12 1       1         .
2 12 2       0         .
2 12 3       1         .
2 12 4       1         .
2 12 5       1         .
2 12 6       0         .
2 12 7       1         .
2 12 8       1         .
2 12 9       1         .
2 12 10      1         .
2 12 11      1         .
2 12 12      1         .
2 12 13      1         .
2 12 14      1         .
2 12 15      1         .
2 12 16      1         .
2 12 17      1         .
2 12 18      1         .
2 12 19      1         .
2 12 20      1         .
2 12 21      1         .
2 12 22      1         .
2 12 23      1         .
2 12 24      1         .
2 12 25      1         .
2 13 1       0         .
2 13 2       0         .
2 13 3       0         .
2 13 4       0         .
2 13 5       1         .
2 13 6       0         .
2 13 7       1         .
2 13 8       1         .
2 13 9       0         .
2 13 10      1         .
2 13 11      0         .
2 13 12      0         .
2 13 13      1         .
2 13 14      1         .
2 13 15      1         .
2 13 16      0         .
2 13 17      1         .
2 13 18      1         .
2 13 19      1         .
2 13 20      1         .
2 13 21      0         .
2 13 22      1         .
2 13 23      0         .
2 13 24      0         .
2 13 25      1         .
2 14 1       0         .
2 14 2       0         .
2 14 3       0         .
2 14 4       0         .
2 14 5       1         .
2 14 6       0         .
2 14 7       1         .
2 14 8       0         .
2 14 9       0         .
2 14 10      1         .
2 14 11      0         .
2 14 12      0         .
2 14 13      0         .
2 14 14      1         .
2 14 15      0         .
2 14 16      0         .
2 14 17      1         .
2 14 18      1         .
2 14 19      0         .
2 14 20      1         .
2 14 21      0         .
2 14 22      1         .
2 14 23      0         .
2 14 24      0         .
2 14 25      0         .
2 15 1       0         .
2 15 2       0         .
2 15 3       0         .
2 15 4       0         .
2 15 5       1         .
2 15 6       0         .
2 15 7       1         .
2 15 8       0         .
2 15 9       0         .
2 15 10      1         .
2 15 11      0         .
2 15 12      0         .
2 15 13      0         .
2 15 14      1         .
2 15 15      1         .
2 15 16      0         .
2 15 17      1         .
2 15 18      1         .
2 15 19      0         .
2 15 20      1         .
2 15 21      0         .
2 15 22      1         .
2 15 23      0         .
2 15 24      0         .
2 15 25      1         .
2 16 1       0         .
2 16 2       0         .
2 16 3       1         .
2 16 4       1         .
2 16 5       1         .
2 16 6       0         .
2 16 7       1         .
2 16 8       1         .
2 16 9       1         .
2 16 10      1         .
2 16 11      1         .
2 16 12      0         .
2 16 13      1         .
2 16 14      1         .
2 16 15      1         .
2 16 16      1         .
2 16 17      1         .
2 16 18      1         .
2 16 19      1         .
2 16 20      1         .
2 16 21      1         .
2 16 22      1         .
2 16 23      1         .
2 16 24      1         .
2 16 25      1         .
2 17 1       0         .
2 17 2       0         .
2 17 3       0         .
2 17 4       0         .
2 17 5       1         .
2 17 6       0         .
2 17 7       1         .
2 17 8       0         .
2 17 9       0         .
2 17 10      1         .
2 17 11      0         .
2 17 12      0         .
2 17 13      0         .
2 17 14      0         .
2 17 15      0         .
2 17 16      0         .
2 17 17      1         .
2 17 18      0         .
2 17 19      0         .
2 17 20      1         .
2 17 21      0         .
2 17 22      0         .
2 17 23      0         .
2 17 24      0         .
2 17 25      0         .
2 18 1       0         .
2 18 2       0         .
2 18 3       0         .
2 18 4       0         .
2 18 5       1         .
2 18 6       0         .
2 18 7       1         .
2 18 8       0         .
2 18 9       0         .
2 18 10      1         .
2 18 11      0         .
2 18 12      0         .
2 18 13      0         .
2 18 14      0         .
2 18 15      0         .
2 18 16      0         .
2 18 17      1         .
2 18 18      1         .
2 18 19      0         .
2 18 20      1         .
2 18 21      0         .
2 18 22      1         .
2 18 23      0         .
2 18 24      0         .
2 18 25      0         .
2 19 1       0         .
2 19 2       0         .
2 19 3       0         .
2 19 4       0         .
2 19 5       1         .
2 19 6       0         .
2 19 7       1         .
2 19 8       1         .
2 19 9       0         .
2 19 10      1         .
2 19 11      0         .
2 19 12      0         .
2 19 13      0         .
2 19 14      1         .
2 19 15      1         .
2 19 16      0         .
2 19 17      1         .
2 19 18      1         .
2 19 19      1         .
2 19 20      1         .
2 19 21      0         .
2 19 22      1         .
2 19 23      0         .
2 19 24      0         .
2 19 25      1         .
2 20 1       0         .
2 20 2       0         .
2 20 3       0         .
2 20 4       0         .
2 20 5       1         .
2 20 6       0         .
2 20 7       1         .
2 20 8       0         .
2 20 9       0         .
2 20 10      1         .
2 20 11      0         .
2 20 12      0         .
2 20 13      0         .
2 20 14      0         .
2 20 15      0         .
2 20 16      0         .
2 20 17      0         .
2 20 18      0         .
2 20 19      0         .
2 20 20      1         .
2 20 21      0         .
2 20 22      0         .
2 20 23      0         .
2 20 24      0         .
2 20 25      0         .
2 21 1       0         .
2 21 2       0         .
2 21 3       1         .
2 21 4       0         .
2 21 5       1         .
2 21 6       0         .
2 21 7       1         .
2 21 8       1         .
2 21 9       0         .
2 21 10      1         .
2 21 11      0         .
2 21 12      0         .
2 21 13      1         .
2 21 14      1         .
2 21 15      1         .
2 21 16      0         .
2 21 17      1         .
2 21 18      1         .
2 21 19      1         .
2 21 20      1         .
2 21 21      1         .
2 21 22      1         .
2 21 23      0         .
2 21 24      1         .
2 21 25      1         .
2 22 1       0         .
2 22 2       0         .
2 22 3       0         .
2 22 4       0         .
2 22 5       1         .
2 22 6       0         .
2 22 7       1         .
2 22 8       0         .
2 22 9       0         .
2 22 10      1         .
2 22 11      0         .
2 22 12      0         .
2 22 13      0         .
2 22 14      0         .
2 22 15      0         .
2 22 16      0         .
2 22 17      1         .
2 22 18      0         .
2 22 19      0         .
2 22 20      1         .
2 22 21      0         .
2 22 22      1         .
2 22 23      0         .
2 22 24      0         .
2 22 25      0         .
2 23 1       0         .
2 23 2       0         .
2 23 3       1         .
2 23 4       0         .
2 23 5       1         .
2 23 6       0         .
2 23 7       1         .
2 23 8       1         .
2 23 9       1         .
2 23 10      1         .
2 23 11      0         .
2 23 12      0         .
2 23 13      1         .
2 23 14      1         .
2 23 15      1         .
2 23 16      0         .
2 23 17      1         .
2 23 18      1         .
2 23 19      1         .
2 23 20      1         .
2 23 21      1         .
2 23 22      1         .
2 23 23      1         .
2 23 24      1         .
2 23 25      1         .
2 24 1       0         .
2 24 2       0         .
2 24 3       1         .
2 24 4       0         .
2 24 5       1         .
2 24 6       0         .
2 24 7       1         .
2 24 8       1         .
2 24 9       0         .
2 24 10      1         .
2 24 11      0         .
2 24 12      0         .
2 24 13      1         .
2 24 14      1         .
2 24 15      1         .
2 24 16      0         .
2 24 17      1         .
2 24 18      1         .
2 24 19      1         .
2 24 20      1         .
2 24 21      0         .
2 24 22      1         .
2 24 23      0         .
2 24 24      1         .
2 24 25      1         .
2 25 1       0         .
2 25 2       0         .
2 25 3       0         .
2 25 4       0         .
2 25 5       1         .
2 25 6       0         .
2 25 7       1         .
2 25 8       0         .
2 25 9       0         .
2 25 10      1         .
2 25 11      0         .
2 25 12      0         .
2 25 13      0         .
2 25 14      1         .
2 25 15      0         .
2 25 16      0         .
2 25 17      1         .
2 25 18      1         .
2 25 19      0         .
2 25 20      1         .
2 25 21      0         .
2 25 22      1         .
2 25 23      0         .
2 25 24      0         .
2 25 25      1         .
4 1  1       1        0
4 1  2       0        0
4 1  3       1        0
4 1  4       1        0
4 1  5       1        1
4 1  6       0        0
4 1  7       1        1
4 1  8       1        0
4 1  9       1        0
4 1  10      1        1
4 1  11      1        0
4 1  12      0        0
4 1  13      1        0
4 1  14      1        1
4 1  15      1        0
4 1  16      1        0
4 1  17      1        0
4 1  18      1        0
4 1  19      1        0
4 1  20      1        1
4 1  21      1        0
4 1  22      1        0
4 1  23      1        0
4 1  24      1        0
4 1  25      1        0
4 2  1       1        1
4 2  2       1        1
4 2  3       1        1
4 2  4       1        1
4 2  5       1        0
4 2  6       0        1
4 2  7       1        0
4 2  8       1        1
4 2  9       1        1
4 2  10      1        0
4 2  11      1        1
4 2  12      1        1
4 2  13      1        1
4 2  14      1        0
4 2  15      1        1
4 2  16      1        1
4 2  17      1        1
4 2  18      1        1
4 2  19      1        1
4 2  20      1        0
4 2  21      1        1
4 2  22      1        1
4 2  23      1        1
4 2  24      1        1
4 2  25      1        1
4 3  1       0         .
4 3  2       0         .
4 3  3       1         .
4 3  4       0         .
4 3  5       1         .
4 3  6       0         .
4 3  7       1         .
4 3  8       0         .
4 3  9       0         .
4 3  10      1         .
4 3  11      0         .
4 3  12      0         .
4 3  13      0         .
4 3  14      1         .
4 3  15      0         .
4 3  16      0         .
4 3  17      0         .
4 3  18      0         .
4 3  19      0         .
4 3  20      1         .
4 3  21      0         .
4 3  22      1         .
4 3  23      0         .
4 3  24      0         .
4 3  25      0         .
4 4  1       0         .
4 4  2       0         .
4 4  3       1         .
4 4  4       1         .
4 4  5       1         .
4 4  6       0         .
4 4  7       1         .
4 4  8       1         .
4 4  9       1         .
4 4  10      1         .
4 4  11      0         .
4 4  12      0         .
4 4  13      1         .
4 4  14      1         .
4 4  15      1         .
4 4  16      0         .
4 4  17      1         .
4 4  18      1         .
4 4  19      1         .
4 4  20      1         .
4 4  21      1         .
4 4  22      1         .
4 4  23      1         .
4 4  24      1         .
4 4  25      1         .
4 5  1       0         .
4 5  2       0         .
4 5  3       0         .
4 5  4       0         .
4 5  5       1         .
4 5  6       0         .
4 5  7       0         .
4 5  8       0         .
4 5  9       0         .
4 5  10      1         .
4 5  11      0         .
4 5  12      0         .
4 5  13      0         .
4 5  14      0         .
4 5  15      0         .
4 5  16      0         .
4 5  17      0         .
4 5  18      0         .
4 5  19      0         .
4 5  20      0         .
4 5  21      0         .
4 5  22      0         .
4 5  23      0         .
4 5  24      0         .
4 5  25      0         .
4 6  1       1         .
4 6  2       1         .
4 6  3       1         .
4 6  4       1         .
4 6  5       1         .
4 6  6       1         .
4 6  7       1         .
4 6  8       1         .
4 6  9       1         .
4 6  10      1         .
4 6  11      1         .
4 6  12      1         .
4 6  13      1         .
4 6  14      1         .
4 6  15      1         .
4 6  16      1         .
4 6  17      1         .
4 6  18      1         .
4 6  19      1         .
4 6  20      1         .
4 6  21      1         .
4 6  22      1         .
4 6  23      1         .
4 6  24      1         .
4 6  25      1         .
4 7  1       0         .
4 7  2       0         .
4 7  3       0         .
4 7  4       0         .
4 7  5       1         .
4 7  6       0         .
4 7  7       1         .
4 7  8       0         .
4 7  9       0         .
4 7  10      1         .
4 7  11      0         .
4 7  12      0         .
4 7  13      0         .
4 7  14      0         .
4 7  15      0         .
4 7  16      0         .
4 7  17      0         .
4 7  18      0         .
4 7  19      0         .
4 7  20      0         .
4 7  21      0         .
4 7  22      0         .
4 7  23      0         .
4 7  24      0         .
4 7  25      0         .
4 8  1       0         .
4 8  2       0         .
4 8  3       1         .
4 8  4       0         .
4 8  5       1         .
4 8  6       0         .
4 8  7       1         .
4 8  8       1         .
4 8  9       0         .
4 8  10      1         .
4 8  11      0         .
4 8  12      0         .
4 8  13      0         .
4 8  14      1         .
4 8  15      0         .
4 8  16      0         .
4 8  17      1         .
4 8  18      1         .
4 8  19      0         .
4 8  20      1         .
4 8  21      0         .
4 8  22      1         .
4 8  23      0         .
4 8  24      1         .
4 8  25      1         .
4 9  1       0         .
4 9  2       0         .
4 9  3       1         .
4 9  4       0         .
4 9  5       1         .
4 9  6       0         .
4 9  7       1         .
4 9  8       1         .
4 9  9       1         .
4 9  10      1         .
4 9  11      0         .
4 9  12      0         .
4 9  13      0         .
4 9  14      1         .
4 9  15      1         .
4 9  16      0         .
4 9  17      1         .
4 9  18      1         .
4 9  19      1         .
4 9  20      1         .
4 9  21      1         .
4 9  22      1         .
4 9  23      0         .
4 9  24      1         .
4 9  25      1         .
4 10 1       0         .
4 10 2       0         .
4 10 3       0         .
4 10 4       0         .
4 10 5       0         .
4 10 6       0         .
4 10 7       0         .
4 10 8       0         .
4 10 9       0         .
4 10 10      1         .
4 10 11      0         .
4 10 12      0         .
4 10 13      0         .
4 10 14      0         .
4 10 15      0         .
4 10 16      0         .
4 10 17      0         .
4 10 18      0         .
4 10 19      0         .
4 10 20      0         .
4 10 21      0         .
4 10 22      0         .
4 10 23      0         .
4 10 24      0         .
4 10 25      0         .
4 11 1       0         .
4 11 2       0         .
4 11 3       1         .
4 11 4       1         .
4 11 5       1         .
4 11 6       0         .
4 11 7       1         .
4 11 8       1         .
4 11 9       1         .
4 11 10      1         .
4 11 11      1         .
4 11 12      0         .
4 11 13      1         .
4 11 14      1         .
4 11 15      1         .
4 11 16      0         .
4 11 17      1         .
4 11 18      1         .
4 11 19      1         .
4 11 20      1         .
4 11 21      1         .
4 11 22      1         .
4 11 23      1         .
4 11 24      1         .
4 11 25      1         .
4 12 1       1         .
4 12 2       0         .
4 12 3       1         .
4 12 4       1         .
4 12 5       1         .
4 12 6       0         .
4 12 7       1         .
4 12 8       1         .
4 12 9       1         .
4 12 10      1         .
4 12 11      1         .
4 12 12      1         .
4 12 13      1         .
4 12 14      1         .
4 12 15      1         .
4 12 16      1         .
4 12 17      1         .
4 12 18      1         .
4 12 19      1         .
4 12 20      1         .
4 12 21      1         .
4 12 22      1         .
4 12 23      1         .
4 12 24      1         .
4 12 25      1         .
4 13 1       0         .
4 13 2       0         .
4 13 3       1         .
4 13 4       0         .
4 13 5       1         .
4 13 6       0         .
4 13 7       1         .
4 13 8       1         .
4 13 9       1         .
4 13 10      1         .
4 13 11      0         .
4 13 12      0         .
4 13 13      1         .
4 13 14      1         .
4 13 15      1         .
4 13 16      0         .
4 13 17      1         .
4 13 18      1         .
4 13 19      1         .
4 13 20      1         .
4 13 21      1         .
4 13 22      1         .
4 13 23      0         .
4 13 24      1         .
4 13 25      1         .
4 14 1       0         .
4 14 2       0         .
4 14 3       0         .
4 14 4       0         .
4 14 5       1         .
4 14 6       0         .
4 14 7       1         .
4 14 8       0         .
4 14 9       0         .
4 14 10      1         .
4 14 11      0         .
4 14 12      0         .
4 14 13      0         .
4 14 14      1         .
4 14 15      0         .
4 14 16      0         .
4 14 17      0         .
4 14 18      0         .
4 14 19      0         .
4 14 20      1         .
4 14 21      0         .
4 14 22      0         .
4 14 23      0         .
4 14 24      0         .
4 14 25      0         .
4 15 1       0         .
4 15 2       0         .
4 15 3       1         .
4 15 4       0         .
4 15 5       1         .
4 15 6       0         .
4 15 7       1         .
4 15 8       1         .
4 15 9       0         .
4 15 10      1         .
4 15 11      0         .
4 15 12      0         .
4 15 13      0         .
4 15 14      1         .
4 15 15      1         .
4 15 16      0         .
4 15 17      1         .
4 15 18      1         .
4 15 19      1         .
4 15 20      1         .
4 15 21      1         .
4 15 22      1         .
4 15 23      0         .
4 15 24      1         .
4 15 25      1         .
4 16 1       0         .
4 16 2       0         .
4 16 3       1         .
4 16 4       1         .
4 16 5       1         .
4 16 6       0         .
4 16 7       1         .
4 16 8       1         .
4 16 9       1         .
4 16 10      1         .
4 16 11      1         .
4 16 12      0         .
4 16 13      1         .
4 16 14      1         .
4 16 15      1         .
4 16 16      1         .
4 16 17      1         .
4 16 18      1         .
4 16 19      1         .
4 16 20      1         .
4 16 21      1         .
4 16 22      1         .
4 16 23      1         .
4 16 24      1         .
4 16 25      1         .
4 17 1       0         .
4 17 2       0         .
4 17 3       1         .
4 17 4       0         .
4 17 5       1         .
4 17 6       0         .
4 17 7       1         .
4 17 8       0         .
4 17 9       0         .
4 17 10      1         .
4 17 11      0         .
4 17 12      0         .
4 17 13      0         .
4 17 14      1         .
4 17 15      0         .
4 17 16      0         .
4 17 17      1         .
4 17 18      0         .
4 17 19      0         .
4 17 20      1         .
4 17 21      0         .
4 17 22      1         .
4 17 23      0         .
4 17 24      0         .
4 17 25      0         .
4 18 1       0         .
4 18 2       0         .
4 18 3       1         .
4 18 4       0         .
4 18 5       1         .
4 18 6       0         .
4 18 7       1         .
4 18 8       0         .
4 18 9       0         .
4 18 10      1         .
4 18 11      0         .
4 18 12      0         .
4 18 13      0         .
4 18 14      1         .
4 18 15      0         .
4 18 16      0         .
4 18 17      1         .
4 18 18      1         .
4 18 19      0         .
4 18 20      1         .
4 18 21      0         .
4 18 22      1         .
4 18 23      0         .
4 18 24      0         .
4 18 25      0         .
4 19 1       0         .
4 19 2       0         .
4 19 3       1         .
4 19 4       0         .
4 19 5       1         .
4 19 6       0         .
4 19 7       1         .
4 19 8       1         .
4 19 9       0         .
4 19 10      1         .
4 19 11      0         .
4 19 12      0         .
4 19 13      0         .
4 19 14      1         .
4 19 15      0         .
4 19 16      0         .
4 19 17      1         .
4 19 18      1         .
4 19 19      1         .
4 19 20      1         .
4 19 21      0         .
4 19 22      1         .
4 19 23      0         .
4 19 24      1         .
4 19 25      1         .
4 20 1       0         .
4 20 2       0         .
4 20 3       0         .
4 20 4       0         .
4 20 5       1         .
4 20 6       0         .
4 20 7       1         .
4 20 8       0         .
4 20 9       0         .
4 20 10      1         .
4 20 11      0         .
4 20 12      0         .
4 20 13      0         .
4 20 14      0         .
4 20 15      0         .
4 20 16      0         .
4 20 17      0         .
4 20 18      0         .
4 20 19      0         .
4 20 20      1         .
4 20 21      0         .
4 20 22      0         .
4 20 23      0         .
4 20 24      0         .
4 20 25      0         .
4 21 1       0         .
4 21 2       0         .
4 21 3       1         .
4 21 4       0         .
4 21 5       1         .
4 21 6       0         .
4 21 7       1         .
4 21 8       1         .
4 21 9       0         .
4 21 10      1         .
4 21 11      0         .
4 21 12      0         .
4 21 13      0         .
4 21 14      1         .
4 21 15      0         .
4 21 16      0         .
4 21 17      1         .
4 21 18      1         .
4 21 19      1         .
4 21 20      1         .
4 21 21      1         .
4 21 22      1         .
4 21 23      0         .
4 21 24      1         .
4 21 25      1         .
4 22 1       0         .
4 22 2       0         .
4 22 3       0         .
4 22 4       0         .
4 22 5       1         .
4 22 6       0         .
4 22 7       1         .
4 22 8       0         .
4 22 9       0         .
4 22 10      1         .
4 22 11      0         .
4 22 12      0         .
4 22 13      0         .
4 22 14      1         .
4 22 15      0         .
4 22 16      0         .
4 22 17      0         .
4 22 18      0         .
4 22 19      0         .
4 22 20      1         .
4 22 21      0         .
4 22 22      1         .
4 22 23      0         .
4 22 24      0         .
4 22 25      0         .
4 23 1       0         .
4 23 2       0         .
4 23 3       1         .
4 23 4       0         .
4 23 5       1         .
4 23 6       0         .
4 23 7       1         .
4 23 8       1         .
4 23 9       1         .
4 23 10      1         .
4 23 11      0         .
4 23 12      0         .
4 23 13      1         .
4 23 14      1         .
4 23 15      1         .
4 23 16      0         .
4 23 17      1         .
4 23 18      1         .
4 23 19      1         .
4 23 20      1         .
4 23 21      1         .
4 23 22      1         .
4 23 23      1         .
4 23 24      1         .
4 23 25      1         .
4 24 1       0         .
4 24 2       0         .
4 24 3       1         .
4 24 4       0         .
4 24 5       1         .
4 24 6       0         .
4 24 7       1         .
4 24 8       0         .
4 24 9       0         .
4 24 10      1         .
4 24 11      0         .
4 24 12      0         .
4 24 13      0         .
4 24 14      1         .
4 24 15      0         .
4 24 16      0         .
4 24 17      1         .
4 24 18      1         .
4 24 19      0         .
4 24 20      1         .
4 24 21      0         .
4 24 22      1         .
4 24 23      0         .
4 24 24      1         .
4 24 25      1         .
4 25 1       0         .
4 25 2       0         .
4 25 3       1         .
4 25 4       0         .
4 25 5       1         .
4 25 6       0         .
4 25 7       1         .
4 25 8       0         .
4 25 9       0         .
4 25 10      1         .
4 25 11      0         .
4 25 12      0         .
4 25 13      0         .
4 25 14      1         .
4 25 15      0         .
4 25 16      0         .
4 25 17      1         .
4 25 18      1         .
4 25 19      0         .
4 25 20      1         .
4 25 21      0         .
4 25 22      1         .
4 25 23      0         .
4 25 24      0         .
4 25 25      1         .
6 1  1       1        0
6 1  2       0        0
6 1  3       1        1
6 1  4       1        0
6 1  5       1        1
6 1  6       0        0
6 1  7       1        1
6 1  8       1        1
6 1  9       1        0
6 1  10      1        1
6 1  11      1        0
6 1  12      0        0
6 1  13      1        1
6 1  14      1        1
6 1  15      1        1
6 1  16      1        0
6 1  17      1        1
6 1  18      1        1
6 1  19      1        0
6 1  20      1        1
6 1  21      1        0
6 1  22      1        1
6 1  23      1        0
6 1  24      1        0
6 1  25      1        1
6 2  1       1        1
6 2  2       1        1
6 2  3       1        0
6 2  4       1        1
6 2  5       1        0
6 2  6       0        1
6 2  7       1        0
6 2  8       1        0
6 2  9       1        1
6 2  10      1        0
6 2  11      1        1
6 2  12      1        1
6 2  13      1        0
6 2  14      1        0
6 2  15      1        0
6 2  16      1        1
6 2  17      1        0
6 2  18      1        0
6 2  19      1        1
6 2  20      1        0
6 2  21      1        1
6 2  22      1        0
6 2  23      1        1
6 2  24      1        1
6 2  25      1        0
6 3  1       0         .
6 3  2       0         .
6 3  3       1         .
6 3  4       0         .
6 3  5       1         .
6 3  6       0         .
6 3  7       1         .
6 3  8       0         .
6 3  9       0         .
6 3  10      1         .
6 3  11      0         .
6 3  12      0         .
6 3  13      0         .
6 3  14      1         .
6 3  15      0         .
6 3  16      0         .
6 3  17      1         .
6 3  18      1         .
6 3  19      0         .
6 3  20      1         .
6 3  21      0         .
6 3  22      1         .
6 3  23      0         .
6 3  24      0         .
6 3  25      0         .
6 4  1       0         .
6 4  2       0         .
6 4  3       1         .
6 4  4       1         .
6 4  5       1         .
6 4  6       0         .
6 4  7       1         .
6 4  8       1         .
6 4  9       1         .
6 4  10      1         .
6 4  11      0         .
6 4  12      0         .
6 4  13      1         .
6 4  14      1         .
6 4  15      1         .
6 4  16      0         .
6 4  17      1         .
6 4  18      1         .
6 4  19      1         .
6 4  20      1         .
6 4  21      1         .
6 4  22      1         .
6 4  23      1         .
6 4  24      1         .
6 4  25      1         .
6 5  1       0         .
6 5  2       0         .
6 5  3       0         .
6 5  4       0         .
6 5  5       1         .
6 5  6       0         .
6 5  7       1         .
6 5  8       0         .
6 5  9       0         .
6 5  10      1         .
6 5  11      0         .
6 5  12      0         .
6 5  13      0         .
6 5  14      0         .
6 5  15      0         .
6 5  16      0         .
6 5  17      0         .
6 5  18      0         .
6 5  19      0         .
6 5  20      0         .
6 5  21      0         .
6 5  22      0         .
6 5  23      0         .
6 5  24      0         .
6 5  25      0         .
6 6  1       1         .
6 6  2       1         .
6 6  3       1         .
6 6  4       1         .
6 6  5       1         .
6 6  6       1         .
6 6  7       1         .
6 6  8       1         .
6 6  9       1         .
6 6  10      1         .
6 6  11      1         .
6 6  12      1         .
6 6  13      1         .
6 6  14      1         .
6 6  15      1         .
6 6  16      1         .
6 6  17      1         .
6 6  18      1         .
6 6  19      1         .
6 6  20      1         .
6 6  21      1         .
6 6  22      1         .
6 6  23      1         .
6 6  24      1         .
6 6  25      1         .
6 7  1       0         .
6 7  2       0         .
6 7  3       0         .
6 7  4       0         .
6 7  5       0         .
6 7  6       0         .
6 7  7       1         .
6 7  8       0         .
6 7  9       0         .
6 7  10      1         .
6 7  11      0         .
6 7  12      0         .
6 7  13      0         .
6 7  14      0         .
6 7  15      0         .
6 7  16      0         .
6 7  17      0         .
6 7  18      0         .
6 7  19      0         .
6 7  20      0         .
6 7  21      0         .
6 7  22      0         .
6 7  23      0         .
6 7  24      0         .
6 7  25      0         .
6 8  1       0         .
6 8  2       0         .
6 8  3       1         .
6 8  4       0         .
6 8  5       1         .
6 8  6       0         .
6 8  7       1         .
6 8  8       1         .
6 8  9       0         .
6 8  10      1         .
6 8  11      0         .
6 8  12      0         .
6 8  13      0         .
6 8  14      1         .
6 8  15      0         .
6 8  16      0         .
6 8  17      1         .
6 8  18      1         .
6 8  19      0         .
6 8  20      1         .
6 8  21      0         .
6 8  22      1         .
6 8  23      0         .
6 8  24      0         .
6 8  25      0         .
6 9  1       0         .
6 9  2       0         .
6 9  3       1         .
6 9  4       0         .
6 9  5       1         .
6 9  6       0         .
6 9  7       1         .
6 9  8       1         .
6 9  9       1         .
6 9  10      1         .
6 9  11      0         .
6 9  12      0         .
6 9  13      1         .
6 9  14      1         .
6 9  15      1         .
6 9  16      0         .
6 9  17      1         .
6 9  18      1         .
6 9  19      1         .
6 9  20      1         .
6 9  21      1         .
6 9  22      1         .
6 9  23      0         .
6 9  24      1         .
6 9  25      1         .
6 10 1       0         .
6 10 2       0         .
6 10 3       0         .
6 10 4       0         .
6 10 5       0         .
6 10 6       0         .
6 10 7       0         .
6 10 8       0         .
6 10 9       0         .
6 10 10      1         .
6 10 11      0         .
6 10 12      0         .
6 10 13      0         .
6 10 14      0         .
6 10 15      0         .
6 10 16      0         .
6 10 17      0         .
6 10 18      0         .
6 10 19      0         .
6 10 20      0         .
6 10 21      0         .
6 10 22      0         .
6 10 23      0         .
6 10 24      0         .
6 10 25      0         .
6 11 1       0         .
6 11 2       0         .
6 11 3       1         .
6 11 4       1         .
6 11 5       1         .
6 11 6       0         .
6 11 7       1         .
6 11 8       1         .
6 11 9       1         .
6 11 10      1         .
6 11 11      1         .
6 11 12      0         .
6 11 13      1         .
6 11 14      1         .
6 11 15      1         .
6 11 16      0         .
6 11 17      1         .
6 11 18      1         .
6 11 19      1         .
6 11 20      1         .
6 11 21      1         .
6 11 22      1         .
6 11 23      1         .
6 11 24      1         .
6 11 25      1         .
6 12 1       1         .
6 12 2       0         .
6 12 3       1         .
6 12 4       1         .
6 12 5       1         .
6 12 6       0         .
6 12 7       1         .
6 12 8       1         .
6 12 9       1         .
6 12 10      1         .
6 12 11      1         .
6 12 12      1         .
6 12 13      1         .
6 12 14      1         .
6 12 15      1         .
6 12 16      1         .
6 12 17      1         .
6 12 18      1         .
6 12 19      1         .
6 12 20      1         .
6 12 21      1         .
6 12 22      1         .
6 12 23      1         .
6 12 24      1         .
6 12 25      1         .
6 13 1       0         .
6 13 2       0         .
6 13 3       1         .
6 13 4       0         .
6 13 5       1         .
6 13 6       0         .
6 13 7       1         .
6 13 8       1         .
6 13 9       0         .
6 13 10      1         .
6 13 11      0         .
6 13 12      0         .
6 13 13      1         .
6 13 14      1         .
6 13 15      1         .
6 13 16      0         .
6 13 17      1         .
6 13 18      1         .
6 13 19      0         .
6 13 20      1         .
6 13 21      0         .
6 13 22      1         .
6 13 23      0         .
6 13 24      0         .
6 13 25      1         .
6 14 1       0         .
6 14 2       0         .
6 14 3       0         .
6 14 4       0         .
6 14 5       1         .
6 14 6       0         .
6 14 7       1         .
6 14 8       0         .
6 14 9       0         .
6 14 10      1         .
6 14 11      0         .
6 14 12      0         .
6 14 13      0         .
6 14 14      1         .
6 14 15      0         .
6 14 16      0         .
6 14 17      1         .
6 14 18      1         .
6 14 19      0         .
6 14 20      1         .
6 14 21      0         .
6 14 22      1         .
6 14 23      0         .
6 14 24      0         .
6 14 25      0         .
6 15 1       0         .
6 15 2       0         .
6 15 3       1         .
6 15 4       0         .
6 15 5       1         .
6 15 6       0         .
6 15 7       1         .
6 15 8       1         .
6 15 9       0         .
6 15 10      1         .
6 15 11      0         .
6 15 12      0         .
6 15 13      0         .
6 15 14      1         .
6 15 15      1         .
6 15 16      0         .
6 15 17      1         .
6 15 18      1         .
6 15 19      0         .
6 15 20      1         .
6 15 21      0         .
6 15 22      1         .
6 15 23      0         .
6 15 24      0         .
6 15 25      0         .
6 16 1       0         .
6 16 2       0         .
6 16 3       1         .
6 16 4       1         .
6 16 5       1         .
6 16 6       0         .
6 16 7       1         .
6 16 8       1         .
6 16 9       1         .
6 16 10      1         .
6 16 11      1         .
6 16 12      0         .
6 16 13      1         .
6 16 14      1         .
6 16 15      1         .
6 16 16      1         .
6 16 17      1         .
6 16 18      1         .
6 16 19      1         .
6 16 20      1         .
6 16 21      1         .
6 16 22      1         .
6 16 23      1         .
6 16 24      1         .
6 16 25      1         .
6 17 1       0         .
6 17 2       0         .
6 17 3       0         .
6 17 4       0         .
6 17 5       1         .
6 17 6       0         .
6 17 7       1         .
6 17 8       0         .
6 17 9       0         .
6 17 10      1         .
6 17 11      0         .
6 17 12      0         .
6 17 13      0         .
6 17 14      0         .
6 17 15      0         .
6 17 16      0         .
6 17 17      1         .
6 17 18      0         .
6 17 19      0         .
6 17 20      1         .
6 17 21      0         .
6 17 22      1         .
6 17 23      0         .
6 17 24      0         .
6 17 25      0         .
6 18 1       0         .
6 18 2       0         .
6 18 3       0         .
6 18 4       0         .
6 18 5       1         .
6 18 6       0         .
6 18 7       1         .
6 18 8       0         .
6 18 9       0         .
6 18 10      1         .
6 18 11      0         .
6 18 12      0         .
6 18 13      0         .
6 18 14      0         .
6 18 15      0         .
6 18 16      0         .
6 18 17      1         .
6 18 18      1         .
6 18 19      0         .
6 18 20      1         .
6 18 21      0         .
6 18 22      1         .
6 18 23      0         .
6 18 24      0         .
6 18 25      0         .
6 19 1       0         .
6 19 2       0         .
6 19 3       1         .
6 19 4       0         .
6 19 5       1         .
6 19 6       0         .
6 19 7       1         .
6 19 8       1         .
6 19 9       0         .
6 19 10      1         .
6 19 11      0         .
6 19 12      0         .
6 19 13      1         .
6 19 14      1         .
6 19 15      1         .
6 19 16      0         .
6 19 17      1         .
6 19 18      1         .
6 19 19      1         .
6 19 20      1         .
6 19 21      0         .
6 19 22      1         .
6 19 23      0         .
6 19 24      1         .
6 19 25      1         .
6 20 1       0         .
6 20 2       0         .
6 20 3       0         .
6 20 4       0         .
6 20 5       1         .
6 20 6       0         .
6 20 7       1         .
6 20 8       0         .
6 20 9       0         .
6 20 10      1         .
6 20 11      0         .
6 20 12      0         .
6 20 13      0         .
6 20 14      0         .
6 20 15      0         .
6 20 16      0         .
6 20 17      0         .
6 20 18      0         .
6 20 19      0         .
6 20 20      1         .
6 20 21      0         .
6 20 22      1         .
6 20 23      0         .
6 20 24      0         .
6 20 25      0         .
6 21 1       0         .
6 21 2       0         .
6 21 3       1         .
6 21 4       0         .
6 21 5       1         .
6 21 6       0         .
6 21 7       1         .
6 21 8       1         .
6 21 9       0         .
6 21 10      1         .
6 21 11      0         .
6 21 12      0         .
6 21 13      1         .
6 21 14      1         .
6 21 15      1         .
6 21 16      0         .
6 21 17      1         .
6 21 18      1         .
6 21 19      1         .
6 21 20      1         .
6 21 21      1         .
6 21 22      1         .
6 21 23      0         .
6 21 24      1         .
6 21 25      1         .
6 22 1       0         .
6 22 2       0         .
6 22 3       0         .
6 22 4       0         .
6 22 5       1         .
6 22 6       0         .
6 22 7       1         .
6 22 8       0         .
6 22 9       0         .
6 22 10      1         .
6 22 11      0         .
6 22 12      0         .
6 22 13      0         .
6 22 14      0         .
6 22 15      0         .
6 22 16      0         .
6 22 17      0         .
6 22 18      0         .
6 22 19      0         .
6 22 20      0         .
6 22 21      0         .
6 22 22      1         .
6 22 23      0         .
6 22 24      0         .
6 22 25      0         .
6 23 1       0         .
6 23 2       0         .
6 23 3       1         .
6 23 4       0         .
6 23 5       1         .
6 23 6       0         .
6 23 7       1         .
6 23 8       1         .
6 23 9       1         .
6 23 10      1         .
6 23 11      0         .
6 23 12      0         .
6 23 13      1         .
6 23 14      1         .
6 23 15      1         .
6 23 16      0         .
6 23 17      1         .
6 23 18      1         .
6 23 19      1         .
6 23 20      1         .
6 23 21      1         .
6 23 22      1         .
6 23 23      1         .
6 23 24      1         .
6 23 25      1         .
6 24 1       0         .
6 24 2       0         .
6 24 3       1         .
6 24 4       0         .
6 24 5       1         .
6 24 6       0         .
6 24 7       1         .
6 24 8       1         .
6 24 9       0         .
6 24 10      1         .
6 24 11      0         .
6 24 12      0         .
6 24 13      1         .
6 24 14      1         .
6 24 15      1         .
6 24 16      0         .
6 24 17      1         .
6 24 18      1         .
6 24 19      0         .
6 24 20      1         .
6 24 21      0         .
6 24 22      1         .
6 24 23      0         .
6 24 24      1         .
6 24 25      1         .
6 25 1       0         .
6 25 2       0         .
6 25 3       1         .
6 25 4       0         .
6 25 5       1         .
6 25 6       0         .
6 25 7       1         .
6 25 8       1         .
6 25 9       0         .
6 25 10      1         .
6 25 11      0         .
6 25 12      0         .
6 25 13      0         .
6 25 14      1         .
6 25 15      1         .
6 25 16      0         .
6 25 17      1         .
6 25 18      1         .
6 25 19      0         .
6 25 20      1         .
6 25 21      0         .
6 25 22      1         .
6 25 23      0         .
6 25 24      0         .
6 25 25      1         .
;

