:              Name            M_Time[i,4]   M_OBFV  M_Bestnode M_ResNum    :=
2   Model_Basic_MIP_Sym           7201.73    18145.5   10352.9     422
3   Model_Basic_MIP_Hybrid        7201.53    18129.8   14375.3     422
4   Model_Basic_MIP_Hybrid_RLT    1046.62    18092.9   18092.9       2
;

com_measure1 = 0.62096
com_measure2 = 0.96873
tau = 1.48172
kappa = 10.0954
alpha = 0.9
B = 1542.47

:
                                                                                           M_Message
 :=
2
   'CPLEX 12.6.2.0: time limit with integer solution; objective 18145.52\
3153763 MIP simplex iterations\
5350 branch-and-bound nodes\
absmipgap = 7792.63, relmipgap = 0.429452\
No basis.'
3
   'CPLEX 12.6.2.0: time limit with integer solution; objective 18129.77\
8395567 MIP simplex iterations\
39021 branch-and-bound nodes\
absmipgap = 3754.46, relmipgap = 0.207088\
No basis.'
4
   'CPLEX 12.6.2.0: optimal integer solution; objective 18092.94199\
353580 MIP simplex iterations\
38733 branch-and-bound nodes\
No basis.'
;
: M_INDICATE    :=
2      1
3      1
;

M_Time :=
2 1       5.54688
2 2       6.002
2 3   18918.1
2 4    7201.73
3 1       5.54688
3 2       6.002
3 3   27016.3
3 4    7201.53
4 1       5.54688
4 2       6.002
4 3    2801.94
4 4    1046.62
;

M_tau [*] :=
2  0
3  0
4  1.48172
;

:       M_Cost  M_Sequence    :=
2 1     2321.21       7
2 2    15824.3        5
2 3        .         11
2 4        .          2
2 5        .         15
2 6        .          1
2 7        .         19
2 8        .         17
2 9        .         10
2 10       .         25
2 11       .          3
2 12       .          6
2 13       .          9
2 14       .         21
2 15       .         20
2 16       .          4
2 17       .         16
2 18       .         23
2 19       .          8
2 20       .         22
2 21       .         15
2 22       .         24
2 23       .         12
2 24       .         17
2 25       .         13
3 1     2321.21       6
3 2    15808.6        5
3 3        .         10
3 4        .          2
3 5        .         18
3 6        .          1
3 7        .         19
3 8        .         13
3 9        .         11
3 10       .         25
3 11       .          3
3 12       .          7
3 13       .          9
3 14       .         21
3 15       .         20
3 16       .          4
3 17       .         15
3 18       .         23
3 19       .          8
3 20       .         22
3 21       .         16
3 22       .         24
3 23       .         12
3 24       .         17
3 25       .         14
4 1     2473.73       7
4 2    15619.2        5
4 3        .         11
4 4        .          2
4 5        .         18
4 6        .          1
4 7        .         20
4 8        .         14
4 9        .          8
4 10       .         25
4 11       .          3
4 12       .          6
4 13       .         10
4 14       .         13
4 15       .         21
4 16       .          4
4 17       .         22
4 18       .         19
4 19       .          9
4 20       .         23
4 21       .         15
4 22       .         24
4 23       .         12
4 24       .         17
4 25       .         16
;

:       M_Vectheta M_Vecu    :=
2 1  1       1        0
2 1  2       0        0
2 1  3       1        0
2 1  4       0        0
2 1  5       1        0
2 1  6       0        0
2 1  7       1        0
2 1  8       1        0
2 1  9       1        0
2 1  10      1        1
2 1  11      0        0
2 1  12      0        0
2 1  13      1        0
2 1  14      1        1
2 1  15      1        1
2 1  16      0        0
2 1  17      1        0
2 1  18      1        1
2 1  19      1        0
2 1  20      1        1
2 1  21      1        0
2 1  22      1        1
2 1  23      1        0
2 1  24      1        0
2 1  25      1        0
2 2  1       1        1
2 2  2       1        1
2 2  3       1        1
2 2  4       0        1
2 2  5       1        1
2 2  6       0        1
2 2  7       1        1
2 2  8       1        1
2 2  9       1        1
2 2  10      1        0
2 2  11      0        1
2 2  12      1        1
2 2  13      1        1
2 2  14      1        0
2 2  15      1        0
2 2  16      0        1
2 2  17      1        1
2 2  18      1        0
2 2  19      1        1
2 2  20      1        0
2 2  21      1        1
2 2  22      1        0
2 2  23      1        1
2 2  24      1        1
2 2  25      1        1
2 3  1       0         .
2 3  2       0         .
2 3  3       1         .
2 3  4       0         .
2 3  5       1         .
2 3  6       0         .
2 3  7       1         .
2 3  8       1         .
2 3  9       0         .
2 3  10      1         .
2 3  11      0         .
2 3  12      0         .
2 3  13      0         .
2 3  14      1         .
2 3  15      1         .
2 3  16      0         .
2 3  17      1         .
2 3  18      1         .
2 3  19      0         .
2 3  20      1         .
2 3  21      1         .
2 3  22      1         .
2 3  23      1         .
2 3  24      1         .
2 3  25      1         .
2 4  1       1         .
2 4  2       1         .
2 4  3       1         .
2 4  4       1         .
2 4  5       1         .
2 4  6       0         .
2 4  7       1         .
2 4  8       1         .
2 4  9       1         .
2 4  10      1         .
2 4  11      1         .
2 4  12      1         .
2 4  13      1         .
2 4  14      1         .
2 4  15      1         .
2 4  16      1         .
2 4  17      1         .
2 4  18      1         .
2 4  19      1         .
2 4  20      1         .
2 4  21      1         .
2 4  22      1         .
2 4  23      1         .
2 4  24      1         .
2 4  25      1         .
2 5  1       0         .
2 5  2       0         .
2 5  3       0         .
2 5  4       0         .
2 5  5       1         .
2 5  6       0         .
2 5  7       1         .
2 5  8       1         .
2 5  9       0         .
2 5  10      1         .
2 5  11      0         .
2 5  12      0         .
2 5  13      0         .
2 5  14      1         .
2 5  15      1         .
2 5  16      0         .
2 5  17      0         .
2 5  18      1         .
2 5  19      0         .
2 5  20      1         .
2 5  21      1         .
2 5  22      1         .
2 5  23      0         .
2 5  24      1         .
2 5  25      0         .
2 6  1       1         .
2 6  2       1         .
2 6  3       1         .
2 6  4       1         .
2 6  5       1         .
2 6  6       1         .
2 6  7       1         .
2 6  8       1         .
2 6  9       1         .
2 6  10      1         .
2 6  11      1         .
2 6  12      1         .
2 6  13      1         .
2 6  14      1         .
2 6  15      1         .
2 6  16      1         .
2 6  17      1         .
2 6  18      1         .
2 6  19      1         .
2 6  20      1         .
2 6  21      1         .
2 6  22      1         .
2 6  23      1         .
2 6  24      1         .
2 6  25      1         .
2 7  1       0         .
2 7  2       0         .
2 7  3       0         .
2 7  4       0         .
2 7  5       0         .
2 7  6       0         .
2 7  7       1         .
2 7  8       0         .
2 7  9       0         .
2 7  10      1         .
2 7  11      0         .
2 7  12      0         .
2 7  13      0         .
2 7  14      1         .
2 7  15      1         .
2 7  16      0         .
2 7  17      0         .
2 7  18      1         .
2 7  19      0         .
2 7  20      1         .
2 7  21      0         .
2 7  22      1         .
2 7  23      0         .
2 7  24      0         .
2 7  25      0         .
2 8  1       0         .
2 8  2       0         .
2 8  3       0         .
2 8  4       0         .
2 8  5       0         .
2 8  6       0         .
2 8  7       1         .
2 8  8       1         .
2 8  9       0         .
2 8  10      1         .
2 8  11      0         .
2 8  12      0         .
2 8  13      0         .
2 8  14      1         .
2 8  15      1         .
2 8  16      0         .
2 8  17      0         .
2 8  18      1         .
2 8  19      0         .
2 8  20      1         .
2 8  21      0         .
2 8  22      1         .
2 8  23      0         .
2 8  24      1         .
2 8  25      0         .
2 9  1       0         .
2 9  2       0         .
2 9  3       1         .
2 9  4       0         .
2 9  5       1         .
2 9  6       0         .
2 9  7       1         .
2 9  8       1         .
2 9  9       1         .
2 9  10      1         .
2 9  11      0         .
2 9  12      0         .
2 9  13      0         .
2 9  14      1         .
2 9  15      1         .
2 9  16      0         .
2 9  17      1         .
2 9  18      1         .
2 9  19      0         .
2 9  20      1         .
2 9  21      1         .
2 9  22      1         .
2 9  23      1         .
2 9  24      1         .
2 9  25      1         .
2 10 1       0         .
2 10 2       0         .
2 10 3       0         .
2 10 4       0         .
2 10 5       0         .
2 10 6       0         .
2 10 7       0         .
2 10 8       0         .
2 10 9       0         .
2 10 10      1         .
2 10 11      0         .
2 10 12      0         .
2 10 13      0         .
2 10 14      0         .
2 10 15      0         .
2 10 16      0         .
2 10 17      0         .
2 10 18      0         .
2 10 19      0         .
2 10 20      0         .
2 10 21      0         .
2 10 22      0         .
2 10 23      0         .
2 10 24      0         .
2 10 25      0         .
2 11 1       1         .
2 11 2       1         .
2 11 3       1         .
2 11 4       0         .
2 11 5       1         .
2 11 6       0         .
2 11 7       1         .
2 11 8       1         .
2 11 9       1         .
2 11 10      1         .
2 11 11      1         .
2 11 12      1         .
2 11 13      1         .
2 11 14      1         .
2 11 15      1         .
2 11 16      1         .
2 11 17      1         .
2 11 18      1         .
2 11 19      1         .
2 11 20      1         .
2 11 21      1         .
2 11 22      1         .
2 11 23      1         .
2 11 24      1         .
2 11 25      1         .
2 12 1       1         .
2 12 2       0         .
2 12 3       1         .
2 12 4       0         .
2 12 5       1         .
2 12 6       0         .
2 12 7       1         .
2 12 8       1         .
2 12 9       1         .
2 12 10      1         .
2 12 11      0         .
2 12 12      1         .
2 12 13      1         .
2 12 14      1         .
2 12 15      1         .
2 12 16      0         .
2 12 17      1         .
2 12 18      1         .
2 12 19      1         .
2 12 20      1         .
2 12 21      1         .
2 12 22      1         .
2 12 23      1         .
2 12 24      1         .
2 12 25      1         .
2 13 1       0         .
2 13 2       0         .
2 13 3       1         .
2 13 4       0         .
2 13 5       1         .
2 13 6       0         .
2 13 7       1         .
2 13 8       1         .
2 13 9       1         .
2 13 10      1         .
2 13 11      0         .
2 13 12      0         .
2 13 13      1         .
2 13 14      1         .
2 13 15      1         .
2 13 16      0         .
2 13 17      1         .
2 13 18      1         .
2 13 19      0         .
2 13 20      1         .
2 13 21      1         .
2 13 22      1         .
2 13 23      1         .
2 13 24      1         .
2 13 25      1         .
2 14 1       0         .
2 14 2       0         .
2 14 3       0         .
2 14 4       0         .
2 14 5       0         .
2 14 6       0         .
2 14 7       0         .
2 14 8       0         .
2 14 9       0         .
2 14 10      1         .
2 14 11      0         .
2 14 12      0         .
2 14 13      0         .
2 14 14      1         .
2 14 15      0         .
2 14 16      0         .
2 14 17      0         .
2 14 18      1         .
2 14 19      0         .
2 14 20      1         .
2 14 21      0         .
2 14 22      1         .
2 14 23      0         .
2 14 24      0         .
2 14 25      0         .
2 15 1       0         .
2 15 2       0         .
2 15 3       0         .
2 15 4       0         .
2 15 5       0         .
2 15 6       0         .
2 15 7       0         .
2 15 8       0         .
2 15 9       0         .
2 15 10      1         .
2 15 11      0         .
2 15 12      0         .
2 15 13      0         .
2 15 14      1         .
2 15 15      1         .
2 15 16      0         .
2 15 17      0         .
2 15 18      1         .
2 15 19      0         .
2 15 20      1         .
2 15 21      0         .
2 15 22      1         .
2 15 23      0         .
2 15 24      0         .
2 15 25      0         .
2 16 1       1         .
2 16 2       1         .
2 16 3       1         .
2 16 4       0         .
2 16 5       1         .
2 16 6       0         .
2 16 7       1         .
2 16 8       1         .
2 16 9       1         .
2 16 10      1         .
2 16 11      0         .
2 16 12      1         .
2 16 13      1         .
2 16 14      1         .
2 16 15      1         .
2 16 16      1         .
2 16 17      1         .
2 16 18      1         .
2 16 19      1         .
2 16 20      1         .
2 16 21      1         .
2 16 22      1         .
2 16 23      1         .
2 16 24      1         .
2 16 25      1         .
2 17 1       0         .
2 17 2       0         .
2 17 3       0         .
2 17 4       0         .
2 17 5       1         .
2 17 6       0         .
2 17 7       1         .
2 17 8       1         .
2 17 9       0         .
2 17 10      1         .
2 17 11      0         .
2 17 12      0         .
2 17 13      0         .
2 17 14      1         .
2 17 15      1         .
2 17 16      0         .
2 17 17      1         .
2 17 18      1         .
2 17 19      0         .
2 17 20      1         .
2 17 21      0         .
2 17 22      1         .
2 17 23      0         .
2 17 24      0         .
2 17 25      0         .
2 18 1       0         .
2 18 2       0         .
2 18 3       0         .
2 18 4       0         .
2 18 5       0         .
2 18 6       0         .
2 18 7       0         .
2 18 8       0         .
2 18 9       0         .
2 18 10      1         .
2 18 11      0         .
2 18 12      0         .
2 18 13      0         .
2 18 14      0         .
2 18 15      0         .
2 18 16      0         .
2 18 17      0         .
2 18 18      1         .
2 18 19      0         .
2 18 20      0         .
2 18 21      0         .
2 18 22      1         .
2 18 23      0         .
2 18 24      0         .
2 18 25      0         .
2 19 1       0         .
2 19 2       0         .
2 19 3       1         .
2 19 4       0         .
2 19 5       1         .
2 19 6       0         .
2 19 7       1         .
2 19 8       1         .
2 19 9       1         .
2 19 10      1         .
2 19 11      0         .
2 19 12      0         .
2 19 13      1         .
2 19 14      1         .
2 19 15      1         .
2 19 16      0         .
2 19 17      1         .
2 19 18      1         .
2 19 19      1         .
2 19 20      1         .
2 19 21      1         .
2 19 22      1         .
2 19 23      1         .
2 19 24      1         .
2 19 25      1         .
2 20 1       0         .
2 20 2       0         .
2 20 3       0         .
2 20 4       0         .
2 20 5       0         .
2 20 6       0         .
2 20 7       0         .
2 20 8       0         .
2 20 9       0         .
2 20 10      1         .
2 20 11      0         .
2 20 12      0         .
2 20 13      0         .
2 20 14      0         .
2 20 15      0         .
2 20 16      0         .
2 20 17      0         .
2 20 18      1         .
2 20 19      0         .
2 20 20      1         .
2 20 21      0         .
2 20 22      1         .
2 20 23      0         .
2 20 24      0         .
2 20 25      0         .
2 21 1       0         .
2 21 2       0         .
2 21 3       0         .
2 21 4       0         .
2 21 5       0         .
2 21 6       0         .
2 21 7       1         .
2 21 8       1         .
2 21 9       0         .
2 21 10      1         .
2 21 11      0         .
2 21 12      0         .
2 21 13      0         .
2 21 14      1         .
2 21 15      1         .
2 21 16      0         .
2 21 17      1         .
2 21 18      1         .
2 21 19      0         .
2 21 20      1         .
2 21 21      1         .
2 21 22      1         .
2 21 23      0         .
2 21 24      1         .
2 21 25      0         .
2 22 1       0         .
2 22 2       0         .
2 22 3       0         .
2 22 4       0         .
2 22 5       0         .
2 22 6       0         .
2 22 7       0         .
2 22 8       0         .
2 22 9       0         .
2 22 10      1         .
2 22 11      0         .
2 22 12      0         .
2 22 13      0         .
2 22 14      0         .
2 22 15      0         .
2 22 16      0         .
2 22 17      0         .
2 22 18      0         .
2 22 19      0         .
2 22 20      0         .
2 22 21      0         .
2 22 22      1         .
2 22 23      0         .
2 22 24      0         .
2 22 25      0         .
2 23 1       0         .
2 23 2       0         .
2 23 3       0         .
2 23 4       0         .
2 23 5       1         .
2 23 6       0         .
2 23 7       1         .
2 23 8       1         .
2 23 9       0         .
2 23 10      1         .
2 23 11      0         .
2 23 12      0         .
2 23 13      0         .
2 23 14      1         .
2 23 15      1         .
2 23 16      0         .
2 23 17      1         .
2 23 18      1         .
2 23 19      0         .
2 23 20      1         .
2 23 21      1         .
2 23 22      1         .
2 23 23      1         .
2 23 24      1         .
2 23 25      1         .
2 24 1       0         .
2 24 2       0         .
2 24 3       0         .
2 24 4       0         .
2 24 5       0         .
2 24 6       0         .
2 24 7       1         .
2 24 8       0         .
2 24 9       0         .
2 24 10      1         .
2 24 11      0         .
2 24 12      0         .
2 24 13      0         .
2 24 14      1         .
2 24 15      1         .
2 24 16      0         .
2 24 17      1         .
2 24 18      1         .
2 24 19      0         .
2 24 20      1         .
2 24 21      0         .
2 24 22      1         .
2 24 23      0         .
2 24 24      1         .
2 24 25      0         .
2 25 1       0         .
2 25 2       0         .
2 25 3       0         .
2 25 4       0         .
2 25 5       1         .
2 25 6       0         .
2 25 7       1         .
2 25 8       1         .
2 25 9       0         .
2 25 10      1         .
2 25 11      0         .
2 25 12      0         .
2 25 13      0         .
2 25 14      1         .
2 25 15      1         .
2 25 16      0         .
2 25 17      1         .
2 25 18      1         .
2 25 19      0         .
2 25 20      1         .
2 25 21      1         .
2 25 22      1         .
2 25 23      0         .
2 25 24      1         .
2 25 25      1         .
3 1  1       1        0
3 1  2       0        0
3 1  3       1        0
3 1  4       0        0
3 1  5       1        0
3 1  6       0        0
3 1  7       1        0
3 1  8       1        0
3 1  9       1        0
3 1  10      1        1
3 1  11      0        0
3 1  12      1        0
3 1  13      1        0
3 1  14      1        1
3 1  15      1        1
3 1  16      0        0
3 1  17      1        0
3 1  18      1        1
3 1  19      1        0
3 1  20      1        1
3 1  21      1        0
3 1  22      1        1
3 1  23      1        0
3 1  24      1        0
3 1  25      1        0
3 2  1       1        1
3 2  2       1        1
3 2  3       1        1
3 2  4       0        1
3 2  5       1        1
3 2  6       0        1
3 2  7       1        1
3 2  8       1        1
3 2  9       1        1
3 2  10      1        0
3 2  11      0        1
3 2  12      1        1
3 2  13      1        1
3 2  14      1        0
3 2  15      1        0
3 2  16      0        1
3 2  17      1        1
3 2  18      1        0
3 2  19      1        1
3 2  20      1        0
3 2  21      1        1
3 2  22      1        0
3 2  23      1        1
3 2  24      1        1
3 2  25      1        1
3 3  1       0         .
3 3  2       0         .
3 3  3       1         .
3 3  4       0         .
3 3  5       1         .
3 3  6       0         .
3 3  7       1         .
3 3  8       1         .
3 3  9       1         .
3 3  10      1         .
3 3  11      0         .
3 3  12      0         .
3 3  13      0         .
3 3  14      1         .
3 3  15      1         .
3 3  16      0         .
3 3  17      1         .
3 3  18      1         .
3 3  19      0         .
3 3  20      1         .
3 3  21      1         .
3 3  22      1         .
3 3  23      1         .
3 3  24      1         .
3 3  25      1         .
3 4  1       1         .
3 4  2       1         .
3 4  3       1         .
3 4  4       1         .
3 4  5       1         .
3 4  6       0         .
3 4  7       1         .
3 4  8       1         .
3 4  9       1         .
3 4  10      1         .
3 4  11      1         .
3 4  12      1         .
3 4  13      1         .
3 4  14      1         .
3 4  15      1         .
3 4  16      1         .
3 4  17      1         .
3 4  18      1         .
3 4  19      1         .
3 4  20      1         .
3 4  21      1         .
3 4  22      1         .
3 4  23      1         .
3 4  24      1         .
3 4  25      1         .
3 5  1       0         .
3 5  2       0         .
3 5  3       0         .
3 5  4       0         .
3 5  5       1         .
3 5  6       0         .
3 5  7       1         .
3 5  8       0         .
3 5  9       0         .
3 5  10      1         .
3 5  11      0         .
3 5  12      0         .
3 5  13      0         .
3 5  14      1         .
3 5  15      1         .
3 5  16      0         .
3 5  17      0         .
3 5  18      1         .
3 5  19      0         .
3 5  20      1         .
3 5  21      0         .
3 5  22      1         .
3 5  23      0         .
3 5  24      0         .
3 5  25      0         .
3 6  1       1         .
3 6  2       1         .
3 6  3       1         .
3 6  4       1         .
3 6  5       1         .
3 6  6       1         .
3 6  7       1         .
3 6  8       1         .
3 6  9       1         .
3 6  10      1         .
3 6  11      1         .
3 6  12      1         .
3 6  13      1         .
3 6  14      1         .
3 6  15      1         .
3 6  16      1         .
3 6  17      1         .
3 6  18      1         .
3 6  19      1         .
3 6  20      1         .
3 6  21      1         .
3 6  22      1         .
3 6  23      1         .
3 6  24      1         .
3 6  25      1         .
3 7  1       0         .
3 7  2       0         .
3 7  3       0         .
3 7  4       0         .
3 7  5       0         .
3 7  6       0         .
3 7  7       1         .
3 7  8       0         .
3 7  9       0         .
3 7  10      1         .
3 7  11      0         .
3 7  12      0         .
3 7  13      0         .
3 7  14      1         .
3 7  15      1         .
3 7  16      0         .
3 7  17      0         .
3 7  18      1         .
3 7  19      0         .
3 7  20      1         .
3 7  21      0         .
3 7  22      1         .
3 7  23      0         .
3 7  24      0         .
3 7  25      0         .
3 8  1       0         .
3 8  2       0         .
3 8  3       0         .
3 8  4       0         .
3 8  5       1         .
3 8  6       0         .
3 8  7       1         .
3 8  8       1         .
3 8  9       0         .
3 8  10      1         .
3 8  11      0         .
3 8  12      0         .
3 8  13      0         .
3 8  14      1         .
3 8  15      1         .
3 8  16      0         .
3 8  17      1         .
3 8  18      1         .
3 8  19      0         .
3 8  20      1         .
3 8  21      1         .
3 8  22      1         .
3 8  23      0         .
3 8  24      1         .
3 8  25      1         .
3 9  1       0         .
3 9  2       0         .
3 9  3       0         .
3 9  4       0         .
3 9  5       1         .
3 9  6       0         .
3 9  7       1         .
3 9  8       1         .
3 9  9       1         .
3 9  10      1         .
3 9  11      0         .
3 9  12      0         .
3 9  13      0         .
3 9  14      1         .
3 9  15      1         .
3 9  16      0         .
3 9  17      1         .
3 9  18      1         .
3 9  19      0         .
3 9  20      1         .
3 9  21      1         .
3 9  22      1         .
3 9  23      1         .
3 9  24      1         .
3 9  25      1         .
3 10 1       0         .
3 10 2       0         .
3 10 3       0         .
3 10 4       0         .
3 10 5       0         .
3 10 6       0         .
3 10 7       0         .
3 10 8       0         .
3 10 9       0         .
3 10 10      1         .
3 10 11      0         .
3 10 12      0         .
3 10 13      0         .
3 10 14      0         .
3 10 15      0         .
3 10 16      0         .
3 10 17      0         .
3 10 18      0         .
3 10 19      0         .
3 10 20      0         .
3 10 21      0         .
3 10 22      0         .
3 10 23      0         .
3 10 24      0         .
3 10 25      0         .
3 11 1       1         .
3 11 2       1         .
3 11 3       1         .
3 11 4       0         .
3 11 5       1         .
3 11 6       0         .
3 11 7       1         .
3 11 8       1         .
3 11 9       1         .
3 11 10      1         .
3 11 11      1         .
3 11 12      1         .
3 11 13      1         .
3 11 14      1         .
3 11 15      1         .
3 11 16      1         .
3 11 17      1         .
3 11 18      1         .
3 11 19      1         .
3 11 20      1         .
3 11 21      1         .
3 11 22      1         .
3 11 23      1         .
3 11 24      1         .
3 11 25      1         .
3 12 1       0         .
3 12 2       0         .
3 12 3       1         .
3 12 4       0         .
3 12 5       1         .
3 12 6       0         .
3 12 7       1         .
3 12 8       1         .
3 12 9       1         .
3 12 10      1         .
3 12 11      0         .
3 12 12      1         .
3 12 13      1         .
3 12 14      1         .
3 12 15      1         .
3 12 16      0         .
3 12 17      1         .
3 12 18      1         .
3 12 19      1         .
3 12 20      1         .
3 12 21      1         .
3 12 22      1         .
3 12 23      1         .
3 12 24      1         .
3 12 25      1         .
3 13 1       0         .
3 13 2       0         .
3 13 3       1         .
3 13 4       0         .
3 13 5       1         .
3 13 6       0         .
3 13 7       1         .
3 13 8       1         .
3 13 9       1         .
3 13 10      1         .
3 13 11      0         .
3 13 12      0         .
3 13 13      1         .
3 13 14      1         .
3 13 15      1         .
3 13 16      0         .
3 13 17      1         .
3 13 18      1         .
3 13 19      0         .
3 13 20      1         .
3 13 21      1         .
3 13 22      1         .
3 13 23      1         .
3 13 24      1         .
3 13 25      1         .
3 14 1       0         .
3 14 2       0         .
3 14 3       0         .
3 14 4       0         .
3 14 5       0         .
3 14 6       0         .
3 14 7       0         .
3 14 8       0         .
3 14 9       0         .
3 14 10      1         .
3 14 11      0         .
3 14 12      0         .
3 14 13      0         .
3 14 14      1         .
3 14 15      0         .
3 14 16      0         .
3 14 17      0         .
3 14 18      1         .
3 14 19      0         .
3 14 20      1         .
3 14 21      0         .
3 14 22      1         .
3 14 23      0         .
3 14 24      0         .
3 14 25      0         .
3 15 1       0         .
3 15 2       0         .
3 15 3       0         .
3 15 4       0         .
3 15 5       0         .
3 15 6       0         .
3 15 7       0         .
3 15 8       0         .
3 15 9       0         .
3 15 10      1         .
3 15 11      0         .
3 15 12      0         .
3 15 13      0         .
3 15 14      1         .
3 15 15      1         .
3 15 16      0         .
3 15 17      0         .
3 15 18      1         .
3 15 19      0         .
3 15 20      1         .
3 15 21      0         .
3 15 22      1         .
3 15 23      0         .
3 15 24      0         .
3 15 25      0         .
3 16 1       1         .
3 16 2       1         .
3 16 3       1         .
3 16 4       0         .
3 16 5       1         .
3 16 6       0         .
3 16 7       1         .
3 16 8       1         .
3 16 9       1         .
3 16 10      1         .
3 16 11      0         .
3 16 12      1         .
3 16 13      1         .
3 16 14      1         .
3 16 15      1         .
3 16 16      1         .
3 16 17      1         .
3 16 18      1         .
3 16 19      1         .
3 16 20      1         .
3 16 21      1         .
3 16 22      1         .
3 16 23      1         .
3 16 24      1         .
3 16 25      1         .
3 17 1       0         .
3 17 2       0         .
3 17 3       0         .
3 17 4       0         .
3 17 5       1         .
3 17 6       0         .
3 17 7       1         .
3 17 8       0         .
3 17 9       0         .
3 17 10      1         .
3 17 11      0         .
3 17 12      0         .
3 17 13      0         .
3 17 14      1         .
3 17 15      1         .
3 17 16      0         .
3 17 17      1         .
3 17 18      1         .
3 17 19      0         .
3 17 20      1         .
3 17 21      1         .
3 17 22      1         .
3 17 23      0         .
3 17 24      1         .
3 17 25      0         .
3 18 1       0         .
3 18 2       0         .
3 18 3       0         .
3 18 4       0         .
3 18 5       0         .
3 18 6       0         .
3 18 7       0         .
3 18 8       0         .
3 18 9       0         .
3 18 10      1         .
3 18 11      0         .
3 18 12      0         .
3 18 13      0         .
3 18 14      0         .
3 18 15      0         .
3 18 16      0         .
3 18 17      0         .
3 18 18      1         .
3 18 19      0         .
3 18 20      0         .
3 18 21      0         .
3 18 22      1         .
3 18 23      0         .
3 18 24      0         .
3 18 25      0         .
3 19 1       0         .
3 19 2       0         .
3 19 3       1         .
3 19 4       0         .
3 19 5       1         .
3 19 6       0         .
3 19 7       1         .
3 19 8       1         .
3 19 9       1         .
3 19 10      1         .
3 19 11      0         .
3 19 12      0         .
3 19 13      1         .
3 19 14      1         .
3 19 15      1         .
3 19 16      0         .
3 19 17      1         .
3 19 18      1         .
3 19 19      1         .
3 19 20      1         .
3 19 21      1         .
3 19 22      1         .
3 19 23      1         .
3 19 24      1         .
3 19 25      1         .
3 20 1       0         .
3 20 2       0         .
3 20 3       0         .
3 20 4       0         .
3 20 5       0         .
3 20 6       0         .
3 20 7       0         .
3 20 8       0         .
3 20 9       0         .
3 20 10      1         .
3 20 11      0         .
3 20 12      0         .
3 20 13      0         .
3 20 14      0         .
3 20 15      0         .
3 20 16      0         .
3 20 17      0         .
3 20 18      1         .
3 20 19      0         .
3 20 20      1         .
3 20 21      0         .
3 20 22      1         .
3 20 23      0         .
3 20 24      0         .
3 20 25      0         .
3 21 1       0         .
3 21 2       0         .
3 21 3       0         .
3 21 4       0         .
3 21 5       1         .
3 21 6       0         .
3 21 7       1         .
3 21 8       0         .
3 21 9       0         .
3 21 10      1         .
3 21 11      0         .
3 21 12      0         .
3 21 13      0         .
3 21 14      1         .
3 21 15      1         .
3 21 16      0         .
3 21 17      0         .
3 21 18      1         .
3 21 19      0         .
3 21 20      1         .
3 21 21      1         .
3 21 22      1         .
3 21 23      0         .
3 21 24      1         .
3 21 25      0         .
3 22 1       0         .
3 22 2       0         .
3 22 3       0         .
3 22 4       0         .
3 22 5       0         .
3 22 6       0         .
3 22 7       0         .
3 22 8       0         .
3 22 9       0         .
3 22 10      1         .
3 22 11      0         .
3 22 12      0         .
3 22 13      0         .
3 22 14      0         .
3 22 15      0         .
3 22 16      0         .
3 22 17      0         .
3 22 18      0         .
3 22 19      0         .
3 22 20      0         .
3 22 21      0         .
3 22 22      1         .
3 22 23      0         .
3 22 24      0         .
3 22 25      0         .
3 23 1       0         .
3 23 2       0         .
3 23 3       0         .
3 23 4       0         .
3 23 5       1         .
3 23 6       0         .
3 23 7       1         .
3 23 8       1         .
3 23 9       0         .
3 23 10      1         .
3 23 11      0         .
3 23 12      0         .
3 23 13      0         .
3 23 14      1         .
3 23 15      1         .
3 23 16      0         .
3 23 17      1         .
3 23 18      1         .
3 23 19      0         .
3 23 20      1         .
3 23 21      1         .
3 23 22      1         .
3 23 23      1         .
3 23 24      1         .
3 23 25      1         .
3 24 1       0         .
3 24 2       0         .
3 24 3       0         .
3 24 4       0         .
3 24 5       1         .
3 24 6       0         .
3 24 7       1         .
3 24 8       0         .
3 24 9       0         .
3 24 10      1         .
3 24 11      0         .
3 24 12      0         .
3 24 13      0         .
3 24 14      1         .
3 24 15      1         .
3 24 16      0         .
3 24 17      0         .
3 24 18      1         .
3 24 19      0         .
3 24 20      1         .
3 24 21      0         .
3 24 22      1         .
3 24 23      0         .
3 24 24      1         .
3 24 25      0         .
3 25 1       0         .
3 25 2       0         .
3 25 3       0         .
3 25 4       0         .
3 25 5       1         .
3 25 6       0         .
3 25 7       1         .
3 25 8       0         .
3 25 9       0         .
3 25 10      1         .
3 25 11      0         .
3 25 12      0         .
3 25 13      0         .
3 25 14      1         .
3 25 15      1         .
3 25 16      0         .
3 25 17      1         .
3 25 18      1         .
3 25 19      0         .
3 25 20      1         .
3 25 21      1         .
3 25 22      1         .
3 25 23      0         .
3 25 24      1         .
3 25 25      1         .
4 1  1       1        0
4 1  2       0        0
4 1  3       1        0
4 1  4       0        0
4 1  5       1        0
4 1  6       0        0
4 1  7       1        0
4 1  8       1        0
4 1  9       1        0
4 1  10      1        1
4 1  11      0        0
4 1  12      0        0
4 1  13      1        0
4 1  14      1        0
4 1  15      1        1
4 1  16      0        0
4 1  17      1        1
4 1  18      1        0
4 1  19      1        0
4 1  20      1        1
4 1  21      1        0
4 1  22      1        1
4 1  23      1        0
4 1  24      1        0
4 1  25      1        0
4 2  1       1        1
4 2  2       1        1
4 2  3       1        1
4 2  4       0        1
4 2  5       1        1
4 2  6       0        1
4 2  7       1        1
4 2  8       1        1
4 2  9       1        1
4 2  10      1        0
4 2  11      0        1
4 2  12      1        1
4 2  13      1        1
4 2  14      1        1
4 2  15      1        0
4 2  16      0        1
4 2  17      1        0
4 2  18      1        1
4 2  19      1        1
4 2  20      1        0
4 2  21      1        1
4 2  22      1        0
4 2  23      1        1
4 2  24      1        1
4 2  25      1        1
4 3  1       0         .
4 3  2       0         .
4 3  3       1         .
4 3  4       0         .
4 3  5       1         .
4 3  6       0         .
4 3  7       1         .
4 3  8       1         .
4 3  9       0         .
4 3  10      1         .
4 3  11      0         .
4 3  12      0         .
4 3  13      0         .
4 3  14      1         .
4 3  15      1         .
4 3  16      0         .
4 3  17      1         .
4 3  18      1         .
4 3  19      0         .
4 3  20      1         .
4 3  21      1         .
4 3  22      1         .
4 3  23      1         .
4 3  24      1         .
4 3  25      1         .
4 4  1       1         .
4 4  2       1         .
4 4  3       1         .
4 4  4       1         .
4 4  5       1         .
4 4  6       0         .
4 4  7       1         .
4 4  8       1         .
4 4  9       1         .
4 4  10      1         .
4 4  11      1         .
4 4  12      1         .
4 4  13      1         .
4 4  14      1         .
4 4  15      1         .
4 4  16      1         .
4 4  17      1         .
4 4  18      1         .
4 4  19      1         .
4 4  20      1         .
4 4  21      1         .
4 4  22      1         .
4 4  23      1         .
4 4  24      1         .
4 4  25      1         .
4 5  1       0         .
4 5  2       0         .
4 5  3       0         .
4 5  4       0         .
4 5  5       1         .
4 5  6       0         .
4 5  7       1         .
4 5  8       0         .
4 5  9       0         .
4 5  10      1         .
4 5  11      0         .
4 5  12      0         .
4 5  13      0         .
4 5  14      0         .
4 5  15      1         .
4 5  16      0         .
4 5  17      1         .
4 5  18      1         .
4 5  19      0         .
4 5  20      1         .
4 5  21      0         .
4 5  22      1         .
4 5  23      0         .
4 5  24      0         .
4 5  25      0         .
4 6  1       1         .
4 6  2       1         .
4 6  3       1         .
4 6  4       1         .
4 6  5       1         .
4 6  6       1         .
4 6  7       1         .
4 6  8       1         .
4 6  9       1         .
4 6  10      1         .
4 6  11      1         .
4 6  12      1         .
4 6  13      1         .
4 6  14      1         .
4 6  15      1         .
4 6  16      1         .
4 6  17      1         .
4 6  18      1         .
4 6  19      1         .
4 6  20      1         .
4 6  21      1         .
4 6  22      1         .
4 6  23      1         .
4 6  24      1         .
4 6  25      1         .
4 7  1       0         .
4 7  2       0         .
4 7  3       0         .
4 7  4       0         .
4 7  5       0         .
4 7  6       0         .
4 7  7       1         .
4 7  8       0         .
4 7  9       0         .
4 7  10      1         .
4 7  11      0         .
4 7  12      0         .
4 7  13      0         .
4 7  14      0         .
4 7  15      1         .
4 7  16      0         .
4 7  17      1         .
4 7  18      0         .
4 7  19      0         .
4 7  20      1         .
4 7  21      0         .
4 7  22      1         .
4 7  23      0         .
4 7  24      0         .
4 7  25      0         .
4 8  1       0         .
4 8  2       0         .
4 8  3       0         .
4 8  4       0         .
4 8  5       1         .
4 8  6       0         .
4 8  7       1         .
4 8  8       1         .
4 8  9       0         .
4 8  10      1         .
4 8  11      0         .
4 8  12      0         .
4 8  13      0         .
4 8  14      0         .
4 8  15      1         .
4 8  16      0         .
4 8  17      1         .
4 8  18      1         .
4 8  19      0         .
4 8  20      1         .
4 8  21      1         .
4 8  22      1         .
4 8  23      0         .
4 8  24      1         .
4 8  25      1         .
4 9  1       0         .
4 9  2       0         .
4 9  3       1         .
4 9  4       0         .
4 9  5       1         .
4 9  6       0         .
4 9  7       1         .
4 9  8       1         .
4 9  9       1         .
4 9  10      1         .
4 9  11      0         .
4 9  12      0         .
4 9  13      1         .
4 9  14      1         .
4 9  15      1         .
4 9  16      0         .
4 9  17      1         .
4 9  18      1         .
4 9  19      1         .
4 9  20      1         .
4 9  21      1         .
4 9  22      1         .
4 9  23      1         .
4 9  24      1         .
4 9  25      1         .
4 10 1       0         .
4 10 2       0         .
4 10 3       0         .
4 10 4       0         .
4 10 5       0         .
4 10 6       0         .
4 10 7       0         .
4 10 8       0         .
4 10 9       0         .
4 10 10      1         .
4 10 11      0         .
4 10 12      0         .
4 10 13      0         .
4 10 14      0         .
4 10 15      0         .
4 10 16      0         .
4 10 17      0         .
4 10 18      0         .
4 10 19      0         .
4 10 20      0         .
4 10 21      0         .
4 10 22      0         .
4 10 23      0         .
4 10 24      0         .
4 10 25      0         .
4 11 1       1         .
4 11 2       1         .
4 11 3       1         .
4 11 4       0         .
4 11 5       1         .
4 11 6       0         .
4 11 7       1         .
4 11 8       1         .
4 11 9       1         .
4 11 10      1         .
4 11 11      1         .
4 11 12      1         .
4 11 13      1         .
4 11 14      1         .
4 11 15      1         .
4 11 16      1         .
4 11 17      1         .
4 11 18      1         .
4 11 19      1         .
4 11 20      1         .
4 11 21      1         .
4 11 22      1         .
4 11 23      1         .
4 11 24      1         .
4 11 25      1         .
4 12 1       1         .
4 12 2       0         .
4 12 3       1         .
4 12 4       0         .
4 12 5       1         .
4 12 6       0         .
4 12 7       1         .
4 12 8       1         .
4 12 9       1         .
4 12 10      1         .
4 12 11      0         .
4 12 12      1         .
4 12 13      1         .
4 12 14      1         .
4 12 15      1         .
4 12 16      0         .
4 12 17      1         .
4 12 18      1         .
4 12 19      1         .
4 12 20      1         .
4 12 21      1         .
4 12 22      1         .
4 12 23      1         .
4 12 24      1         .
4 12 25      1         .
4 13 1       0         .
4 13 2       0         .
4 13 3       1         .
4 13 4       0         .
4 13 5       1         .
4 13 6       0         .
4 13 7       1         .
4 13 8       1         .
4 13 9       0         .
4 13 10      1         .
4 13 11      0         .
4 13 12      0         .
4 13 13      1         .
4 13 14      1         .
4 13 15      1         .
4 13 16      0         .
4 13 17      1         .
4 13 18      1         .
4 13 19      0         .
4 13 20      1         .
4 13 21      1         .
4 13 22      1         .
4 13 23      1         .
4 13 24      1         .
4 13 25      1         .
4 14 1       0         .
4 14 2       0         .
4 14 3       0         .
4 14 4       0         .
4 14 5       1         .
4 14 6       0         .
4 14 7       1         .
4 14 8       1         .
4 14 9       0         .
4 14 10      1         .
4 14 11      0         .
4 14 12      0         .
4 14 13      0         .
4 14 14      1         .
4 14 15      1         .
4 14 16      0         .
4 14 17      1         .
4 14 18      1         .
4 14 19      0         .
4 14 20      1         .
4 14 21      1         .
4 14 22      1         .
4 14 23      0         .
4 14 24      1         .
4 14 25      1         .
4 15 1       0         .
4 15 2       0         .
4 15 3       0         .
4 15 4       0         .
4 15 5       0         .
4 15 6       0         .
4 15 7       0         .
4 15 8       0         .
4 15 9       0         .
4 15 10      1         .
4 15 11      0         .
4 15 12      0         .
4 15 13      0         .
4 15 14      0         .
4 15 15      1         .
4 15 16      0         .
4 15 17      1         .
4 15 18      0         .
4 15 19      0         .
4 15 20      1         .
4 15 21      0         .
4 15 22      1         .
4 15 23      0         .
4 15 24      0         .
4 15 25      0         .
4 16 1       1         .
4 16 2       1         .
4 16 3       1         .
4 16 4       0         .
4 16 5       1         .
4 16 6       0         .
4 16 7       1         .
4 16 8       1         .
4 16 9       1         .
4 16 10      1         .
4 16 11      0         .
4 16 12      1         .
4 16 13      1         .
4 16 14      1         .
4 16 15      1         .
4 16 16      1         .
4 16 17      1         .
4 16 18      1         .
4 16 19      1         .
4 16 20      1         .
4 16 21      1         .
4 16 22      1         .
4 16 23      1         .
4 16 24      1         .
4 16 25      1         .
4 17 1       0         .
4 17 2       0         .
4 17 3       0         .
4 17 4       0         .
4 17 5       0         .
4 17 6       0         .
4 17 7       0         .
4 17 8       0         .
4 17 9       0         .
4 17 10      1         .
4 17 11      0         .
4 17 12      0         .
4 17 13      0         .
4 17 14      0         .
4 17 15      0         .
4 17 16      0         .
4 17 17      1         .
4 17 18      0         .
4 17 19      0         .
4 17 20      1         .
4 17 21      0         .
4 17 22      1         .
4 17 23      0         .
4 17 24      0         .
4 17 25      0         .
4 18 1       0         .
4 18 2       0         .
4 18 3       0         .
4 18 4       0         .
4 18 5       0         .
4 18 6       0         .
4 18 7       1         .
4 18 8       0         .
4 18 9       0         .
4 18 10      1         .
4 18 11      0         .
4 18 12      0         .
4 18 13      0         .
4 18 14      0         .
4 18 15      1         .
4 18 16      0         .
4 18 17      1         .
4 18 18      1         .
4 18 19      0         .
4 18 20      1         .
4 18 21      0         .
4 18 22      1         .
4 18 23      0         .
4 18 24      0         .
4 18 25      0         .
4 19 1       0         .
4 19 2       0         .
4 19 3       1         .
4 19 4       0         .
4 19 5       1         .
4 19 6       0         .
4 19 7       1         .
4 19 8       1         .
4 19 9       0         .
4 19 10      1         .
4 19 11      0         .
4 19 12      0         .
4 19 13      1         .
4 19 14      1         .
4 19 15      1         .
4 19 16      0         .
4 19 17      1         .
4 19 18      1         .
4 19 19      1         .
4 19 20      1         .
4 19 21      1         .
4 19 22      1         .
4 19 23      1         .
4 19 24      1         .
4 19 25      1         .
4 20 1       0         .
4 20 2       0         .
4 20 3       0         .
4 20 4       0         .
4 20 5       0         .
4 20 6       0         .
4 20 7       0         .
4 20 8       0         .
4 20 9       0         .
4 20 10      1         .
4 20 11      0         .
4 20 12      0         .
4 20 13      0         .
4 20 14      0         .
4 20 15      0         .
4 20 16      0         .
4 20 17      0         .
4 20 18      0         .
4 20 19      0         .
4 20 20      1         .
4 20 21      0         .
4 20 22      1         .
4 20 23      0         .
4 20 24      0         .
4 20 25      0         .
4 21 1       0         .
4 21 2       0         .
4 21 3       0         .
4 21 4       0         .
4 21 5       1         .
4 21 6       0         .
4 21 7       1         .
4 21 8       0         .
4 21 9       0         .
4 21 10      1         .
4 21 11      0         .
4 21 12      0         .
4 21 13      0         .
4 21 14      0         .
4 21 15      1         .
4 21 16      0         .
4 21 17      1         .
4 21 18      1         .
4 21 19      0         .
4 21 20      1         .
4 21 21      1         .
4 21 22      1         .
4 21 23      0         .
4 21 24      1         .
4 21 25      1         .
4 22 1       0         .
4 22 2       0         .
4 22 3       0         .
4 22 4       0         .
4 22 5       0         .
4 22 6       0         .
4 22 7       0         .
4 22 8       0         .
4 22 9       0         .
4 22 10      1         .
4 22 11      0         .
4 22 12      0         .
4 22 13      0         .
4 22 14      0         .
4 22 15      0         .
4 22 16      0         .
4 22 17      0         .
4 22 18      0         .
4 22 19      0         .
4 22 20      0         .
4 22 21      0         .
4 22 22      1         .
4 22 23      0         .
4 22 24      0         .
4 22 25      0         .
4 23 1       0         .
4 23 2       0         .
4 23 3       0         .
4 23 4       0         .
4 23 5       1         .
4 23 6       0         .
4 23 7       1         .
4 23 8       1         .
4 23 9       0         .
4 23 10      1         .
4 23 11      0         .
4 23 12      0         .
4 23 13      0         .
4 23 14      1         .
4 23 15      1         .
4 23 16      0         .
4 23 17      1         .
4 23 18      1         .
4 23 19      0         .
4 23 20      1         .
4 23 21      1         .
4 23 22      1         .
4 23 23      1         .
4 23 24      1         .
4 23 25      1         .
4 24 1       0         .
4 24 2       0         .
4 24 3       0         .
4 24 4       0         .
4 24 5       1         .
4 24 6       0         .
4 24 7       1         .
4 24 8       0         .
4 24 9       0         .
4 24 10      1         .
4 24 11      0         .
4 24 12      0         .
4 24 13      0         .
4 24 14      0         .
4 24 15      1         .
4 24 16      0         .
4 24 17      1         .
4 24 18      1         .
4 24 19      0         .
4 24 20      1         .
4 24 21      0         .
4 24 22      1         .
4 24 23      0         .
4 24 24      1         .
4 24 25      0         .
4 25 1       0         .
4 25 2       0         .
4 25 3       0         .
4 25 4       0         .
4 25 5       1         .
4 25 6       0         .
4 25 7       1         .
4 25 8       0         .
4 25 9       0         .
4 25 10      1         .
4 25 11      0         .
4 25 12      0         .
4 25 13      0         .
4 25 14      0         .
4 25 15      1         .
4 25 16      0         .
4 25 17      1         .
4 25 18      1         .
4 25 19      0         .
4 25 20      1         .
4 25 21      0         .
4 25 22      1         .
4 25 23      0         .
4 25 24      1         .
4 25 25      1         .
;

