:              Name            M_Time[i,4]   M_OBFV  M_Bestnode M_ResNum    :=
2   Model_Basic_MIP_Sym           7202.97    7270.05   5672.14     422
3   Model_Basic_MIP_Hybrid        7211.47    7194.04   6967.4      422
4   Model_Basic_MIP_Hybrid_RLT    7205.72    7180.86   7121.45     422
;

com_measure1 = 0.6102
com_measure2 = 0.96613
tau = 2.75683
kappa = 6.35945
alpha = 0.9
B = 557.89

:
                                                                                                                                                              M_Message
 :=
2
   'CPLEX 12.6.2.0: time limit with integer solution; objective 7270.05\
3156344 MIP simplex iterations\
952 branch-and-bound nodes\
absmipgap = 1597.91, relmipgap = 0.219794\
No basis.'
3
   'CPLEX 12.6.2.0: time limit with integer solution; objective 7194.035103\
3619164 MIP simplex iterations\
136617 branch-and-bound nodes\
absmipgap = 226.633, relmipgap = 0.0315029\
No basis.\
55 integer variables rounded (maxerr = 9.9598e-06).\
Assigning integrality = 5e-06 might help.\
Currently integrality = 1e-05.'
4
   'CPLEX 12.6.2.0: time limit with integer solution; objective 7180.862592\
3453749 MIP simplex iterations\
74680 branch-and-bound nodes\
absmipgap = 59.4096, relmipgap = 0.00827332\
No basis.\
29 integer variables rounded (maxerr = 9.70653e-06).\
Assigning integrality = 5e-06 might help.\
Currently integrality = 1e-05.'
;
: M_INDICATE    :=
2      1
3      1
4      1
;

M_Time :=
2 1       8.5625
2 2       9.233
2 3   23000.8
2 4    7202.97
3 1       8.5625
3 2       9.233
3 3   21973.9
3 4    7211.47
4 1       8.5625
4 2       9.233
4 3   19665.2
4 4    7205.72
;

M_tau [*] :=
2  0
3  3.39451
4  2.75683
;

:      M_Cost  M_Sequence    :=
2 1     890.54       5
2 2    6379.51      11
2 3       .         10
2 4       .          4
2 5       .         14
2 6       .          1
2 7       .          6
2 8       .          3
2 9       .          4
2 10      .         15
2 11      .          5
2 12      .         12
2 13      .          9
2 14      .          8
2 15      .         13
3 1    1038.77       3
3 2    6155.27      11
3 3       .          9
3 4       .          4
3 5       .         15
3 6       .          1
3 7       .          6
3 8       .          2
3 9       .          7
3 10      .         14
3 11      .          6
3 12      .         13
3 13      .         10
3 14      .          7
3 15      .         12
4 1    1038.77       3
4 2    6142.09      11
4 3       .          9
4 4       .          3
4 5       .         15
4 6       .          1
4 7       .          7
4 8       .          4
4 9       .          8
4 10      .         14
4 11      .          4
4 12      .         13
4 13      .         10
4 14      .          6
4 15      .         12
;

:       M_Vectheta M_Vecu    :=
2 1  1       1        0
2 1  2       1        0
2 1  3       1        0
2 1  4       0        0
2 1  5       1        1
2 1  6       0        0
2 1  7       1        0
2 1  8       0        0
2 1  9       0        0
2 1  10      1        1
2 1  11      1        0
2 1  12      1        0
2 1  13      1        0
2 1  14      1        0
2 1  15      1        1
2 2  1       0        1
2 2  2       1        1
2 2  3       0        1
2 2  4       0        1
2 2  5       1        0
2 2  6       0        1
2 2  7       0        1
2 2  8       0        1
2 2  9       0        1
2 2  10      1        0
2 2  11      0        1
2 2  12      1        1
2 2  13      0        1
2 2  14      0        1
2 2  15      1        0
2 3  1       0         .
2 3  2       1         .
2 3  3       1         .
2 3  4       0         .
2 3  5       1         .
2 3  6       0         .
2 3  7       0         .
2 3  8       0         .
2 3  9       0         .
2 3  10      1         .
2 3  11      0         .
2 3  12      1         .
2 3  13      0         .
2 3  14      0         .
2 3  15      1         .
2 4  1       1         .
2 4  2       1         .
2 4  3       1         .
2 4  4       1         .
2 4  5       1         .
2 4  6       0         .
2 4  7       1         .
2 4  8       0         .
2 4  9       0         .
2 4  10      1         .
2 4  11      1         .
2 4  12      1         .
2 4  13      1         .
2 4  14      1         .
2 4  15      1         .
2 5  1       0         .
2 5  2       0         .
2 5  3       0         .
2 5  4       0         .
2 5  5       1         .
2 5  6       0         .
2 5  7       0         .
2 5  8       0         .
2 5  9       0         .
2 5  10      1         .
2 5  11      0         .
2 5  12      0         .
2 5  13      0         .
2 5  14      0         .
2 5  15      0         .
2 6  1       1         .
2 6  2       1         .
2 6  3       1         .
2 6  4       1         .
2 6  5       1         .
2 6  6       1         .
2 6  7       1         .
2 6  8       1         .
2 6  9       1         .
2 6  10      1         .
2 6  11      1         .
2 6  12      1         .
2 6  13      1         .
2 6  14      1         .
2 6  15      1         .
2 7  1       0         .
2 7  2       1         .
2 7  3       1         .
2 7  4       0         .
2 7  5       1         .
2 7  6       0         .
2 7  7       1         .
2 7  8       0         .
2 7  9       0         .
2 7  10      1         .
2 7  11      1         .
2 7  12      1         .
2 7  13      1         .
2 7  14      1         .
2 7  15      1         .
2 8  1       1         .
2 8  2       1         .
2 8  3       1         .
2 8  4       1         .
2 8  5       1         .
2 8  6       0         .
2 8  7       1         .
2 8  8       1         .
2 8  9       1         .
2 8  10      1         .
2 8  11      0         .
2 8  12      1         .
2 8  13      1         .
2 8  14      1         .
2 8  15      1         .
2 9  1       1         .
2 9  2       1         .
2 9  3       1         .
2 9  4       1         .
2 9  5       1         .
2 9  6       0         .
2 9  7       1         .
2 9  8       0         .
2 9  9       1         .
2 9  10      1         .
2 9  11      0         .
2 9  12      1         .
2 9  13      1         .
2 9  14      1         .
2 9  15      1         .
2 10 1       0         .
2 10 2       0         .
2 10 3       0         .
2 10 4       0         .
2 10 5       0         .
2 10 6       0         .
2 10 7       0         .
2 10 8       0         .
2 10 9       0         .
2 10 10      1         .
2 10 11      0         .
2 10 12      0         .
2 10 13      0         .
2 10 14      0         .
2 10 15      0         .
2 11 1       0         .
2 11 2       1         .
2 11 3       1         .
2 11 4       0         .
2 11 5       1         .
2 11 6       0         .
2 11 7       0         .
2 11 8       1         .
2 11 9       1         .
2 11 10      1         .
2 11 11      1         .
2 11 12      1         .
2 11 13      1         .
2 11 14      1         .
2 11 15      1         .
2 12 1       0         .
2 12 2       0         .
2 12 3       0         .
2 12 4       0         .
2 12 5       1         .
2 12 6       0         .
2 12 7       0         .
2 12 8       0         .
2 12 9       0         .
2 12 10      1         .
2 12 11      0         .
2 12 12      1         .
2 12 13      0         .
2 12 14      0         .
2 12 15      1         .
2 13 1       0         .
2 13 2       1         .
2 13 3       1         .
2 13 4       0         .
2 13 5       1         .
2 13 6       0         .
2 13 7       0         .
2 13 8       0         .
2 13 9       0         .
2 13 10      1         .
2 13 11      0         .
2 13 12      1         .
2 13 13      1         .
2 13 14      0         .
2 13 15      1         .
2 14 1       0         .
2 14 2       1         .
2 14 3       1         .
2 14 4       0         .
2 14 5       1         .
2 14 6       0         .
2 14 7       0         .
2 14 8       0         .
2 14 9       0         .
2 14 10      1         .
2 14 11      0         .
2 14 12      1         .
2 14 13      1         .
2 14 14      1         .
2 14 15      1         .
2 15 1       0         .
2 15 2       0         .
2 15 3       0         .
2 15 4       0         .
2 15 5       1         .
2 15 6       0         .
2 15 7       0         .
2 15 8       0         .
2 15 9       0         .
2 15 10      1         .
2 15 11      0         .
2 15 12      0         .
2 15 13      0         .
2 15 14      0         .
2 15 15      1         .
3 1  1       1        0
3 1  2       1        0
3 1  3       1        0
3 1  4       1        0
3 1  5       1        1
3 1  6       0        0
3 1  7       1        0
3 1  8       0        0
3 1  9       1        0
3 1  10      1        0
3 1  11      1        0
3 1  12      1        0
3 1  13      1        0
3 1  14      1        0
3 1  15      1        0
3 2  1       0        1
3 2  2       1        1
3 2  3       0        1
3 2  4       0        1
3 2  5       1        0
3 2  6       0        1
3 2  7       0        1
3 2  8       0        1
3 2  9       0        1
3 2  10      1        1
3 2  11      0        1
3 2  12      1        1
3 2  13      0        1
3 2  14      0        1
3 2  15      1        1
3 3  1       0         .
3 3  2       1         .
3 3  3       1         .
3 3  4       0         .
3 3  5       1         .
3 3  6       0         .
3 3  7       0         .
3 3  8       0         .
3 3  9       0         .
3 3  10      1         .
3 3  11      0         .
3 3  12      1         .
3 3  13      1         .
3 3  14      0         .
3 3  15      1         .
3 4  1       0         .
3 4  2       1         .
3 4  3       1         .
3 4  4       1         .
3 4  5       1         .
3 4  6       0         .
3 4  7       1         .
3 4  8       0         .
3 4  9       1         .
3 4  10      1         .
3 4  11      1         .
3 4  12      1         .
3 4  13      1         .
3 4  14      1         .
3 4  15      1         .
3 5  1       0         .
3 5  2       0         .
3 5  3       0         .
3 5  4       0         .
3 5  5       1         .
3 5  6       0         .
3 5  7       0         .
3 5  8       0         .
3 5  9       0         .
3 5  10      0         .
3 5  11      0         .
3 5  12      0         .
3 5  13      0         .
3 5  14      0         .
3 5  15      0         .
3 6  1       1         .
3 6  2       1         .
3 6  3       1         .
3 6  4       1         .
3 6  5       1         .
3 6  6       1         .
3 6  7       1         .
3 6  8       1         .
3 6  9       1         .
3 6  10      1         .
3 6  11      1         .
3 6  12      1         .
3 6  13      1         .
3 6  14      1         .
3 6  15      1         .
3 7  1       0         .
3 7  2       1         .
3 7  3       1         .
3 7  4       0         .
3 7  5       1         .
3 7  6       0         .
3 7  7       1         .
3 7  8       0         .
3 7  9       1         .
3 7  10      1         .
3 7  11      0         .
3 7  12      1         .
3 7  13      1         .
3 7  14      1         .
3 7  15      1         .
3 8  1       1         .
3 8  2       1         .
3 8  3       1         .
3 8  4       1         .
3 8  5       1         .
3 8  6       0         .
3 8  7       1         .
3 8  8       1         .
3 8  9       1         .
3 8  10      1         .
3 8  11      1         .
3 8  12      1         .
3 8  13      1         .
3 8  14      1         .
3 8  15      1         .
3 9  1       0         .
3 9  2       1         .
3 9  3       1         .
3 9  4       0         .
3 9  5       1         .
3 9  6       0         .
3 9  7       0         .
3 9  8       0         .
3 9  9       1         .
3 9  10      1         .
3 9  11      0         .
3 9  12      1         .
3 9  13      1         .
3 9  14      1         .
3 9  15      1         .
3 10 1       0         .
3 10 2       0         .
3 10 3       0         .
3 10 4       0         .
3 10 5       1         .
3 10 6       0         .
3 10 7       0         .
3 10 8       0         .
3 10 9       0         .
3 10 10      1         .
3 10 11      0         .
3 10 12      0         .
3 10 13      0         .
3 10 14      0         .
3 10 15      0         .
3 11 1       0         .
3 11 2       1         .
3 11 3       1         .
3 11 4       0         .
3 11 5       1         .
3 11 6       0         .
3 11 7       1         .
3 11 8       0         .
3 11 9       1         .
3 11 10      1         .
3 11 11      1         .
3 11 12      1         .
3 11 13      1         .
3 11 14      0         .
3 11 15      1         .
3 12 1       0         .
3 12 2       0         .
3 12 3       0         .
3 12 4       0         .
3 12 5       1         .
3 12 6       0         .
3 12 7       0         .
3 12 8       0         .
3 12 9       0         .
3 12 10      1         .
3 12 11      0         .
3 12 12      1         .
3 12 13      0         .
3 12 14      0         .
3 12 15      0         .
3 13 1       0         .
3 13 2       1         .
3 13 3       0         .
3 13 4       0         .
3 13 5       1         .
3 13 6       0         .
3 13 7       0         .
3 13 8       0         .
3 13 9       0         .
3 13 10      1         .
3 13 11      0         .
3 13 12      1         .
3 13 13      1         .
3 13 14      0         .
3 13 15      1         .
3 14 1       0         .
3 14 2       1         .
3 14 3       1         .
3 14 4       0         .
3 14 5       1         .
3 14 6       0         .
3 14 7       0         .
3 14 8       0         .
3 14 9       0         .
3 14 10      1         .
3 14 11      1         .
3 14 12      1         .
3 14 13      1         .
3 14 14      1         .
3 14 15      1         .
3 15 1       0         .
3 15 2       0         .
3 15 3       0         .
3 15 4       0         .
3 15 5       1         .
3 15 6       0         .
3 15 7       0         .
3 15 8       0         .
3 15 9       0         .
3 15 10      1         .
3 15 11      0         .
3 15 12      1         .
3 15 13      0         .
3 15 14      0         .
3 15 15      1         .
4 1  1       1        0
4 1  2       1        0
4 1  3       1        0
4 1  4       0        0
4 1  5       1        1
4 1  6       0        0
4 1  7       1        0
4 1  8       1        0
4 1  9       1        0
4 1  10      1        0
4 1  11      1        0
4 1  12      1        0
4 1  13      1        0
4 1  14      1        0
4 1  15      1        0
4 2  1       0        1
4 2  2       1        1
4 2  3       0        1
4 2  4       0        1
4 2  5       1        0
4 2  6       0        1
4 2  7       0        1
4 2  8       0        1
4 2  9       0        1
4 2  10      1        1
4 2  11      0        1
4 2  12      1        1
4 2  13      0        1
4 2  14      0        1
4 2  15      1        1
4 3  1       0         .
4 3  2       1         .
4 3  3       1         .
4 3  4       0         .
4 3  5       1         .
4 3  6       0         .
4 3  7       0         .
4 3  8       0         .
4 3  9       0         .
4 3  10      1         .
4 3  11      0         .
4 3  12      1         .
4 3  13      1         .
4 3  14      0         .
4 3  15      1         .
4 4  1       1         .
4 4  2       1         .
4 4  3       1         .
4 4  4       1         .
4 4  5       1         .
4 4  6       0         .
4 4  7       1         .
4 4  8       0         .
4 4  9       1         .
4 4  10      1         .
4 4  11      1         .
4 4  12      1         .
4 4  13      1         .
4 4  14      1         .
4 4  15      1         .
4 5  1       0         .
4 5  2       0         .
4 5  3       0         .
4 5  4       0         .
4 5  5       1         .
4 5  6       0         .
4 5  7       0         .
4 5  8       0         .
4 5  9       0         .
4 5  10      0         .
4 5  11      0         .
4 5  12      0         .
4 5  13      0         .
4 5  14      0         .
4 5  15      0         .
4 6  1       1         .
4 6  2       1         .
4 6  3       1         .
4 6  4       1         .
4 6  5       1         .
4 6  6       1         .
4 6  7       1         .
4 6  8       1         .
4 6  9       1         .
4 6  10      1         .
4 6  11      1         .
4 6  12      1         .
4 6  13      1         .
4 6  14      1         .
4 6  15      1         .
4 7  1       0         .
4 7  2       1         .
4 7  3       1         .
4 7  4       0         .
4 7  5       1         .
4 7  6       0         .
4 7  7       1         .
4 7  8       0         .
4 7  9       1         .
4 7  10      1         .
4 7  11      0         .
4 7  12      1         .
4 7  13      1         .
4 7  14      0         .
4 7  15      1         .
4 8  1       0         .
4 8  2       1         .
4 8  3       1         .
4 8  4       1         .
4 8  5       1         .
4 8  6       0         .
4 8  7       1         .
4 8  8       1         .
4 8  9       1         .
4 8  10      1         .
4 8  11      0         .
4 8  12      1         .
4 8  13      1         .
4 8  14      1         .
4 8  15      1         .
4 9  1       0         .
4 9  2       1         .
4 9  3       1         .
4 9  4       0         .
4 9  5       1         .
4 9  6       0         .
4 9  7       0         .
4 9  8       0         .
4 9  9       1         .
4 9  10      1         .
4 9  11      0         .
4 9  12      1         .
4 9  13      1         .
4 9  14      0         .
4 9  15      1         .
4 10 1       0         .
4 10 2       0         .
4 10 3       0         .
4 10 4       0         .
4 10 5       1         .
4 10 6       0         .
4 10 7       0         .
4 10 8       0         .
4 10 9       0         .
4 10 10      1         .
4 10 11      0         .
4 10 12      0         .
4 10 13      0         .
4 10 14      0         .
4 10 15      0         .
4 11 1       0         .
4 11 2       1         .
4 11 3       1         .
4 11 4       0         .
4 11 5       1         .
4 11 6       0         .
4 11 7       1         .
4 11 8       1         .
4 11 9       1         .
4 11 10      1         .
4 11 11      1         .
4 11 12      1         .
4 11 13      1         .
4 11 14      1         .
4 11 15      1         .
4 12 1       0         .
4 12 2       0         .
4 12 3       0         .
4 12 4       0         .
4 12 5       1         .
4 12 6       0         .
4 12 7       0         .
4 12 8       0         .
4 12 9       0         .
4 12 10      1         .
4 12 11      0         .
4 12 12      1         .
4 12 13      0         .
4 12 14      0         .
4 12 15      0         .
4 13 1       0         .
4 13 2       1         .
4 13 3       0         .
4 13 4       0         .
4 13 5       1         .
4 13 6       0         .
4 13 7       0         .
4 13 8       0         .
4 13 9       0         .
4 13 10      1         .
4 13 11      0         .
4 13 12      1         .
4 13 13      1         .
4 13 14      0         .
4 13 15      1         .
4 14 1       0         .
4 14 2       1         .
4 14 3       1         .
4 14 4       0         .
4 14 5       1         .
4 14 6       0         .
4 14 7       1         .
4 14 8       0         .
4 14 9       1         .
4 14 10      1         .
4 14 11      0         .
4 14 12      1         .
4 14 13      1         .
4 14 14      1         .
4 14 15      1         .
4 15 1       0         .
4 15 2       0         .
4 15 3       0         .
4 15 4       0         .
4 15 5       1         .
4 15 6       0         .
4 15 7       0         .
4 15 8       0         .
4 15 9       0         .
4 15 10      1         .
4 15 11      0         .
4 15 12      1         .
4 15 13      0         .
4 15 14      0         .
4 15 15      1         .
;

