:            Name          M_Time[i,4]   M_OBFV  M_Bestnode M_ResNum    :=
1   Model2_Basic_MIP          45.146     2912.52   2912.31      3
2   Model2_Basic_MIP_RLT      34.082     2912.52   2912.24      3
3   Model2_Basic_MIP_B        59.971     2922.8    2922.8       2
4   Model2_Basic_MIP_B_RLT    18.143     2922.8    2922.8       2
;

com_measure1 = 1
com_measure2 = 1
tau = 1.88294
kappa = 4.0493
alpha = 0.9
B = 242.65

:
                                                                                                      M_Message
 :=
1
   'CPLEX 12.6.2.0: optimal integer solution within mipgap or absmipgap; objective 2912.519813\
5492 MIP simplex iterations\
339 branch-and-bound nodes\
absmipgap = 0.212955, relmipgap = 7.31171e-05\
No basis.'
2
   'CPLEX 12.6.2.0: optimal integer solution within mipgap or absmipgap; objective 2912.519813\
742 MIP simplex iterations\
0 branch-and-bound nodes\
absmipgap = 0.283535, relmipgap = 9.73504e-05\
No basis.'
3
   'CPLEX 12.6.2.0: optimal integer solution; objective 2922.797821\
5864 MIP simplex iterations\
197 branch-and-bound nodes\
No basis.'
4
   'CPLEX 12.6.2.0: optimal integer solution; objective 2922.797821\
669 MIP simplex iterations\
0 branch-and-bound nodes\
No basis.'
;
: M_INDICATE    :=
;

M_Time :=
1 1     2.96875
1 2     3.172
1 3   102.484
1 4    45.146
2 1     2.96875
2 2     3.172
2 3    47.7344
2 4    34.082
3 1     2.96875
3 2     3.172
3 3   136.75
3 4    59.971
4 1     2.96875
4 2     3.172
4 3    24.4062
4 4    18.143
;

M_tau [*] :=
1  1.65926
2  1.65926
3  1.88294
4  1.88294
;

:      M_Cost  M_Sequence    :=
1 1     439.76       4
1 2    2472.76       2
1 3       .          6
1 4       .          8
1 5       .          1
1 6       .          4
1 7       .          9
1 8       .         10
1 9       .          4
1 10      .          7
2 1     439.76       4
2 2    2472.76       2
2 3       .          6
2 4       .          8
2 5       .          1
2 6       .          4
2 7       .          9
2 8       .         10
2 9       .          4
2 10      .          7
3 1     240.6        6
3 2    2922.8        2
3 3       .          7
3 4       .          8
3 5       .          1
3 6       .          3
3 7       .         10
3 8       .          9
3 9       .          4
3 10      .          5
4 1       .          6
4 2    2922.8        2
4 3       .          7
4 4       .          8
4 5       .          1
4 6       .          3
4 7       .         10
4 8       .          9
4 9       .          4
4 10      .          5
;

:       M_Vectheta M_Vecu    :=
1 1  1       1        0
1 1  2       0        0
1 1  3       1        0
1 1  4       1        0
1 1  5       0        0
1 1  6       0        0
1 1  7       1        0
1 1  8       1        1
1 1  9       1        0
1 1  10      1        0
1 2  1       1        1
1 2  2       1        1
1 2  3       1        1
1 2  4       1        1
1 2  5       0        1
1 2  6       1        1
1 2  7       1        1
1 2  8       1        0
1 2  9       1        1
1 2  10      1        1
1 3  1       0         .
1 3  2       0         .
1 3  3       1         .
1 3  4       1         .
1 3  5       0         .
1 3  6       0         .
1 3  7       1         .
1 3  8       1         .
1 3  9       0         .
1 3  10      1         .
1 4  1       0         .
1 4  2       0         .
1 4  3       0         .
1 4  4       1         .
1 4  5       0         .
1 4  6       0         .
1 4  7       1         .
1 4  8       1         .
1 4  9       0         .
1 4  10      0         .
1 5  1       1         .
1 5  2       1         .
1 5  3       1         .
1 5  4       1         .
1 5  5       1         .
1 5  6       1         .
1 5  7       1         .
1 5  8       1         .
1 5  9       1         .
1 5  10      1         .
1 6  1       1         .
1 6  2       0         .
1 6  3       1         .
1 6  4       1         .
1 6  5       0         .
1 6  6       1         .
1 6  7       1         .
1 6  8       1         .
1 6  9       0         .
1 6  10      1         .
1 7  1       0         .
1 7  2       0         .
1 7  3       0         .
1 7  4       0         .
1 7  5       0         .
1 7  6       0         .
1 7  7       1         .
1 7  8       1         .
1 7  9       0         .
1 7  10      0         .
1 8  1       0         .
1 8  2       0         .
1 8  3       0         .
1 8  4       0         .
1 8  5       0         .
1 8  6       0         .
1 8  7       0         .
1 8  8       1         .
1 8  9       0         .
1 8  10      0         .
1 9  1       0         .
1 9  2       0         .
1 9  3       1         .
1 9  4       1         .
1 9  5       0         .
1 9  6       1         .
1 9  7       1         .
1 9  8       1         .
1 9  9       1         .
1 9  10      1         .
1 10 1       0         .
1 10 2       0         .
1 10 3       0         .
1 10 4       1         .
1 10 5       0         .
1 10 6       0         .
1 10 7       1         .
1 10 8       1         .
1 10 9       0         .
1 10 10      1         .
2 1  1       1        0
2 1  2       0        0
2 1  3       1        0
2 1  4       1        0
2 1  5       0        0
2 1  6       0        0
2 1  7       1        0
2 1  8       1        1
2 1  9       1        0
2 1  10      1        0
2 2  1       1        1
2 2  2       1        1
2 2  3       1        1
2 2  4       1        1
2 2  5       0        1
2 2  6       1        1
2 2  7       1        1
2 2  8       1        0
2 2  9       1        1
2 2  10      1        1
2 3  1       0         .
2 3  2       0         .
2 3  3       1         .
2 3  4       1         .
2 3  5       0         .
2 3  6       0         .
2 3  7       1         .
2 3  8       1         .
2 3  9       0         .
2 3  10      1         .
2 4  1       0         .
2 4  2       0         .
2 4  3       0         .
2 4  4       1         .
2 4  5       0         .
2 4  6       0         .
2 4  7       1         .
2 4  8       1         .
2 4  9       0         .
2 4  10      0         .
2 5  1       1         .
2 5  2       1         .
2 5  3       1         .
2 5  4       1         .
2 5  5       1         .
2 5  6       1         .
2 5  7       1         .
2 5  8       1         .
2 5  9       1         .
2 5  10      1         .
2 6  1       1         .
2 6  2       0         .
2 6  3       1         .
2 6  4       1         .
2 6  5       0         .
2 6  6       1         .
2 6  7       1         .
2 6  8       1         .
2 6  9       0         .
2 6  10      1         .
2 7  1       0         .
2 7  2       0         .
2 7  3       0         .
2 7  4       0         .
2 7  5       0         .
2 7  6       0         .
2 7  7       1         .
2 7  8       1         .
2 7  9       0         .
2 7  10      0         .
2 8  1       0         .
2 8  2       0         .
2 8  3       0         .
2 8  4       0         .
2 8  5       0         .
2 8  6       0         .
2 8  7       0         .
2 8  8       1         .
2 8  9       0         .
2 8  10      0         .
2 9  1       0         .
2 9  2       0         .
2 9  3       1         .
2 9  4       1         .
2 9  5       0         .
2 9  6       1         .
2 9  7       1         .
2 9  8       1         .
2 9  9       1         .
2 9  10      1         .
2 10 1       0         .
2 10 2       0         .
2 10 3       0         .
2 10 4       1         .
2 10 5       0         .
2 10 6       0         .
2 10 7       1         .
2 10 8       1         .
2 10 9       0         .
2 10 10      1         .
3 1  1       1        1
3 1  2       0        0
3 1  3       1        1
3 1  4       1        1
3 1  5       0        0
3 1  6       0        0
3 1  7       1        1
3 1  8       1        1
3 1  9       0        0
3 1  10      0        0
3 2  1       1        0
3 2  2       1        1
3 2  3       1        0
3 2  4       1        0
3 2  5       0        1
3 2  6       1        1
3 2  7       1        0
3 2  8       1        0
3 2  9       1        1
3 2  10      1        1
3 3  1       0         .
3 3  2       0         .
3 3  3       1         .
3 3  4       1         .
3 3  5       0         .
3 3  6       0         .
3 3  7       1         .
3 3  8       1         .
3 3  9       0         .
3 3  10      0         .
3 4  1       0         .
3 4  2       0         .
3 4  3       0         .
3 4  4       1         .
3 4  5       0         .
3 4  6       0         .
3 4  7       1         .
3 4  8       1         .
3 4  9       0         .
3 4  10      0         .
3 5  1       1         .
3 5  2       1         .
3 5  3       1         .
3 5  4       1         .
3 5  5       1         .
3 5  6       1         .
3 5  7       1         .
3 5  8       1         .
3 5  9       1         .
3 5  10      1         .
3 6  1       1         .
3 6  2       0         .
3 6  3       1         .
3 6  4       1         .
3 6  5       0         .
3 6  6       1         .
3 6  7       1         .
3 6  8       1         .
3 6  9       1         .
3 6  10      1         .
3 7  1       0         .
3 7  2       0         .
3 7  3       0         .
3 7  4       0         .
3 7  5       0         .
3 7  6       0         .
3 7  7       1         .
3 7  8       0         .
3 7  9       0         .
3 7  10      0         .
3 8  1       0         .
3 8  2       0         .
3 8  3       0         .
3 8  4       0         .
3 8  5       0         .
3 8  6       0         .
3 8  7       1         .
3 8  8       1         .
3 8  9       0         .
3 8  10      0         .
3 9  1       1         .
3 9  2       0         .
3 9  3       1         .
3 9  4       1         .
3 9  5       0         .
3 9  6       0         .
3 9  7       1         .
3 9  8       1         .
3 9  9       1         .
3 9  10      1         .
3 10 1       1         .
3 10 2       0         .
3 10 3       1         .
3 10 4       1         .
3 10 5       0         .
3 10 6       0         .
3 10 7       1         .
3 10 8       1         .
3 10 9       0         .
3 10 10      1         .
4 1  1       1        1
4 1  2       0        0
4 1  3       1        1
4 1  4       1        1
4 1  5       0        0
4 1  6       0        0
4 1  7       1        1
4 1  8       1        1
4 1  9       0        0
4 1  10      0        0
4 2  1       1        0
4 2  2       1        1
4 2  3       1        0
4 2  4       1        0
4 2  5       0        1
4 2  6       1        1
4 2  7       1        0
4 2  8       1        0
4 2  9       1        1
4 2  10      1        1
4 3  1       0         .
4 3  2       0         .
4 3  3       1         .
4 3  4       1         .
4 3  5       0         .
4 3  6       0         .
4 3  7       1         .
4 3  8       1         .
4 3  9       0         .
4 3  10      0         .
4 4  1       0         .
4 4  2       0         .
4 4  3       0         .
4 4  4       1         .
4 4  5       0         .
4 4  6       0         .
4 4  7       1         .
4 4  8       1         .
4 4  9       0         .
4 4  10      0         .
4 5  1       1         .
4 5  2       1         .
4 5  3       1         .
4 5  4       1         .
4 5  5       1         .
4 5  6       1         .
4 5  7       1         .
4 5  8       1         .
4 5  9       1         .
4 5  10      1         .
4 6  1       1         .
4 6  2       0         .
4 6  3       1         .
4 6  4       1         .
4 6  5       0         .
4 6  6       1         .
4 6  7       1         .
4 6  8       1         .
4 6  9       1         .
4 6  10      1         .
4 7  1       0         .
4 7  2       0         .
4 7  3       0         .
4 7  4       0         .
4 7  5       0         .
4 7  6       0         .
4 7  7       1         .
4 7  8       0         .
4 7  9       0         .
4 7  10      0         .
4 8  1       0         .
4 8  2       0         .
4 8  3       0         .
4 8  4       0         .
4 8  5       0         .
4 8  6       0         .
4 8  7       1         .
4 8  8       1         .
4 8  9       0         .
4 8  10      0         .
4 9  1       1         .
4 9  2       0         .
4 9  3       1         .
4 9  4       1         .
4 9  5       0         .
4 9  6       0         .
4 9  7       1         .
4 9  8       1         .
4 9  9       1         .
4 9  10      1         .
4 10 1       1         .
4 10 2       0         .
4 10 3       1         .
4 10 4       1         .
4 10 5       0         .
4 10 6       0         .
4 10 7       1         .
4 10 8       1         .
4 10 9       0         .
4 10 10      1         .
;

