:               Name             M_Time[i,4]   M_OBFV M_Bestnode M_ResNum    :=
2   Model_Basic_MIP_B_Sym          2581.82     3823.4   3823.26     103
3   Model_Basic_MIP_B_Hybrid        148.874    3823.4   3823.26     103
4   Model_Basic_MIP_B_Hybrid_RLT    173.1      3823.4   3823.12     103
;

com_measure1 = 0.60667
com_measure2 = 0.96562
tau = 1.73643
kappa = 3.96412
alpha = 0.9
B = 251.87

:
                                                                                                                                                                           M_Message
 :=
2
   'CPLEX 12.6.2.0: optimal (non-)integer solution within mipgap or absmipgap; objective 3823.395782\
2088135 MIP simplex iterations\
78662 branch-and-bound nodes\
absmipgap = 0.135498, relmipgap = 3.54391e-05\
No basis.\
2 integer variables rounded (maxerr = 8.01712e-06).\
Assigning integrality = 4e-06 might help.\
Currently integrality = 1e-05.'
3
   'CPLEX 12.6.2.0: optimal (non-)integer solution within mipgap or absmipgap; objective 3823.395782\
236975 MIP simplex iterations\
13734 branch-and-bound nodes\
absmipgap = 0.135498, relmipgap = 3.54391e-05\
No basis.\
1 integer variables rounded (maxerr = 7.92372e-06).\
Assigning integrality = 4e-06 might help.\
Currently integrality = 1e-05.'
4
   'CPLEX 12.6.2.0: optimal (non-)integer solution within mipgap or absmipgap; objective 3823.395782\
232844 MIP simplex iterations\
8541 branch-and-bound nodes\
absmipgap = 0.277892, relmipgap = 7.26821e-05\
No basis.\
1 integer variables rounded (maxerr = 8.01712e-06).\
Assigning integrality = 4e-06 might help.\
Currently integrality = 1e-05.'
;
: M_INDICATE    :=
;

M_Time :=
2 1      1.09375
2 2      1.187
2 3   6929.25
2 4   2581.82
3 1      1.09375
3 2      1.187
3 3    433.719
3 4    148.874
4 1      1.09375
4 2      1.187
4 3    418.312
4 4    173.1
;

M_tau [*] :=
2  1.73643
3  1.73643
4  1.73643
;

:      M_Cost  M_Sequence    :=
2 1     244.99       4
2 2    3823.4        2
2 3       .          9
2 4       .          1
2 5       .          7
2 6       .         10
2 7       .          8
2 8       .          3
2 9       .          6
2 10      .          5
3 1     244.99       4
3 2    3823.4        2
3 3       .          9
3 4       .          1
3 5       .          7
3 6       .         10
3 7       .          8
3 8       .          3
3 9       .          6
3 10      .          5
4 1     244.99       4
4 2    3823.4        2
4 3       .          9
4 4       .          1
4 5       .          7
4 6       .         10
4 7       .          8
4 8       .          3
4 9       .          6
4 10      .          5
;

:       M_Vectheta M_Vecu    :=
2 1  1       1        0
2 1  2       0        0
2 1  3       1        1
2 1  4       0        0
2 1  5       1        1
2 1  6       1        1
2 1  7       1        1
2 1  8       0        0
2 1  9       1        1
2 1  10      1        0
2 2  1       1        1
2 2  2       1        1
2 2  3       1        0
2 2  4       0        1
2 2  5       1        0
2 2  6       1        0
2 2  7       1        0
2 2  8       1        1
2 2  9       1        0
2 2  10      1        1
2 3  1       0         .
2 3  2       0         .
2 3  3       1         .
2 3  4       0         .
2 3  5       0         .
2 3  6       1         .
2 3  7       0         .
2 3  8       0         .
2 3  9       0         .
2 3  10      0         .
2 4  1       1         .
2 4  2       1         .
2 4  3       1         .
2 4  4       1         .
2 4  5       1         .
2 4  6       1         .
2 4  7       1         .
2 4  8       1         .
2 4  9       1         .
2 4  10      1         .
2 5  1       0         .
2 5  2       0         .
2 5  3       1         .
2 5  4       0         .
2 5  5       1         .
2 5  6       1         .
2 5  7       1         .
2 5  8       0         .
2 5  9       0         .
2 5  10      0         .
2 6  1       0         .
2 6  2       0         .
2 6  3       0         .
2 6  4       0         .
2 6  5       0         .
2 6  6       1         .
2 6  7       0         .
2 6  8       0         .
2 6  9       0         .
2 6  10      0         .
2 7  1       0         .
2 7  2       0         .
2 7  3       1         .
2 7  4       0         .
2 7  5       0         .
2 7  6       1         .
2 7  7       1         .
2 7  8       0         .
2 7  9       0         .
2 7  10      0         .
2 8  1       1         .
2 8  2       0         .
2 8  3       1         .
2 8  4       0         .
2 8  5       1         .
2 8  6       1         .
2 8  7       1         .
2 8  8       1         .
2 8  9       1         .
2 8  10      1         .
2 9  1       0         .
2 9  2       0         .
2 9  3       1         .
2 9  4       0         .
2 9  5       1         .
2 9  6       1         .
2 9  7       1         .
2 9  8       0         .
2 9  9       1         .
2 9  10      0         .
2 10 1       0         .
2 10 2       0         .
2 10 3       1         .
2 10 4       0         .
2 10 5       1         .
2 10 6       1         .
2 10 7       1         .
2 10 8       0         .
2 10 9       1         .
2 10 10      1         .
3 1  1       1        0
3 1  2       0        0
3 1  3       1        1
3 1  4       0        0
3 1  5       1        1
3 1  6       1        1
3 1  7       1        1
3 1  8       0        0
3 1  9       1        1
3 1  10      1        0
3 2  1       1        1
3 2  2       1        1
3 2  3       1        0
3 2  4       0        1
3 2  5       1        0
3 2  6       1        0
3 2  7       1        0
3 2  8       1        1
3 2  9       1        0
3 2  10      1        1
3 3  1       0         .
3 3  2       0         .
3 3  3       1         .
3 3  4       0         .
3 3  5       0         .
3 3  6       1         .
3 3  7       0         .
3 3  8       0         .
3 3  9       0         .
3 3  10      0         .
3 4  1       1         .
3 4  2       1         .
3 4  3       1         .
3 4  4       1         .
3 4  5       1         .
3 4  6       1         .
3 4  7       1         .
3 4  8       1         .
3 4  9       1         .
3 4  10      1         .
3 5  1       0         .
3 5  2       0         .
3 5  3       1         .
3 5  4       0         .
3 5  5       1         .
3 5  6       1         .
3 5  7       1         .
3 5  8       0         .
3 5  9       0         .
3 5  10      0         .
3 6  1       0         .
3 6  2       0         .
3 6  3       0         .
3 6  4       0         .
3 6  5       0         .
3 6  6       1         .
3 6  7       0         .
3 6  8       0         .
3 6  9       0         .
3 6  10      0         .
3 7  1       0         .
3 7  2       0         .
3 7  3       1         .
3 7  4       0         .
3 7  5       0         .
3 7  6       1         .
3 7  7       1         .
3 7  8       0         .
3 7  9       0         .
3 7  10      0         .
3 8  1       1         .
3 8  2       0         .
3 8  3       1         .
3 8  4       0         .
3 8  5       1         .
3 8  6       1         .
3 8  7       1         .
3 8  8       1         .
3 8  9       1         .
3 8  10      1         .
3 9  1       0         .
3 9  2       0         .
3 9  3       1         .
3 9  4       0         .
3 9  5       1         .
3 9  6       1         .
3 9  7       1         .
3 9  8       0         .
3 9  9       1         .
3 9  10      0         .
3 10 1       0         .
3 10 2       0         .
3 10 3       1         .
3 10 4       0         .
3 10 5       1         .
3 10 6       1         .
3 10 7       1         .
3 10 8       0         .
3 10 9       1         .
3 10 10      1         .
4 1  1       1        0
4 1  2       0        0
4 1  3       1        1
4 1  4       0        0
4 1  5       1        1
4 1  6       1        1
4 1  7       1        1
4 1  8       0        0
4 1  9       1        1
4 1  10      1        0
4 2  1       1        1
4 2  2       1        1
4 2  3       1        0
4 2  4       0        1
4 2  5       1        0
4 2  6       1        0
4 2  7       1        0
4 2  8       1        1
4 2  9       1        0
4 2  10      1        1
4 3  1       0         .
4 3  2       0         .
4 3  3       1         .
4 3  4       0         .
4 3  5       0         .
4 3  6       1         .
4 3  7       0         .
4 3  8       0         .
4 3  9       0         .
4 3  10      0         .
4 4  1       1         .
4 4  2       1         .
4 4  3       1         .
4 4  4       1         .
4 4  5       1         .
4 4  6       1         .
4 4  7       1         .
4 4  8       1         .
4 4  9       1         .
4 4  10      1         .
4 5  1       0         .
4 5  2       0         .
4 5  3       1         .
4 5  4       0         .
4 5  5       1         .
4 5  6       1         .
4 5  7       1         .
4 5  8       0         .
4 5  9       0         .
4 5  10      0         .
4 6  1       0         .
4 6  2       0         .
4 6  3       0         .
4 6  4       0         .
4 6  5       0         .
4 6  6       1         .
4 6  7       0         .
4 6  8       0         .
4 6  9       0         .
4 6  10      0         .
4 7  1       0         .
4 7  2       0         .
4 7  3       1         .
4 7  4       0         .
4 7  5       0         .
4 7  6       1         .
4 7  7       1         .
4 7  8       0         .
4 7  9       0         .
4 7  10      0         .
4 8  1       1         .
4 8  2       0         .
4 8  3       1         .
4 8  4       0         .
4 8  5       1         .
4 8  6       1         .
4 8  7       1         .
4 8  8       1         .
4 8  9       1         .
4 8  10      1         .
4 9  1       0         .
4 9  2       0         .
4 9  3       1         .
4 9  4       0         .
4 9  5       1         .
4 9  6       1         .
4 9  7       1         .
4 9  8       0         .
4 9  9       1         .
4 9  10      0         .
4 10 1       0         .
4 10 2       0         .
4 10 3       1         .
4 10 4       0         .
4 10 5       1         .
4 10 6       1         .
4 10 7       1         .
4 10 8       0         .
4 10 9       1         .
4 10 10      1         .
;

