:            Name          M_Time[i,4]   M_OBFV  M_Bestnode M_ResNum    :=
3   Model_Basic_MIP_Hybrid    7212.81    13265.9    6583.8     422
;

com_measure1 = 0.61839
com_measure2 = 0.96776
tau = 0
kappa = 8.29293
alpha = 0.9
B = 1004.64

:
                                                                                           M_Message
 :=
3
   'CPLEX 12.6.2.0: time limit with integer solution; objective 13265.91\
1110709 MIP simplex iterations\
2453 branch-and-bound nodes\
absmipgap = 6682.11, relmipgap = 0.503705\
No basis.'
;
: M_INDICATE    :=
3      1
;

M_Time :=
3 1      28.9219
3 2      30.753
3 3   22901
3 4    7212.81
;

M_tau [*] :=
3  0
;

:       M_Cost  M_Sequence    :=
3 1     1600.48      14
3 2    11665.4       14
3 3        .          2
3 4        .          9
3 5        .          5
3 6        .          5
3 7        .          6
3 8        .          8
3 9        .          1
3 10       .          9
3 11       .         10
3 12       .         18
3 13       .         20
3 14       .         10
3 15       .         17
3 16       .         19
3 17       .         15
3 18       .         14
3 19       .          7
3 20       .          7
;

:       M_Vectheta M_Vecu    :=
3 1  1       1        0
3 1  2       0        0
3 1  3       0        0
3 1  4       0        0
3 1  5       0        0
3 1  6       0        0
3 1  7       0        0
3 1  8       0        0
3 1  9       0        0
3 1  10      0        0
3 1  11      0        0
3 1  12      1        1
3 1  13      1        1
3 1  14      0        0
3 1  15      1        1
3 1  16      1        1
3 1  17      1        0
3 1  18      0        0
3 1  19      0        0
3 1  20      1        0
3 2  1       1        1
3 2  2       1        1
3 2  3       0        1
3 2  4       0        1
3 2  5       0        1
3 2  6       0        1
3 2  7       0        1
3 2  8       0        1
3 2  9       0        1
3 2  10      0        1
3 2  11      0        1
3 2  12      1        0
3 2  13      1        0
3 2  14      0        1
3 2  15      1        0
3 2  16      1        0
3 2  17      0        1
3 2  18      1        1
3 2  19      0        1
3 2  20      0        1
3 3  1       1         .
3 3  2       1         .
3 3  3       1         .
3 3  4       1         .
3 3  5       1         .
3 3  6       1         .
3 3  7       1         .
3 3  8       1         .
3 3  9       0         .
3 3  10      1         .
3 3  11      1         .
3 3  12      1         .
3 3  13      1         .
3 3  14      1         .
3 3  15      1         .
3 3  16      1         .
3 3  17      1         .
3 3  18      1         .
3 3  19      1         .
3 3  20      1         .
3 4  1       1         .
3 4  2       1         .
3 4  3       0         .
3 4  4       1         .
3 4  5       0         .
3 4  6       0         .
3 4  7       0         .
3 4  8       1         .
3 4  9       0         .
3 4  10      0         .
3 4  11      0         .
3 4  12      1         .
3 4  13      1         .
3 4  14      1         .
3 4  15      1         .
3 4  16      1         .
3 4  17      1         .
3 4  18      1         .
3 4  19      0         .
3 4  20      1         .
3 5  1       1         .
3 5  2       1         .
3 5  3       0         .
3 5  4       1         .
3 5  5       1         .
3 5  6       0         .
3 5  7       0         .
3 5  8       1         .
3 5  9       0         .
3 5  10      1         .
3 5  11      1         .
3 5  12      1         .
3 5  13      1         .
3 5  14      1         .
3 5  15      1         .
3 5  16      1         .
3 5  17      1         .
3 5  18      1         .
3 5  19      1         .
3 5  20      1         .
3 6  1       1         .
3 6  2       1         .
3 6  3       0         .
3 6  4       1         .
3 6  5       1         .
3 6  6       1         .
3 6  7       1         .
3 6  8       0         .
3 6  9       0         .
3 6  10      1         .
3 6  11      1         .
3 6  12      1         .
3 6  13      1         .
3 6  14      1         .
3 6  15      1         .
3 6  16      1         .
3 6  17      1         .
3 6  18      1         .
3 6  19      1         .
3 6  20      0         .
3 7  1       1         .
3 7  2       1         .
3 7  3       0         .
3 7  4       1         .
3 7  5       1         .
3 7  6       0         .
3 7  7       1         .
3 7  8       0         .
3 7  9       0         .
3 7  10      1         .
3 7  11      1         .
3 7  12      1         .
3 7  13      1         .
3 7  14      1         .
3 7  15      1         .
3 7  16      1         .
3 7  17      1         .
3 7  18      1         .
3 7  19      1         .
3 7  20      0         .
3 8  1       1         .
3 8  2       1         .
3 8  3       0         .
3 8  4       0         .
3 8  5       0         .
3 8  6       1         .
3 8  7       1         .
3 8  8       1         .
3 8  9       0         .
3 8  10      0         .
3 8  11      0         .
3 8  12      1         .
3 8  13      1         .
3 8  14      1         .
3 8  15      1         .
3 8  16      1         .
3 8  17      1         .
3 8  18      1         .
3 8  19      0         .
3 8  20      1         .
3 9  1       1         .
3 9  2       1         .
3 9  3       1         .
3 9  4       1         .
3 9  5       1         .
3 9  6       1         .
3 9  7       1         .
3 9  8       1         .
3 9  9       1         .
3 9  10      1         .
3 9  11      1         .
3 9  12      1         .
3 9  13      1         .
3 9  14      1         .
3 9  15      1         .
3 9  16      1         .
3 9  17      1         .
3 9  18      1         .
3 9  19      1         .
3 9  20      1         .
3 10 1       1         .
3 10 2       1         .
3 10 3       0         .
3 10 4       1         .
3 10 5       0         .
3 10 6       0         .
3 10 7       0         .
3 10 8       1         .
3 10 9       0         .
3 10 10      1         .
3 10 11      1         .
3 10 12      1         .
3 10 13      1         .
3 10 14      0         .
3 10 15      1         .
3 10 16      1         .
3 10 17      1         .
3 10 18      1         .
3 10 19      0         .
3 10 20      0         .
3 11 1       1         .
3 11 2       1         .
3 11 3       0         .
3 11 4       1         .
3 11 5       0         .
3 11 6       0         .
3 11 7       0         .
3 11 8       1         .
3 11 9       0         .
3 11 10      0         .
3 11 11      1         .
3 11 12      1         .
3 11 13      1         .
3 11 14      0         .
3 11 15      1         .
3 11 16      1         .
3 11 17      1         .
3 11 18      1         .
3 11 19      0         .
3 11 20      0         .
3 12 1       0         .
3 12 2       0         .
3 12 3       0         .
3 12 4       0         .
3 12 5       0         .
3 12 6       0         .
3 12 7       0         .
3 12 8       0         .
3 12 9       0         .
3 12 10      0         .
3 12 11      0         .
3 12 12      1         .
3 12 13      1         .
3 12 14      0         .
3 12 15      0         .
3 12 16      1         .
3 12 17      0         .
3 12 18      0         .
3 12 19      0         .
3 12 20      0         .
3 13 1       0         .
3 13 2       0         .
3 13 3       0         .
3 13 4       0         .
3 13 5       0         .
3 13 6       0         .
3 13 7       0         .
3 13 8       0         .
3 13 9       0         .
3 13 10      0         .
3 13 11      0         .
3 13 12      0         .
3 13 13      1         .
3 13 14      0         .
3 13 15      0         .
3 13 16      0         .
3 13 17      0         .
3 13 18      0         .
3 13 19      0         .
3 13 20      0         .
3 14 1       1         .
3 14 2       1         .
3 14 3       0         .
3 14 4       0         .
3 14 5       0         .
3 14 6       0         .
3 14 7       0         .
3 14 8       0         .
3 14 9       0         .
3 14 10      1         .
3 14 11      1         .
3 14 12      1         .
3 14 13      1         .
3 14 14      1         .
3 14 15      1         .
3 14 16      1         .
3 14 17      1         .
3 14 18      1         .
3 14 19      0         .
3 14 20      0         .
3 15 1       0         .
3 15 2       0         .
3 15 3       0         .
3 15 4       0         .
3 15 5       0         .
3 15 6       0         .
3 15 7       0         .
3 15 8       0         .
3 15 9       0         .
3 15 10      0         .
3 15 11      0         .
3 15 12      1         .
3 15 13      1         .
3 15 14      0         .
3 15 15      1         .
3 15 16      1         .
3 15 17      0         .
3 15 18      0         .
3 15 19      0         .
3 15 20      0         .
3 16 1       0         .
3 16 2       0         .
3 16 3       0         .
3 16 4       0         .
3 16 5       0         .
3 16 6       0         .
3 16 7       0         .
3 16 8       0         .
3 16 9       0         .
3 16 10      0         .
3 16 11      0         .
3 16 12      0         .
3 16 13      1         .
3 16 14      0         .
3 16 15      0         .
3 16 16      1         .
3 16 17      0         .
3 16 18      0         .
3 16 19      0         .
3 16 20      0         .
3 17 1       0         .
3 17 2       1         .
3 17 3       0         .
3 17 4       0         .
3 17 5       0         .
3 17 6       0         .
3 17 7       0         .
3 17 8       0         .
3 17 9       0         .
3 17 10      0         .
3 17 11      0         .
3 17 12      1         .
3 17 13      1         .
3 17 14      0         .
3 17 15      1         .
3 17 16      1         .
3 17 17      1         .
3 17 18      0         .
3 17 19      0         .
3 17 20      0         .
3 18 1       1         .
3 18 2       0         .
3 18 3       0         .
3 18 4       0         .
3 18 5       0         .
3 18 6       0         .
3 18 7       0         .
3 18 8       0         .
3 18 9       0         .
3 18 10      0         .
3 18 11      0         .
3 18 12      1         .
3 18 13      1         .
3 18 14      0         .
3 18 15      1         .
3 18 16      1         .
3 18 17      1         .
3 18 18      1         .
3 18 19      0         .
3 18 20      0         .
3 19 1       1         .
3 19 2       1         .
3 19 3       0         .
3 19 4       1         .
3 19 5       0         .
3 19 6       0         .
3 19 7       0         .
3 19 8       1         .
3 19 9       0         .
3 19 10      1         .
3 19 11      1         .
3 19 12      1         .
3 19 13      1         .
3 19 14      1         .
3 19 15      1         .
3 19 16      1         .
3 19 17      1         .
3 19 18      1         .
3 19 19      1         .
3 19 20      0         .
3 20 1       0         .
3 20 2       1         .
3 20 3       0         .
3 20 4       0         .
3 20 5       0         .
3 20 6       1         .
3 20 7       1         .
3 20 8       0         .
3 20 9       0         .
3 20 10      1         .
3 20 11      1         .
3 20 12      1         .
3 20 13      1         .
3 20 14      1         .
3 20 15      1         .
3 20 16      1         .
3 20 17      1         .
3 20 18      1         .
3 20 19      1         .
3 20 20      1         .
;

